

================================================================
== Vitis HLS Report for 'dpu_func_Pipeline_FUNC_MATMUL_LOOP5'
================================================================
* Date:           Thu Dec 29 14:48:32 2022

* Version:        2022.1 (Build 3526262 on Mon Apr 18 15:48:16 MDT 2022)
* Project:        HLS_final_vitis
* Solution:       solution4 (Vivado IP Flow Target)
* Product family: virtexuplus
* Target device:  xcvu11p-flga2577-1-e


================================================================
== Performance Estimates
================================================================
+ Timing: 
    * Summary: 
    +--------+----------+----------+------------+
    |  Clock |  Target  | Estimated| Uncertainty|
    +--------+----------+----------+------------+
    |ap_clk  |  10.00 ns|  7.121 ns|     2.70 ns|
    +--------+----------+----------+------------+

+ Latency: 
    * Summary: 
    +---------+---------+----------+----------+-----+-----+---------+
    |  Latency (cycles) |  Latency (absolute) |  Interval | Pipeline|
    |   min   |   max   |    min   |    max   | min | max |   Type  |
    +---------+---------+----------+----------+-----+-----+---------+
    |       22|       26|  0.220 us|  0.260 us|   22|   26|       no|
    +---------+---------+----------+----------+-----+-----+---------+

    + Detail: 
        * Instance: 
        N/A

        * Loop: 
        +---------------------+---------+---------+----------+-----------+-----------+-------+----------+
        |                     |  Latency (cycles) | Iteration|  Initiation Interval  |  Trip |          |
        |      Loop Name      |   min   |   max   |  Latency |  achieved |   target  | Count | Pipelined|
        +---------------------+---------+---------+----------+-----------+-----------+-------+----------+
        |- FUNC_MATMUL_LOOP5  |       20|       24|         4|          4|          1|  5 ~ 6|       yes|
        +---------------------+---------+---------+----------+-----------+-----------+-------+----------+

============================================================
+ Verbose Summary: Synthesis Manager
============================================================
InlineROM: 1
ExposeGlobal: 0
============================================================
+ Verbose Summary: CDFG Model
============================================================
IsTopModel: 0
ResetActiveHigh: 1
IsCombinational: 0
IsDatapathOnly: 0
HasWiredReturn: 1
HasMFsm: 2
HasVarLatency: 1
IsPipeline: 0
IsRtlPipelined: 0
IsInstanceOverlapped: 0
IsDontTouch: 0
HasImplIP: 0
IsGatedGlobalClock: 0

+ Individual pipeline summary: 
  * Pipeline-0: initiation interval (II) = 4, depth = 4


============================================================
+ Verbose Summary: Schedule
============================================================
* Number of FSM states : 4
* Pipeline : 1
  Pipeline-0 : II = 4, D = 4, States = { 1 2 3 4 }
* Dataflow Pipeline: 0

* FSM state transitions: 
1 --> 2 
2 --> 3 
3 --> 4 
4 --> 

* FSM state operations: 

State 1 <SV = 0> <Delay = 2.15>
ST_1 : Operation 7 [1/1] (0.00ns)   --->   "%i = alloca i32 1"   --->   Operation 7 'alloca' 'i' <Predicate = true> <Delay = 0.00>
ST_1 : Operation 8 [1/1] (0.00ns)   --->   "%specbramwithbyteenable_ln0 = specbramwithbyteenable void @_ssdm_op_SpecBRAMWithByteEnable, i8192 %this_pMem"   --->   Operation 8 'specbramwithbyteenable' 'specbramwithbyteenable_ln0' <Predicate = true> <Delay = 0.00>
ST_1 : Operation 9 [1/1] (0.00ns)   --->   "%itr_cast_read = read i3 @_ssdm_op_Read.ap_auto.i3, i3 %itr_cast"   --->   Operation 9 'read' 'itr_cast_read' <Predicate = true> <Delay = 0.00>
ST_1 : Operation 10 [1/1] (0.00ns)   --->   "%idxprom_i550_read = read i7 @_ssdm_op_Read.ap_auto.i7, i7 %idxprom_i550"   --->   Operation 10 'read' 'idxprom_i550_read' <Predicate = true> <Delay = 0.00>
ST_1 : Operation 11 [1/1] (0.00ns)   --->   "%this_p4_14_read = read i8192 @_ssdm_op_Read.ap_auto.i8192, i8192 %this_p4_14"   --->   Operation 11 'read' 'this_p4_14_read' <Predicate = true> <Delay = 0.00>
ST_1 : Operation 12 [1/1] (0.00ns)   --->   "%this_p3_14_read = read i8192 @_ssdm_op_Read.ap_auto.i8192, i8192 %this_p3_14"   --->   Operation 12 'read' 'this_p3_14_read' <Predicate = true> <Delay = 0.00>
ST_1 : Operation 13 [1/1] (0.00ns)   --->   "%this_p2_8_read = read i8192 @_ssdm_op_Read.ap_auto.i8192, i8192 %this_p2_8"   --->   Operation 13 'read' 'this_p2_8_read' <Predicate = true> <Delay = 0.00>
ST_1 : Operation 14 [1/1] (0.00ns)   --->   "%this_p1_14_read = read i8192 @_ssdm_op_Read.ap_auto.i8192, i8192 %this_p1_14"   --->   Operation 14 'read' 'this_p1_14_read' <Predicate = true> <Delay = 0.00>
ST_1 : Operation 15 [1/1] (0.00ns)   --->   "%idxprom_i550_cast = zext i7 %idxprom_i550_read"   --->   Operation 15 'zext' 'idxprom_i550_cast' <Predicate = true> <Delay = 0.00>
ST_1 : Operation 16 [1/1] (0.00ns)   --->   "%specmemcore_ln0 = specmemcore void @_ssdm_op_SpecMemCore, i8192 %this_pMem, i64 666, i64 210, i64 18446744073709551615"   --->   Operation 16 'specmemcore' 'specmemcore_ln0' <Predicate = true> <Delay = 0.00>
ST_1 : Operation 17 [1/1] (0.46ns)   --->   "%store_ln0 = store i8192 %this_p1_14_read, i8192 %this_p1_15_out"   --->   Operation 17 'store' 'store_ln0' <Predicate = true> <Delay = 0.46>
ST_1 : Operation 18 [1/1] (0.46ns)   --->   "%store_ln0 = store i8192 %this_p2_8_read, i8192 %this_p2_9_out"   --->   Operation 18 'store' 'store_ln0' <Predicate = true> <Delay = 0.46>
ST_1 : Operation 19 [1/1] (0.50ns)   --->   "%store_ln0 = store i8192 %this_p3_14_read, i8192 %this_p3_15_out"   --->   Operation 19 'store' 'store_ln0' <Predicate = true> <Delay = 0.50>
ST_1 : Operation 20 [1/1] (0.50ns)   --->   "%store_ln0 = store i8192 %this_p4_14_read, i8192 %this_p4_15_out"   --->   Operation 20 'store' 'store_ln0' <Predicate = true> <Delay = 0.50>
ST_1 : Operation 21 [1/1] (0.46ns)   --->   "%store_ln0 = store i3 0, i3 %i"   --->   Operation 21 'store' 'store_ln0' <Predicate = true> <Delay = 0.46>
ST_1 : Operation 22 [1/1] (0.00ns)   --->   "%br_ln0 = br void %for.body.i555"   --->   Operation 22 'br' 'br_ln0' <Predicate = true> <Delay = 0.00>
ST_1 : Operation 23 [1/1] (0.00ns)   --->   "%i_56 = load i3 %i" [HLS_Final_vitis_src/dpu.cpp:258]   --->   Operation 23 'load' 'i_56' <Predicate = true> <Delay = 0.00>
ST_1 : Operation 24 [1/1] (0.00ns)   --->   "%this_pMem_addr = getelementptr i8192 %this_pMem, i64 0, i64 %idxprom_i550_cast"   --->   Operation 24 'getelementptr' 'this_pMem_addr' <Predicate = true> <Delay = 0.00>
ST_1 : Operation 25 [1/1] (0.00ns)   --->   "%specpipeline_ln0 = specpipeline void @_ssdm_op_SpecPipeline, i32 4294967295, i32 0, i32 1, i32 0, void @p_str"   --->   Operation 25 'specpipeline' 'specpipeline_ln0' <Predicate = true> <Delay = 0.00>
ST_1 : Operation 26 [1/1] (0.56ns)   --->   "%icmp_ln258 = icmp_eq  i3 %i_56, i3 %itr_cast_read" [HLS_Final_vitis_src/dpu.cpp:258]   --->   Operation 26 'icmp' 'icmp_ln258' <Predicate = true> <Delay = 0.56> <CoreInst = "Cmp">   --->   Core 9 'Cmp' <Latency = 0> <II = 1> <Delay = 0.56> <FuncUnit> <Opcode : 'icmp'> <InPorts = 2> <OutPorts = 1>
ST_1 : Operation 27 [1/1] (0.00ns)   --->   "%speclooptripcount_ln0 = speclooptripcount void @_ssdm_op_SpecLoopTripCount, i64 5, i64 6, i64 0"   --->   Operation 27 'speclooptripcount' 'speclooptripcount_ln0' <Predicate = true> <Delay = 0.00>
ST_1 : Operation 28 [1/1] (0.71ns)   --->   "%i_57 = add i3 %i_56, i3 1" [HLS_Final_vitis_src/dpu.cpp:258]   --->   Operation 28 'add' 'i_57' <Predicate = true> <Delay = 0.71> <CoreInst = "Adder">   --->   Core 1 'Adder' <Latency = 0> <II = 1> <Delay = 0.71> <FuncUnit> <Opcode : 'add' 'sub'> <InPorts = 2> <OutPorts = 1>
ST_1 : Operation 29 [1/1] (0.00ns)   --->   "%br_ln258 = br i1 %icmp_ln258, void %for.body.i555.split, void %for.inc225.loopexit.exitStub" [HLS_Final_vitis_src/dpu.cpp:258]   --->   Operation 29 'br' 'br_ln258' <Predicate = true> <Delay = 0.00>
ST_1 : Operation 30 [1/1] (0.00ns)   --->   "%zext_ln259 = zext i3 %i_56" [HLS_Final_vitis_src/dpu.cpp:259]   --->   Operation 30 'zext' 'zext_ln259' <Predicate = (!icmp_ln258)> <Delay = 0.00>
ST_1 : Operation 31 [1/1] (0.85ns)   --->   "%add_ln259 = add i7 %zext_ln259, i7 76" [HLS_Final_vitis_src/dpu.cpp:259]   --->   Operation 31 'add' 'add_ln259' <Predicate = (!icmp_ln258)> <Delay = 0.85> <CoreInst = "Adder">   --->   Core 1 'Adder' <Latency = 0> <II = 1> <Delay = 0.85> <FuncUnit> <Opcode : 'add' 'sub'> <InPorts = 2> <OutPorts = 1>
ST_1 : Operation 32 [1/1] (0.00ns)   --->   "%idxprom_i561 = zext i7 %add_ln259" [HLS_Final_vitis_src/dpu.cpp:259]   --->   Operation 32 'zext' 'idxprom_i561' <Predicate = (!icmp_ln258)> <Delay = 0.00>
ST_1 : Operation 33 [1/1] (0.00ns)   --->   "%this_pMem_addr_14 = getelementptr i8192 %this_pMem, i64 0, i64 %idxprom_i561" [HLS_Final_vitis_src/dpu.cpp:62]   --->   Operation 33 'getelementptr' 'this_pMem_addr_14' <Predicate = (!icmp_ln258)> <Delay = 0.00>
ST_1 : Operation 34 [2/2] (1.29ns)   --->   "%this_pMem_load = load i8 %this_pMem_addr_14" [HLS_Final_vitis_src/dpu.cpp:62]   --->   Operation 34 'load' 'this_pMem_load' <Predicate = (!icmp_ln258)> <Delay = 1.29> <CoreInst = "RAM_T2P_BRAM">   --->   Core 99 'RAM_T2P_BRAM' <Latency = 1> <II = 1> <Delay = 1.29> <Storage> <Opcode : 'load' 'store'> <Ports = 2> <Width = 8192> <Depth = 158> <RAM>
ST_1 : Operation 35 [2/2] (1.29ns)   --->   "%this_pMem_load_5 = load i8 %this_pMem_addr" [HLS_Final_vitis_src/dpu.cpp:70]   --->   Operation 35 'load' 'this_pMem_load_5' <Predicate = (!icmp_ln258)> <Delay = 1.29> <CoreInst = "RAM_T2P_BRAM">   --->   Core 99 'RAM_T2P_BRAM' <Latency = 1> <II = 1> <Delay = 1.29> <Storage> <Opcode : 'load' 'store'> <Ports = 2> <Width = 8192> <Depth = 158> <RAM>
ST_1 : Operation 36 [1/1] (0.56ns)   --->   "%icmp_ln261 = icmp_eq  i3 %i_56, i3 0" [HLS_Final_vitis_src/dpu.cpp:261]   --->   Operation 36 'icmp' 'icmp_ln261' <Predicate = (!icmp_ln258)> <Delay = 0.56> <CoreInst = "Cmp">   --->   Core 9 'Cmp' <Latency = 0> <II = 1> <Delay = 0.56> <FuncUnit> <Opcode : 'icmp'> <InPorts = 2> <OutPorts = 1>
ST_1 : Operation 63 [1/1] (0.00ns)   --->   "%ret_ln0 = ret"   --->   Operation 63 'ret' 'ret_ln0' <Predicate = (icmp_ln258)> <Delay = 0.00>

State 2 <SV = 1> <Delay = 7.12>
ST_2 : Operation 37 [1/1] (0.00ns)   --->   "%specloopname_ln258 = specloopname void @_ssdm_op_SpecLoopName, void @empty_43" [HLS_Final_vitis_src/dpu.cpp:258]   --->   Operation 37 'specloopname' 'specloopname_ln258' <Predicate = true> <Delay = 0.00>
ST_2 : Operation 38 [1/2] (1.29ns)   --->   "%this_pMem_load = load i8 %this_pMem_addr_14" [HLS_Final_vitis_src/dpu.cpp:62]   --->   Operation 38 'load' 'this_pMem_load' <Predicate = true> <Delay = 1.29> <CoreInst = "RAM_T2P_BRAM">   --->   Core 99 'RAM_T2P_BRAM' <Latency = 1> <II = 1> <Delay = 1.29> <Storage> <Opcode : 'load' 'store'> <Ports = 2> <Width = 8192> <Depth = 158> <RAM>
ST_2 : Operation 39 [1/2] (1.29ns)   --->   "%this_pMem_load_5 = load i8 %this_pMem_addr" [HLS_Final_vitis_src/dpu.cpp:70]   --->   Operation 39 'load' 'this_pMem_load_5' <Predicate = true> <Delay = 1.29> <CoreInst = "RAM_T2P_BRAM">   --->   Core 99 'RAM_T2P_BRAM' <Latency = 1> <II = 1> <Delay = 1.29> <Storage> <Opcode : 'load' 'store'> <Ports = 2> <Width = 8192> <Depth = 158> <RAM>
ST_2 : Operation 40 [1/1] (0.00ns)   --->   "%this_p4_15_out_load = load i8192 %this_p4_15_out" [HLS_Final_vitis_src/dpu.cpp:261]   --->   Operation 40 'load' 'this_p4_15_out_load' <Predicate = true> <Delay = 0.00>
ST_2 : Operation 41 [1/1] (0.00ns)   --->   "%this_p3_15_out_load = load i8192 %this_p3_15_out" [HLS_Final_vitis_src/dpu.cpp:261]   --->   Operation 41 'load' 'this_p3_15_out_load' <Predicate = true> <Delay = 0.00>
ST_2 : Operation 42 [1/1] (0.00ns)   --->   "%br_ln261 = br i1 %icmp_ln261, void %if.else218, void %if.then217" [HLS_Final_vitis_src/dpu.cpp:261]   --->   Operation 42 'br' 'br_ln261' <Predicate = true> <Delay = 0.00>
ST_2 : Operation 43 [2/2] (5.82ns)   --->   "%call_ret1 = call i16384 @dpu_unit, i8192 %this_pMem_load, i8192 %this_pMem_load_5, i8192 %this_p3_15_out_load, i8192 %this_p4_15_out_load, i8 0" [HLS_Final_vitis_src/dpu.cpp:262]   --->   Operation 43 'call' 'call_ret1' <Predicate = (!icmp_ln261)> <Delay = 5.82> <CoreType = "Generic">   --->   Core 0 '' <Latency = 0> <II = 1> <Delay = 1.00> <Generic> <Opcode : >
ST_2 : Operation 44 [2/2] (5.82ns)   --->   "%call_ret = call i16384 @dpu_unit, i8192 %this_pMem_load, i8192 %this_pMem_load_5, i8192 %this_p3_15_out_load, i8192 %this_p4_15_out_load, i8 5" [HLS_Final_vitis_src/dpu.cpp:261]   --->   Operation 44 'call' 'call_ret' <Predicate = (icmp_ln261)> <Delay = 5.82> <CoreType = "Generic">   --->   Core 0 '' <Latency = 0> <II = 1> <Delay = 1.00> <Generic> <Opcode : >

State 3 <SV = 2> <Delay = 6.91>
ST_3 : Operation 45 [1/2] (6.91ns)   --->   "%call_ret1 = call i16384 @dpu_unit, i8192 %this_pMem_load, i8192 %this_pMem_load_5, i8192 %this_p3_15_out_load, i8192 %this_p4_15_out_load, i8 0" [HLS_Final_vitis_src/dpu.cpp:262]   --->   Operation 45 'call' 'call_ret1' <Predicate = (!icmp_ln258 & !icmp_ln261)> <Delay = 6.91> <CoreType = "Generic">   --->   Core 0 '' <Latency = 0> <II = 1> <Delay = 1.00> <Generic> <Opcode : >
ST_3 : Operation 46 [1/1] (0.00ns)   --->   "%this_p3_ret1 = extractvalue i16384 %call_ret1" [HLS_Final_vitis_src/dpu.cpp:262]   --->   Operation 46 'extractvalue' 'this_p3_ret1' <Predicate = (!icmp_ln258 & !icmp_ln261)> <Delay = 0.00>
ST_3 : Operation 47 [1/1] (0.00ns)   --->   "%this_p4_ret1 = extractvalue i16384 %call_ret1" [HLS_Final_vitis_src/dpu.cpp:262]   --->   Operation 47 'extractvalue' 'this_p4_ret1' <Predicate = (!icmp_ln258 & !icmp_ln261)> <Delay = 0.00>
ST_3 : Operation 48 [1/2] (6.91ns)   --->   "%call_ret = call i16384 @dpu_unit, i8192 %this_pMem_load, i8192 %this_pMem_load_5, i8192 %this_p3_15_out_load, i8192 %this_p4_15_out_load, i8 5" [HLS_Final_vitis_src/dpu.cpp:261]   --->   Operation 48 'call' 'call_ret' <Predicate = (!icmp_ln258 & icmp_ln261)> <Delay = 6.91> <CoreType = "Generic">   --->   Core 0 '' <Latency = 0> <II = 1> <Delay = 1.00> <Generic> <Opcode : >
ST_3 : Operation 49 [1/1] (0.00ns)   --->   "%this_p3_ret = extractvalue i16384 %call_ret" [HLS_Final_vitis_src/dpu.cpp:261]   --->   Operation 49 'extractvalue' 'this_p3_ret' <Predicate = (!icmp_ln258 & icmp_ln261)> <Delay = 0.00>
ST_3 : Operation 50 [1/1] (0.00ns)   --->   "%this_p4_ret = extractvalue i16384 %call_ret" [HLS_Final_vitis_src/dpu.cpp:261]   --->   Operation 50 'extractvalue' 'this_p4_ret' <Predicate = (!icmp_ln258 & icmp_ln261)> <Delay = 0.00>

State 4 <SV = 3> <Delay = 1.29>
ST_4 : Operation 51 [1/1] (0.50ns)   --->   "%store_ln262 = store i8192 %this_p3_ret1, i8192 %this_p3_15_out" [HLS_Final_vitis_src/dpu.cpp:262]   --->   Operation 51 'store' 'store_ln262' <Predicate = (!icmp_ln258 & !icmp_ln261)> <Delay = 0.50>
ST_4 : Operation 52 [1/1] (0.50ns)   --->   "%store_ln262 = store i8192 %this_p4_ret1, i8192 %this_p4_15_out" [HLS_Final_vitis_src/dpu.cpp:262]   --->   Operation 52 'store' 'store_ln262' <Predicate = (!icmp_ln258 & !icmp_ln261)> <Delay = 0.50>
ST_4 : Operation 53 [1/1] (0.00ns)   --->   "%br_ln0 = br void %for.body.i522"   --->   Operation 53 'br' 'br_ln0' <Predicate = (!icmp_ln258 & !icmp_ln261)> <Delay = 0.00>
ST_4 : Operation 54 [1/1] (0.50ns)   --->   "%store_ln261 = store i8192 %this_p3_ret, i8192 %this_p3_15_out" [HLS_Final_vitis_src/dpu.cpp:261]   --->   Operation 54 'store' 'store_ln261' <Predicate = (!icmp_ln258 & icmp_ln261)> <Delay = 0.50>
ST_4 : Operation 55 [1/1] (0.50ns)   --->   "%store_ln261 = store i8192 %this_p4_ret, i8192 %this_p4_15_out" [HLS_Final_vitis_src/dpu.cpp:261]   --->   Operation 55 'store' 'store_ln261' <Predicate = (!icmp_ln258 & icmp_ln261)> <Delay = 0.50>
ST_4 : Operation 56 [1/1] (0.00ns)   --->   "%br_ln261 = br void %for.body.i522" [HLS_Final_vitis_src/dpu.cpp:261]   --->   Operation 56 'br' 'br_ln261' <Predicate = (!icmp_ln258 & icmp_ln261)> <Delay = 0.00>
ST_4 : Operation 57 [1/1] (0.00ns)   --->   "%this_p3_15_out_load_1 = load i8192 %this_p3_15_out" [HLS_Final_vitis_src/dpu.cpp:82]   --->   Operation 57 'load' 'this_p3_15_out_load_1' <Predicate = (!icmp_ln258)> <Delay = 0.00>
ST_4 : Operation 58 [1/1] (1.29ns)   --->   "%store_ln82 = store void @_ssdm_op_Write.bram.i8192, i8 %this_pMem_addr, i8192 %this_p3_15_out_load_1, i1024 179769313486231590772930519078902473361797697894230657273430081157732675805500963132708477322407536021120113879871393357658789768814416622492847430639474124377767893424865485276302219601246094119453082952085005768838150682342462881473913110540827237163350510684586298239947245938479716304835356329624224137215" [HLS_Final_vitis_src/dpu.cpp:82]   --->   Operation 58 'store' 'store_ln82' <Predicate = (!icmp_ln258)> <Delay = 1.29> <CoreInst = "RAM_T2P_BRAM">   --->   Core 99 'RAM_T2P_BRAM' <Latency = 1> <II = 1> <Delay = 1.29> <Storage> <Opcode : 'load' 'store'> <Ports = 2> <Width = 8192> <Depth = 158> <RAM>
ST_4 : Operation 59 [1/1] (0.46ns)   --->   "%store_ln258 = store i8192 %this_pMem_load, i8192 %this_p1_15_out" [HLS_Final_vitis_src/dpu.cpp:258]   --->   Operation 59 'store' 'store_ln258' <Predicate = (!icmp_ln258)> <Delay = 0.46>
ST_4 : Operation 60 [1/1] (0.46ns)   --->   "%store_ln258 = store i8192 %this_pMem_load_5, i8192 %this_p2_9_out" [HLS_Final_vitis_src/dpu.cpp:258]   --->   Operation 60 'store' 'store_ln258' <Predicate = (!icmp_ln258)> <Delay = 0.46>
ST_4 : Operation 61 [1/1] (0.46ns)   --->   "%store_ln258 = store i3 %i_57, i3 %i" [HLS_Final_vitis_src/dpu.cpp:258]   --->   Operation 61 'store' 'store_ln258' <Predicate = (!icmp_ln258)> <Delay = 0.46>
ST_4 : Operation 62 [1/1] (0.00ns)   --->   "%br_ln258 = br void %for.body.i555" [HLS_Final_vitis_src/dpu.cpp:258]   --->   Operation 62 'br' 'br_ln258' <Predicate = (!icmp_ln258)> <Delay = 0.00>


============================================================
+ Verbose Summary: Timing violations
============================================================
Target clock period: 10ns, clock uncertainty: 2.7ns.

 <State 1>: 2.15ns
The critical path consists of the following:
	'alloca' operation ('i') [12]  (0 ns)
	'load' operation ('i', HLS_Final_vitis_src/dpu.cpp:258) on local variable 'i' [29]  (0 ns)
	'add' operation ('addr', HLS_Final_vitis_src/dpu.cpp:259) [39]  (0.856 ns)
	'getelementptr' operation ('this_pMem_addr_14', HLS_Final_vitis_src/dpu.cpp:62) [41]  (0 ns)
	'load' operation ('this_pMem_load', HLS_Final_vitis_src/dpu.cpp:62) on array 'this_pMem' [42]  (1.3 ns)

 <State 2>: 7.12ns
The critical path consists of the following:
	'load' operation ('this_pMem_load', HLS_Final_vitis_src/dpu.cpp:62) on array 'this_pMem' [42]  (1.3 ns)
	'call' operation ('call_ret1', HLS_Final_vitis_src/dpu.cpp:262) to 'dpu_unit' [49]  (5.82 ns)

 <State 3>: 6.91ns
The critical path consists of the following:
	'call' operation ('call_ret', HLS_Final_vitis_src/dpu.cpp:261) to 'dpu_unit' [56]  (6.91 ns)

 <State 4>: 1.3ns
The critical path consists of the following:
	'load' operation ('this_p3_15_out_load_1', HLS_Final_vitis_src/dpu.cpp:82) on local variable 'this_p3_15_out' [63]  (0 ns)
	'store' operation ('store_ln82', HLS_Final_vitis_src/dpu.cpp:82) of constant <constant:_ssdm_op_Write.bram.i8192> on array 'this_pMem' [64]  (1.3 ns)


============================================================
+ Verbose Summary: Binding
============================================================
N/A
* FSMD analyzer results:
  - Output states:
 - Input state : 
  - Chain level:
	State 1
	State 2
	State 3
	State 4


============================================================
+ Verbose Summary: Datapath Resource usage 
============================================================
N/A
