

================================================================
== Vitis HLS Report for 'shake_squeeze_2'
================================================================
* Date:           Thu Dec 29 14:47:11 2022

* Version:        2022.1 (Build 3526262 on Mon Apr 18 15:48:16 MDT 2022)
* Project:        HLS_final_vitis
* Solution:       solution4 (Vivado IP Flow Target)
* Product family: virtexuplus
* Target device:  xcvu11p-flga2577-1-e


================================================================
== Performance Estimates
================================================================
+ Timing: 
    * Summary: 
    +--------+----------+----------+------------+
    |  Clock |  Target  | Estimated| Uncertainty|
    +--------+----------+----------+------------+
    |ap_clk  |  10.00 ns|  3.387 ns|     2.70 ns|
    +--------+----------+----------+------------+

+ Latency: 
    * Summary: 
    +---------+---------+----------+----------+-----+-----+---------+
    |  Latency (cycles) |  Latency (absolute) |  Interval | Pipeline|
    |   min   |   max   |    min   |    max   | min | max |   Type  |
    +---------+---------+----------+----------+-----+-----+---------+
    |      101|      101|  1.010 us|  1.010 us|  101|  101|       no|
    +---------+---------+----------+----------+-----+-----+---------+

    + Detail: 
        * Instance: 
        N/A

        * Loop: 
        +--------------------+---------+---------+----------+-----------+-----------+------+----------+
        |                    |  Latency (cycles) | Iteration|  Initiation Interval  | Trip |          |
        |      Loop Name     |   min   |   max   |  Latency |  achieved |   target  | Count| Pipelined|
        +--------------------+---------+---------+----------+-----------+-----------+------+----------+
        |- VITIS_LOOP_467_5  |       48|       48|         5|          4|          1|    12|       yes|
        +--------------------+---------+---------+----------+-----------+-----------+------+----------+

============================================================
+ Verbose Summary: Synthesis Manager
============================================================
InlineROM: 1
ExposeGlobal: 0
============================================================
+ Verbose Summary: CDFG Model
============================================================
IsTopModel: 0
ResetActiveHigh: 1
IsCombinational: 0
IsDatapathOnly: 0
HasWiredReturn: 1
HasMFsm: 2
HasVarLatency: 1
IsPipeline: 0
IsRtlPipelined: 0
IsInstanceOverlapped: 0
IsDontTouch: 0
HasImplIP: 0
IsGatedGlobalClock: 0

+ Individual pipeline summary: 
  * Pipeline-0: initiation interval (II) = 4, depth = 5


============================================================
+ Verbose Summary: Schedule
============================================================
* Number of FSM states : 8
* Pipeline : 1
  Pipeline-0 : II = 4, D = 5, States = { 3 4 5 6 7 }
* Dataflow Pipeline: 0

* FSM state transitions: 
1 --> 2 
2 --> 3 
3 --> 8 4 
4 --> 5 
5 --> 6 
6 --> 7 
7 --> 3 
8 --> 

* FSM state operations: 

State 1 <SV = 0> <Delay = 0.46>
ST_1 : Operation 9 [1/1] (0.00ns)   --->   "%i = alloca i32 1"   --->   Operation 9 'alloca' 'i' <Predicate = true> <Delay = 0.00>
ST_1 : Operation 10 [2/2] (0.00ns)   --->   "%call_ln465 = call void @KeccakF1600_StatePermute, i64 %this_s, i64 %KeccakF_RoundConstants" [HLS_Final_vitis_src/spu.cpp:465]   --->   Operation 10 'call' 'call_ln465' <Predicate = true> <Delay = 0.00> <CoreType = "Generic">   --->   Core 0 '' <Latency = 0> <II = 1> <Delay = 1.00> <Generic> <Opcode : >
ST_1 : Operation 11 [1/1] (0.46ns)   --->   "%store_ln467 = store i4 0, i4 %i" [HLS_Final_vitis_src/spu.cpp:467]   --->   Operation 11 'store' 'store_ln467' <Predicate = true> <Delay = 0.46>

State 2 <SV = 1> <Delay = 0.00>
ST_2 : Operation 12 [1/1] (0.00ns)   --->   "%specinterface_ln0 = specinterface void @_ssdm_op_SpecInterface, i8 %seedbuf, void @empty_68, i32 0, i32 0, void @empty_69, i32 4294967295, i32 0, void @empty_69, void @empty_69, void @empty_69, i32 0, i32 0, i32 0, i32 0, void @empty_69, void @empty_69, i32 4294967295, i32 0"   --->   Operation 12 'specinterface' 'specinterface_ln0' <Predicate = true> <Delay = 0.00>
ST_2 : Operation 13 [1/2] (0.00ns)   --->   "%call_ln465 = call void @KeccakF1600_StatePermute, i64 %this_s, i64 %KeccakF_RoundConstants" [HLS_Final_vitis_src/spu.cpp:465]   --->   Operation 13 'call' 'call_ln465' <Predicate = true> <Delay = 0.00> <CoreType = "Generic">   --->   Core 0 '' <Latency = 0> <II = 1> <Delay = 1.00> <Generic> <Opcode : >
ST_2 : Operation 14 [1/1] (0.00ns)   --->   "%br_ln467 = br void %for.inc81" [HLS_Final_vitis_src/spu.cpp:467]   --->   Operation 14 'br' 'br_ln467' <Predicate = true> <Delay = 0.00>

State 3 <SV = 2> <Delay = 1.29>
ST_3 : Operation 15 [1/1] (0.00ns)   --->   "%i_1 = load i4 %i" [HLS_Final_vitis_src/spu.cpp:467]   --->   Operation 15 'load' 'i_1' <Predicate = true> <Delay = 0.00>
ST_3 : Operation 16 [1/1] (0.00ns)   --->   "%specpipeline_ln0 = specpipeline void @_ssdm_op_SpecPipeline, i32 4294967295, i32 0, i32 1, i32 0, void @p_str"   --->   Operation 16 'specpipeline' 'specpipeline_ln0' <Predicate = true> <Delay = 0.00>
ST_3 : Operation 17 [1/1] (0.00ns)   --->   "%speclooptripcount_ln0 = speclooptripcount void @_ssdm_op_SpecLoopTripCount, i64 12, i64 12, i64 12"   --->   Operation 17 'speclooptripcount' 'speclooptripcount_ln0' <Predicate = true> <Delay = 0.00>
ST_3 : Operation 18 [1/1] (0.72ns)   --->   "%icmp_ln467 = icmp_eq  i4 %i_1, i4 12" [HLS_Final_vitis_src/spu.cpp:467]   --->   Operation 18 'icmp' 'icmp_ln467' <Predicate = true> <Delay = 0.72> <CoreInst = "Cmp">   --->   Core 9 'Cmp' <Latency = 0> <II = 1> <Delay = 0.72> <FuncUnit> <Opcode : 'icmp'> <InPorts = 2> <OutPorts = 1>
ST_3 : Operation 19 [1/1] (0.80ns)   --->   "%i_2 = add i4 %i_1, i4 1" [HLS_Final_vitis_src/spu.cpp:467]   --->   Operation 19 'add' 'i_2' <Predicate = true> <Delay = 0.80> <CoreInst = "Adder">   --->   Core 1 'Adder' <Latency = 0> <II = 1> <Delay = 0.80> <FuncUnit> <Opcode : 'add' 'sub'> <InPorts = 2> <OutPorts = 1>
ST_3 : Operation 20 [1/1] (0.00ns)   --->   "%br_ln467 = br i1 %icmp_ln467, void %for.inc81.split, void %for.end83.loopexit" [HLS_Final_vitis_src/spu.cpp:467]   --->   Operation 20 'br' 'br_ln467' <Predicate = true> <Delay = 0.00>
ST_3 : Operation 21 [1/1] (0.00ns)   --->   "%zext_ln467 = zext i4 %i_1" [HLS_Final_vitis_src/spu.cpp:467]   --->   Operation 21 'zext' 'zext_ln467' <Predicate = (!icmp_ln467)> <Delay = 0.00>
ST_3 : Operation 22 [1/1] (0.00ns)   --->   "%this_s_addr = getelementptr i64 %this_s, i64 0, i64 %zext_ln467" [HLS_Final_vitis_src/spu.cpp:468]   --->   Operation 22 'getelementptr' 'this_s_addr' <Predicate = (!icmp_ln467)> <Delay = 0.00>
ST_3 : Operation 23 [2/2] (1.29ns)   --->   "%this_s_load = load i5 %this_s_addr" [HLS_Final_vitis_src/spu.cpp:468]   --->   Operation 23 'load' 'this_s_load' <Predicate = (!icmp_ln467)> <Delay = 1.29> <CoreInst = "RAM">   --->   Core 83 'RAM' <Latency = 1> <II = 1> <Delay = 1.29> <Storage> <Opcode : 'load' 'store'> <Ports = 2> <Width = 64> <Depth = 25> <RAM>
ST_3 : Operation 24 [1/1] (0.46ns)   --->   "%store_ln467 = store i4 %i_2, i4 %i" [HLS_Final_vitis_src/spu.cpp:467]   --->   Operation 24 'store' 'store_ln467' <Predicate = (!icmp_ln467)> <Delay = 0.46>

State 4 <SV = 3> <Delay = 2.02>
ST_4 : Operation 25 [1/1] (0.00ns)   --->   "%shl_ln = bitconcatenate i7 @_ssdm_op_BitConcatenate.i7.i4.i3, i4 %i_1, i3 0" [HLS_Final_vitis_src/spu.cpp:468]   --->   Operation 25 'bitconcatenate' 'shl_ln' <Predicate = (!icmp_ln467)> <Delay = 0.00>
ST_4 : Operation 26 [1/1] (0.00ns)   --->   "%zext_ln468 = zext i7 %shl_ln" [HLS_Final_vitis_src/spu.cpp:468]   --->   Operation 26 'zext' 'zext_ln468' <Predicate = (!icmp_ln467)> <Delay = 0.00>
ST_4 : Operation 27 [1/2] (1.29ns)   --->   "%this_s_load = load i5 %this_s_addr" [HLS_Final_vitis_src/spu.cpp:468]   --->   Operation 27 'load' 'this_s_load' <Predicate = (!icmp_ln467)> <Delay = 1.29> <CoreInst = "RAM">   --->   Core 83 'RAM' <Latency = 1> <II = 1> <Delay = 1.29> <Storage> <Opcode : 'load' 'store'> <Ports = 2> <Width = 64> <Depth = 25> <RAM>
ST_4 : Operation 28 [1/1] (0.00ns)   --->   "%trunc_ln22 = trunc i64 %this_s_load" [HLS_Final_vitis_src/spu.cpp:22]   --->   Operation 28 'trunc' 'trunc_ln22' <Predicate = (!icmp_ln467)> <Delay = 0.00>
ST_4 : Operation 29 [1/1] (0.00ns)   --->   "%seedbuf_addr = getelementptr i8 %seedbuf, i64 0, i64 %zext_ln468" [HLS_Final_vitis_src/spu.cpp:22]   --->   Operation 29 'getelementptr' 'seedbuf_addr' <Predicate = (!icmp_ln467)> <Delay = 0.00>
ST_4 : Operation 30 [1/1] (0.73ns)   --->   "%store_ln22 = store i8 %trunc_ln22, i7 %seedbuf_addr" [HLS_Final_vitis_src/spu.cpp:22]   --->   Operation 30 'store' 'store_ln22' <Predicate = (!icmp_ln467)> <Delay = 0.73> <CoreInst = "RAM">   --->   Core 83 'RAM' <Latency = 1> <II = 1> <Delay = 0.73> <Storage> <Opcode : 'load' 'store'> <Ports = 2> <Width = 8> <Depth = 96> <RAM>
ST_4 : Operation 31 [1/1] (0.00ns)   --->   "%trunc_ln22_8 = partselect i8 @_ssdm_op_PartSelect.i8.i64.i32.i32, i64 %this_s_load, i32 8, i32 15" [HLS_Final_vitis_src/spu.cpp:22]   --->   Operation 31 'partselect' 'trunc_ln22_8' <Predicate = (!icmp_ln467)> <Delay = 0.00>
ST_4 : Operation 32 [1/1] (0.00ns)   --->   "%or_ln22 = or i7 %shl_ln, i7 1" [HLS_Final_vitis_src/spu.cpp:22]   --->   Operation 32 'or' 'or_ln22' <Predicate = (!icmp_ln467)> <Delay = 0.00>
ST_4 : Operation 33 [1/1] (0.00ns)   --->   "%zext_ln22 = zext i7 %or_ln22" [HLS_Final_vitis_src/spu.cpp:22]   --->   Operation 33 'zext' 'zext_ln22' <Predicate = (!icmp_ln467)> <Delay = 0.00>
ST_4 : Operation 34 [1/1] (0.00ns)   --->   "%seedbuf_addr_1 = getelementptr i8 %seedbuf, i64 0, i64 %zext_ln22" [HLS_Final_vitis_src/spu.cpp:22]   --->   Operation 34 'getelementptr' 'seedbuf_addr_1' <Predicate = (!icmp_ln467)> <Delay = 0.00>
ST_4 : Operation 35 [1/1] (0.73ns)   --->   "%store_ln22 = store i8 %trunc_ln22_8, i7 %seedbuf_addr_1" [HLS_Final_vitis_src/spu.cpp:22]   --->   Operation 35 'store' 'store_ln22' <Predicate = (!icmp_ln467)> <Delay = 0.73> <CoreInst = "RAM">   --->   Core 83 'RAM' <Latency = 1> <II = 1> <Delay = 0.73> <Storage> <Opcode : 'load' 'store'> <Ports = 2> <Width = 8> <Depth = 96> <RAM>
ST_4 : Operation 36 [1/1] (0.00ns)   --->   "%trunc_ln22_9 = partselect i8 @_ssdm_op_PartSelect.i8.i64.i32.i32, i64 %this_s_load, i32 16, i32 23" [HLS_Final_vitis_src/spu.cpp:22]   --->   Operation 36 'partselect' 'trunc_ln22_9' <Predicate = (!icmp_ln467)> <Delay = 0.00>
ST_4 : Operation 37 [1/1] (0.00ns)   --->   "%trunc_ln22_s = partselect i8 @_ssdm_op_PartSelect.i8.i64.i32.i32, i64 %this_s_load, i32 24, i32 31" [HLS_Final_vitis_src/spu.cpp:22]   --->   Operation 37 'partselect' 'trunc_ln22_s' <Predicate = (!icmp_ln467)> <Delay = 0.00>
ST_4 : Operation 38 [1/1] (0.00ns)   --->   "%trunc_ln22_1 = partselect i8 @_ssdm_op_PartSelect.i8.i64.i32.i32, i64 %this_s_load, i32 32, i32 39" [HLS_Final_vitis_src/spu.cpp:22]   --->   Operation 38 'partselect' 'trunc_ln22_1' <Predicate = (!icmp_ln467)> <Delay = 0.00>
ST_4 : Operation 39 [1/1] (0.00ns)   --->   "%trunc_ln22_2 = partselect i8 @_ssdm_op_PartSelect.i8.i64.i32.i32, i64 %this_s_load, i32 40, i32 47" [HLS_Final_vitis_src/spu.cpp:22]   --->   Operation 39 'partselect' 'trunc_ln22_2' <Predicate = (!icmp_ln467)> <Delay = 0.00>
ST_4 : Operation 40 [1/1] (0.00ns)   --->   "%trunc_ln22_3 = partselect i8 @_ssdm_op_PartSelect.i8.i64.i32.i32, i64 %this_s_load, i32 48, i32 55" [HLS_Final_vitis_src/spu.cpp:22]   --->   Operation 40 'partselect' 'trunc_ln22_3' <Predicate = (!icmp_ln467)> <Delay = 0.00>
ST_4 : Operation 41 [1/1] (0.00ns)   --->   "%trunc_ln22_4 = partselect i8 @_ssdm_op_PartSelect.i8.i64.i32.i32, i64 %this_s_load, i32 56, i32 63" [HLS_Final_vitis_src/spu.cpp:22]   --->   Operation 41 'partselect' 'trunc_ln22_4' <Predicate = (!icmp_ln467)> <Delay = 0.00>

State 5 <SV = 4> <Delay = 0.73>
ST_5 : Operation 42 [1/1] (0.00ns)   --->   "%or_ln22_1 = or i7 %shl_ln, i7 2" [HLS_Final_vitis_src/spu.cpp:22]   --->   Operation 42 'or' 'or_ln22_1' <Predicate = (!icmp_ln467)> <Delay = 0.00>
ST_5 : Operation 43 [1/1] (0.00ns)   --->   "%zext_ln22_1 = zext i7 %or_ln22_1" [HLS_Final_vitis_src/spu.cpp:22]   --->   Operation 43 'zext' 'zext_ln22_1' <Predicate = (!icmp_ln467)> <Delay = 0.00>
ST_5 : Operation 44 [1/1] (0.00ns)   --->   "%seedbuf_addr_2 = getelementptr i8 %seedbuf, i64 0, i64 %zext_ln22_1" [HLS_Final_vitis_src/spu.cpp:22]   --->   Operation 44 'getelementptr' 'seedbuf_addr_2' <Predicate = (!icmp_ln467)> <Delay = 0.00>
ST_5 : Operation 45 [1/1] (0.73ns)   --->   "%store_ln22 = store i8 %trunc_ln22_9, i7 %seedbuf_addr_2" [HLS_Final_vitis_src/spu.cpp:22]   --->   Operation 45 'store' 'store_ln22' <Predicate = (!icmp_ln467)> <Delay = 0.73> <CoreInst = "RAM">   --->   Core 83 'RAM' <Latency = 1> <II = 1> <Delay = 0.73> <Storage> <Opcode : 'load' 'store'> <Ports = 2> <Width = 8> <Depth = 96> <RAM>
ST_5 : Operation 46 [1/1] (0.00ns)   --->   "%or_ln22_2 = or i7 %shl_ln, i7 3" [HLS_Final_vitis_src/spu.cpp:22]   --->   Operation 46 'or' 'or_ln22_2' <Predicate = (!icmp_ln467)> <Delay = 0.00>
ST_5 : Operation 47 [1/1] (0.00ns)   --->   "%zext_ln22_2 = zext i7 %or_ln22_2" [HLS_Final_vitis_src/spu.cpp:22]   --->   Operation 47 'zext' 'zext_ln22_2' <Predicate = (!icmp_ln467)> <Delay = 0.00>
ST_5 : Operation 48 [1/1] (0.00ns)   --->   "%seedbuf_addr_3 = getelementptr i8 %seedbuf, i64 0, i64 %zext_ln22_2" [HLS_Final_vitis_src/spu.cpp:22]   --->   Operation 48 'getelementptr' 'seedbuf_addr_3' <Predicate = (!icmp_ln467)> <Delay = 0.00>
ST_5 : Operation 49 [1/1] (0.73ns)   --->   "%store_ln22 = store i8 %trunc_ln22_s, i7 %seedbuf_addr_3" [HLS_Final_vitis_src/spu.cpp:22]   --->   Operation 49 'store' 'store_ln22' <Predicate = (!icmp_ln467)> <Delay = 0.73> <CoreInst = "RAM">   --->   Core 83 'RAM' <Latency = 1> <II = 1> <Delay = 0.73> <Storage> <Opcode : 'load' 'store'> <Ports = 2> <Width = 8> <Depth = 96> <RAM>

State 6 <SV = 5> <Delay = 0.73>
ST_6 : Operation 50 [1/1] (0.00ns)   --->   "%or_ln22_3 = or i7 %shl_ln, i7 4" [HLS_Final_vitis_src/spu.cpp:22]   --->   Operation 50 'or' 'or_ln22_3' <Predicate = (!icmp_ln467)> <Delay = 0.00>
ST_6 : Operation 51 [1/1] (0.00ns)   --->   "%zext_ln22_3 = zext i7 %or_ln22_3" [HLS_Final_vitis_src/spu.cpp:22]   --->   Operation 51 'zext' 'zext_ln22_3' <Predicate = (!icmp_ln467)> <Delay = 0.00>
ST_6 : Operation 52 [1/1] (0.00ns)   --->   "%seedbuf_addr_4 = getelementptr i8 %seedbuf, i64 0, i64 %zext_ln22_3" [HLS_Final_vitis_src/spu.cpp:22]   --->   Operation 52 'getelementptr' 'seedbuf_addr_4' <Predicate = (!icmp_ln467)> <Delay = 0.00>
ST_6 : Operation 53 [1/1] (0.73ns)   --->   "%store_ln22 = store i8 %trunc_ln22_1, i7 %seedbuf_addr_4" [HLS_Final_vitis_src/spu.cpp:22]   --->   Operation 53 'store' 'store_ln22' <Predicate = (!icmp_ln467)> <Delay = 0.73> <CoreInst = "RAM">   --->   Core 83 'RAM' <Latency = 1> <II = 1> <Delay = 0.73> <Storage> <Opcode : 'load' 'store'> <Ports = 2> <Width = 8> <Depth = 96> <RAM>
ST_6 : Operation 54 [1/1] (0.00ns)   --->   "%or_ln22_4 = or i7 %shl_ln, i7 5" [HLS_Final_vitis_src/spu.cpp:22]   --->   Operation 54 'or' 'or_ln22_4' <Predicate = (!icmp_ln467)> <Delay = 0.00>
ST_6 : Operation 55 [1/1] (0.00ns)   --->   "%zext_ln22_4 = zext i7 %or_ln22_4" [HLS_Final_vitis_src/spu.cpp:22]   --->   Operation 55 'zext' 'zext_ln22_4' <Predicate = (!icmp_ln467)> <Delay = 0.00>
ST_6 : Operation 56 [1/1] (0.00ns)   --->   "%seedbuf_addr_5 = getelementptr i8 %seedbuf, i64 0, i64 %zext_ln22_4" [HLS_Final_vitis_src/spu.cpp:22]   --->   Operation 56 'getelementptr' 'seedbuf_addr_5' <Predicate = (!icmp_ln467)> <Delay = 0.00>
ST_6 : Operation 57 [1/1] (0.73ns)   --->   "%store_ln22 = store i8 %trunc_ln22_2, i7 %seedbuf_addr_5" [HLS_Final_vitis_src/spu.cpp:22]   --->   Operation 57 'store' 'store_ln22' <Predicate = (!icmp_ln467)> <Delay = 0.73> <CoreInst = "RAM">   --->   Core 83 'RAM' <Latency = 1> <II = 1> <Delay = 0.73> <Storage> <Opcode : 'load' 'store'> <Ports = 2> <Width = 8> <Depth = 96> <RAM>

State 7 <SV = 6> <Delay = 0.73>
ST_7 : Operation 58 [1/1] (0.00ns)   --->   "%specloopname_ln427 = specloopname void @_ssdm_op_SpecLoopName, void @empty_15" [HLS_Final_vitis_src/spu.cpp:427]   --->   Operation 58 'specloopname' 'specloopname_ln427' <Predicate = true> <Delay = 0.00>
ST_7 : Operation 59 [1/1] (0.00ns)   --->   "%or_ln22_5 = or i7 %shl_ln, i7 6" [HLS_Final_vitis_src/spu.cpp:22]   --->   Operation 59 'or' 'or_ln22_5' <Predicate = true> <Delay = 0.00>
ST_7 : Operation 60 [1/1] (0.00ns)   --->   "%zext_ln22_5 = zext i7 %or_ln22_5" [HLS_Final_vitis_src/spu.cpp:22]   --->   Operation 60 'zext' 'zext_ln22_5' <Predicate = true> <Delay = 0.00>
ST_7 : Operation 61 [1/1] (0.00ns)   --->   "%seedbuf_addr_6 = getelementptr i8 %seedbuf, i64 0, i64 %zext_ln22_5" [HLS_Final_vitis_src/spu.cpp:22]   --->   Operation 61 'getelementptr' 'seedbuf_addr_6' <Predicate = true> <Delay = 0.00>
ST_7 : Operation 62 [1/1] (0.73ns)   --->   "%store_ln22 = store i8 %trunc_ln22_3, i7 %seedbuf_addr_6" [HLS_Final_vitis_src/spu.cpp:22]   --->   Operation 62 'store' 'store_ln22' <Predicate = true> <Delay = 0.73> <CoreInst = "RAM">   --->   Core 83 'RAM' <Latency = 1> <II = 1> <Delay = 0.73> <Storage> <Opcode : 'load' 'store'> <Ports = 2> <Width = 8> <Depth = 96> <RAM>
ST_7 : Operation 63 [1/1] (0.00ns)   --->   "%or_ln22_6 = or i7 %shl_ln, i7 7" [HLS_Final_vitis_src/spu.cpp:22]   --->   Operation 63 'or' 'or_ln22_6' <Predicate = true> <Delay = 0.00>
ST_7 : Operation 64 [1/1] (0.00ns)   --->   "%zext_ln22_6 = zext i7 %or_ln22_6" [HLS_Final_vitis_src/spu.cpp:22]   --->   Operation 64 'zext' 'zext_ln22_6' <Predicate = true> <Delay = 0.00>
ST_7 : Operation 65 [1/1] (0.00ns)   --->   "%seedbuf_addr_7 = getelementptr i8 %seedbuf, i64 0, i64 %zext_ln22_6" [HLS_Final_vitis_src/spu.cpp:22]   --->   Operation 65 'getelementptr' 'seedbuf_addr_7' <Predicate = true> <Delay = 0.00>
ST_7 : Operation 66 [1/1] (0.73ns)   --->   "%store_ln22 = store i8 %trunc_ln22_4, i7 %seedbuf_addr_7" [HLS_Final_vitis_src/spu.cpp:22]   --->   Operation 66 'store' 'store_ln22' <Predicate = true> <Delay = 0.73> <CoreInst = "RAM">   --->   Core 83 'RAM' <Latency = 1> <II = 1> <Delay = 0.73> <Storage> <Opcode : 'load' 'store'> <Ports = 2> <Width = 8> <Depth = 96> <RAM>
ST_7 : Operation 67 [1/1] (0.00ns)   --->   "%br_ln467 = br void %for.inc81" [HLS_Final_vitis_src/spu.cpp:467]   --->   Operation 67 'br' 'br_ln467' <Predicate = true> <Delay = 0.00>

State 8 <SV = 3> <Delay = 0.00>
ST_8 : Operation 68 [1/1] (0.00ns)   --->   "%specpipeline_ln0 = specpipeline void @_ssdm_op_SpecPipeline, i32 4294967295, i32 0, i32 1, i32 0, void @p_str"   --->   Operation 68 'specpipeline' 'specpipeline_ln0' <Predicate = true> <Delay = 0.00>
ST_8 : Operation 69 [1/1] (0.00ns)   --->   "%ret_ln0 = ret"   --->   Operation 69 'ret' 'ret_ln0' <Predicate = true> <Delay = 0.00>


============================================================
+ Verbose Summary: Timing violations
============================================================
Target clock period: 10ns, clock uncertainty: 2.7ns.

 <State 1>: 0.46ns
The critical path consists of the following:
	'alloca' operation ('i') [4]  (0 ns)
	'store' operation ('store_ln467', HLS_Final_vitis_src/spu.cpp:467) of constant 0 on local variable 'i' [7]  (0.46 ns)

 <State 2>: 0ns
The critical path consists of the following:

 <State 3>: 1.3ns
The critical path consists of the following:
	'load' operation ('i', HLS_Final_vitis_src/spu.cpp:467) on local variable 'i' [10]  (0 ns)
	'getelementptr' operation ('this_s_addr', HLS_Final_vitis_src/spu.cpp:468) [21]  (0 ns)
	'load' operation ('this_s_load', HLS_Final_vitis_src/spu.cpp:468) on array 'this_s' [22]  (1.3 ns)

 <State 4>: 2.03ns
The critical path consists of the following:
	'load' operation ('this_s_load', HLS_Final_vitis_src/spu.cpp:468) on array 'this_s' [22]  (1.3 ns)
	'store' operation ('store_ln22', HLS_Final_vitis_src/spu.cpp:22) of variable 'trunc_ln22', HLS_Final_vitis_src/spu.cpp:22 on array 'seedbuf' [25]  (0.73 ns)

 <State 5>: 0.73ns
The critical path consists of the following:
	'or' operation ('or_ln22_1', HLS_Final_vitis_src/spu.cpp:22) [32]  (0 ns)
	'getelementptr' operation ('seedbuf_addr_2', HLS_Final_vitis_src/spu.cpp:22) [34]  (0 ns)
	'store' operation ('store_ln22', HLS_Final_vitis_src/spu.cpp:22) of variable 'trunc_ln22_9', HLS_Final_vitis_src/spu.cpp:22 on array 'seedbuf' [35]  (0.73 ns)

 <State 6>: 0.73ns
The critical path consists of the following:
	'or' operation ('or_ln22_3', HLS_Final_vitis_src/spu.cpp:22) [42]  (0 ns)
	'getelementptr' operation ('seedbuf_addr_4', HLS_Final_vitis_src/spu.cpp:22) [44]  (0 ns)
	'store' operation ('store_ln22', HLS_Final_vitis_src/spu.cpp:22) of variable 'trunc_ln22_1', HLS_Final_vitis_src/spu.cpp:22 on array 'seedbuf' [45]  (0.73 ns)

 <State 7>: 0.73ns
The critical path consists of the following:
	'or' operation ('or_ln22_5', HLS_Final_vitis_src/spu.cpp:22) [52]  (0 ns)
	'getelementptr' operation ('seedbuf_addr_6', HLS_Final_vitis_src/spu.cpp:22) [54]  (0 ns)
	'store' operation ('store_ln22', HLS_Final_vitis_src/spu.cpp:22) of variable 'trunc_ln22_3', HLS_Final_vitis_src/spu.cpp:22 on array 'seedbuf' [55]  (0.73 ns)

 <State 8>: 0ns
The critical path consists of the following:


============================================================
+ Verbose Summary: Binding
============================================================
N/A
* FSMD analyzer results:
  - Output states:
 - Input state : 
  - Chain level:
	State 1
	State 2
	State 3
	State 4
	State 5
	State 6
	State 7
	State 8


============================================================
+ Verbose Summary: Datapath Resource usage 
============================================================
N/A
