
*** Running vivado
    with args -log top_xbar_0.vds -m64 -product Vivado -mode batch -messageDb vivado.pb -notrace -source top_xbar_0.tcl


****** Vivado v2022.1 (64-bit)
  **** SW Build 3526262 on Mon Apr 18 15:47:01 MDT 2022
  **** IP Build 3524634 on Mon Apr 18 20:55:01 MDT 2022
    ** Copyright 1986-2022 Xilinx, Inc. All Rights Reserved.

source top_xbar_0.tcl -notrace
INFO: [IP_Flow 19-234] Refreshing IP repositories
INFO: [IP_Flow 19-1700] Loaded user IP repository '/home/yhp/Documents/Class/111-1_HLS/course-lab_finn/course-lab_finn/FINN_v0.8_lab_packv2/finn/build/code_gen_ipgen_StreamingDataflowPartition_0_IODMA_0_oiqtyo8k/project_StreamingDataflowPartition_0_IODMA_0/sol1/impl/ip'.
INFO: [IP_Flow 19-1700] Loaded user IP repository '/home/yhp/Documents/Class/111-1_HLS/course-lab_finn/course-lab_finn/FINN_v0.8_lab_packv2/finn/build/vivado_stitch_proj_34mimd_p/ip'.
INFO: [IP_Flow 19-1700] Loaded user IP repository '/home/yhp/Documents/Class/111-1_HLS/course-lab_finn/course-lab_finn/FINN_v0.8_lab_packv2/finn/build/code_gen_ipgen_StreamingDataflowPartition_1_StreamingFIFO_0_hcs32cw6/project_StreamingDataflowPartition_1_StreamingFIFO_0/sol1/impl/verilog'.
INFO: [IP_Flow 19-1700] Loaded user IP repository '/home/yhp/Documents/Class/111-1_HLS/course-lab_finn/course-lab_finn/FINN_v0.8_lab_packv2/finn/build/code_gen_ipgen_StreamingDataflowPartition_1_Thresholding_Batch_0_2hkffz68/project_StreamingDataflowPartition_1_Thresholding_Batch_0/sol1/impl/ip'.
INFO: [IP_Flow 19-1700] Loaded user IP repository '/home/yhp/Documents/Class/111-1_HLS/course-lab_finn/course-lab_finn/FINN_v0.8_lab_packv2/finn/build/code_gen_ipgen_StreamingDataflowPartition_1_StreamingDataWidthConverter_Batch_0_eom2jd6l/project_StreamingDataflowPartition_1_StreamingDataWidthConverter_Batch_0/sol1/impl/ip'.
INFO: [IP_Flow 19-1700] Loaded user IP repository '/home/yhp/Documents/Class/111-1_HLS/course-lab_finn/course-lab_finn/FINN_v0.8_lab_packv2/finn/build/code_gen_ipgen_StreamingDataflowPartition_1_FMPadding_Batch_0_gbq1dprb/project_StreamingDataflowPartition_1_FMPadding_Batch_0/sol1/impl/ip'.
INFO: [IP_Flow 19-1700] Loaded user IP repository '/home/yhp/Documents/Class/111-1_HLS/course-lab_finn/course-lab_finn/FINN_v0.8_lab_packv2/finn/build/code_gen_ipgen_StreamingDataflowPartition_1_ConvolutionInputGenerator_0__mro12ar/project_StreamingDataflowPartition_1_ConvolutionInputGenerator_0/sol1/impl/ip'.
INFO: [IP_Flow 19-1700] Loaded user IP repository '/home/yhp/Documents/Class/111-1_HLS/course-lab_finn/course-lab_finn/FINN_v0.8_lab_packv2/finn/build/code_gen_ipgen_StreamingDataflowPartition_1_StreamingFIFO_1_loxhbvh9/project_StreamingDataflowPartition_1_StreamingFIFO_1/sol1/impl/verilog'.
INFO: [IP_Flow 19-1700] Loaded user IP repository '/home/yhp/Documents/Class/111-1_HLS/course-lab_finn/course-lab_finn/FINN_v0.8_lab_packv2/finn/build/code_gen_ipgen_StreamingDataflowPartition_1_MatrixVectorActivation_0_vdnuk9r7/project_StreamingDataflowPartition_1_MatrixVectorActivation_0/sol1/impl/ip'.
INFO: [IP_Flow 19-1700] Loaded user IP repository '/home/yhp/Documents/Class/111-1_HLS/course-lab_finn/course-lab_finn/FINN_v0.8_lab_packv2/finn/build/code_gen_ipgen_StreamingDataflowPartition_1_StreamingDataWidthConverter_Batch_1_ob1n6mhp/project_StreamingDataflowPartition_1_StreamingDataWidthConverter_Batch_1/sol1/impl/ip'.
INFO: [IP_Flow 19-1700] Loaded user IP repository '/home/yhp/Documents/Class/111-1_HLS/course-lab_finn/course-lab_finn/FINN_v0.8_lab_packv2/finn/build/code_gen_ipgen_StreamingDataflowPartition_1_DuplicateStreams_Batch_0_9_sre2py/project_StreamingDataflowPartition_1_DuplicateStreams_Batch_0/sol1/impl/ip'.
INFO: [IP_Flow 19-1700] Loaded user IP repository '/home/yhp/Documents/Class/111-1_HLS/course-lab_finn/course-lab_finn/FINN_v0.8_lab_packv2/finn/build/code_gen_ipgen_StreamingDataflowPartition_1_StreamingDataWidthConverter_Batch_2_knh2tqd9/project_StreamingDataflowPartition_1_StreamingDataWidthConverter_Batch_2/sol1/impl/ip'.
INFO: [IP_Flow 19-1700] Loaded user IP repository '/home/yhp/Documents/Class/111-1_HLS/course-lab_finn/course-lab_finn/FINN_v0.8_lab_packv2/finn/build/code_gen_ipgen_StreamingDataflowPartition_1_StreamingDataWidthConverter_Batch_3_u5lhz2x3/project_StreamingDataflowPartition_1_StreamingDataWidthConverter_Batch_3/sol1/impl/ip'.
INFO: [IP_Flow 19-1700] Loaded user IP repository '/home/yhp/Documents/Class/111-1_HLS/course-lab_finn/course-lab_finn/FINN_v0.8_lab_packv2/finn/build/code_gen_ipgen_StreamingDataflowPartition_1_FMPadding_Batch_1_qqqn_vm6/project_StreamingDataflowPartition_1_FMPadding_Batch_1/sol1/impl/ip'.
INFO: [IP_Flow 19-1700] Loaded user IP repository '/home/yhp/Documents/Class/111-1_HLS/course-lab_finn/course-lab_finn/FINN_v0.8_lab_packv2/finn/build/code_gen_ipgen_StreamingDataflowPartition_1_DownSampler_0_r2j3sq54/project_StreamingDataflowPartition_1_DownSampler_0/sol1/impl/ip'.
INFO: [IP_Flow 19-1700] Loaded user IP repository '/home/yhp/Documents/Class/111-1_HLS/course-lab_finn/course-lab_finn/FINN_v0.8_lab_packv2/finn/build/code_gen_ipgen_StreamingDataflowPartition_1_StreamingDataWidthConverter_Batch_4_f4t58ocd/project_StreamingDataflowPartition_1_StreamingDataWidthConverter_Batch_4/sol1/impl/ip'.
INFO: [IP_Flow 19-1700] Loaded user IP repository '/home/yhp/Documents/Class/111-1_HLS/course-lab_finn/course-lab_finn/FINN_v0.8_lab_packv2/finn/build/code_gen_ipgen_StreamingDataflowPartition_1_StreamingDataWidthConverter_Batch_5_91a9t9eb/project_StreamingDataflowPartition_1_StreamingDataWidthConverter_Batch_5/sol1/impl/ip'.
INFO: [IP_Flow 19-1700] Loaded user IP repository '/home/yhp/Documents/Class/111-1_HLS/course-lab_finn/course-lab_finn/FINN_v0.8_lab_packv2/finn/build/code_gen_ipgen_StreamingDataflowPartition_1_StreamingFIFO_2_byz3bu4g/project_StreamingDataflowPartition_1_StreamingFIFO_2/sol1/impl/verilog'.
INFO: [IP_Flow 19-1700] Loaded user IP repository '/home/yhp/Documents/Class/111-1_HLS/course-lab_finn/course-lab_finn/FINN_v0.8_lab_packv2/finn/build/code_gen_ipgen_StreamingDataflowPartition_1_ConvolutionInputGenerator_1_lf75f1t8/project_StreamingDataflowPartition_1_ConvolutionInputGenerator_1/sol1/impl/ip'.
INFO: [IP_Flow 19-1700] Loaded user IP repository '/home/yhp/Documents/Class/111-1_HLS/course-lab_finn/course-lab_finn/FINN_v0.8_lab_packv2/finn/build/code_gen_ipgen_StreamingDataflowPartition_1_StreamingFIFO_3_kq1f0fjr/project_StreamingDataflowPartition_1_StreamingFIFO_3/sol1/impl/verilog'.
INFO: [IP_Flow 19-1700] Loaded user IP repository '/home/yhp/Documents/Class/111-1_HLS/course-lab_finn/course-lab_finn/FINN_v0.8_lab_packv2/finn/build/code_gen_ipgen_StreamingDataflowPartition_1_MatrixVectorActivation_1_nwqll47l/project_StreamingDataflowPartition_1_MatrixVectorActivation_1/sol1/impl/ip'.
INFO: [IP_Flow 19-1700] Loaded user IP repository '/home/yhp/Documents/Class/111-1_HLS/course-lab_finn/course-lab_finn/FINN_v0.8_lab_packv2/finn/build/code_gen_ipgen_StreamingDataflowPartition_1_StreamingDataWidthConverter_Batch_6_z6jri9ly/project_StreamingDataflowPartition_1_StreamingDataWidthConverter_Batch_6/sol1/impl/ip'.
INFO: [IP_Flow 19-1700] Loaded user IP repository '/home/yhp/Documents/Class/111-1_HLS/course-lab_finn/course-lab_finn/FINN_v0.8_lab_packv2/finn/build/code_gen_ipgen_StreamingDataflowPartition_1_MatrixVectorActivation_2_4qgb6dm8/project_StreamingDataflowPartition_1_MatrixVectorActivation_2/sol1/impl/ip'.
INFO: [IP_Flow 19-1700] Loaded user IP repository '/home/yhp/Documents/Class/111-1_HLS/course-lab_finn/course-lab_finn/FINN_v0.8_lab_packv2/finn/build/code_gen_ipgen_StreamingDataflowPartition_1_StreamingDataWidthConverter_Batch_7_hf909l3a/project_StreamingDataflowPartition_1_StreamingDataWidthConverter_Batch_7/sol1/impl/ip'.
INFO: [IP_Flow 19-1700] Loaded user IP repository '/home/yhp/Documents/Class/111-1_HLS/course-lab_finn/course-lab_finn/FINN_v0.8_lab_packv2/finn/build/code_gen_ipgen_StreamingDataflowPartition_1_FMPadding_Batch_2_03wunw4v/project_StreamingDataflowPartition_1_FMPadding_Batch_2/sol1/impl/ip'.
INFO: [IP_Flow 19-1700] Loaded user IP repository '/home/yhp/Documents/Class/111-1_HLS/course-lab_finn/course-lab_finn/FINN_v0.8_lab_packv2/finn/build/code_gen_ipgen_StreamingDataflowPartition_1_StreamingDataWidthConverter_Batch_8_1zdrr6rx/project_StreamingDataflowPartition_1_StreamingDataWidthConverter_Batch_8/sol1/impl/ip'.
INFO: [IP_Flow 19-1700] Loaded user IP repository '/home/yhp/Documents/Class/111-1_HLS/course-lab_finn/course-lab_finn/FINN_v0.8_lab_packv2/finn/build/code_gen_ipgen_StreamingDataflowPartition_1_ConvolutionInputGenerator_2_smteaear/project_StreamingDataflowPartition_1_ConvolutionInputGenerator_2/sol1/impl/ip'.
INFO: [IP_Flow 19-1700] Loaded user IP repository '/home/yhp/Documents/Class/111-1_HLS/course-lab_finn/course-lab_finn/FINN_v0.8_lab_packv2/finn/build/code_gen_ipgen_StreamingDataflowPartition_1_StreamingFIFO_4_ew3gn8n0/project_StreamingDataflowPartition_1_StreamingFIFO_4/sol1/impl/verilog'.
INFO: [IP_Flow 19-1700] Loaded user IP repository '/home/yhp/Documents/Class/111-1_HLS/course-lab_finn/course-lab_finn/FINN_v0.8_lab_packv2/finn/build/code_gen_ipgen_StreamingDataflowPartition_1_MatrixVectorActivation_3_wjwc2wfb/project_StreamingDataflowPartition_1_MatrixVectorActivation_3/sol1/impl/ip'.
INFO: [IP_Flow 19-1700] Loaded user IP repository '/home/yhp/Documents/Class/111-1_HLS/course-lab_finn/course-lab_finn/FINN_v0.8_lab_packv2/finn/build/code_gen_ipgen_StreamingDataflowPartition_1_StreamingDataWidthConverter_Batch_9_r3pconos/project_StreamingDataflowPartition_1_StreamingDataWidthConverter_Batch_9/sol1/impl/ip'.
INFO: [IP_Flow 19-1700] Loaded user IP repository '/home/yhp/Documents/Class/111-1_HLS/course-lab_finn/course-lab_finn/FINN_v0.8_lab_packv2/finn/build/code_gen_ipgen_StreamingDataflowPartition_1_AddStreams_Batch_0_3bl8x49a/project_StreamingDataflowPartition_1_AddStreams_Batch_0/sol1/impl/ip'.
INFO: [IP_Flow 19-1700] Loaded user IP repository '/home/yhp/Documents/Class/111-1_HLS/course-lab_finn/course-lab_finn/FINN_v0.8_lab_packv2/finn/build/code_gen_ipgen_StreamingDataflowPartition_1_Thresholding_Batch_1_698mpms5/project_StreamingDataflowPartition_1_Thresholding_Batch_1/sol1/impl/ip'.
INFO: [IP_Flow 19-1700] Loaded user IP repository '/home/yhp/Documents/Class/111-1_HLS/course-lab_finn/course-lab_finn/FINN_v0.8_lab_packv2/finn/build/code_gen_ipgen_StreamingDataflowPartition_1_DuplicateStreams_Batch_1_9rtkilvk/project_StreamingDataflowPartition_1_DuplicateStreams_Batch_1/sol1/impl/ip'.
INFO: [IP_Flow 19-1700] Loaded user IP repository '/home/yhp/Documents/Class/111-1_HLS/course-lab_finn/course-lab_finn/FINN_v0.8_lab_packv2/finn/build/code_gen_ipgen_StreamingDataflowPartition_1_StreamingDataWidthConverter_Batch_10_qdgt6oru/project_StreamingDataflowPartition_1_StreamingDataWidthConverter_Batch_10/sol1/impl/ip'.
INFO: [IP_Flow 19-1700] Loaded user IP repository '/home/yhp/Documents/Class/111-1_HLS/course-lab_finn/course-lab_finn/FINN_v0.8_lab_packv2/finn/build/code_gen_ipgen_StreamingDataflowPartition_1_StreamingDataWidthConverter_Batch_11_lamhi9bj/project_StreamingDataflowPartition_1_StreamingDataWidthConverter_Batch_11/sol1/impl/ip'.
INFO: [IP_Flow 19-1700] Loaded user IP repository '/home/yhp/Documents/Class/111-1_HLS/course-lab_finn/course-lab_finn/FINN_v0.8_lab_packv2/finn/build/code_gen_ipgen_StreamingDataflowPartition_1_FMPadding_Batch_3_e3rqtzrk/project_StreamingDataflowPartition_1_FMPadding_Batch_3/sol1/impl/ip'.
INFO: [IP_Flow 19-1700] Loaded user IP repository '/home/yhp/Documents/Class/111-1_HLS/course-lab_finn/course-lab_finn/FINN_v0.8_lab_packv2/finn/build/code_gen_ipgen_StreamingDataflowPartition_1_DownSampler_1_8z6hksx3/project_StreamingDataflowPartition_1_DownSampler_1/sol1/impl/ip'.
INFO: [IP_Flow 19-1700] Loaded user IP repository '/home/yhp/Documents/Class/111-1_HLS/course-lab_finn/course-lab_finn/FINN_v0.8_lab_packv2/finn/build/code_gen_ipgen_StreamingDataflowPartition_1_StreamingDataWidthConverter_Batch_12_srt92uhw/project_StreamingDataflowPartition_1_StreamingDataWidthConverter_Batch_12/sol1/impl/ip'.
INFO: [IP_Flow 19-1700] Loaded user IP repository '/home/yhp/Documents/Class/111-1_HLS/course-lab_finn/course-lab_finn/FINN_v0.8_lab_packv2/finn/build/code_gen_ipgen_StreamingDataflowPartition_1_StreamingDataWidthConverter_Batch_13_38zv5cwd/project_StreamingDataflowPartition_1_StreamingDataWidthConverter_Batch_13/sol1/impl/ip'.
INFO: [IP_Flow 19-1700] Loaded user IP repository '/home/yhp/Documents/Class/111-1_HLS/course-lab_finn/course-lab_finn/FINN_v0.8_lab_packv2/finn/build/code_gen_ipgen_StreamingDataflowPartition_1_StreamingFIFO_5_b5podlbb/project_StreamingDataflowPartition_1_StreamingFIFO_5/sol1/impl/verilog'.
INFO: [IP_Flow 19-1700] Loaded user IP repository '/home/yhp/Documents/Class/111-1_HLS/course-lab_finn/course-lab_finn/FINN_v0.8_lab_packv2/finn/build/code_gen_ipgen_StreamingDataflowPartition_1_ConvolutionInputGenerator_3_thk_wy39/project_StreamingDataflowPartition_1_ConvolutionInputGenerator_3/sol1/impl/ip'.
INFO: [IP_Flow 19-1700] Loaded user IP repository '/home/yhp/Documents/Class/111-1_HLS/course-lab_finn/course-lab_finn/FINN_v0.8_lab_packv2/finn/build/code_gen_ipgen_StreamingDataflowPartition_1_StreamingFIFO_6_cswp0zqa/project_StreamingDataflowPartition_1_StreamingFIFO_6/sol1/impl/verilog'.
INFO: [IP_Flow 19-1700] Loaded user IP repository '/home/yhp/Documents/Class/111-1_HLS/course-lab_finn/course-lab_finn/FINN_v0.8_lab_packv2/finn/build/code_gen_ipgen_StreamingDataflowPartition_1_MatrixVectorActivation_4_l15czz7y/project_StreamingDataflowPartition_1_MatrixVectorActivation_4/sol1/impl/ip'.
INFO: [IP_Flow 19-1700] Loaded user IP repository '/home/yhp/Documents/Class/111-1_HLS/course-lab_finn/course-lab_finn/FINN_v0.8_lab_packv2/finn/build/code_gen_ipgen_StreamingDataflowPartition_1_StreamingDataWidthConverter_Batch_14_cg2ip7xl/project_StreamingDataflowPartition_1_StreamingDataWidthConverter_Batch_14/sol1/impl/ip'.
INFO: [IP_Flow 19-1700] Loaded user IP repository '/home/yhp/Documents/Class/111-1_HLS/course-lab_finn/course-lab_finn/FINN_v0.8_lab_packv2/finn/build/code_gen_ipgen_StreamingDataflowPartition_1_MatrixVectorActivation_5_pbhs87jk/project_StreamingDataflowPartition_1_MatrixVectorActivation_5/sol1/impl/ip'.
INFO: [IP_Flow 19-1700] Loaded user IP repository '/home/yhp/Documents/Class/111-1_HLS/course-lab_finn/course-lab_finn/FINN_v0.8_lab_packv2/finn/build/code_gen_ipgen_StreamingDataflowPartition_1_StreamingDataWidthConverter_Batch_15_odee9h53/project_StreamingDataflowPartition_1_StreamingDataWidthConverter_Batch_15/sol1/impl/ip'.
INFO: [IP_Flow 19-1700] Loaded user IP repository '/home/yhp/Documents/Class/111-1_HLS/course-lab_finn/course-lab_finn/FINN_v0.8_lab_packv2/finn/build/code_gen_ipgen_StreamingDataflowPartition_1_FMPadding_Batch_4_ggman5yj/project_StreamingDataflowPartition_1_FMPadding_Batch_4/sol1/impl/ip'.
INFO: [IP_Flow 19-1700] Loaded user IP repository '/home/yhp/Documents/Class/111-1_HLS/course-lab_finn/course-lab_finn/FINN_v0.8_lab_packv2/finn/build/code_gen_ipgen_StreamingDataflowPartition_1_StreamingDataWidthConverter_Batch_16_4h3m4ixc/project_StreamingDataflowPartition_1_StreamingDataWidthConverter_Batch_16/sol1/impl/ip'.
INFO: [IP_Flow 19-1700] Loaded user IP repository '/home/yhp/Documents/Class/111-1_HLS/course-lab_finn/course-lab_finn/FINN_v0.8_lab_packv2/finn/build/code_gen_ipgen_StreamingDataflowPartition_1_ConvolutionInputGenerator_4_i1je5cga/project_StreamingDataflowPartition_1_ConvolutionInputGenerator_4/sol1/impl/ip'.
INFO: [IP_Flow 19-1700] Loaded user IP repository '/home/yhp/Documents/Class/111-1_HLS/course-lab_finn/course-lab_finn/FINN_v0.8_lab_packv2/finn/build/code_gen_ipgen_StreamingDataflowPartition_1_StreamingFIFO_7_6_89_4fi/project_StreamingDataflowPartition_1_StreamingFIFO_7/sol1/impl/verilog'.
INFO: [IP_Flow 19-1700] Loaded user IP repository '/home/yhp/Documents/Class/111-1_HLS/course-lab_finn/course-lab_finn/FINN_v0.8_lab_packv2/finn/build/code_gen_ipgen_StreamingDataflowPartition_1_MatrixVectorActivation_6_ekgpc_6o/project_StreamingDataflowPartition_1_MatrixVectorActivation_6/sol1/impl/ip'.
INFO: [IP_Flow 19-1700] Loaded user IP repository '/home/yhp/Documents/Class/111-1_HLS/course-lab_finn/course-lab_finn/FINN_v0.8_lab_packv2/finn/build/code_gen_ipgen_StreamingDataflowPartition_1_AddStreams_Batch_1_t5om4ape/project_StreamingDataflowPartition_1_AddStreams_Batch_1/sol1/impl/ip'.
INFO: [IP_Flow 19-1700] Loaded user IP repository '/home/yhp/Documents/Class/111-1_HLS/course-lab_finn/course-lab_finn/FINN_v0.8_lab_packv2/finn/build/code_gen_ipgen_StreamingDataflowPartition_1_Thresholding_Batch_2_9xa49pc2/project_StreamingDataflowPartition_1_Thresholding_Batch_2/sol1/impl/ip'.
INFO: [IP_Flow 19-1700] Loaded user IP repository '/home/yhp/Documents/Class/111-1_HLS/course-lab_finn/course-lab_finn/FINN_v0.8_lab_packv2/finn/build/code_gen_ipgen_StreamingDataflowPartition_1_DuplicateStreams_Batch_2_hlbdou86/project_StreamingDataflowPartition_1_DuplicateStreams_Batch_2/sol1/impl/ip'.
INFO: [IP_Flow 19-1700] Loaded user IP repository '/home/yhp/Documents/Class/111-1_HLS/course-lab_finn/course-lab_finn/FINN_v0.8_lab_packv2/finn/build/code_gen_ipgen_StreamingDataflowPartition_1_StreamingDataWidthConverter_Batch_17_hwa1mncs/project_StreamingDataflowPartition_1_StreamingDataWidthConverter_Batch_17/sol1/impl/ip'.
INFO: [IP_Flow 19-1700] Loaded user IP repository '/home/yhp/Documents/Class/111-1_HLS/course-lab_finn/course-lab_finn/FINN_v0.8_lab_packv2/finn/build/code_gen_ipgen_StreamingDataflowPartition_1_StreamingDataWidthConverter_Batch_18_nryyabvx/project_StreamingDataflowPartition_1_StreamingDataWidthConverter_Batch_18/sol1/impl/ip'.
INFO: [IP_Flow 19-1700] Loaded user IP repository '/home/yhp/Documents/Class/111-1_HLS/course-lab_finn/course-lab_finn/FINN_v0.8_lab_packv2/finn/build/code_gen_ipgen_StreamingDataflowPartition_1_FMPadding_Batch_5_sarappc8/project_StreamingDataflowPartition_1_FMPadding_Batch_5/sol1/impl/ip'.
INFO: [IP_Flow 19-1700] Loaded user IP repository '/home/yhp/Documents/Class/111-1_HLS/course-lab_finn/course-lab_finn/FINN_v0.8_lab_packv2/finn/build/code_gen_ipgen_StreamingDataflowPartition_1_DownSampler_2_cqxf_ld5/project_StreamingDataflowPartition_1_DownSampler_2/sol1/impl/ip'.
INFO: [IP_Flow 19-1700] Loaded user IP repository '/home/yhp/Documents/Class/111-1_HLS/course-lab_finn/course-lab_finn/FINN_v0.8_lab_packv2/finn/build/code_gen_ipgen_StreamingDataflowPartition_1_StreamingDataWidthConverter_Batch_19_vczyxuxo/project_StreamingDataflowPartition_1_StreamingDataWidthConverter_Batch_19/sol1/impl/ip'.
INFO: [IP_Flow 19-1700] Loaded user IP repository '/home/yhp/Documents/Class/111-1_HLS/course-lab_finn/course-lab_finn/FINN_v0.8_lab_packv2/finn/build/code_gen_ipgen_StreamingDataflowPartition_1_StreamingDataWidthConverter_Batch_20_vt2w20tz/project_StreamingDataflowPartition_1_StreamingDataWidthConverter_Batch_20/sol1/impl/ip'.
INFO: [IP_Flow 19-1700] Loaded user IP repository '/home/yhp/Documents/Class/111-1_HLS/course-lab_finn/course-lab_finn/FINN_v0.8_lab_packv2/finn/build/code_gen_ipgen_StreamingDataflowPartition_1_StreamingFIFO_8_on_g_13e/project_StreamingDataflowPartition_1_StreamingFIFO_8/sol1/impl/verilog'.
INFO: [IP_Flow 19-1700] Loaded user IP repository '/home/yhp/Documents/Class/111-1_HLS/course-lab_finn/course-lab_finn/FINN_v0.8_lab_packv2/finn/build/code_gen_ipgen_StreamingDataflowPartition_1_ConvolutionInputGenerator_5_gao79p9m/project_StreamingDataflowPartition_1_ConvolutionInputGenerator_5/sol1/impl/ip'.
INFO: [IP_Flow 19-1700] Loaded user IP repository '/home/yhp/Documents/Class/111-1_HLS/course-lab_finn/course-lab_finn/FINN_v0.8_lab_packv2/finn/build/code_gen_ipgen_StreamingDataflowPartition_1_StreamingFIFO_9_tre5azv1/project_StreamingDataflowPartition_1_StreamingFIFO_9/sol1/impl/verilog'.
INFO: [IP_Flow 19-1700] Loaded user IP repository '/home/yhp/Documents/Class/111-1_HLS/course-lab_finn/course-lab_finn/FINN_v0.8_lab_packv2/finn/build/code_gen_ipgen_StreamingDataflowPartition_1_MatrixVectorActivation_7_kp0kdjm0/project_StreamingDataflowPartition_1_MatrixVectorActivation_7/sol1/impl/ip'.
INFO: [IP_Flow 19-1700] Loaded user IP repository '/home/yhp/Documents/Class/111-1_HLS/course-lab_finn/course-lab_finn/FINN_v0.8_lab_packv2/finn/build/code_gen_ipgen_StreamingDataflowPartition_1_MatrixVectorActivation_8_s_oyhrpk/project_StreamingDataflowPartition_1_MatrixVectorActivation_8/sol1/impl/ip'.
INFO: [IP_Flow 19-1700] Loaded user IP repository '/home/yhp/Documents/Class/111-1_HLS/course-lab_finn/course-lab_finn/FINN_v0.8_lab_packv2/finn/build/code_gen_ipgen_StreamingDataflowPartition_1_StreamingDataWidthConverter_Batch_21_yqsakz_2/project_StreamingDataflowPartition_1_StreamingDataWidthConverter_Batch_21/sol1/impl/ip'.
INFO: [IP_Flow 19-1700] Loaded user IP repository '/home/yhp/Documents/Class/111-1_HLS/course-lab_finn/course-lab_finn/FINN_v0.8_lab_packv2/finn/build/code_gen_ipgen_StreamingDataflowPartition_1_FMPadding_Batch_6_zdbku4yx/project_StreamingDataflowPartition_1_FMPadding_Batch_6/sol1/impl/ip'.
INFO: [IP_Flow 19-1700] Loaded user IP repository '/home/yhp/Documents/Class/111-1_HLS/course-lab_finn/course-lab_finn/FINN_v0.8_lab_packv2/finn/build/code_gen_ipgen_StreamingDataflowPartition_1_StreamingDataWidthConverter_Batch_22_cs33vp6x/project_StreamingDataflowPartition_1_StreamingDataWidthConverter_Batch_22/sol1/impl/ip'.
INFO: [IP_Flow 19-1700] Loaded user IP repository '/home/yhp/Documents/Class/111-1_HLS/course-lab_finn/course-lab_finn/FINN_v0.8_lab_packv2/finn/build/code_gen_ipgen_StreamingDataflowPartition_1_ConvolutionInputGenerator_6_e0ev0vtk/project_StreamingDataflowPartition_1_ConvolutionInputGenerator_6/sol1/impl/ip'.
INFO: [IP_Flow 19-1700] Loaded user IP repository '/home/yhp/Documents/Class/111-1_HLS/course-lab_finn/course-lab_finn/FINN_v0.8_lab_packv2/finn/build/code_gen_ipgen_StreamingDataflowPartition_1_StreamingFIFO_10_3ry6ovpz/project_StreamingDataflowPartition_1_StreamingFIFO_10/sol1/impl/verilog'.
INFO: [IP_Flow 19-1700] Loaded user IP repository '/home/yhp/Documents/Class/111-1_HLS/course-lab_finn/course-lab_finn/FINN_v0.8_lab_packv2/finn/build/code_gen_ipgen_StreamingDataflowPartition_1_MatrixVectorActivation_9_d2snx_yf/project_StreamingDataflowPartition_1_MatrixVectorActivation_9/sol1/impl/ip'.
INFO: [IP_Flow 19-1700] Loaded user IP repository '/home/yhp/Documents/Class/111-1_HLS/course-lab_finn/course-lab_finn/FINN_v0.8_lab_packv2/finn/build/code_gen_ipgen_StreamingDataflowPartition_1_AddStreams_Batch_2_wh3p7g75/project_StreamingDataflowPartition_1_AddStreams_Batch_2/sol1/impl/ip'.
INFO: [IP_Flow 19-1700] Loaded user IP repository '/home/yhp/Documents/Class/111-1_HLS/course-lab_finn/course-lab_finn/FINN_v0.8_lab_packv2/finn/build/code_gen_ipgen_StreamingDataflowPartition_1_Thresholding_Batch_3_iq93ev6e/project_StreamingDataflowPartition_1_Thresholding_Batch_3/sol1/impl/ip'.
INFO: [IP_Flow 19-1700] Loaded user IP repository '/home/yhp/Documents/Class/111-1_HLS/course-lab_finn/course-lab_finn/FINN_v0.8_lab_packv2/finn/build/code_gen_ipgen_StreamingDataflowPartition_1_StreamingFIFO_11__dm2iqtb/project_StreamingDataflowPartition_1_StreamingFIFO_11/sol1/impl/verilog'.
INFO: [IP_Flow 19-1700] Loaded user IP repository '/home/yhp/Documents/Class/111-1_HLS/course-lab_finn/course-lab_finn/FINN_v0.8_lab_packv2/finn/build/vivado_stitch_proj_607znna7/ip'.
INFO: [IP_Flow 19-1700] Loaded user IP repository '/home/yhp/Documents/Class/111-1_HLS/course-lab_finn/course-lab_finn/FINN_v0.8_lab_packv2/finn/finn-rtllib/memstream'.
INFO: [IP_Flow 19-1700] Loaded user IP repository '/home/yhp/Documents/Class/111-1_HLS/course-lab_finn/course-lab_finn/FINN_v0.8_lab_packv2/finn/build/code_gen_ipgen_StreamingDataflowPartition_2_IODMA_0_4kejk8bo/project_StreamingDataflowPartition_2_IODMA_0/sol1/impl/ip'.
INFO: [IP_Flow 19-1700] Loaded user IP repository '/home/yhp/Documents/Class/111-1_HLS/course-lab_finn/course-lab_finn/FINN_v0.8_lab_packv2/finn/build/vivado_stitch_proj_2e5siq3k/ip'.
INFO: [IP_Flow 19-2313] Loaded Vivado IP repository '/tool/Xilinx/Vivado/2022.1/data/ip'.
Command: synth_design -top top_xbar_0 -part xc7z020clg400-1 -incremental_mode off -mode out_of_context
Starting synth_design
Attempting to get a license for feature 'Synthesis' and/or device 'xc7z020'
INFO: [Common 17-349] Got license for feature 'Synthesis' and/or device 'xc7z020'
INFO: [Device 21-403] Loading part xc7z020clg400-1
INFO: [Synth 8-7079] Multithreading enabled for synth_design using a maximum of 4 processes.
INFO: [Synth 8-7078] Launching helper process for spawning children vivado processes
INFO: [Synth 8-7075] Helper process launched with PID 2066408
WARNING: [Synth 8-9501] generate block is allowed only inside loop and conditional generate in SystemVerilog mode [/tool/Xilinx/Vivado/2022.1/data/ip/xpm/xpm_fifo/hdl/xpm_fifo.sv:4023]
---------------------------------------------------------------------------------
Starting RTL Elaboration : Time (s): cpu = 00:00:03 ; elapsed = 00:00:04 . Memory (MB): peak = 2938.215 ; gain = 0.000 ; free physical = 4075 ; free virtual = 34927
---------------------------------------------------------------------------------
INFO: [Synth 8-6157] synthesizing module 'top_xbar_0' [/home/yhp/Documents/Class/111-1_HLS/course-lab_finn/course-lab_finn/FINN_v0.8_lab_packv2/finn/build/vivado_zynq_proj_vbu_43za/finn_zynq_link.gen/sources_1/bd/top/ip/top_xbar_0/synth/top_xbar_0.v:53]
INFO: [Synth 8-6157] synthesizing module 'axi_crossbar_v2_1_27_axi_crossbar' [/home/yhp/Documents/Class/111-1_HLS/course-lab_finn/course-lab_finn/FINN_v0.8_lab_packv2/finn/build/vivado_zynq_proj_vbu_43za/finn_zynq_link.gen/sources_1/bd/top/ipshared/3fa0/hdl/axi_crossbar_v2_1_vl_rfs.v:4883]
INFO: [Synth 8-6157] synthesizing module 'axi_crossbar_v2_1_27_crossbar_sasd' [/home/yhp/Documents/Class/111-1_HLS/course-lab_finn/course-lab_finn/FINN_v0.8_lab_packv2/finn/build/vivado_zynq_proj_vbu_43za/finn_zynq_link.gen/sources_1/bd/top/ipshared/3fa0/hdl/axi_crossbar_v2_1_vl_rfs.v:1239]
INFO: [Synth 8-6157] synthesizing module 'axi_crossbar_v2_1_27_addr_decoder' [/home/yhp/Documents/Class/111-1_HLS/course-lab_finn/course-lab_finn/FINN_v0.8_lab_packv2/finn/build/vivado_zynq_proj_vbu_43za/finn_zynq_link.gen/sources_1/bd/top/ipshared/3fa0/hdl/axi_crossbar_v2_1_vl_rfs.v:793]
INFO: [Synth 8-6157] synthesizing module 'generic_baseblocks_v2_1_0_comparator_static' [/home/yhp/Documents/Class/111-1_HLS/course-lab_finn/course-lab_finn/FINN_v0.8_lab_packv2/finn/build/vivado_zynq_proj_vbu_43za/finn_zynq_link.gen/sources_1/bd/top/ipshared/b752/hdl/generic_baseblocks_v2_1_vl_rfs.v:2132]
INFO: [Synth 8-6157] synthesizing module 'generic_baseblocks_v2_1_0_carry_and' [/home/yhp/Documents/Class/111-1_HLS/course-lab_finn/course-lab_finn/FINN_v0.8_lab_packv2/finn/build/vivado_zynq_proj_vbu_43za/finn_zynq_link.gen/sources_1/bd/top/ipshared/b752/hdl/generic_baseblocks_v2_1_vl_rfs.v:61]
INFO: [Synth 8-6155] done synthesizing module 'generic_baseblocks_v2_1_0_carry_and' (0#1) [/home/yhp/Documents/Class/111-1_HLS/course-lab_finn/course-lab_finn/FINN_v0.8_lab_packv2/finn/build/vivado_zynq_proj_vbu_43za/finn_zynq_link.gen/sources_1/bd/top/ipshared/b752/hdl/generic_baseblocks_v2_1_vl_rfs.v:61]
INFO: [Synth 8-6155] done synthesizing module 'generic_baseblocks_v2_1_0_comparator_static' (0#1) [/home/yhp/Documents/Class/111-1_HLS/course-lab_finn/course-lab_finn/FINN_v0.8_lab_packv2/finn/build/vivado_zynq_proj_vbu_43za/finn_zynq_link.gen/sources_1/bd/top/ipshared/b752/hdl/generic_baseblocks_v2_1_vl_rfs.v:2132]
INFO: [Synth 8-6157] synthesizing module 'generic_baseblocks_v2_1_0_comparator_static__parameterized0' [/home/yhp/Documents/Class/111-1_HLS/course-lab_finn/course-lab_finn/FINN_v0.8_lab_packv2/finn/build/vivado_zynq_proj_vbu_43za/finn_zynq_link.gen/sources_1/bd/top/ipshared/b752/hdl/generic_baseblocks_v2_1_vl_rfs.v:2132]
INFO: [Synth 8-6155] done synthesizing module 'generic_baseblocks_v2_1_0_comparator_static__parameterized0' (0#1) [/home/yhp/Documents/Class/111-1_HLS/course-lab_finn/course-lab_finn/FINN_v0.8_lab_packv2/finn/build/vivado_zynq_proj_vbu_43za/finn_zynq_link.gen/sources_1/bd/top/ipshared/b752/hdl/generic_baseblocks_v2_1_vl_rfs.v:2132]
INFO: [Synth 8-6155] done synthesizing module 'axi_crossbar_v2_1_27_addr_decoder' (0#1) [/home/yhp/Documents/Class/111-1_HLS/course-lab_finn/course-lab_finn/FINN_v0.8_lab_packv2/finn/build/vivado_zynq_proj_vbu_43za/finn_zynq_link.gen/sources_1/bd/top/ipshared/3fa0/hdl/axi_crossbar_v2_1_vl_rfs.v:793]
INFO: [Synth 8-6157] synthesizing module 'axi_crossbar_v2_1_27_decerr_slave' [/home/yhp/Documents/Class/111-1_HLS/course-lab_finn/course-lab_finn/FINN_v0.8_lab_packv2/finn/build/vivado_zynq_proj_vbu_43za/finn_zynq_link.gen/sources_1/bd/top/ipshared/3fa0/hdl/axi_crossbar_v2_1_vl_rfs.v:3500]
INFO: [Synth 8-6155] done synthesizing module 'axi_crossbar_v2_1_27_decerr_slave' (0#1) [/home/yhp/Documents/Class/111-1_HLS/course-lab_finn/course-lab_finn/FINN_v0.8_lab_packv2/finn/build/vivado_zynq_proj_vbu_43za/finn_zynq_link.gen/sources_1/bd/top/ipshared/3fa0/hdl/axi_crossbar_v2_1_vl_rfs.v:3500]
INFO: [Synth 8-6157] synthesizing module 'axi_crossbar_v2_1_27_addr_arbiter_sasd' [/home/yhp/Documents/Class/111-1_HLS/course-lab_finn/course-lab_finn/FINN_v0.8_lab_packv2/finn/build/vivado_zynq_proj_vbu_43za/finn_zynq_link.gen/sources_1/bd/top/ipshared/3fa0/hdl/axi_crossbar_v2_1_vl_rfs.v:64]
INFO: [Synth 8-6155] done synthesizing module 'axi_crossbar_v2_1_27_addr_arbiter_sasd' (0#1) [/home/yhp/Documents/Class/111-1_HLS/course-lab_finn/course-lab_finn/FINN_v0.8_lab_packv2/finn/build/vivado_zynq_proj_vbu_43za/finn_zynq_link.gen/sources_1/bd/top/ipshared/3fa0/hdl/axi_crossbar_v2_1_vl_rfs.v:64]
INFO: [Synth 8-6157] synthesizing module 'axi_crossbar_v2_1_27_splitter' [/home/yhp/Documents/Class/111-1_HLS/course-lab_finn/course-lab_finn/FINN_v0.8_lab_packv2/finn/build/vivado_zynq_proj_vbu_43za/finn_zynq_link.gen/sources_1/bd/top/ipshared/3fa0/hdl/axi_crossbar_v2_1_vl_rfs.v:4460]
INFO: [Synth 8-6155] done synthesizing module 'axi_crossbar_v2_1_27_splitter' (0#1) [/home/yhp/Documents/Class/111-1_HLS/course-lab_finn/course-lab_finn/FINN_v0.8_lab_packv2/finn/build/vivado_zynq_proj_vbu_43za/finn_zynq_link.gen/sources_1/bd/top/ipshared/3fa0/hdl/axi_crossbar_v2_1_vl_rfs.v:4460]
INFO: [Synth 8-6157] synthesizing module 'axi_crossbar_v2_1_27_splitter__parameterized0' [/home/yhp/Documents/Class/111-1_HLS/course-lab_finn/course-lab_finn/FINN_v0.8_lab_packv2/finn/build/vivado_zynq_proj_vbu_43za/finn_zynq_link.gen/sources_1/bd/top/ipshared/3fa0/hdl/axi_crossbar_v2_1_vl_rfs.v:4460]
INFO: [Synth 8-6155] done synthesizing module 'axi_crossbar_v2_1_27_splitter__parameterized0' (0#1) [/home/yhp/Documents/Class/111-1_HLS/course-lab_finn/course-lab_finn/FINN_v0.8_lab_packv2/finn/build/vivado_zynq_proj_vbu_43za/finn_zynq_link.gen/sources_1/bd/top/ipshared/3fa0/hdl/axi_crossbar_v2_1_vl_rfs.v:4460]
INFO: [Synth 8-6157] synthesizing module 'generic_baseblocks_v2_1_0_mux_enc' [/home/yhp/Documents/Class/111-1_HLS/course-lab_finn/course-lab_finn/FINN_v0.8_lab_packv2/finn/build/vivado_zynq_proj_vbu_43za/finn_zynq_link.gen/sources_1/bd/top/ipshared/b752/hdl/generic_baseblocks_v2_1_vl_rfs.v:2451]
INFO: [Synth 8-6155] done synthesizing module 'generic_baseblocks_v2_1_0_mux_enc' (0#1) [/home/yhp/Documents/Class/111-1_HLS/course-lab_finn/course-lab_finn/FINN_v0.8_lab_packv2/finn/build/vivado_zynq_proj_vbu_43za/finn_zynq_link.gen/sources_1/bd/top/ipshared/b752/hdl/generic_baseblocks_v2_1_vl_rfs.v:2451]
INFO: [Synth 8-6157] synthesizing module 'generic_baseblocks_v2_1_0_mux_enc__parameterized0' [/home/yhp/Documents/Class/111-1_HLS/course-lab_finn/course-lab_finn/FINN_v0.8_lab_packv2/finn/build/vivado_zynq_proj_vbu_43za/finn_zynq_link.gen/sources_1/bd/top/ipshared/b752/hdl/generic_baseblocks_v2_1_vl_rfs.v:2451]
INFO: [Synth 8-6155] done synthesizing module 'generic_baseblocks_v2_1_0_mux_enc__parameterized0' (0#1) [/home/yhp/Documents/Class/111-1_HLS/course-lab_finn/course-lab_finn/FINN_v0.8_lab_packv2/finn/build/vivado_zynq_proj_vbu_43za/finn_zynq_link.gen/sources_1/bd/top/ipshared/b752/hdl/generic_baseblocks_v2_1_vl_rfs.v:2451]
INFO: [Synth 8-6157] synthesizing module 'generic_baseblocks_v2_1_0_mux_enc__parameterized1' [/home/yhp/Documents/Class/111-1_HLS/course-lab_finn/course-lab_finn/FINN_v0.8_lab_packv2/finn/build/vivado_zynq_proj_vbu_43za/finn_zynq_link.gen/sources_1/bd/top/ipshared/b752/hdl/generic_baseblocks_v2_1_vl_rfs.v:2451]
INFO: [Synth 8-6155] done synthesizing module 'generic_baseblocks_v2_1_0_mux_enc__parameterized1' (0#1) [/home/yhp/Documents/Class/111-1_HLS/course-lab_finn/course-lab_finn/FINN_v0.8_lab_packv2/finn/build/vivado_zynq_proj_vbu_43za/finn_zynq_link.gen/sources_1/bd/top/ipshared/b752/hdl/generic_baseblocks_v2_1_vl_rfs.v:2451]
INFO: [Synth 8-6157] synthesizing module 'axi_register_slice_v2_1_26_axic_register_slice' [/home/yhp/Documents/Class/111-1_HLS/course-lab_finn/course-lab_finn/FINN_v0.8_lab_packv2/finn/build/vivado_zynq_proj_vbu_43za/finn_zynq_link.gen/sources_1/bd/top/ipshared/0a3f/hdl/axi_register_slice_v2_1_vl_rfs.v:1497]
INFO: [Synth 8-6155] done synthesizing module 'axi_register_slice_v2_1_26_axic_register_slice' (0#1) [/home/yhp/Documents/Class/111-1_HLS/course-lab_finn/course-lab_finn/FINN_v0.8_lab_packv2/finn/build/vivado_zynq_proj_vbu_43za/finn_zynq_link.gen/sources_1/bd/top/ipshared/0a3f/hdl/axi_register_slice_v2_1_vl_rfs.v:1497]
INFO: [Synth 8-6157] synthesizing module 'generic_baseblocks_v2_1_0_mux_enc__parameterized2' [/home/yhp/Documents/Class/111-1_HLS/course-lab_finn/course-lab_finn/FINN_v0.8_lab_packv2/finn/build/vivado_zynq_proj_vbu_43za/finn_zynq_link.gen/sources_1/bd/top/ipshared/b752/hdl/generic_baseblocks_v2_1_vl_rfs.v:2451]
INFO: [Synth 8-6155] done synthesizing module 'generic_baseblocks_v2_1_0_mux_enc__parameterized2' (0#1) [/home/yhp/Documents/Class/111-1_HLS/course-lab_finn/course-lab_finn/FINN_v0.8_lab_packv2/finn/build/vivado_zynq_proj_vbu_43za/finn_zynq_link.gen/sources_1/bd/top/ipshared/b752/hdl/generic_baseblocks_v2_1_vl_rfs.v:2451]
INFO: [Synth 8-6155] done synthesizing module 'axi_crossbar_v2_1_27_crossbar_sasd' (0#1) [/home/yhp/Documents/Class/111-1_HLS/course-lab_finn/course-lab_finn/FINN_v0.8_lab_packv2/finn/build/vivado_zynq_proj_vbu_43za/finn_zynq_link.gen/sources_1/bd/top/ipshared/3fa0/hdl/axi_crossbar_v2_1_vl_rfs.v:1239]
INFO: [Synth 8-6155] done synthesizing module 'axi_crossbar_v2_1_27_axi_crossbar' (0#1) [/home/yhp/Documents/Class/111-1_HLS/course-lab_finn/course-lab_finn/FINN_v0.8_lab_packv2/finn/build/vivado_zynq_proj_vbu_43za/finn_zynq_link.gen/sources_1/bd/top/ipshared/3fa0/hdl/axi_crossbar_v2_1_vl_rfs.v:4883]
INFO: [Synth 8-6155] done synthesizing module 'top_xbar_0' (0#1) [/home/yhp/Documents/Class/111-1_HLS/course-lab_finn/course-lab_finn/FINN_v0.8_lab_packv2/finn/build/vivado_zynq_proj_vbu_43za/finn_zynq_link.gen/sources_1/bd/top/ip/top_xbar_0/synth/top_xbar_0.v:53]
WARNING: [Synth 8-6014] Unused sequential element gen_debug_trans_seq.debug_aw_trans_seq_i_reg was removed.  [/home/yhp/Documents/Class/111-1_HLS/course-lab_finn/course-lab_finn/FINN_v0.8_lab_packv2/finn/build/vivado_zynq_proj_vbu_43za/finn_zynq_link.gen/sources_1/bd/top/ipshared/3fa0/hdl/axi_crossbar_v2_1_vl_rfs.v:2056]
WARNING: [Synth 8-6014] Unused sequential element gen_debug_trans_seq.debug_ar_trans_seq_i_reg was removed.  [/home/yhp/Documents/Class/111-1_HLS/course-lab_finn/course-lab_finn/FINN_v0.8_lab_packv2/finn/build/vivado_zynq_proj_vbu_43za/finn_zynq_link.gen/sources_1/bd/top/ipshared/3fa0/hdl/axi_crossbar_v2_1_vl_rfs.v:2067]
WARNING: [Synth 8-6014] Unused sequential element gen_debug_trans_seq.debug_w_beat_cnt_i_reg was removed.  [/home/yhp/Documents/Class/111-1_HLS/course-lab_finn/course-lab_finn/FINN_v0.8_lab_packv2/finn/build/vivado_zynq_proj_vbu_43za/finn_zynq_link.gen/sources_1/bd/top/ipshared/3fa0/hdl/axi_crossbar_v2_1_vl_rfs.v:2078]
WARNING: [Synth 8-6014] Unused sequential element gen_debug_trans_seq.debug_r_beat_cnt_i_reg was removed.  [/home/yhp/Documents/Class/111-1_HLS/course-lab_finn/course-lab_finn/FINN_v0.8_lab_packv2/finn/build/vivado_zynq_proj_vbu_43za/finn_zynq_link.gen/sources_1/bd/top/ipshared/3fa0/hdl/axi_crossbar_v2_1_vl_rfs.v:2091]
WARNING: [Synth 8-7129] Port S[0] in module generic_baseblocks_v2_1_0_mux_enc__parameterized0 is either unconnected or has no load
WARNING: [Synth 8-7129] Port S_AXI_AWID[0] in module axi_crossbar_v2_1_27_decerr_slave is either unconnected or has no load
WARNING: [Synth 8-7129] Port S_AXI_WLAST in module axi_crossbar_v2_1_27_decerr_slave is either unconnected or has no load
WARNING: [Synth 8-7129] Port S_AXI_ARID[0] in module axi_crossbar_v2_1_27_decerr_slave is either unconnected or has no load
WARNING: [Synth 8-7129] Port S_AXI_ARLEN[7] in module axi_crossbar_v2_1_27_decerr_slave is either unconnected or has no load
WARNING: [Synth 8-7129] Port S_AXI_ARLEN[6] in module axi_crossbar_v2_1_27_decerr_slave is either unconnected or has no load
WARNING: [Synth 8-7129] Port S_AXI_ARLEN[5] in module axi_crossbar_v2_1_27_decerr_slave is either unconnected or has no load
WARNING: [Synth 8-7129] Port S_AXI_ARLEN[4] in module axi_crossbar_v2_1_27_decerr_slave is either unconnected or has no load
WARNING: [Synth 8-7129] Port S_AXI_ARLEN[3] in module axi_crossbar_v2_1_27_decerr_slave is either unconnected or has no load
WARNING: [Synth 8-7129] Port S_AXI_ARLEN[2] in module axi_crossbar_v2_1_27_decerr_slave is either unconnected or has no load
WARNING: [Synth 8-7129] Port S_AXI_ARLEN[1] in module axi_crossbar_v2_1_27_decerr_slave is either unconnected or has no load
WARNING: [Synth 8-7129] Port S_AXI_ARLEN[0] in module axi_crossbar_v2_1_27_decerr_slave is either unconnected or has no load
WARNING: [Synth 8-7129] Port ADDR[1] in module axi_crossbar_v2_1_27_addr_decoder is either unconnected or has no load
WARNING: [Synth 8-7129] Port ADDR[0] in module axi_crossbar_v2_1_27_addr_decoder is either unconnected or has no load
WARNING: [Synth 8-7129] Port S_AXI_AWID[0] in module axi_crossbar_v2_1_27_crossbar_sasd is either unconnected or has no load
WARNING: [Synth 8-7129] Port S_AXI_ARID[0] in module axi_crossbar_v2_1_27_crossbar_sasd is either unconnected or has no load
WARNING: [Synth 8-7129] Port M_AXI_BID[1] in module axi_crossbar_v2_1_27_crossbar_sasd is either unconnected or has no load
WARNING: [Synth 8-7129] Port M_AXI_BID[0] in module axi_crossbar_v2_1_27_crossbar_sasd is either unconnected or has no load
WARNING: [Synth 8-7129] Port M_AXI_RID[1] in module axi_crossbar_v2_1_27_crossbar_sasd is either unconnected or has no load
WARNING: [Synth 8-7129] Port M_AXI_RID[0] in module axi_crossbar_v2_1_27_crossbar_sasd is either unconnected or has no load
WARNING: [Synth 8-7129] Port s_axi_awid[0] in module axi_crossbar_v2_1_27_axi_crossbar is either unconnected or has no load
WARNING: [Synth 8-7129] Port s_axi_awlen[7] in module axi_crossbar_v2_1_27_axi_crossbar is either unconnected or has no load
WARNING: [Synth 8-7129] Port s_axi_awlen[6] in module axi_crossbar_v2_1_27_axi_crossbar is either unconnected or has no load
WARNING: [Synth 8-7129] Port s_axi_awlen[5] in module axi_crossbar_v2_1_27_axi_crossbar is either unconnected or has no load
WARNING: [Synth 8-7129] Port s_axi_awlen[4] in module axi_crossbar_v2_1_27_axi_crossbar is either unconnected or has no load
WARNING: [Synth 8-7129] Port s_axi_awlen[3] in module axi_crossbar_v2_1_27_axi_crossbar is either unconnected or has no load
WARNING: [Synth 8-7129] Port s_axi_awlen[2] in module axi_crossbar_v2_1_27_axi_crossbar is either unconnected or has no load
WARNING: [Synth 8-7129] Port s_axi_awlen[1] in module axi_crossbar_v2_1_27_axi_crossbar is either unconnected or has no load
WARNING: [Synth 8-7129] Port s_axi_awlen[0] in module axi_crossbar_v2_1_27_axi_crossbar is either unconnected or has no load
WARNING: [Synth 8-7129] Port s_axi_awsize[2] in module axi_crossbar_v2_1_27_axi_crossbar is either unconnected or has no load
WARNING: [Synth 8-7129] Port s_axi_awsize[1] in module axi_crossbar_v2_1_27_axi_crossbar is either unconnected or has no load
WARNING: [Synth 8-7129] Port s_axi_awsize[0] in module axi_crossbar_v2_1_27_axi_crossbar is either unconnected or has no load
WARNING: [Synth 8-7129] Port s_axi_awburst[1] in module axi_crossbar_v2_1_27_axi_crossbar is either unconnected or has no load
WARNING: [Synth 8-7129] Port s_axi_awburst[0] in module axi_crossbar_v2_1_27_axi_crossbar is either unconnected or has no load
WARNING: [Synth 8-7129] Port s_axi_awlock[0] in module axi_crossbar_v2_1_27_axi_crossbar is either unconnected or has no load
WARNING: [Synth 8-7129] Port s_axi_awcache[3] in module axi_crossbar_v2_1_27_axi_crossbar is either unconnected or has no load
WARNING: [Synth 8-7129] Port s_axi_awcache[2] in module axi_crossbar_v2_1_27_axi_crossbar is either unconnected or has no load
WARNING: [Synth 8-7129] Port s_axi_awcache[1] in module axi_crossbar_v2_1_27_axi_crossbar is either unconnected or has no load
WARNING: [Synth 8-7129] Port s_axi_awcache[0] in module axi_crossbar_v2_1_27_axi_crossbar is either unconnected or has no load
WARNING: [Synth 8-7129] Port s_axi_awqos[3] in module axi_crossbar_v2_1_27_axi_crossbar is either unconnected or has no load
WARNING: [Synth 8-7129] Port s_axi_awqos[2] in module axi_crossbar_v2_1_27_axi_crossbar is either unconnected or has no load
WARNING: [Synth 8-7129] Port s_axi_awqos[1] in module axi_crossbar_v2_1_27_axi_crossbar is either unconnected or has no load
WARNING: [Synth 8-7129] Port s_axi_awqos[0] in module axi_crossbar_v2_1_27_axi_crossbar is either unconnected or has no load
WARNING: [Synth 8-7129] Port s_axi_awuser[0] in module axi_crossbar_v2_1_27_axi_crossbar is either unconnected or has no load
WARNING: [Synth 8-7129] Port s_axi_wid[0] in module axi_crossbar_v2_1_27_axi_crossbar is either unconnected or has no load
WARNING: [Synth 8-7129] Port s_axi_wlast[0] in module axi_crossbar_v2_1_27_axi_crossbar is either unconnected or has no load
WARNING: [Synth 8-7129] Port s_axi_wuser[0] in module axi_crossbar_v2_1_27_axi_crossbar is either unconnected or has no load
WARNING: [Synth 8-7129] Port s_axi_arid[0] in module axi_crossbar_v2_1_27_axi_crossbar is either unconnected or has no load
WARNING: [Synth 8-7129] Port s_axi_arlen[7] in module axi_crossbar_v2_1_27_axi_crossbar is either unconnected or has no load
WARNING: [Synth 8-7129] Port s_axi_arlen[6] in module axi_crossbar_v2_1_27_axi_crossbar is either unconnected or has no load
WARNING: [Synth 8-7129] Port s_axi_arlen[5] in module axi_crossbar_v2_1_27_axi_crossbar is either unconnected or has no load
WARNING: [Synth 8-7129] Port s_axi_arlen[4] in module axi_crossbar_v2_1_27_axi_crossbar is either unconnected or has no load
WARNING: [Synth 8-7129] Port s_axi_arlen[3] in module axi_crossbar_v2_1_27_axi_crossbar is either unconnected or has no load
WARNING: [Synth 8-7129] Port s_axi_arlen[2] in module axi_crossbar_v2_1_27_axi_crossbar is either unconnected or has no load
WARNING: [Synth 8-7129] Port s_axi_arlen[1] in module axi_crossbar_v2_1_27_axi_crossbar is either unconnected or has no load
WARNING: [Synth 8-7129] Port s_axi_arlen[0] in module axi_crossbar_v2_1_27_axi_crossbar is either unconnected or has no load
WARNING: [Synth 8-7129] Port s_axi_arsize[2] in module axi_crossbar_v2_1_27_axi_crossbar is either unconnected or has no load
WARNING: [Synth 8-7129] Port s_axi_arsize[1] in module axi_crossbar_v2_1_27_axi_crossbar is either unconnected or has no load
WARNING: [Synth 8-7129] Port s_axi_arsize[0] in module axi_crossbar_v2_1_27_axi_crossbar is either unconnected or has no load
WARNING: [Synth 8-7129] Port s_axi_arburst[1] in module axi_crossbar_v2_1_27_axi_crossbar is either unconnected or has no load
WARNING: [Synth 8-7129] Port s_axi_arburst[0] in module axi_crossbar_v2_1_27_axi_crossbar is either unconnected or has no load
WARNING: [Synth 8-7129] Port s_axi_arlock[0] in module axi_crossbar_v2_1_27_axi_crossbar is either unconnected or has no load
WARNING: [Synth 8-7129] Port s_axi_arcache[3] in module axi_crossbar_v2_1_27_axi_crossbar is either unconnected or has no load
WARNING: [Synth 8-7129] Port s_axi_arcache[2] in module axi_crossbar_v2_1_27_axi_crossbar is either unconnected or has no load
WARNING: [Synth 8-7129] Port s_axi_arcache[1] in module axi_crossbar_v2_1_27_axi_crossbar is either unconnected or has no load
WARNING: [Synth 8-7129] Port s_axi_arcache[0] in module axi_crossbar_v2_1_27_axi_crossbar is either unconnected or has no load
WARNING: [Synth 8-7129] Port s_axi_arqos[3] in module axi_crossbar_v2_1_27_axi_crossbar is either unconnected or has no load
WARNING: [Synth 8-7129] Port s_axi_arqos[2] in module axi_crossbar_v2_1_27_axi_crossbar is either unconnected or has no load
WARNING: [Synth 8-7129] Port s_axi_arqos[1] in module axi_crossbar_v2_1_27_axi_crossbar is either unconnected or has no load
WARNING: [Synth 8-7129] Port s_axi_arqos[0] in module axi_crossbar_v2_1_27_axi_crossbar is either unconnected or has no load
WARNING: [Synth 8-7129] Port s_axi_aruser[0] in module axi_crossbar_v2_1_27_axi_crossbar is either unconnected or has no load
WARNING: [Synth 8-7129] Port m_axi_bid[1] in module axi_crossbar_v2_1_27_axi_crossbar is either unconnected or has no load
WARNING: [Synth 8-7129] Port m_axi_bid[0] in module axi_crossbar_v2_1_27_axi_crossbar is either unconnected or has no load
WARNING: [Synth 8-7129] Port m_axi_buser[1] in module axi_crossbar_v2_1_27_axi_crossbar is either unconnected or has no load
WARNING: [Synth 8-7129] Port m_axi_buser[0] in module axi_crossbar_v2_1_27_axi_crossbar is either unconnected or has no load
WARNING: [Synth 8-7129] Port m_axi_rid[1] in module axi_crossbar_v2_1_27_axi_crossbar is either unconnected or has no load
WARNING: [Synth 8-7129] Port m_axi_rid[0] in module axi_crossbar_v2_1_27_axi_crossbar is either unconnected or has no load
WARNING: [Synth 8-7129] Port m_axi_rlast[1] in module axi_crossbar_v2_1_27_axi_crossbar is either unconnected or has no load
WARNING: [Synth 8-7129] Port m_axi_rlast[0] in module axi_crossbar_v2_1_27_axi_crossbar is either unconnected or has no load
WARNING: [Synth 8-7129] Port m_axi_ruser[1] in module axi_crossbar_v2_1_27_axi_crossbar is either unconnected or has no load
WARNING: [Synth 8-7129] Port m_axi_ruser[0] in module axi_crossbar_v2_1_27_axi_crossbar is either unconnected or has no load
---------------------------------------------------------------------------------
Finished RTL Elaboration : Time (s): cpu = 00:00:06 ; elapsed = 00:00:06 . Memory (MB): peak = 2938.215 ; gain = 0.000 ; free physical = 4206 ; free virtual = 35059
---------------------------------------------------------------------------------
---------------------------------------------------------------------------------
Start Handling Custom Attributes
---------------------------------------------------------------------------------
---------------------------------------------------------------------------------
Finished Handling Custom Attributes : Time (s): cpu = 00:00:06 ; elapsed = 00:00:06 . Memory (MB): peak = 2938.215 ; gain = 0.000 ; free physical = 4206 ; free virtual = 35059
---------------------------------------------------------------------------------
---------------------------------------------------------------------------------
Finished RTL Optimization Phase 1 : Time (s): cpu = 00:00:06 ; elapsed = 00:00:06 . Memory (MB): peak = 2938.215 ; gain = 0.000 ; free physical = 4206 ; free virtual = 35059
---------------------------------------------------------------------------------
Netlist sorting complete. Time (s): cpu = 00:00:00 ; elapsed = 00:00:00.01 . Memory (MB): peak = 2938.215 ; gain = 0.000 ; free physical = 4204 ; free virtual = 35058
INFO: [Project 1-570] Preparing netlist for logic optimization

Processing XDC Constraints
Initializing timing engine
Parsing XDC File [/home/yhp/Documents/Class/111-1_HLS/course-lab_finn/course-lab_finn/FINN_v0.8_lab_packv2/finn/build/vivado_zynq_proj_vbu_43za/finn_zynq_link.gen/sources_1/bd/top/ip/top_xbar_0/top_xbar_0_ooc.xdc] for cell 'inst'
Finished Parsing XDC File [/home/yhp/Documents/Class/111-1_HLS/course-lab_finn/course-lab_finn/FINN_v0.8_lab_packv2/finn/build/vivado_zynq_proj_vbu_43za/finn_zynq_link.gen/sources_1/bd/top/ip/top_xbar_0/top_xbar_0_ooc.xdc] for cell 'inst'
Parsing XDC File [/home/yhp/Documents/Class/111-1_HLS/course-lab_finn/course-lab_finn/FINN_v0.8_lab_packv2/finn/build/vivado_zynq_proj_vbu_43za/finn_zynq_link.runs/top_xbar_0_synth_1/dont_touch.xdc]
Finished Parsing XDC File [/home/yhp/Documents/Class/111-1_HLS/course-lab_finn/course-lab_finn/FINN_v0.8_lab_packv2/finn/build/vivado_zynq_proj_vbu_43za/finn_zynq_link.runs/top_xbar_0_synth_1/dont_touch.xdc]
Completed Processing XDC Constraints

Netlist sorting complete. Time (s): cpu = 00:00:00 ; elapsed = 00:00:00 . Memory (MB): peak = 3058.055 ; gain = 0.000 ; free physical = 4118 ; free virtual = 34972
INFO: [Project 1-111] Unisim Transformation Summary:
No Unisim elements were transformed.

Constraint Validation Runtime : Time (s): cpu = 00:00:00.02 ; elapsed = 00:00:00.01 . Memory (MB): peak = 3058.055 ; gain = 0.000 ; free physical = 4118 ; free virtual = 34972
INFO: [Designutils 20-5008] Incremental synthesis strategy off
---------------------------------------------------------------------------------
Finished Constraint Validation : Time (s): cpu = 00:00:10 ; elapsed = 00:00:10 . Memory (MB): peak = 3058.055 ; gain = 119.840 ; free physical = 4185 ; free virtual = 35039
---------------------------------------------------------------------------------
---------------------------------------------------------------------------------
Start Loading Part and Timing Information
---------------------------------------------------------------------------------
Loading part: xc7z020clg400-1
---------------------------------------------------------------------------------
Finished Loading Part and Timing Information : Time (s): cpu = 00:00:10 ; elapsed = 00:00:10 . Memory (MB): peak = 3058.055 ; gain = 119.840 ; free physical = 4185 ; free virtual = 35039
---------------------------------------------------------------------------------
---------------------------------------------------------------------------------
Start Applying 'set_property' XDC Constraints
---------------------------------------------------------------------------------
Applied set_property KEEP_HIERARCHY = SOFT for inst. (constraint file  /home/yhp/Documents/Class/111-1_HLS/course-lab_finn/course-lab_finn/FINN_v0.8_lab_packv2/finn/build/vivado_zynq_proj_vbu_43za/finn_zynq_link.runs/top_xbar_0_synth_1/dont_touch.xdc, line 9).
---------------------------------------------------------------------------------
Finished applying 'set_property' XDC Constraints : Time (s): cpu = 00:00:10 ; elapsed = 00:00:10 . Memory (MB): peak = 3058.055 ; gain = 119.840 ; free physical = 4185 ; free virtual = 35039
---------------------------------------------------------------------------------
---------------------------------------------------------------------------------
Finished RTL Optimization Phase 2 : Time (s): cpu = 00:00:10 ; elapsed = 00:00:11 . Memory (MB): peak = 3058.055 ; gain = 119.840 ; free physical = 4180 ; free virtual = 35035
---------------------------------------------------------------------------------
---------------------------------------------------------------------------------
Start RTL Component Statistics 
---------------------------------------------------------------------------------
Detailed RTL Component Info : 
+---Registers : 
	               64 Bit    Registers := 1     
	               36 Bit    Registers := 2     
	                3 Bit    Registers := 2     
	                2 Bit    Registers := 3     
	                1 Bit    Registers := 14    
+---Muxes : 
	   2 Input   64 Bit        Muxes := 1     
	   2 Input   36 Bit        Muxes := 2     
	   2 Input    3 Bit        Muxes := 1     
	   2 Input    2 Bit        Muxes := 2     
	   2 Input    1 Bit        Muxes := 30    
---------------------------------------------------------------------------------
Finished RTL Component Statistics 
---------------------------------------------------------------------------------
---------------------------------------------------------------------------------
Start Part Resource Summary
---------------------------------------------------------------------------------
Part Resources:
DSPs: 220 (col length:60)
BRAMs: 280 (col length: RAMB18 60 RAMB36 30)
---------------------------------------------------------------------------------
Finished Part Resource Summary
---------------------------------------------------------------------------------
---------------------------------------------------------------------------------
Start Cross Boundary and Area Optimization
---------------------------------------------------------------------------------
WARNING: [Synth 8-7080] Parallel synthesis criteria is not met
INFO: [Synth 8-3936] Found unconnected internal register 'gen_sasd.crossbar_sasd_0/reg_slice_r/m_payload_i_reg' and it is trimmed from '36' to '35' bits. [/home/yhp/Documents/Class/111-1_HLS/course-lab_finn/course-lab_finn/FINN_v0.8_lab_packv2/finn/build/vivado_zynq_proj_vbu_43za/finn_zynq_link.gen/sources_1/bd/top/ipshared/0a3f/hdl/axi_register_slice_v2_1_vl_rfs.v:1731]
WARNING: [Synth 8-7129] Port s_axi_awid[0] in module axi_crossbar_v2_1_27_axi_crossbar is either unconnected or has no load
WARNING: [Synth 8-7129] Port s_axi_awlen[7] in module axi_crossbar_v2_1_27_axi_crossbar is either unconnected or has no load
WARNING: [Synth 8-7129] Port s_axi_awlen[6] in module axi_crossbar_v2_1_27_axi_crossbar is either unconnected or has no load
WARNING: [Synth 8-7129] Port s_axi_awlen[5] in module axi_crossbar_v2_1_27_axi_crossbar is either unconnected or has no load
WARNING: [Synth 8-7129] Port s_axi_awlen[4] in module axi_crossbar_v2_1_27_axi_crossbar is either unconnected or has no load
WARNING: [Synth 8-7129] Port s_axi_awlen[3] in module axi_crossbar_v2_1_27_axi_crossbar is either unconnected or has no load
WARNING: [Synth 8-7129] Port s_axi_awlen[2] in module axi_crossbar_v2_1_27_axi_crossbar is either unconnected or has no load
WARNING: [Synth 8-7129] Port s_axi_awlen[1] in module axi_crossbar_v2_1_27_axi_crossbar is either unconnected or has no load
WARNING: [Synth 8-7129] Port s_axi_awlen[0] in module axi_crossbar_v2_1_27_axi_crossbar is either unconnected or has no load
WARNING: [Synth 8-7129] Port s_axi_awsize[2] in module axi_crossbar_v2_1_27_axi_crossbar is either unconnected or has no load
WARNING: [Synth 8-7129] Port s_axi_awsize[1] in module axi_crossbar_v2_1_27_axi_crossbar is either unconnected or has no load
WARNING: [Synth 8-7129] Port s_axi_awsize[0] in module axi_crossbar_v2_1_27_axi_crossbar is either unconnected or has no load
WARNING: [Synth 8-7129] Port s_axi_awburst[1] in module axi_crossbar_v2_1_27_axi_crossbar is either unconnected or has no load
WARNING: [Synth 8-7129] Port s_axi_awburst[0] in module axi_crossbar_v2_1_27_axi_crossbar is either unconnected or has no load
WARNING: [Synth 8-7129] Port s_axi_awlock[0] in module axi_crossbar_v2_1_27_axi_crossbar is either unconnected or has no load
WARNING: [Synth 8-7129] Port s_axi_awcache[3] in module axi_crossbar_v2_1_27_axi_crossbar is either unconnected or has no load
WARNING: [Synth 8-7129] Port s_axi_awcache[2] in module axi_crossbar_v2_1_27_axi_crossbar is either unconnected or has no load
WARNING: [Synth 8-7129] Port s_axi_awcache[1] in module axi_crossbar_v2_1_27_axi_crossbar is either unconnected or has no load
WARNING: [Synth 8-7129] Port s_axi_awcache[0] in module axi_crossbar_v2_1_27_axi_crossbar is either unconnected or has no load
INFO: [Common 17-14] Message 'Synth 8-7129' appears 100 times and further instances of the messages will be disabled. Use the Tcl command set_msg_config to change the current settings.
---------------------------------------------------------------------------------
Finished Cross Boundary and Area Optimization : Time (s): cpu = 00:00:11 ; elapsed = 00:00:11 . Memory (MB): peak = 3058.055 ; gain = 119.840 ; free physical = 4164 ; free virtual = 35023
---------------------------------------------------------------------------------
---------------------------------------------------------------------------------
Start Applying XDC Timing Constraints
---------------------------------------------------------------------------------
---------------------------------------------------------------------------------
Finished Applying XDC Timing Constraints : Time (s): cpu = 00:00:14 ; elapsed = 00:00:15 . Memory (MB): peak = 3058.055 ; gain = 119.840 ; free physical = 4047 ; free virtual = 34906
---------------------------------------------------------------------------------
---------------------------------------------------------------------------------
Start Timing Optimization
---------------------------------------------------------------------------------
---------------------------------------------------------------------------------
Finished Timing Optimization : Time (s): cpu = 00:00:14 ; elapsed = 00:00:15 . Memory (MB): peak = 3058.055 ; gain = 119.840 ; free physical = 4043 ; free virtual = 34901
---------------------------------------------------------------------------------
---------------------------------------------------------------------------------
Start Technology Mapping
---------------------------------------------------------------------------------
---------------------------------------------------------------------------------
Finished Technology Mapping : Time (s): cpu = 00:00:14 ; elapsed = 00:00:15 . Memory (MB): peak = 3058.055 ; gain = 119.840 ; free physical = 4035 ; free virtual = 34893
---------------------------------------------------------------------------------
---------------------------------------------------------------------------------
Start IO Insertion
---------------------------------------------------------------------------------
---------------------------------------------------------------------------------
Start Flattening Before IO Insertion
---------------------------------------------------------------------------------
---------------------------------------------------------------------------------
Finished Flattening Before IO Insertion
---------------------------------------------------------------------------------
---------------------------------------------------------------------------------
Start Final Netlist Cleanup
---------------------------------------------------------------------------------
---------------------------------------------------------------------------------
Finished Final Netlist Cleanup
---------------------------------------------------------------------------------
---------------------------------------------------------------------------------
Finished IO Insertion : Time (s): cpu = 00:00:16 ; elapsed = 00:00:17 . Memory (MB): peak = 3058.055 ; gain = 119.840 ; free physical = 4030 ; free virtual = 34889
---------------------------------------------------------------------------------
---------------------------------------------------------------------------------
Start Renaming Generated Instances
---------------------------------------------------------------------------------
---------------------------------------------------------------------------------
Finished Renaming Generated Instances : Time (s): cpu = 00:00:16 ; elapsed = 00:00:17 . Memory (MB): peak = 3058.055 ; gain = 119.840 ; free physical = 4030 ; free virtual = 34889
---------------------------------------------------------------------------------
---------------------------------------------------------------------------------
Start Rebuilding User Hierarchy
---------------------------------------------------------------------------------
---------------------------------------------------------------------------------
Finished Rebuilding User Hierarchy : Time (s): cpu = 00:00:16 ; elapsed = 00:00:17 . Memory (MB): peak = 3058.055 ; gain = 119.840 ; free physical = 4030 ; free virtual = 34889
---------------------------------------------------------------------------------
---------------------------------------------------------------------------------
Start Renaming Generated Ports
---------------------------------------------------------------------------------
---------------------------------------------------------------------------------
Finished Renaming Generated Ports : Time (s): cpu = 00:00:16 ; elapsed = 00:00:17 . Memory (MB): peak = 3058.055 ; gain = 119.840 ; free physical = 4030 ; free virtual = 34889
---------------------------------------------------------------------------------
---------------------------------------------------------------------------------
Start Handling Custom Attributes
---------------------------------------------------------------------------------
---------------------------------------------------------------------------------
Finished Handling Custom Attributes : Time (s): cpu = 00:00:16 ; elapsed = 00:00:17 . Memory (MB): peak = 3058.055 ; gain = 119.840 ; free physical = 4030 ; free virtual = 34889
---------------------------------------------------------------------------------
---------------------------------------------------------------------------------
Start Renaming Generated Nets
---------------------------------------------------------------------------------
---------------------------------------------------------------------------------
Finished Renaming Generated Nets : Time (s): cpu = 00:00:16 ; elapsed = 00:00:17 . Memory (MB): peak = 3058.055 ; gain = 119.840 ; free physical = 4030 ; free virtual = 34889
---------------------------------------------------------------------------------
---------------------------------------------------------------------------------
Start Writing Synthesis Report
---------------------------------------------------------------------------------

Report BlackBoxes: 
+-+--------------+----------+
| |BlackBox name |Instances |
+-+--------------+----------+
+-+--------------+----------+

Report Cell Usage: 
+------+-----+------+
|      |Cell |Count |
+------+-----+------+
|1     |LUT1 |     1|
|2     |LUT2 |     9|
|3     |LUT3 |     4|
|4     |LUT4 |    64|
|5     |LUT5 |    18|
|6     |LUT6 |    53|
|7     |FDRE |   130|
+------+-----+------+
---------------------------------------------------------------------------------
Finished Writing Synthesis Report : Time (s): cpu = 00:00:16 ; elapsed = 00:00:17 . Memory (MB): peak = 3058.055 ; gain = 119.840 ; free physical = 4030 ; free virtual = 34889
---------------------------------------------------------------------------------
Synthesis finished with 0 errors, 0 critical warnings and 62 warnings.
Synthesis Optimization Runtime : Time (s): cpu = 00:00:15 ; elapsed = 00:00:16 . Memory (MB): peak = 3058.055 ; gain = 0.000 ; free physical = 4085 ; free virtual = 34944
Synthesis Optimization Complete : Time (s): cpu = 00:00:16 ; elapsed = 00:00:17 . Memory (MB): peak = 3058.055 ; gain = 119.840 ; free physical = 4085 ; free virtual = 34944
INFO: [Project 1-571] Translating synthesized netlist
Netlist sorting complete. Time (s): cpu = 00:00:00.01 ; elapsed = 00:00:00 . Memory (MB): peak = 3058.055 ; gain = 0.000 ; free physical = 4174 ; free virtual = 35033
INFO: [Project 1-570] Preparing netlist for logic optimization
INFO: [Opt 31-138] Pushed 0 inverter(s) to 0 load pin(s).
Netlist sorting complete. Time (s): cpu = 00:00:00 ; elapsed = 00:00:00 . Memory (MB): peak = 3058.055 ; gain = 0.000 ; free physical = 4116 ; free virtual = 34975
INFO: [Project 1-111] Unisim Transformation Summary:
No Unisim elements were transformed.

Synth Design complete, checksum: 6607e9d0
INFO: [Common 17-83] Releasing license: Synthesis
127 Infos, 106 Warnings, 0 Critical Warnings and 0 Errors encountered.
synth_design completed successfully
synth_design: Time (s): cpu = 00:00:22 ; elapsed = 00:00:20 . Memory (MB): peak = 3058.055 ; gain = 119.844 ; free physical = 4323 ; free virtual = 35181
INFO: [Common 17-1381] The checkpoint '/home/yhp/Documents/Class/111-1_HLS/course-lab_finn/course-lab_finn/FINN_v0.8_lab_packv2/finn/build/vivado_zynq_proj_vbu_43za/finn_zynq_link.runs/top_xbar_0_synth_1/top_xbar_0.dcp' has been generated.
INFO: [Coretcl 2-1648] Added synthesis output to IP cache for IP top_xbar_0, cache-ID = 521684b596a17ee6
INFO: [Coretcl 2-1174] Renamed 7 cell refs.
INFO: [Common 17-1381] The checkpoint '/home/yhp/Documents/Class/111-1_HLS/course-lab_finn/course-lab_finn/FINN_v0.8_lab_packv2/finn/build/vivado_zynq_proj_vbu_43za/finn_zynq_link.runs/top_xbar_0_synth_1/top_xbar_0.dcp' has been generated.
INFO: [runtcl-4] Executing : report_utilization -file top_xbar_0_utilization_synth.rpt -pb top_xbar_0_utilization_synth.pb
INFO: [Common 17-206] Exiting Vivado at Wed Dec 28 15:10:31 2022...
