

================================================================
== Vivado HLS Report for 'fir'
================================================================
* Date:           Tue Oct 18 23:31:31 2022

* Version:        2020.1 (Build 2897737 on Wed May 27 20:21:37 MDT 2020)
* Project:        baseline
* Solution:       solution4_conditional
* Product family: zynq
* Target device:  xc7z020-clg400-1


================================================================
== Performance Estimates
================================================================
+ Timing: 
    * Summary: 
    +--------+----------+----------+------------+
    |  Clock |  Target  | Estimated| Uncertainty|
    +--------+----------+----------+------------+
    |ap_clk  | 10.00 ns | 6.508 ns |   1.25 ns  |
    +--------+----------+----------+------------+

+ Latency: 
    * Summary: 
    +---------+---------+----------+----------+-----+-----+---------+
    |  Latency (cycles) |  Latency (absolute) |  Interval | Pipeline|
    |   min   |   max   |    min   |    max   | min | max |   Type  |
    +---------+---------+----------+----------+-----+-----+---------+
    |      260|      260| 2.600 us | 2.600 us |  260|  260|   none  |
    +---------+---------+----------+----------+-----+-----+---------+

    + Detail: 
        * Instance: 
        N/A

        * Loop: 
        +----------+---------+---------+----------+-----------+-----------+------+----------+
        |          |  Latency (cycles) | Iteration|  Initiation Interval  | Trip |          |
        | Loop Name|   min   |   max   |  Latency |  achieved |   target  | Count| Pipelined|
        +----------+---------+---------+----------+-----------+-----------+------+----------+
        |- FIR     |      258|      258|         5|          2|          1|   128|    yes   |
        +----------+---------+---------+----------+-----------+-----------+------+----------+



================================================================
== Utilization Estimates
================================================================
* Summary: 
+-----------------+---------+-------+--------+-------+-----+
|       Name      | BRAM_18K| DSP48E|   FF   |  LUT  | URAM|
+-----------------+---------+-------+--------+-------+-----+
|DSP              |        -|      1|       -|      -|    -|
|Expression       |        -|      -|       0|     30|    -|
|FIFO             |        -|      -|       -|      -|    -|
|Instance         |        -|      -|       -|      -|    -|
|Memory           |        1|      -|       5|     10|    0|
|Multiplexer      |        -|      -|       -|    108|    -|
|Register         |        -|      -|      66|      -|    -|
+-----------------+---------+-------+--------+-------+-----+
|Total            |        1|      1|      71|    148|    0|
+-----------------+---------+-------+--------+-------+-----+
|Available        |      280|    220|  106400|  53200|    0|
+-----------------+---------+-------+--------+-------+-----+
|Utilization (%)  |    ~0   |   ~0  |   ~0   |   ~0  |    0|
+-----------------+---------+-------+--------+-------+-----+

+ Detail: 
    * Instance: 
    N/A

    * DSP48E: 
    +-------------------------+----------------------+--------------+
    |         Instance        |        Module        |  Expression  |
    +-------------------------+----------------------+--------------+
    |fir_mac_muladd_5sbkb_U1  |fir_mac_muladd_5sbkb  | i0 * i1 + i2 |
    +-------------------------+----------------------+--------------+

    * Memory: 
    +---------+-----------+---------+---+----+-----+------+-----+------+-------------+
    |  Memory |   Module  | BRAM_18K| FF| LUT| URAM| Words| Bits| Banks| W*Bits*Banks|
    +---------+-----------+---------+---+----+-----+------+-----+------+-------------+
    |c_U      |fir_c      |        0|  5|  10|    0|   128|    5|     1|          640|
    |reg_V_U  |fir_reg_V  |        1|  0|   0|    0|   128|    8|     1|         1024|
    +---------+-----------+---------+---+----+-----+------+-----+------+-------------+
    |Total    |           |        1|  5|  10|    0|   256|   13|     2|         1664|
    +---------+-----------+---------+---+----+-----+------+-----+------+-------------+

    * FIFO: 
    N/A

    * Expression: 
    +---------------------+----------+-------+---+----+------------+------------+
    |    Variable Name    | Operation| DSP48E| FF| LUT| Bitwidth P0| Bitwidth P1|
    +---------------------+----------+-------+---+----+------------+------------+
    |grp_fu_139_p2        |     +    |      0|  0|  15|           8|           2|
    |ap_condition_259     |    and   |      0|  0|   2|           1|           1|
    |icmp_ln38_fu_158_p2  |   icmp   |      0|  0|  11|           8|           1|
    |ap_enable_pp0        |    xor   |      0|  0|   2|           1|           2|
    +---------------------+----------+-------+---+----+------------+------------+
    |Total                |          |      0|  0|  30|          18|           6|
    +---------------------+----------+-------+---+----+------------+------------+

    * Multiplexer: 
    +------------------------------+----+-----------+-----+-----------+
    |             Name             | LUT| Input Size| Bits| Total Bits|
    +------------------------------+----+-----------+-----+-----------+
    |ap_NS_fsm                     |  27|          5|    1|          5|
    |ap_enable_reg_pp0_iter2       |   9|          2|    1|          2|
    |ap_phi_mux_i_0_phi_fu_131_p4  |   9|          2|    8|         16|
    |grp_fu_139_p0                 |  15|          3|    8|         24|
    |i_0_reg_127                   |   9|          2|    8|         16|
    |reg_V_address0                |  15|          3|    7|         21|
    |reg_V_address1                |  15|          3|    7|         21|
    |sum_0_reg_115                 |   9|          2|   19|         38|
    +------------------------------+----+-----------+-----+-----------+
    |Total                         | 108|         22|   59|        143|
    +------------------------------+----+-----------+-----+-----------+

    * Register: 
    +-----------------------------+----+----+-----+-----------+
    |             Name            | FF | LUT| Bits| Const Bits|
    +-----------------------------+----+----+-----+-----------+
    |ap_CS_fsm                    |   4|   0|    4|          0|
    |ap_enable_reg_pp0_iter0      |   1|   0|    1|          0|
    |ap_enable_reg_pp0_iter1      |   1|   0|    1|          0|
    |ap_enable_reg_pp0_iter2      |   1|   0|    1|          0|
    |c_load_reg_232               |   5|   0|    5|          0|
    |i_0_reg_127                  |   8|   0|    8|          0|
    |i_reg_217                    |   8|   0|    8|          0|
    |icmp_ln38_reg_208            |   1|   0|    1|          0|
    |reg_V_load_1_reg_237         |   8|   0|    8|          0|
    |sum_0_reg_115                |  19|   0|   19|          0|
    |tmp_1_reg_204                |   1|   0|    1|          0|
    |tmp_1_reg_204_pp0_iter1_reg  |   1|   0|    1|          0|
    |trunc_ln160_reg_199          |   8|   0|    8|          0|
    +-----------------------------+----+----+-----+-----------+
    |Total                        |  66|   0|   66|          0|
    +-----------------------------+----+----+-----+-----------+



================================================================
== Interface
================================================================
* Summary: 
+----------+-----+-----+------------+--------------+--------------+
| RTL Ports| Dir | Bits|  Protocol  | Source Object|    C Type    |
+----------+-----+-----+------------+--------------+--------------+
|ap_clk    |  in |    1| ap_ctrl_hs |      fir     | return value |
|ap_rst    |  in |    1| ap_ctrl_hs |      fir     | return value |
|ap_start  |  in |    1| ap_ctrl_hs |      fir     | return value |
|ap_done   | out |    1| ap_ctrl_hs |      fir     | return value |
|ap_idle   | out |    1| ap_ctrl_hs |      fir     | return value |
|ap_ready  | out |    1| ap_ctrl_hs |      fir     | return value |
|y         | out |   32|   ap_vld   |       y      |    pointer   |
|y_ap_vld  | out |    1|   ap_vld   |       y      |    pointer   |
|x         |  in |   32|   ap_none  |       x      |    scalar    |
+----------+-----+-----+------------+--------------+--------------+

