

================================================================
== Vitis HLS Report for 'dut_Pipeline_3'
================================================================
* Date:           Sat Nov 12 19:46:22 2022

* Version:        2022.1 (Build 3526262 on Mon Apr 18 15:48:16 MDT 2022)
* Project:        serialization.prj
* Solution:       solution2 (Vitis Kernel Flow Target)
* Product family: zynq
* Target device:  xc7z020-clg400-1


================================================================
== Performance Estimates
================================================================
+ Timing: 
    * Summary: 
    +--------+---------+----------+------------+
    |  Clock |  Target | Estimated| Uncertainty|
    +--------+---------+----------+------------+
    |ap_clk  |  3.30 ns|  3.254 ns|        0 ns|
    +--------+---------+----------+------------+

+ Latency: 
    * Summary: 
    +---------+---------+-----------+-----------+------+------+---------+
    |  Latency (cycles) |   Latency (absolute)  |   Interval  | Pipeline|
    |   min   |   max   |    min    |    max    |  min |  max |   Type  |
    +---------+---------+-----------+-----------+------+------+---------+
    |     8002|     8002|  26.407 us|  26.407 us|  8002|  8002|       no|
    +---------+---------+-----------+-----------+------+------+---------+

    + Detail: 
        * Instance: 
        N/A

        * Loop: 
        +----------+---------+---------+----------+-----------+-----------+------+----------+
        |          |  Latency (cycles) | Iteration|  Initiation Interval  | Trip |          |
        | Loop Name|   min   |   max   |  Latency |  achieved |   target  | Count| Pipelined|
        +----------+---------+---------+----------+-----------+-----------+------+----------+
        |- Loop 1  |     8000|     8000|         2|          1|          1|  8000|       yes|
        +----------+---------+---------+----------+-----------+-----------+------+----------+



================================================================
== Utilization Estimates
================================================================
* Summary: 
+-----------------+---------+-----+--------+-------+-----+
|       Name      | BRAM_18K| DSP |   FF   |  LUT  | URAM|
+-----------------+---------+-----+--------+-------+-----+
|DSP              |        -|    -|       -|      -|    -|
|Expression       |        -|    -|       0|     28|    -|
|FIFO             |        -|    -|       -|      -|    -|
|Instance         |        -|    -|       -|      -|    -|
|Memory           |        -|    -|       -|      -|    -|
|Multiplexer      |        -|    -|       -|     41|    -|
|Register         |        -|    -|      42|      -|    -|
+-----------------+---------+-----+--------+-------+-----+
|Total            |        0|    0|      42|     69|    0|
+-----------------+---------+-----+--------+-------+-----+
|Available        |      280|  220|  106400|  53200|    0|
+-----------------+---------+-----+--------+-------+-----+
|Utilization (%)  |        0|    0|      ~0|     ~0|    0|
+-----------------+---------+-----+--------+-------+-----+

+ Detail: 
    * Instance: 
    N/A

    * DSP: 
    N/A

    * Memory: 
    N/A

    * FIFO: 
    N/A

    * Expression: 
    +----------------------+----------+----+---+----+------------+------------+
    |     Variable Name    | Operation| DSP| FF| LUT| Bitwidth P0| Bitwidth P1|
    +----------------------+----------+----+---+----+------------+------------+
    |empty_38_fu_58_p2     |         +|   0|  0|  14|          13|           1|
    |exitcond748_fu_52_p2  |      icmp|   0|  0|  12|          13|           9|
    |ap_enable_pp0         |       xor|   0|  0|   2|           1|           2|
    +----------------------+----------+----+---+----+------------+------------+
    |Total                 |          |   0|  0|  28|          27|          12|
    +----------------------+----------+----+---+----+------------+------------+

    * Multiplexer: 
    +-------------------------+----+-----------+-----+-----------+
    |           Name          | LUT| Input Size| Bits| Total Bits|
    +-------------------------+----+-----------+-----+-----------+
    |ap_done_int              |   9|          2|    1|          2|
    |ap_enable_reg_pp0_iter1  |   9|          2|    1|          2|
    |ap_sig_allocacmp_p_load  |  14|          3|   13|         39|
    |empty_fu_26              |   9|          2|   13|         26|
    +-------------------------+----+-----------+-----+-----------+
    |Total                    |  41|          9|   28|         69|
    +-------------------------+----+-----------+-----+-----------+

    * Register: 
    +-------------------------+----+----+-----+-----------+
    |           Name          | FF | LUT| Bits| Const Bits|
    +-------------------------+----+----+-----+-----------+
    |ap_CS_fsm                |   1|   0|    1|          0|
    |ap_done_reg              |   1|   0|    1|          0|
    |ap_enable_reg_pp0_iter1  |   1|   0|    1|          0|
    |empty_38_reg_87          |  13|   0|   13|          0|
    |empty_fu_26              |  13|   0|   13|          0|
    |p_load_reg_79            |  13|   0|   13|          0|
    +-------------------------+----+----+-----+-----------+
    |Total                    |  42|   0|   42|          0|
    +-------------------------+----+----+-----+-----------+



================================================================
== Interface
================================================================
* Summary: 
+-------------------+-----+-----+------------+----------------+--------------+
|     RTL Ports     | Dir | Bits|  Protocol  |  Source Object |    C Type    |
+-------------------+-----+-----+------------+----------------+--------------+
|ap_clk             |   in|    1|  ap_ctrl_hs|  dut_Pipeline_3|  return value|
|ap_rst             |   in|    1|  ap_ctrl_hs|  dut_Pipeline_3|  return value|
|ap_start           |   in|    1|  ap_ctrl_hs|  dut_Pipeline_3|  return value|
|ap_done            |  out|    1|  ap_ctrl_hs|  dut_Pipeline_3|  return value|
|ap_idle            |  out|    1|  ap_ctrl_hs|  dut_Pipeline_3|  return value|
|ap_ready           |  out|    1|  ap_ctrl_hs|  dut_Pipeline_3|  return value|
|double_1_address0  |  out|   13|   ap_memory|        double_1|         array|
|double_1_ce0       |  out|    1|   ap_memory|        double_1|         array|
|double_1_we0       |  out|    1|   ap_memory|        double_1|         array|
|double_1_d0        |  out|    8|   ap_memory|        double_1|         array|
+-------------------+-----+-----+------------+----------------+--------------+

