

================================================================
== Vitis HLS Report for 'dpu_func_Pipeline_FUNC_ADD_LOOP1'
================================================================
* Date:           Thu Dec 29 15:56:48 2022

* Version:        2022.1 (Build 3526262 on Mon Apr 18 15:48:16 MDT 2022)
* Project:        HLS_final_vitis
* Solution:       solution5 (Vivado IP Flow Target)
* Product family: virtexuplus
* Target device:  xcvu11p-flga2577-1-e


================================================================
== Performance Estimates
================================================================
+ Timing: 
    * Summary: 
    +--------+----------+----------+------------+
    |  Clock |  Target  | Estimated| Uncertainty|
    +--------+----------+----------+------------+
    |ap_clk  |  10.00 ns|  7.121 ns|     2.70 ns|
    +--------+----------+----------+------------+

+ Latency: 
    * Summary: 
    +---------+---------+----------+----------+-----+-----+---------+
    |  Latency (cycles) |  Latency (absolute) |  Interval | Pipeline|
    |   min   |   max   |    min   |    max   | min | max |   Type  |
    +---------+---------+----------+----------+-----+-----+---------+
    |       13|       15|  0.130 us|  0.150 us|   13|   15|       no|
    +---------+---------+----------+----------+-----+-----+---------+

    + Detail: 
        * Instance: 
        N/A

        * Loop: 
        +------------------+---------+---------+----------+-----------+-----------+-------+----------+
        |                  |  Latency (cycles) | Iteration|  Initiation Interval  |  Trip |          |
        |     Loop Name    |   min   |   max   |  Latency |  achieved |   target  | Count | Pipelined|
        +------------------+---------+---------+----------+-----------+-----------+-------+----------+
        |- FUNC_ADD_LOOP1  |       11|       13|         4|          2|          1|  5 ~ 6|       yes|
        +------------------+---------+---------+----------+-----------+-----------+-------+----------+

============================================================
+ Verbose Summary: Synthesis Manager
============================================================
InlineROM: 1
ExposeGlobal: 0
============================================================
+ Verbose Summary: CDFG Model
============================================================
IsTopModel: 0
ResetActiveHigh: 1
IsCombinational: 0
IsDatapathOnly: 0
HasWiredReturn: 1
HasMFsm: 2
HasVarLatency: 1
IsPipeline: 0
IsRtlPipelined: 0
IsInstanceOverlapped: 0
IsDontTouch: 0
HasImplIP: 0
IsGatedGlobalClock: 0

+ Individual pipeline summary: 
  * Pipeline-0: initiation interval (II) = 2, depth = 4


============================================================
+ Verbose Summary: Schedule
============================================================
* Number of FSM states : 4
* Pipeline : 1
  Pipeline-0 : II = 2, D = 4, States = { 1 2 3 4 }
* Dataflow Pipeline: 0

* FSM state transitions: 
1 --> 2 
2 --> 3 
3 --> 4 
4 --> 

* FSM state operations: 

State 1 <SV = 0> <Delay = 2.16>
ST_1 : Operation 7 [1/1] (0.00ns)   --->   "%i_35 = alloca i32 1"   --->   Operation 7 'alloca' 'i_35' <Predicate = true> <Delay = 0.00>
ST_1 : Operation 8 [1/1] (0.00ns)   --->   "%this_p4_0 = alloca i32 1"   --->   Operation 8 'alloca' 'this_p4_0' <Predicate = true> <Delay = 0.00>
ST_1 : Operation 9 [1/1] (0.00ns)   --->   "%this_p3_0 = alloca i32 1"   --->   Operation 9 'alloca' 'this_p3_0' <Predicate = true> <Delay = 0.00>
ST_1 : Operation 10 [1/1] (0.00ns)   --->   "%this_p2_0 = alloca i32 1"   --->   Operation 10 'alloca' 'this_p2_0' <Predicate = true> <Delay = 0.00>
ST_1 : Operation 11 [1/1] (0.00ns)   --->   "%this_p1_0 = alloca i32 1"   --->   Operation 11 'alloca' 'this_p1_0' <Predicate = true> <Delay = 0.00>
ST_1 : Operation 12 [1/1] (0.00ns)   --->   "%specbramwithbyteenable_ln0 = specbramwithbyteenable void @_ssdm_op_SpecBRAMWithByteEnable, i8192 %this_pMem"   --->   Operation 12 'specbramwithbyteenable' 'specbramwithbyteenable_ln0' <Predicate = true> <Delay = 0.00>
ST_1 : Operation 13 [1/1] (0.00ns)   --->   "%addr3_cast_cast_read = read i6 @_ssdm_op_Read.ap_auto.i6, i6 %addr3_cast_cast"   --->   Operation 13 'read' 'addr3_cast_cast_read' <Predicate = true> <Delay = 0.00>
ST_1 : Operation 14 [1/1] (0.00ns)   --->   "%addr2_cast_cast_read = read i6 @_ssdm_op_Read.ap_auto.i6, i6 %addr2_cast_cast"   --->   Operation 14 'read' 'addr2_cast_cast_read' <Predicate = true> <Delay = 0.00>
ST_1 : Operation 15 [1/1] (0.00ns)   --->   "%addr1_read = read i8 @_ssdm_op_Read.ap_auto.i8, i8 %addr1"   --->   Operation 15 'read' 'addr1_read' <Predicate = true> <Delay = 0.00>
ST_1 : Operation 16 [1/1] (0.00ns)   --->   "%itr_cast_read = read i3 @_ssdm_op_Read.ap_auto.i3, i3 %itr_cast"   --->   Operation 16 'read' 'itr_cast_read' <Predicate = true> <Delay = 0.00>
ST_1 : Operation 17 [1/1] (0.00ns)   --->   "%p_read37 = read i8192 @_ssdm_op_Read.ap_auto.i8192, i8192 %p_read3"   --->   Operation 17 'read' 'p_read37' <Predicate = true> <Delay = 0.00>
ST_1 : Operation 18 [1/1] (0.00ns)   --->   "%p_read26 = read i8192 @_ssdm_op_Read.ap_auto.i8192, i8192 %p_read2"   --->   Operation 18 'read' 'p_read26' <Predicate = true> <Delay = 0.00>
ST_1 : Operation 19 [1/1] (0.00ns)   --->   "%p_read15 = read i8192 @_ssdm_op_Read.ap_auto.i8192, i8192 %p_read1"   --->   Operation 19 'read' 'p_read15' <Predicate = true> <Delay = 0.00>
ST_1 : Operation 20 [1/1] (0.00ns)   --->   "%p_read_14 = read i8192 @_ssdm_op_Read.ap_auto.i8192, i8192 %p_read"   --->   Operation 20 'read' 'p_read_14' <Predicate = true> <Delay = 0.00>
ST_1 : Operation 21 [1/1] (0.00ns)   --->   "%addr3_cast_cast_cast = zext i6 %addr3_cast_cast_read"   --->   Operation 21 'zext' 'addr3_cast_cast_cast' <Predicate = true> <Delay = 0.00>
ST_1 : Operation 22 [1/1] (0.00ns)   --->   "%addr2_cast_cast_cast = zext i6 %addr2_cast_cast_read"   --->   Operation 22 'zext' 'addr2_cast_cast_cast' <Predicate = true> <Delay = 0.00>
ST_1 : Operation 23 [1/1] (0.00ns)   --->   "%specmemcore_ln0 = specmemcore void @_ssdm_op_SpecMemCore, i8192 %this_pMem, i64 666, i64 210, i64 18446744073709551615"   --->   Operation 23 'specmemcore' 'specmemcore_ln0' <Predicate = true> <Delay = 0.00>
ST_1 : Operation 24 [1/1] (0.46ns)   --->   "%store_ln0 = store i8192 %p_read_14, i8192 %this_p1_0"   --->   Operation 24 'store' 'store_ln0' <Predicate = true> <Delay = 0.46>
ST_1 : Operation 25 [1/1] (0.46ns)   --->   "%store_ln0 = store i8192 %p_read15, i8192 %this_p2_0"   --->   Operation 25 'store' 'store_ln0' <Predicate = true> <Delay = 0.46>
ST_1 : Operation 26 [1/1] (0.46ns)   --->   "%store_ln0 = store i8192 %p_read26, i8192 %this_p3_0"   --->   Operation 26 'store' 'store_ln0' <Predicate = true> <Delay = 0.46>
ST_1 : Operation 27 [1/1] (0.46ns)   --->   "%store_ln0 = store i8192 %p_read37, i8192 %this_p4_0"   --->   Operation 27 'store' 'store_ln0' <Predicate = true> <Delay = 0.46>
ST_1 : Operation 28 [1/1] (0.46ns)   --->   "%store_ln0 = store i3 0, i3 %i_35"   --->   Operation 28 'store' 'store_ln0' <Predicate = true> <Delay = 0.46>
ST_1 : Operation 29 [1/1] (0.00ns)   --->   "%br_ln0 = br void %for.body.i60"   --->   Operation 29 'br' 'br_ln0' <Predicate = true> <Delay = 0.00>
ST_1 : Operation 30 [1/1] (0.00ns)   --->   "%i = load i3 %i_35" [HLS_Final_vitis_src/dpu.cpp:144]   --->   Operation 30 'load' 'i' <Predicate = true> <Delay = 0.00>
ST_1 : Operation 31 [1/1] (0.00ns)   --->   "%specpipeline_ln0 = specpipeline void @_ssdm_op_SpecPipeline, i32 4294967295, i32 0, i32 1, i32 0, void @p_str"   --->   Operation 31 'specpipeline' 'specpipeline_ln0' <Predicate = true> <Delay = 0.00>
ST_1 : Operation 32 [1/1] (0.56ns)   --->   "%icmp_ln144 = icmp_eq  i3 %i, i3 %itr_cast_read" [HLS_Final_vitis_src/dpu.cpp:144]   --->   Operation 32 'icmp' 'icmp_ln144' <Predicate = true> <Delay = 0.56> <CoreInst = "Cmp">   --->   Core 9 'Cmp' <Latency = 0> <II = 1> <Delay = 0.56> <FuncUnit> <Opcode : 'icmp'> <InPorts = 2> <OutPorts = 1>
ST_1 : Operation 33 [1/1] (0.00ns)   --->   "%speclooptripcount_ln0 = speclooptripcount void @_ssdm_op_SpecLoopTripCount, i64 5, i64 6, i64 0"   --->   Operation 33 'speclooptripcount' 'speclooptripcount_ln0' <Predicate = true> <Delay = 0.00>
ST_1 : Operation 34 [1/1] (0.71ns)   --->   "%i_72 = add i3 %i, i3 1" [HLS_Final_vitis_src/dpu.cpp:144]   --->   Operation 34 'add' 'i_72' <Predicate = true> <Delay = 0.71> <CoreInst = "Adder">   --->   Core 1 'Adder' <Latency = 0> <II = 1> <Delay = 0.71> <FuncUnit> <Opcode : 'add' 'sub'> <InPorts = 2> <OutPorts = 1>
ST_1 : Operation 35 [1/1] (0.00ns)   --->   "%br_ln144 = br i1 %icmp_ln144, void %for.body.i60.split, void %if.end462.loopexit14.exitStub" [HLS_Final_vitis_src/dpu.cpp:144]   --->   Operation 35 'br' 'br_ln144' <Predicate = true> <Delay = 0.00>
ST_1 : Operation 36 [1/1] (0.00ns)   --->   "%zext_ln146 = zext i3 %i" [HLS_Final_vitis_src/dpu.cpp:146]   --->   Operation 36 'zext' 'zext_ln146' <Predicate = (!icmp_ln144)> <Delay = 0.00>
ST_1 : Operation 37 [1/1] (0.00ns)   --->   "%zext_ln146_1 = zext i3 %i" [HLS_Final_vitis_src/dpu.cpp:146]   --->   Operation 37 'zext' 'zext_ln146_1' <Predicate = (!icmp_ln144)> <Delay = 0.00>
ST_1 : Operation 38 [1/1] (0.87ns)   --->   "%add_ln146 = add i8 %zext_ln146, i8 %addr1_read" [HLS_Final_vitis_src/dpu.cpp:146]   --->   Operation 38 'add' 'add_ln146' <Predicate = (!icmp_ln144)> <Delay = 0.87> <CoreInst = "Adder">   --->   Core 1 'Adder' <Latency = 0> <II = 1> <Delay = 0.87> <FuncUnit> <Opcode : 'add' 'sub'> <InPorts = 2> <OutPorts = 1>
ST_1 : Operation 39 [1/1] (0.00ns)   --->   "%idxprom_i = zext i8 %add_ln146" [HLS_Final_vitis_src/dpu.cpp:146]   --->   Operation 39 'zext' 'idxprom_i' <Predicate = (!icmp_ln144)> <Delay = 0.00>
ST_1 : Operation 40 [1/1] (0.00ns)   --->   "%this_pMem_addr_7 = getelementptr i8192 %this_pMem, i64 0, i64 %idxprom_i" [HLS_Final_vitis_src/dpu.cpp:62]   --->   Operation 40 'getelementptr' 'this_pMem_addr_7' <Predicate = (!icmp_ln144)> <Delay = 0.00>
ST_1 : Operation 41 [2/2] (1.29ns)   --->   "%this_pMem_load = load i8 %this_pMem_addr_7" [HLS_Final_vitis_src/dpu.cpp:62]   --->   Operation 41 'load' 'this_pMem_load' <Predicate = (!icmp_ln144)> <Delay = 1.29> <CoreInst = "RAM_T2P_BRAM">   --->   Core 99 'RAM_T2P_BRAM' <Latency = 1> <II = 1> <Delay = 1.29> <Storage> <Opcode : 'load' 'store'> <Ports = 2> <Width = 8192> <Depth = 158> <RAM>
ST_1 : Operation 42 [1/1] (0.84ns)   --->   "%add_ln147 = add i7 %zext_ln146_1, i7 %addr2_cast_cast_cast" [HLS_Final_vitis_src/dpu.cpp:147]   --->   Operation 42 'add' 'add_ln147' <Predicate = (!icmp_ln144)> <Delay = 0.84> <CoreInst = "Adder">   --->   Core 1 'Adder' <Latency = 0> <II = 1> <Delay = 0.84> <FuncUnit> <Opcode : 'add' 'sub'> <InPorts = 2> <OutPorts = 1>
ST_1 : Operation 43 [1/1] (0.00ns)   --->   "%idxprom_i13 = zext i7 %add_ln147" [HLS_Final_vitis_src/dpu.cpp:147]   --->   Operation 43 'zext' 'idxprom_i13' <Predicate = (!icmp_ln144)> <Delay = 0.00>
ST_1 : Operation 44 [1/1] (0.00ns)   --->   "%this_pMem_addr_8 = getelementptr i8192 %this_pMem, i64 0, i64 %idxprom_i13" [HLS_Final_vitis_src/dpu.cpp:70]   --->   Operation 44 'getelementptr' 'this_pMem_addr_8' <Predicate = (!icmp_ln144)> <Delay = 0.00>
ST_1 : Operation 45 [2/2] (1.29ns)   --->   "%this_pMem_load_1 = load i8 %this_pMem_addr_8" [HLS_Final_vitis_src/dpu.cpp:70]   --->   Operation 45 'load' 'this_pMem_load_1' <Predicate = (!icmp_ln144)> <Delay = 1.29> <CoreInst = "RAM_T2P_BRAM">   --->   Core 99 'RAM_T2P_BRAM' <Latency = 1> <II = 1> <Delay = 1.29> <Storage> <Opcode : 'load' 'store'> <Ports = 2> <Width = 8192> <Depth = 158> <RAM>
ST_1 : Operation 46 [1/1] (0.84ns)   --->   "%add_ln149 = add i7 %zext_ln146_1, i7 %addr3_cast_cast_cast" [HLS_Final_vitis_src/dpu.cpp:149]   --->   Operation 46 'add' 'add_ln149' <Predicate = (!icmp_ln144)> <Delay = 0.84> <CoreInst = "Adder">   --->   Core 1 'Adder' <Latency = 0> <II = 1> <Delay = 0.84> <FuncUnit> <Opcode : 'add' 'sub'> <InPorts = 2> <OutPorts = 1>
ST_1 : Operation 47 [1/1] (0.46ns)   --->   "%store_ln144 = store i3 %i_72, i3 %i_35" [HLS_Final_vitis_src/dpu.cpp:144]   --->   Operation 47 'store' 'store_ln144' <Predicate = (!icmp_ln144)> <Delay = 0.46>

State 2 <SV = 1> <Delay = 7.12>
ST_2 : Operation 48 [1/1] (0.00ns)   --->   "%this_p4_0_load_1 = load i8192 %this_p4_0" [HLS_Final_vitis_src/dpu.cpp:148]   --->   Operation 48 'load' 'this_p4_0_load_1' <Predicate = (!icmp_ln144)> <Delay = 0.00>
ST_2 : Operation 49 [1/1] (0.00ns)   --->   "%this_p3_0_load_1 = load i8192 %this_p3_0" [HLS_Final_vitis_src/dpu.cpp:148]   --->   Operation 49 'load' 'this_p3_0_load_1' <Predicate = (!icmp_ln144)> <Delay = 0.00>
ST_2 : Operation 50 [1/2] (1.29ns)   --->   "%this_pMem_load = load i8 %this_pMem_addr_7" [HLS_Final_vitis_src/dpu.cpp:62]   --->   Operation 50 'load' 'this_pMem_load' <Predicate = (!icmp_ln144)> <Delay = 1.29> <CoreInst = "RAM_T2P_BRAM">   --->   Core 99 'RAM_T2P_BRAM' <Latency = 1> <II = 1> <Delay = 1.29> <Storage> <Opcode : 'load' 'store'> <Ports = 2> <Width = 8192> <Depth = 158> <RAM>
ST_2 : Operation 51 [1/2] (1.29ns)   --->   "%this_pMem_load_1 = load i8 %this_pMem_addr_8" [HLS_Final_vitis_src/dpu.cpp:70]   --->   Operation 51 'load' 'this_pMem_load_1' <Predicate = (!icmp_ln144)> <Delay = 1.29> <CoreInst = "RAM_T2P_BRAM">   --->   Core 99 'RAM_T2P_BRAM' <Latency = 1> <II = 1> <Delay = 1.29> <Storage> <Opcode : 'load' 'store'> <Ports = 2> <Width = 8192> <Depth = 158> <RAM>
ST_2 : Operation 52 [2/2] (5.82ns)   --->   "%call_ret8 = call i16384 @dpu_unit, i8192 %this_pMem_load, i8192 %this_pMem_load_1, i8192 %this_p3_0_load_1, i8192 %this_p4_0_load_1, i8 0" [HLS_Final_vitis_src/dpu.cpp:148]   --->   Operation 52 'call' 'call_ret8' <Predicate = (!icmp_ln144)> <Delay = 5.82> <CoreType = "Generic">   --->   Core 0 '' <Latency = 0> <II = 1> <Delay = 1.00> <Generic> <Opcode : >
ST_2 : Operation 53 [1/1] (0.46ns)   --->   "%store_ln144 = store i8192 %this_pMem_load, i8192 %this_p1_0" [HLS_Final_vitis_src/dpu.cpp:144]   --->   Operation 53 'store' 'store_ln144' <Predicate = (!icmp_ln144)> <Delay = 0.46>
ST_2 : Operation 54 [1/1] (0.46ns)   --->   "%store_ln144 = store i8192 %this_pMem_load_1, i8192 %this_p2_0" [HLS_Final_vitis_src/dpu.cpp:144]   --->   Operation 54 'store' 'store_ln144' <Predicate = (!icmp_ln144)> <Delay = 0.46>
ST_2 : Operation 65 [1/1] (0.00ns)   --->   "%this_p4_0_load = load i8192 %this_p4_0"   --->   Operation 65 'load' 'this_p4_0_load' <Predicate = (icmp_ln144)> <Delay = 0.00>
ST_2 : Operation 66 [1/1] (0.00ns)   --->   "%this_p3_0_load = load i8192 %this_p3_0"   --->   Operation 66 'load' 'this_p3_0_load' <Predicate = (icmp_ln144)> <Delay = 0.00>
ST_2 : Operation 67 [1/1] (0.00ns)   --->   "%this_p2_0_load = load i8192 %this_p2_0"   --->   Operation 67 'load' 'this_p2_0_load' <Predicate = (icmp_ln144)> <Delay = 0.00>
ST_2 : Operation 68 [1/1] (0.00ns)   --->   "%this_p1_0_load = load i8192 %this_p1_0"   --->   Operation 68 'load' 'this_p1_0_load' <Predicate = (icmp_ln144)> <Delay = 0.00>
ST_2 : Operation 69 [1/1] (0.00ns)   --->   "%write_ln0 = write void @_ssdm_op_Write.ap_auto.i8192P0A, i8192 %this_p1_0_out, i8192 %this_p1_0_load"   --->   Operation 69 'write' 'write_ln0' <Predicate = (icmp_ln144)> <Delay = 0.00>
ST_2 : Operation 70 [1/1] (0.00ns)   --->   "%write_ln0 = write void @_ssdm_op_Write.ap_auto.i8192P0A, i8192 %this_p2_0_out, i8192 %this_p2_0_load"   --->   Operation 70 'write' 'write_ln0' <Predicate = (icmp_ln144)> <Delay = 0.00>
ST_2 : Operation 71 [1/1] (0.00ns)   --->   "%write_ln0 = write void @_ssdm_op_Write.ap_auto.i8192P0A, i8192 %this_p3_0_out, i8192 %this_p3_0_load"   --->   Operation 71 'write' 'write_ln0' <Predicate = (icmp_ln144)> <Delay = 0.00>
ST_2 : Operation 72 [1/1] (0.00ns)   --->   "%write_ln0 = write void @_ssdm_op_Write.ap_auto.i8192P0A, i8192 %this_p4_0_out, i8192 %this_p4_0_load"   --->   Operation 72 'write' 'write_ln0' <Predicate = (icmp_ln144)> <Delay = 0.00>
ST_2 : Operation 73 [1/1] (0.00ns)   --->   "%ret_ln0 = ret"   --->   Operation 73 'ret' 'ret_ln0' <Predicate = (icmp_ln144)> <Delay = 0.00>

State 3 <SV = 2> <Delay = 6.91>
ST_3 : Operation 55 [1/2] (6.91ns)   --->   "%call_ret8 = call i16384 @dpu_unit, i8192 %this_pMem_load, i8192 %this_pMem_load_1, i8192 %this_p3_0_load_1, i8192 %this_p4_0_load_1, i8 0" [HLS_Final_vitis_src/dpu.cpp:148]   --->   Operation 55 'call' 'call_ret8' <Predicate = true> <Delay = 6.91> <CoreType = "Generic">   --->   Core 0 '' <Latency = 0> <II = 1> <Delay = 1.00> <Generic> <Opcode : >
ST_3 : Operation 56 [1/1] (0.00ns)   --->   "%this_p3_ret1 = extractvalue i16384 %call_ret8" [HLS_Final_vitis_src/dpu.cpp:148]   --->   Operation 56 'extractvalue' 'this_p3_ret1' <Predicate = true> <Delay = 0.00>
ST_3 : Operation 57 [1/1] (0.00ns)   --->   "%this_p4_ret1 = extractvalue i16384 %call_ret8" [HLS_Final_vitis_src/dpu.cpp:148]   --->   Operation 57 'extractvalue' 'this_p4_ret1' <Predicate = true> <Delay = 0.00>

State 4 <SV = 3> <Delay = 1.29>
ST_4 : Operation 58 [1/1] (0.00ns)   --->   "%specloopname_ln144 = specloopname void @_ssdm_op_SpecLoopName, void @empty_31" [HLS_Final_vitis_src/dpu.cpp:144]   --->   Operation 58 'specloopname' 'specloopname_ln144' <Predicate = true> <Delay = 0.00>
ST_4 : Operation 59 [1/1] (0.00ns)   --->   "%idxprom2_i57 = zext i7 %add_ln149" [HLS_Final_vitis_src/dpu.cpp:149]   --->   Operation 59 'zext' 'idxprom2_i57' <Predicate = true> <Delay = 0.00>
ST_4 : Operation 60 [1/1] (0.00ns)   --->   "%this_pMem_addr_9 = getelementptr i8192 %this_pMem, i64 0, i64 %idxprom2_i57" [HLS_Final_vitis_src/dpu.cpp:82]   --->   Operation 60 'getelementptr' 'this_pMem_addr_9' <Predicate = true> <Delay = 0.00>
ST_4 : Operation 61 [1/1] (1.29ns)   --->   "%store_ln82 = store void @_ssdm_op_Write.bram.i8192, i8 %this_pMem_addr_9, i8192 %this_p3_ret1, i1024 179769313486231590772930519078902473361797697894230657273430081157732675805500963132708477322407536021120113879871393357658789768814416622492847430639474124377767893424865485276302219601246094119453082952085005768838150682342462881473913110540827237163350510684586298239947245938479716304835356329624224137215" [HLS_Final_vitis_src/dpu.cpp:82]   --->   Operation 61 'store' 'store_ln82' <Predicate = true> <Delay = 1.29> <CoreInst = "RAM_T2P_BRAM">   --->   Core 99 'RAM_T2P_BRAM' <Latency = 1> <II = 1> <Delay = 1.29> <Storage> <Opcode : 'load' 'store'> <Ports = 2> <Width = 8192> <Depth = 158> <RAM>
ST_4 : Operation 62 [1/1] (0.46ns)   --->   "%store_ln144 = store i8192 %this_p3_ret1, i8192 %this_p3_0" [HLS_Final_vitis_src/dpu.cpp:144]   --->   Operation 62 'store' 'store_ln144' <Predicate = true> <Delay = 0.46>
ST_4 : Operation 63 [1/1] (0.46ns)   --->   "%store_ln144 = store i8192 %this_p4_ret1, i8192 %this_p4_0" [HLS_Final_vitis_src/dpu.cpp:144]   --->   Operation 63 'store' 'store_ln144' <Predicate = true> <Delay = 0.46>
ST_4 : Operation 64 [1/1] (0.00ns)   --->   "%br_ln144 = br void %for.body.i60" [HLS_Final_vitis_src/dpu.cpp:144]   --->   Operation 64 'br' 'br_ln144' <Predicate = true> <Delay = 0.00>


============================================================
+ Verbose Summary: Timing violations
============================================================
Target clock period: 10ns, clock uncertainty: 2.7ns.

 <State 1>: 2.17ns
The critical path consists of the following:
	'alloca' operation ('i') [14]  (0 ns)
	'load' operation ('i', HLS_Final_vitis_src/dpu.cpp:144) on local variable 'i' [38]  (0 ns)
	'add' operation ('addr', HLS_Final_vitis_src/dpu.cpp:146) [50]  (0.871 ns)
	'getelementptr' operation ('this_pMem_addr_7', HLS_Final_vitis_src/dpu.cpp:62) [52]  (0 ns)
	'load' operation ('this_pMem_load', HLS_Final_vitis_src/dpu.cpp:62) on array 'this_pMem' [53]  (1.3 ns)

 <State 2>: 7.12ns
The critical path consists of the following:
	'load' operation ('this_pMem_load', HLS_Final_vitis_src/dpu.cpp:62) on array 'this_pMem' [53]  (1.3 ns)
	'call' operation ('call_ret8', HLS_Final_vitis_src/dpu.cpp:148) to 'dpu_unit' [58]  (5.82 ns)

 <State 3>: 6.91ns
The critical path consists of the following:
	'call' operation ('call_ret8', HLS_Final_vitis_src/dpu.cpp:148) to 'dpu_unit' [58]  (6.91 ns)

 <State 4>: 1.3ns
The critical path consists of the following:
	'getelementptr' operation ('this_pMem_addr_9', HLS_Final_vitis_src/dpu.cpp:82) [63]  (0 ns)
	'store' operation ('store_ln82', HLS_Final_vitis_src/dpu.cpp:82) of constant <constant:_ssdm_op_Write.bram.i8192> on array 'this_pMem' [64]  (1.3 ns)


============================================================
+ Verbose Summary: Binding
============================================================
N/A
* FSMD analyzer results:
  - Output states:
 - Input state : 
  - Chain level:
	State 1
	State 2
	State 3
	State 4


============================================================
+ Verbose Summary: Datapath Resource usage 
============================================================
N/A
