

================================================================
== Vitis HLS Report for 'sample_eta'
================================================================
* Date:           Thu Dec 29 16:02:31 2022

* Version:        2022.1 (Build 3526262 on Mon Apr 18 15:48:16 MDT 2022)
* Project:        HLS_final_vitis
* Solution:       solution5 (Vivado IP Flow Target)
* Product family: virtexuplus
* Target device:  xcvu11p-flga2577-1-e


================================================================
== Performance Estimates
================================================================
+ Timing: 
    * Summary: 
    +--------+----------+----------+------------+
    |  Clock |  Target  | Estimated| Uncertainty|
    +--------+----------+----------+------------+
    |ap_clk  |  10.00 ns|  5.054 ns|     2.70 ns|
    +--------+----------+----------+------------+

+ Latency: 
    * Summary: 
    +---------+---------+----------+----------+-----+-----+---------+
    |  Latency (cycles) |  Latency (absolute) |  Interval | Pipeline|
    |   min   |   max   |    min   |    max   | min | max |   Type  |
    +---------+---------+----------+----------+-----+-----+---------+
    |        ?|        ?|         ?|         ?|    ?|    ?|       no|
    +---------+---------+----------+----------+-----+-----+---------+

    + Detail: 
        * Instance: 
        +-------------------------------------------------+--------------------------------------+---------+---------+-----------+----------+-----+-----+---------+
        |                                                 |                                      |  Latency (cycles) |  Latency (absolute)  |  Interval | Pipeline|
        |                     Instance                    |                Module                |   min   |   max   |    min    |    max   | min | max |   Type  |
        +-------------------------------------------------+--------------------------------------+---------+---------+-----------+----------+-----+-----+---------+
        |grp_shake_absorb_1_fu_159                        |shake_absorb_1                        |        ?|        ?|          ?|         ?|    ?|    ?|       no|
        |grp_shake_absorb_fu_173                          |shake_absorb                          |        ?|        ?|          ?|         ?|    ?|    ?|       no|
        |grp_KeccakF1600_StatePermute_fu_185              |KeccakF1600_StatePermute              |       50|       50|   0.500 us|  0.500 us|   50|   50|       no|
        |grp_sample_eta_Pipeline_VITIS_LOOP_417_2_fu_193  |sample_eta_Pipeline_VITIS_LOOP_417_2  |       86|       86|   0.860 us|  0.860 us|   86|   86|       no|
        |grp_sample_eta_Pipeline_VITIS_LOOP_533_2_fu_200  |sample_eta_Pipeline_VITIS_LOOP_533_2  |        4|      341|  40.000 ns|  3.410 us|    4|  341|       no|
        +-------------------------------------------------+--------------------------------------+---------+---------+-----------+----------+-----+-----+---------+

        * Loop: 
        +--------------------+---------+---------+-----------+-----------+-----------+-------+----------+
        |                    |  Latency (cycles) | Iteration |  Initiation Interval  |  Trip |          |
        |      Loop Name     |   min   |   max   |  Latency  |  achieved |   target  | Count | Pipelined|
        +--------------------+---------+---------+-----------+-----------+-----------+-------+----------+
        |- VITIS_LOOP_321_1  |       25|       25|          1|          -|          -|     25|        no|
        |- VITIS_LOOP_530_1  |        0|      968|  147 ~ 484|          -|          -|  0 ~ 2|        no|
        +--------------------+---------+---------+-----------+-----------+-----------+-------+----------+



================================================================
== Utilization Estimates
================================================================
* Summary: 
+---------------------+---------+------+---------+---------+-----+
|         Name        | BRAM_18K|  DSP |    FF   |   LUT   | URAM|
+---------------------+---------+------+---------+---------+-----+
|DSP                  |        -|     -|        -|        -|    -|
|Expression           |        -|     -|        0|     4475|    -|
|FIFO                 |        -|     -|        -|        -|    -|
|Instance             |        6|     -|    39387|    97365|    0|
|Memory               |        1|     -|        0|        0|    0|
|Multiplexer          |        -|     -|        -|      391|    -|
|Register             |        -|     -|    32895|        -|    -|
+---------------------+---------+------+---------+---------+-----+
|Total                |        7|     0|    72282|   102231|    0|
+---------------------+---------+------+---------+---------+-----+
|Available SLR        |     1344|  3072|   864000|   432000|  320|
+---------------------+---------+------+---------+---------+-----+
|Utilization SLR (%)  |       ~0|     0|        8|       23|    0|
+---------------------+---------+------+---------+---------+-----+
|Available            |     4032|  9216|  2592000|  1296000|  960|
+---------------------+---------+------+---------+---------+-----+
|Utilization (%)      |       ~0|     0|        2|        7|    0|
+---------------------+---------+------+---------+---------+-----+

+ Detail: 
    * Instance: 
    +-------------------------------------------------+--------------------------------------+---------+----+-------+-------+-----+
    |                     Instance                    |                Module                | BRAM_18K| DSP|   FF  |  LUT  | URAM|
    +-------------------------------------------------+--------------------------------------+---------+----+-------+-------+-----+
    |grp_KeccakF1600_StatePermute_fu_185              |KeccakF1600_StatePermute              |        2|   0|   1633|  16899|    0|
    |grp_sample_eta_Pipeline_VITIS_LOOP_417_2_fu_193  |sample_eta_Pipeline_VITIS_LOOP_417_2  |        0|   0|     71|    263|    0|
    |grp_sample_eta_Pipeline_VITIS_LOOP_533_2_fu_200  |sample_eta_Pipeline_VITIS_LOOP_533_2  |        0|   0|  32873|  41800|    0|
    |grp_shake_absorb_fu_173                          |shake_absorb                          |        2|   0|   2502|  19539|    0|
    |grp_shake_absorb_1_fu_159                        |shake_absorb_1                        |        2|   0|   2308|  18864|    0|
    +-------------------------------------------------+--------------------------------------+---------+----+-------+-------+-----+
    |Total                                            |                                      |        6|   0|  39387|  97365|    0|
    +-------------------------------------------------+--------------------------------------+---------+----+-------+-------+-----+

    * DSP: 
    N/A

    * Memory: 
    +-------+------------------------------+---------+---+----+-----+------+-----+------+-------------+
    | Memory|            Module            | BRAM_18K| FF| LUT| URAM| Words| Bits| Banks| W*Bits*Banks|
    +-------+------------------------------+---------+---+----+-----+------+-----+------+-------------+
    |buf_U  |sample_eta_buf_RAM_AUTO_1R1W  |        1|  0|   0|    0|   168|    8|     1|         1344|
    +-------+------------------------------+---------+---+----+-----+------+-----+------+-------------+
    |Total  |                              |        1|  0|   0|    0|   168|    8|     1|         1344|
    +-------+------------------------------+---------+---+----+-----+------+-----+------+-------------+

    * FIFO: 
    N/A

    * Expression: 
    +------------------------+----------+----+---+------+------------+------------+
    |      Variable Name     | Operation| DSP| FF|  LUT | Bitwidth P0| Bitwidth P1|
    +------------------------+----------+----+---+------+------------+------------+
    |add_ln321_fu_233_p2     |         +|   0|  0|    12|           5|           1|
    |icmp_ln321_fu_227_p2    |      icmp|   0|  0|     9|           5|           4|
    |icmp_ln530_fu_319_p2    |      icmp|   0|  0|    16|          24|           1|
    |ctr_7_fu_341_p3         |    select|   0|  0|    32|           1|          32|
    |select_ln533_fu_334_p3  |    select|   0|  0|  4095|           1|        8192|
    |shl_ln402_fu_282_p2     |       shl|   0|  0|   182|           5|          64|
    |xor_ln402_fu_288_p2     |       xor|   0|  0|    64|          64|          64|
    |xor_ln403_fu_295_p2     |       xor|   0|  0|    65|          64|          65|
    +------------------------+----------+----+---+------+------------+------------+
    |Total                   |          |   0|  0|  4475|         169|        8423|
    +------------------------+----------+----+---+------+------------+------------+

    * Multiplexer: 
    +-----------------+----+-----------+------+-----------+
    |       Name      | LUT| Input Size| Bits | Total Bits|
    +-----------------+----+-----------+------+-----------+
    |a_0_fu_112       |   9|          2|  8192|      16384|
    |ap_NS_fsm        |  81|         17|     1|         17|
    |buf_address0     |  14|          3|     8|         24|
    |buf_ce0          |  14|          3|     1|          3|
    |buf_ce1          |   9|          2|     1|          2|
    |buf_we0          |   9|          2|     1|          2|
    |buf_we1          |   9|          2|     1|          2|
    |ctr_fu_108       |   9|          2|    32|         64|
    |i_20_fu_88       |   9|          2|     5|         10|
    |this_s_address0  |  54|         10|     5|         50|
    |this_s_address1  |  20|          4|     5|         20|
    |this_s_ce0       |  31|          6|     1|          6|
    |this_s_ce1       |  20|          4|     1|          4|
    |this_s_d0        |  37|          7|    64|        448|
    |this_s_d1        |  20|          4|    64|        256|
    |this_s_we0       |  26|          5|     1|          5|
    |this_s_we1       |  20|          4|     1|          4|
    +-----------------+----+-----------+------+-----------+
    |Total            | 391|         79|  8384|      17301|
    +-----------------+----+-----------+------+-----------+

    * Register: 
    +--------------------------------------------------------------+------+----+------+-----------+
    |                             Name                             |  FF  | LUT| Bits | Const Bits|
    +--------------------------------------------------------------+------+----+------+-----------+
    |a_0_fu_112                                                    |  8192|   0|  8192|          0|
    |a_0_load_reg_443                                              |  8192|   0|  8192|          0|
    |a_1_loc_fu_100                                                |  8192|   0|  8192|          0|
    |ap_CS_fsm                                                     |    16|   0|    16|          0|
    |call_ret8_reg_415                                             |     8|   0|     8|          0|
    |call_ret_reg_410                                              |    10|   0|    10|          0|
    |ctr_1_loc_fu_96                                               |    32|   0|    32|          0|
    |ctr_fu_108                                                    |    32|   0|    32|          0|
    |grp_KeccakF1600_StatePermute_fu_185_ap_start_reg              |     1|   0|     1|          0|
    |grp_sample_eta_Pipeline_VITIS_LOOP_417_2_fu_193_ap_start_reg  |     1|   0|     1|          0|
    |grp_sample_eta_Pipeline_VITIS_LOOP_533_2_fu_200_ap_start_reg  |     1|   0|     1|          0|
    |grp_shake_absorb_1_fu_159_ap_start_reg                        |     1|   0|     1|          0|
    |grp_shake_absorb_fu_173_ap_start_reg                          |     1|   0|     1|          0|
    |i_20_fu_88                                                    |     5|   0|     5|          0|
    |i_reg_420                                                     |     5|   0|     5|          0|
    |select_ln538_loc_fu_92                                        |  8192|   0|  8192|          0|
    |targetBlock_reg_448                                           |     1|   0|     1|          0|
    |this_s_addr_reg_425                                           |     5|   0|     5|          0|
    |trunc_ln530_reg_435                                           |     8|   0|     8|          0|
    +--------------------------------------------------------------+------+----+------+-----------+
    |Total                                                         | 32895|   0| 32895|          0|
    +--------------------------------------------------------------+------+----+------+-----------+



================================================================
== Interface
================================================================
* Summary: 
+------------------+-----+------+------------+--------------+--------------+
|     RTL Ports    | Dir | Bits |  Protocol  | Source Object|    C Type    |
+------------------+-----+------+------------+--------------+--------------+
|ap_clk            |   in|     1|  ap_ctrl_hs|    sample_eta|  return value|
|ap_rst            |   in|     1|  ap_ctrl_hs|    sample_eta|  return value|
|ap_start          |   in|     1|  ap_ctrl_hs|    sample_eta|  return value|
|ap_done           |  out|     1|  ap_ctrl_hs|    sample_eta|  return value|
|ap_idle           |  out|     1|  ap_ctrl_hs|    sample_eta|  return value|
|ap_ready          |  out|     1|  ap_ctrl_hs|    sample_eta|  return value|
|ap_return         |  out|  8192|  ap_ctrl_hs|    sample_eta|  return value|
|this_s_address0   |  out|     5|   ap_memory|        this_s|         array|
|this_s_ce0        |  out|     1|   ap_memory|        this_s|         array|
|this_s_we0        |  out|     1|   ap_memory|        this_s|         array|
|this_s_d0         |  out|    64|   ap_memory|        this_s|         array|
|this_s_q0         |   in|    64|   ap_memory|        this_s|         array|
|this_s_address1   |  out|     5|   ap_memory|        this_s|         array|
|this_s_ce1        |  out|     1|   ap_memory|        this_s|         array|
|this_s_we1        |  out|     1|   ap_memory|        this_s|         array|
|this_s_d1         |  out|    64|   ap_memory|        this_s|         array|
|this_s_q1         |   in|    64|   ap_memory|        this_s|         array|
|p_read1           |   in|  8192|     ap_none|       p_read1|        scalar|
|seedbuf_address0  |  out|     7|   ap_memory|       seedbuf|         array|
|seedbuf_ce0       |  out|     1|   ap_memory|       seedbuf|         array|
|seedbuf_q0        |   in|     8|   ap_memory|       seedbuf|         array|
|seedbuf_address1  |  out|     7|   ap_memory|       seedbuf|         array|
|seedbuf_ce1       |  out|     1|   ap_memory|       seedbuf|         array|
|seedbuf_q1        |   in|     8|   ap_memory|       seedbuf|         array|
|nonce             |   in|     4|     ap_none|         nonce|        scalar|
+------------------+-----+------+------------+--------------+--------------+

