

================================================================
== Vivado HLS Report for 'fir'
================================================================
* Date:           Thu Oct 20 00:13:04 2022

* Version:        2020.1 (Build 2897737 on Wed May 27 20:21:37 MDT 2020)
* Project:        baseline
* Solution:       solution1
* Product family: zynq
* Target device:  xc7z020-clg400-1


================================================================
== Performance Estimates
================================================================
+ Timing: 
    * Summary: 
    +--------+----------+----------+------------+
    |  Clock |  Target  | Estimated| Uncertainty|
    +--------+----------+----------+------------+
    |ap_clk  | 10.00 ns | 8.510 ns |   1.25 ns  |
    +--------+----------+----------+------------+

+ Latency: 
    * Summary: 
    +---------+---------+----------+----------+-----+-----+---------+
    |  Latency (cycles) |  Latency (absolute) |  Interval | Pipeline|
    |   min   |   max   |    min   |    max   | min | max |   Type  |
    +---------+---------+----------+----------+-----+-----+---------+
    |       23|       45| 0.230 us | 0.450 us |   23|   45|   none  |
    +---------+---------+----------+----------+-----+-----+---------+

    + Detail: 
        * Instance: 
        N/A

        * Loop: 
        +--------------------+---------+---------+----------+-----------+-----------+------+----------+
        |                    |  Latency (cycles) | Iteration|  Initiation Interval  | Trip |          |
        |      Loop Name     |   min   |   max   |  Latency |  achieved |   target  | Count| Pipelined|
        +--------------------+---------+---------+----------+-----------+-----------+------+----------+
        |- Shift_Accum_Loop  |       22|       44|   2 ~ 4  |          -|          -|    11|    no    |
        +--------------------+---------+---------+----------+-----------+-----------+------+----------+



================================================================
== Utilization Estimates
================================================================
* Summary: 
+-----------------+---------+-------+--------+-------+-----+
|       Name      | BRAM_18K| DSP48E|   FF   |  LUT  | URAM|
+-----------------+---------+-------+--------+-------+-----+
|DSP              |        -|      -|       -|      -|    -|
|Expression       |        -|      4|       0|    105|    -|
|FIFO             |        -|      -|       -|      -|    -|
|Instance         |        -|      -|       -|      -|    -|
|Memory           |        0|      -|      74|      8|    0|
|Multiplexer      |        -|      -|       -|    120|    -|
|Register         |        -|      -|     213|      -|    -|
+-----------------+---------+-------+--------+-------+-----+
|Total            |        0|      4|     287|    233|    0|
+-----------------+---------+-------+--------+-------+-----+
|Available        |      280|    220|  106400|  53200|    0|
+-----------------+---------+-------+--------+-------+-----+
|Utilization (%)  |        0|      1|   ~0   |   ~0  |    0|
+-----------------+---------+-------+--------+-------+-----+

+ Detail: 
    * Instance: 
    N/A

    * DSP48E: 
    N/A

    * Memory: 
    +-------------+---------------+---------+----+----+-----+------+-----+------+-------------+
    |    Memory   |     Module    | BRAM_18K| FF | LUT| URAM| Words| Bits| Banks| W*Bits*Banks|
    +-------------+---------------+---------+----+----+-----+------+-----+------+-------------+
    |c1_U         |fir_c1         |        0|  10|   2|    0|    11|   10|     1|          110|
    |shift_reg_U  |fir_shift_reg  |        0|  64|   6|    0|    11|   32|     1|          352|
    +-------------+---------------+---------+----+----+-----+------+-----+------+-------------+
    |Total        |               |        0|  74|   8|    0|    22|   42|     2|          462|
    +-------------+---------------+---------+----+----+-----+------+-----+------+-------------+

    * FIFO: 
    N/A

    * Expression: 
    +---------------------+----------+-------+---+----+------------+------------+
    |    Variable Name    | Operation| DSP48E| FF| LUT| Bitwidth P0| Bitwidth P1|
    +---------------------+----------+-------+---+----+------------+------------+
    |mul_ln31_fu_134_p2   |     *    |      2|  0|  20|          32|           6|
    |mul_ln35_fu_171_p2   |     *    |      2|  0|  20|          32|          10|
    |acc_fu_176_p2        |     +    |      0|  0|  39|          32|          32|
    |grp_fu_127_p2        |     +    |      0|  0|  15|           5|           2|
    |icmp_ln30_fu_152_p2  |   icmp   |      0|  0|  11|           5|           1|
    +---------------------+----------+-------+---+----+------------+------------+
    |Total                |          |      4|  0| 105|         106|          51|
    +---------------------+----------+-------+---+----+------------+------------+

    * Multiplexer: 
    +-------------------------------+----+-----------+-----+-----------+
    |              Name             | LUT| Input Size| Bits| Total Bits|
    +-------------------------------+----+-----------+-----+-----------+
    |acc_0_reg_93                   |   9|          2|   32|         64|
    |ap_NS_fsm                      |  33|          6|    1|          6|
    |ap_phi_mux_p_pn_phi_fu_121_p4  |   9|          2|   32|         64|
    |grp_fu_127_p0                  |  15|          3|    5|         15|
    |i_0_reg_106                    |   9|          2|    5|         10|
    |p_pn_reg_118                   |   9|          2|   32|         64|
    |shift_reg_address0             |  21|          4|    4|         16|
    |shift_reg_d0                   |  15|          3|   32|         96|
    +-------------------------------+----+-----------+-----+-----------+
    |Total                          | 120|         24|  143|        335|
    +-------------------------------+----+-----------+-----+-----------+

    * Register: 
    +------------------------+----+----+-----+-----------+
    |          Name          | FF | LUT| Bits| Const Bits|
    +------------------------+----+----+-----+-----------+
    |acc_0_reg_93            |  32|   0|   32|          0|
    |ap_CS_fsm               |   5|   0|    5|          0|
    |c1_load_reg_219         |  10|   0|   10|          0|
    |i_0_reg_106             |   5|   0|    5|          0|
    |icmp_ln30_reg_195       |   1|   0|    1|          0|
    |mul_ln31_reg_187        |  32|   0|   32|          0|
    |mul_ln35_reg_224        |  32|   0|   32|          0|
    |p_pn_reg_118            |  32|   0|   32|          0|
    |shift_reg_load_reg_214  |  32|   0|   32|          0|
    |zext_ln34_1_reg_204     |  32|   0|   64|         32|
    +------------------------+----+----+-----+-----------+
    |Total                   | 213|   0|  245|         32|
    +------------------------+----+----+-----+-----------+



================================================================
== Interface
================================================================
* Summary: 
+----------+-----+-----+------------+--------------+--------------+
| RTL Ports| Dir | Bits|  Protocol  | Source Object|    C Type    |
+----------+-----+-----+------------+--------------+--------------+
|ap_clk    |  in |    1| ap_ctrl_hs |      fir     | return value |
|ap_rst    |  in |    1| ap_ctrl_hs |      fir     | return value |
|ap_start  |  in |    1| ap_ctrl_hs |      fir     | return value |
|ap_done   | out |    1| ap_ctrl_hs |      fir     | return value |
|ap_idle   | out |    1| ap_ctrl_hs |      fir     | return value |
|ap_ready  | out |    1| ap_ctrl_hs |      fir     | return value |
|y         | out |   32|   ap_vld   |       y      |    pointer   |
|y_ap_vld  | out |    1|   ap_vld   |       y      |    pointer   |
|x         |  in |   32|   ap_none  |       x      |    scalar    |
+----------+-----+-----+------------+--------------+--------------+

============================================================
+ Verbose Summary: Synthesis Manager
============================================================
InlineROM: 1
ExposeGlobal: 0
============================================================
+ Verbose Summary: CDFG Model
============================================================
IsTopModel: 1
ResetActiveHigh: 1
IsCombinational: 2
IsDatapathOnly: 2
HasWiredReturn: 1
HasMFsm: 0
HasVarLatency: 1
IsPipeline: 0
IsRtlPipelined: 0
IsInstanceOverlapped: 0
IsDontTouch: 0
HasImplIP: 0
IsGatedGlobalClock: 0


============================================================
+ Verbose Summary: Schedule
============================================================
* Number of FSM states : 5
* Pipeline : 0
* Dataflow Pipeline: 0

* FSM state transitions: 
1 --> 2 
2 --> 3 5 
3 --> 4 
4 --> 5 
5 --> 2 

* FSM state operations: 

State 1 <SV = 0> <Delay = 8.51>
ST_1 : Operation 6 [1/1] (0.00ns)   --->   "call void (...)* @_ssdm_op_SpecBitsMap(i32* %y) nounwind, !map !7"   --->   Operation 6 'specbitsmap' <Predicate = true> <Delay = 0.00>
ST_1 : Operation 7 [1/1] (0.00ns)   --->   "call void (...)* @_ssdm_op_SpecBitsMap(i32 %x) nounwind, !map !13"   --->   Operation 7 'specbitsmap' <Predicate = true> <Delay = 0.00>
ST_1 : Operation 8 [1/1] (0.00ns)   --->   "call void (...)* @_ssdm_op_SpecTopModule([4 x i8]* @fir_str) nounwind"   --->   Operation 8 'spectopmodule' <Predicate = true> <Delay = 0.00>
ST_1 : Operation 9 [1/1] (0.00ns)   --->   "%x_read = call i32 @_ssdm_op_Read.ap_auto.i32(i32 %x) nounwind" [fir.cpp:16]   --->   Operation 9 'read' 'x_read' <Predicate = true> <Delay = 0.00>
ST_1 : Operation 10 [1/1] (8.51ns)   --->   "%mul_ln31 = mul nsw i32 %x_read, 53" [fir.cpp:31]   --->   Operation 10 'mul' 'mul_ln31' <Predicate = true> <Delay = 8.51> <Core = "Mul">   --->   Core 16 'Mul' <Latency = 0> <II = 1> <Delay = 8.51> <FuncUnit> <Opcode : 'mul'> <InPorts = 2> <OutPorts = 1>
ST_1 : Operation 11 [1/1] (1.76ns)   --->   "br label %1" [fir.cpp:29]   --->   Operation 11 'br' <Predicate = true> <Delay = 1.76>

State 2 <SV = 1> <Delay = 4.10>
ST_2 : Operation 12 [1/1] (0.00ns)   --->   "%acc_0 = phi i32 [ 0, %0 ], [ %acc, %5 ]"   --->   Operation 12 'phi' 'acc_0' <Predicate = true> <Delay = 0.00>
ST_2 : Operation 13 [1/1] (0.00ns)   --->   "%i_0 = phi i5 [ 10, %0 ], [ %i, %5 ]"   --->   Operation 13 'phi' 'i_0' <Predicate = true> <Delay = 0.00>
ST_2 : Operation 14 [1/1] (0.00ns)   --->   "%sext_ln29 = sext i5 %i_0 to i32" [fir.cpp:29]   --->   Operation 14 'sext' 'sext_ln29' <Predicate = true> <Delay = 0.00>
ST_2 : Operation 15 [1/1] (0.00ns)   --->   "%tmp = call i1 @_ssdm_op_BitSelect.i1.i5.i32(i5 %i_0, i32 4)" [fir.cpp:29]   --->   Operation 15 'bitselect' 'tmp' <Predicate = true> <Delay = 0.00>
ST_2 : Operation 16 [1/1] (0.00ns)   --->   "%empty = call i32 (...)* @_ssdm_op_SpecLoopTripCount(i64 11, i64 11, i64 11) nounwind"   --->   Operation 16 'speclooptripcount' 'empty' <Predicate = true> <Delay = 0.00>
ST_2 : Operation 17 [1/1] (0.00ns)   --->   "br i1 %tmp, label %6, label %2" [fir.cpp:29]   --->   Operation 17 'br' <Predicate = true> <Delay = 0.00>
ST_2 : Operation 18 [1/1] (0.00ns)   --->   "call void (...)* @_ssdm_op_SpecLoopName([17 x i8]* @p_str) nounwind" [fir.cpp:29]   --->   Operation 18 'specloopname' <Predicate = (!tmp)> <Delay = 0.00>
ST_2 : Operation 19 [1/1] (1.36ns)   --->   "%icmp_ln30 = icmp eq i5 %i_0, 0" [fir.cpp:30]   --->   Operation 19 'icmp' 'icmp_ln30' <Predicate = (!tmp)> <Delay = 1.36> <Core = "Cmp">   --->   Core 25 'Cmp' <Latency = 0> <II = 1> <Delay = 1.36> <FuncUnit> <Opcode : 'icmp'> <InPorts = 2> <OutPorts = 1>
ST_2 : Operation 20 [1/1] (0.00ns)   --->   "br i1 %icmp_ln30, label %3, label %4" [fir.cpp:30]   --->   Operation 20 'br' <Predicate = (!tmp)> <Delay = 0.00>
ST_2 : Operation 21 [1/1] (1.78ns)   --->   "%add_ln34 = add i5 %i_0, -1" [fir.cpp:34]   --->   Operation 21 'add' 'add_ln34' <Predicate = (!tmp & !icmp_ln30)> <Delay = 1.78> <Core = "AddSub">   --->   Core 14 'AddSub' <Latency = 0> <II = 1> <Delay = 1.78> <FuncUnit> <Opcode : 'add' 'sub'> <InPorts = 2> <OutPorts = 1>
ST_2 : Operation 22 [1/1] (0.00ns)   --->   "%zext_ln34 = zext i5 %add_ln34 to i64" [fir.cpp:34]   --->   Operation 22 'zext' 'zext_ln34' <Predicate = (!tmp & !icmp_ln30)> <Delay = 0.00>
ST_2 : Operation 23 [1/1] (0.00ns)   --->   "%shift_reg_addr = getelementptr inbounds [11 x i32]* @shift_reg, i64 0, i64 %zext_ln34" [fir.cpp:34]   --->   Operation 23 'getelementptr' 'shift_reg_addr' <Predicate = (!tmp & !icmp_ln30)> <Delay = 0.00>
ST_2 : Operation 24 [2/2] (2.32ns)   --->   "%shift_reg_load = load i32* %shift_reg_addr, align 4" [fir.cpp:34]   --->   Operation 24 'load' 'shift_reg_load' <Predicate = (!tmp & !icmp_ln30)> <Delay = 2.32> <Core = "RAM">   --->   Core 37 'RAM' <Latency = 1> <II = 1> <Delay = 2.32> <Storage> <Opcode : 'load' 'store'> <Ports = 2> <Width = 32> <Depth = 11> <RAM>
ST_2 : Operation 25 [1/1] (0.00ns)   --->   "%zext_ln34_1 = zext i32 %sext_ln29 to i64" [fir.cpp:34]   --->   Operation 25 'zext' 'zext_ln34_1' <Predicate = (!tmp & !icmp_ln30)> <Delay = 0.00>
ST_2 : Operation 26 [1/1] (0.00ns)   --->   "%c1_addr = getelementptr [11 x i10]* @c1, i64 0, i64 %zext_ln34_1" [fir.cpp:35]   --->   Operation 26 'getelementptr' 'c1_addr' <Predicate = (!tmp & !icmp_ln30)> <Delay = 0.00>
ST_2 : Operation 27 [2/2] (3.25ns)   --->   "%c1_load = load i10* %c1_addr, align 2" [fir.cpp:35]   --->   Operation 27 'load' 'c1_load' <Predicate = (!tmp & !icmp_ln30)> <Delay = 3.25> <Core = "ROM_nP">   --->   Core 52 'ROM_nP' <Latency = 1> <II = 1> <Delay = 3.25> <Storage> <Opcode : 'load'> <Ports = 0> <Width = 10> <Depth = 11> <ROM>
ST_2 : Operation 28 [1/1] (2.32ns)   --->   "store i32 %x_read, i32* getelementptr inbounds ([11 x i32]* @shift_reg, i64 0, i64 0), align 16" [fir.cpp:32]   --->   Operation 28 'store' <Predicate = (!tmp & icmp_ln30)> <Delay = 2.32> <Core = "RAM">   --->   Core 37 'RAM' <Latency = 1> <II = 1> <Delay = 2.32> <Storage> <Opcode : 'load' 'store'> <Ports = 2> <Width = 32> <Depth = 11> <RAM>
ST_2 : Operation 29 [1/1] (1.76ns)   --->   "br label %5" [fir.cpp:33]   --->   Operation 29 'br' <Predicate = (!tmp & icmp_ln30)> <Delay = 1.76>
ST_2 : Operation 30 [1/1] (0.00ns)   --->   "call void @_ssdm_op_Write.ap_auto.i32P(i32* %y, i32 %acc_0) nounwind" [fir.cpp:38]   --->   Operation 30 'write' <Predicate = (tmp)> <Delay = 0.00>
ST_2 : Operation 31 [1/1] (0.00ns)   --->   "ret void" [fir.cpp:39]   --->   Operation 31 'ret' <Predicate = (tmp)> <Delay = 0.00>

State 3 <SV = 2> <Delay = 4.64>
ST_3 : Operation 32 [1/2] (2.32ns)   --->   "%shift_reg_load = load i32* %shift_reg_addr, align 4" [fir.cpp:34]   --->   Operation 32 'load' 'shift_reg_load' <Predicate = true> <Delay = 2.32> <Core = "RAM">   --->   Core 37 'RAM' <Latency = 1> <II = 1> <Delay = 2.32> <Storage> <Opcode : 'load' 'store'> <Ports = 2> <Width = 32> <Depth = 11> <RAM>
ST_3 : Operation 33 [1/1] (0.00ns)   --->   "%shift_reg_addr_1 = getelementptr inbounds [11 x i32]* @shift_reg, i64 0, i64 %zext_ln34_1" [fir.cpp:34]   --->   Operation 33 'getelementptr' 'shift_reg_addr_1' <Predicate = true> <Delay = 0.00>
ST_3 : Operation 34 [1/1] (2.32ns)   --->   "store i32 %shift_reg_load, i32* %shift_reg_addr_1, align 4" [fir.cpp:34]   --->   Operation 34 'store' <Predicate = true> <Delay = 2.32> <Core = "RAM">   --->   Core 37 'RAM' <Latency = 1> <II = 1> <Delay = 2.32> <Storage> <Opcode : 'load' 'store'> <Ports = 2> <Width = 32> <Depth = 11> <RAM>
ST_3 : Operation 35 [1/2] (3.25ns)   --->   "%c1_load = load i10* %c1_addr, align 2" [fir.cpp:35]   --->   Operation 35 'load' 'c1_load' <Predicate = true> <Delay = 3.25> <Core = "ROM_nP">   --->   Core 52 'ROM_nP' <Latency = 1> <II = 1> <Delay = 3.25> <Storage> <Opcode : 'load'> <Ports = 0> <Width = 10> <Depth = 11> <ROM>

State 4 <SV = 3> <Delay = 8.51>
ST_4 : Operation 36 [1/1] (0.00ns)   --->   "%sext_ln35 = sext i10 %c1_load to i32" [fir.cpp:35]   --->   Operation 36 'sext' 'sext_ln35' <Predicate = true> <Delay = 0.00>
ST_4 : Operation 37 [1/1] (8.51ns)   --->   "%mul_ln35 = mul nsw i32 %shift_reg_load, %sext_ln35" [fir.cpp:35]   --->   Operation 37 'mul' 'mul_ln35' <Predicate = true> <Delay = 8.51> <Core = "Mul">   --->   Core 16 'Mul' <Latency = 0> <II = 1> <Delay = 8.51> <FuncUnit> <Opcode : 'mul'> <InPorts = 2> <OutPorts = 1>

State 5 <SV = 4> <Delay = 4.32>
ST_5 : Operation 38 [1/1] (1.76ns)   --->   "br label %5"   --->   Operation 38 'br' <Predicate = (!icmp_ln30)> <Delay = 1.76>
ST_5 : Operation 39 [1/1] (0.00ns) (grouped into LUT with out node acc)   --->   "%p_pn = phi i32 [ %mul_ln31, %3 ], [ %mul_ln35, %4 ]" [fir.cpp:31]   --->   Operation 39 'phi' 'p_pn' <Predicate = true> <Delay = 0.00>
ST_5 : Operation 40 [1/1] (2.55ns) (out node of the LUT)   --->   "%acc = add nsw i32 %p_pn, %acc_0" [fir.cpp:31]   --->   Operation 40 'add' 'acc' <Predicate = true> <Delay = 2.55> <Core = "AddSub">   --->   Core 14 'AddSub' <Latency = 0> <II = 1> <Delay = 1.78> <FuncUnit> <Opcode : 'add' 'sub'> <InPorts = 2> <OutPorts = 1>
ST_5 : Operation 41 [1/1] (1.78ns)   --->   "%i = add i5 %i_0, -1" [fir.cpp:29]   --->   Operation 41 'add' 'i' <Predicate = true> <Delay = 1.78> <Core = "AddSub">   --->   Core 14 'AddSub' <Latency = 0> <II = 1> <Delay = 1.78> <FuncUnit> <Opcode : 'add' 'sub'> <InPorts = 2> <OutPorts = 1>
ST_5 : Operation 42 [1/1] (0.00ns)   --->   "br label %1" [fir.cpp:29]   --->   Operation 42 'br' <Predicate = true> <Delay = 0.00>


============================================================
+ Verbose Summary: Binding
============================================================
STG Binding: 
---------------- STG Properties BEGIN ----------------
- Is combinational: 0
- Is one-state seq: 0
- Is datapath-only: 0
- Is pipelined: 0
- Is top level: 1
Port [ Return ] is wired: 1; IO mode=ap_ctrl_hs:ce=0
Port [ y]:  wired=1; compound=0; hidden=0; nouse=0; global=0; static=0; extern=0; dir=1; type=0; pingpong=0; private_global=0; IO mode=ap_vld:ce=0
Port [ x]:  wired=1; compound=0; hidden=0; nouse=0; global=0; static=0; extern=0; dir=0; type=0; pingpong=0; private_global=0; IO mode=ap_none:ce=0
Port [ shift_reg]:  wired=0; compound=1; hidden=1; nouse=0; global=1; static=1; extern=0; dir=2; type=1; pingpong=0; private_global=1; linkage=7; visibility=0; MemPort=[23]; IO mode=ap_memory:ce=0
Port [ c1]:  wired=0; compound=1; hidden=1; nouse=0; global=1; static=1; extern=0; dir=0; type=1; pingpong=0; private_global=1; linkage=7; visibility=0; MemPort=[1]; IO mode=ap_memory:ce=0
---------------- STG Properties END ------------------

---------------- Datapath Model BEGIN ----------------

<LifeTime>
<method=bitvector/>
specbitsmap_ln0   (specbitsmap      ) [ 000000]
specbitsmap_ln0   (specbitsmap      ) [ 000000]
spectopmodule_ln0 (spectopmodule    ) [ 000000]
x_read            (read             ) [ 001111]
mul_ln31          (mul              ) [ 001111]
br_ln29           (br               ) [ 011111]
acc_0             (phi              ) [ 001111]
i_0               (phi              ) [ 001111]
sext_ln29         (sext             ) [ 000000]
tmp               (bitselect        ) [ 001111]
empty             (speclooptripcount) [ 000000]
br_ln29           (br               ) [ 000000]
specloopname_ln29 (specloopname     ) [ 000000]
icmp_ln30         (icmp             ) [ 001111]
br_ln30           (br               ) [ 000000]
add_ln34          (add              ) [ 000000]
zext_ln34         (zext             ) [ 000000]
shift_reg_addr    (getelementptr    ) [ 000100]
zext_ln34_1       (zext             ) [ 000100]
c1_addr           (getelementptr    ) [ 000100]
store_ln32        (store            ) [ 000000]
br_ln33           (br               ) [ 001111]
write_ln38        (write            ) [ 000000]
ret_ln39          (ret              ) [ 000000]
shift_reg_load    (load             ) [ 000010]
shift_reg_addr_1  (getelementptr    ) [ 000000]
store_ln34        (store            ) [ 000000]
c1_load           (load             ) [ 000010]
sext_ln35         (sext             ) [ 000000]
mul_ln35          (mul              ) [ 001001]
br_ln0            (br               ) [ 000000]
p_pn              (phi              ) [ 000001]
acc               (add              ) [ 011111]
i                 (add              ) [ 011111]
br_ln29           (br               ) [ 011111]
</LifeTime>

<model>

<comp_list>
<comp id="0" class="1000" name="y">
<pin_list>
<pin id="1" dir="1" index="0" bw="1" slack="0"/>
</pin_list>
<bind>
<StgValue><ssdm name="y"/></StgValue>
</bind>
</comp>

<comp id="2" class="1000" name="x">
<pin_list>
<pin id="3" dir="1" index="0" bw="1" slack="0"/>
</pin_list>
<bind>
<StgValue><ssdm name="x"/></StgValue>
</bind>
</comp>

<comp id="4" class="1000" name="shift_reg">
<pin_list>
<pin id="5" dir="1" index="0" bw="1" slack="0"/>
</pin_list>
<bind>
<StgValue><ssdm name="shift_reg"/><MemPortTyVec>2 3 </MemPortTyVec>
</StgValue>
</bind>
</comp>

<comp id="6" class="1000" name="c1">
<pin_list>
<pin id="7" dir="1" index="0" bw="1" slack="0"/>
</pin_list>
<bind>
<StgValue><ssdm name="c1"/><MemPortTyVec>1 </MemPortTyVec>
</StgValue>
</bind>
</comp>

<comp id="8" class="1001" name="const_8">
<pin_list>
<pin id="9" dir="1" index="0" bw="1" slack="2147483647"/>
</pin_list>
<bind>
<StgValue><ssdm name="_ssdm_op_SpecBitsMap"/></StgValue>
</bind>
</comp>

<comp id="10" class="1001" name="const_10">
<pin_list>
<pin id="11" dir="1" index="0" bw="1" slack="2147483647"/>
</pin_list>
<bind>
<StgValue><ssdm name="_ssdm_op_SpecTopModule"/></StgValue>
</bind>
</comp>

<comp id="12" class="1001" name="const_12">
<pin_list>
<pin id="13" dir="1" index="0" bw="1" slack="2147483647"/>
</pin_list>
<bind>
<StgValue><ssdm name="fir_str"/></StgValue>
</bind>
</comp>

<comp id="14" class="1001" name="const_14">
<pin_list>
<pin id="15" dir="1" index="0" bw="1" slack="0"/>
</pin_list>
<bind>
<StgValue><ssdm name="_ssdm_op_Read.ap_auto.i32"/></StgValue>
</bind>
</comp>

<comp id="16" class="1001" name="const_16">
<pin_list>
<pin id="17" dir="1" index="0" bw="1" slack="0"/>
</pin_list>
<bind>
<StgValue><ssdm name=""/></StgValue>
</bind>
</comp>

<comp id="18" class="1001" name="const_18">
<pin_list>
<pin id="19" dir="1" index="0" bw="1" slack="1"/>
</pin_list>
<bind>
<StgValue><ssdm name=""/></StgValue>
</bind>
</comp>

<comp id="20" class="1001" name="const_20">
<pin_list>
<pin id="21" dir="1" index="0" bw="1" slack="1"/>
</pin_list>
<bind>
<StgValue><ssdm name=""/></StgValue>
</bind>
</comp>

<comp id="22" class="1001" name="const_22">
<pin_list>
<pin id="23" dir="1" index="0" bw="1" slack="0"/>
</pin_list>
<bind>
<StgValue><ssdm name="_ssdm_op_BitSelect.i1.i5.i32"/></StgValue>
</bind>
</comp>

<comp id="24" class="1001" name="const_24">
<pin_list>
<pin id="25" dir="1" index="0" bw="1" slack="0"/>
</pin_list>
<bind>
<StgValue><ssdm name=""/></StgValue>
</bind>
</comp>

<comp id="26" class="1001" name="const_26">
<pin_list>
<pin id="27" dir="1" index="0" bw="1" slack="2147483647"/>
</pin_list>
<bind>
<StgValue><ssdm name="_ssdm_op_SpecLoopTripCount"/></StgValue>
</bind>
</comp>

<comp id="28" class="1001" name="const_28">
<pin_list>
<pin id="29" dir="1" index="0" bw="1" slack="2147483647"/>
</pin_list>
<bind>
<StgValue><ssdm name=""/></StgValue>
</bind>
</comp>

<comp id="30" class="1001" name="const_30">
<pin_list>
<pin id="31" dir="1" index="0" bw="1" slack="2147483647"/>
</pin_list>
<bind>
<StgValue><ssdm name="_ssdm_op_SpecLoopName"/></StgValue>
</bind>
</comp>

<comp id="32" class="1001" name="const_32">
<pin_list>
<pin id="33" dir="1" index="0" bw="1" slack="2147483647"/>
</pin_list>
<bind>
<StgValue><ssdm name="p_str"/></StgValue>
</bind>
</comp>

<comp id="34" class="1001" name="const_34">
<pin_list>
<pin id="35" dir="1" index="0" bw="1" slack="0"/>
</pin_list>
<bind>
<StgValue><ssdm name=""/></StgValue>
</bind>
</comp>

<comp id="36" class="1001" name="const_36">
<pin_list>
<pin id="37" dir="1" index="0" bw="1" slack="0"/>
</pin_list>
<bind>
<StgValue><ssdm name=""/></StgValue>
</bind>
</comp>

<comp id="38" class="1001" name="const_38">
<pin_list>
<pin id="39" dir="1" index="0" bw="1" slack="0"/>
</pin_list>
<bind>
<StgValue><ssdm name=""/></StgValue>
</bind>
</comp>

<comp id="40" class="1001" name="const_40">
<pin_list>
<pin id="41" dir="1" index="0" bw="1" slack="0"/>
</pin_list>
<bind>
<StgValue><ssdm name=""/></StgValue>
</bind>
</comp>

<comp id="42" class="1001" name="const_42">
<pin_list>
<pin id="43" dir="1" index="0" bw="1" slack="0"/>
</pin_list>
<bind>
<StgValue><ssdm name="_ssdm_op_Write.ap_auto.i32P"/></StgValue>
</bind>
</comp>

<comp id="44" class="1004" name="x_read_read_fu_44">
<pin_list>
<pin id="45" dir="0" index="0" bw="32" slack="0"/>
<pin id="46" dir="0" index="1" bw="32" slack="0"/>
<pin id="47" dir="1" index="2" bw="32" slack="0"/>
</pin_list>
<bind>
<opcode="read(1150) " fcode="read"/>
<opset="x_read/1 "/>
</bind>
</comp>

<comp id="50" class="1004" name="write_ln38_write_fu_50">
<pin_list>
<pin id="51" dir="0" index="0" bw="0" slack="0"/>
<pin id="52" dir="0" index="1" bw="32" slack="0"/>
<pin id="53" dir="0" index="2" bw="32" slack="0"/>
<pin id="54" dir="1" index="3" bw="0" slack="2147483647"/>
</pin_list>
<bind>
<opcode="write(1151) " fcode="write"/>
<opset="write_ln38/2 "/>
</bind>
</comp>

<comp id="57" class="1004" name="shift_reg_addr_gep_fu_57">
<pin_list>
<pin id="58" dir="0" index="0" bw="32" slack="0"/>
<pin id="59" dir="0" index="1" bw="1" slack="0"/>
<pin id="60" dir="0" index="2" bw="5" slack="0"/>
<pin id="61" dir="1" index="3" bw="4" slack="0"/>
</pin_list>
<bind>
<opcode="getelementptr(29) " fcode="getelementptr"/>
<opset="shift_reg_addr/2 "/>
</bind>
</comp>

<comp id="64" class="1004" name="grp_access_fu_64">
<pin_list>
<pin id="65" dir="0" index="0" bw="4" slack="0"/>
<pin id="66" dir="0" index="1" bw="32" slack="0"/>
<pin id="67" dir="0" index="2" bw="0" slack="2147483647"/>
<pin id="68" dir="1" index="3" bw="32" slack="0"/>
</pin_list>
<bind>
<opcode="load(27) store(28) " fcode="store"/>
<opset="shift_reg_load/2 store_ln32/2 store_ln34/3 "/>
</bind>
</comp>

<comp id="70" class="1004" name="c1_addr_gep_fu_70">
<pin_list>
<pin id="71" dir="0" index="0" bw="10" slack="0"/>
<pin id="72" dir="0" index="1" bw="1" slack="0"/>
<pin id="73" dir="0" index="2" bw="32" slack="0"/>
<pin id="74" dir="1" index="3" bw="4" slack="0"/>
</pin_list>
<bind>
<opcode="getelementptr(29) " fcode="getelementptr"/>
<opset="c1_addr/2 "/>
</bind>
</comp>

<comp id="77" class="1004" name="grp_access_fu_77">
<pin_list>
<pin id="78" dir="0" index="0" bw="4" slack="0"/>
<pin id="79" dir="0" index="1" bw="10" slack="2147483647"/>
<pin id="80" dir="0" index="2" bw="0" slack="2147483647"/>
<pin id="81" dir="1" index="3" bw="10" slack="1"/>
</pin_list>
<bind>
<opcode="load(27) " fcode="load"/>
<opset="c1_load/2 "/>
</bind>
</comp>

<comp id="84" class="1004" name="shift_reg_addr_1_gep_fu_84">
<pin_list>
<pin id="85" dir="0" index="0" bw="32" slack="0"/>
<pin id="86" dir="0" index="1" bw="1" slack="0"/>
<pin id="87" dir="0" index="2" bw="32" slack="1"/>
<pin id="88" dir="1" index="3" bw="4" slack="0"/>
</pin_list>
<bind>
<opcode="getelementptr(29) " fcode="getelementptr"/>
<opset="shift_reg_addr_1/3 "/>
</bind>
</comp>

<comp id="93" class="1005" name="acc_0_reg_93">
<pin_list>
<pin id="94" dir="0" index="0" bw="32" slack="1"/>
<pin id="95" dir="1" index="1" bw="32" slack="1"/>
</pin_list>
<bind>
<opset="acc_0 (phireg) "/>
</bind>
</comp>

<comp id="97" class="1004" name="acc_0_phi_fu_97">
<pin_list>
<pin id="98" dir="0" index="0" bw="1" slack="1"/>
<pin id="99" dir="0" index="1" bw="0" slack="2147483647"/>
<pin id="100" dir="0" index="2" bw="32" slack="1"/>
<pin id="101" dir="0" index="3" bw="0" slack="2147483647"/>
<pin id="102" dir="1" index="4" bw="32" slack="0"/>
</pin_list>
<bind>
<opcode="phi(47) " fcode="phi"/>
<opset="acc_0/2 "/>
</bind>
</comp>

<comp id="106" class="1005" name="i_0_reg_106">
<pin_list>
<pin id="107" dir="0" index="0" bw="5" slack="1"/>
<pin id="108" dir="1" index="1" bw="5" slack="1"/>
</pin_list>
<bind>
<opset="i_0 (phireg) "/>
</bind>
</comp>

<comp id="110" class="1004" name="i_0_phi_fu_110">
<pin_list>
<pin id="111" dir="0" index="0" bw="5" slack="1"/>
<pin id="112" dir="0" index="1" bw="0" slack="2147483647"/>
<pin id="113" dir="0" index="2" bw="5" slack="1"/>
<pin id="114" dir="0" index="3" bw="0" slack="2147483647"/>
<pin id="115" dir="1" index="4" bw="5" slack="0"/>
</pin_list>
<bind>
<opcode="phi(47) " fcode="phi"/>
<opset="i_0/2 "/>
</bind>
</comp>

<comp id="118" class="1005" name="p_pn_reg_118">
<pin_list>
<pin id="119" dir="0" index="0" bw="32" slack="2147483647"/>
<pin id="120" dir="1" index="1" bw="32" slack="2147483647"/>
</pin_list>
<bind>
<opset="p_pn (phireg) "/>
</bind>
</comp>

<comp id="121" class="1004" name="p_pn_phi_fu_121">
<pin_list>
<pin id="122" dir="0" index="0" bw="32" slack="4"/>
<pin id="123" dir="0" index="1" bw="0" slack="2147483647"/>
<pin id="124" dir="0" index="2" bw="32" slack="1"/>
<pin id="125" dir="0" index="3" bw="0" slack="2147483647"/>
<pin id="126" dir="1" index="4" bw="32" slack="0"/>
</pin_list>
<bind>
<opcode="phi(47) " fcode="phi"/>
<opset="p_pn/5 "/>
</bind>
</comp>

<comp id="127" class="1004" name="grp_fu_127">
<pin_list>
<pin id="128" dir="0" index="0" bw="5" slack="0"/>
<pin id="129" dir="0" index="1" bw="1" slack="0"/>
<pin id="130" dir="1" index="2" bw="5" slack="0"/>
</pin_list>
<bind>
<opcode="add(8) " fcode="add"/>
<opset="add_ln34/2 i/5 "/>
</bind>
</comp>

<comp id="134" class="1004" name="mul_ln31_fu_134">
<pin_list>
<pin id="135" dir="0" index="0" bw="32" slack="0"/>
<pin id="136" dir="0" index="1" bw="7" slack="0"/>
<pin id="137" dir="1" index="2" bw="32" slack="4"/>
</pin_list>
<bind>
<opcode="mul(12) " fcode="mul"/>
<opset="mul_ln31/1 "/>
</bind>
</comp>

<comp id="140" class="1004" name="sext_ln29_fu_140">
<pin_list>
<pin id="141" dir="0" index="0" bw="5" slack="0"/>
<pin id="142" dir="1" index="1" bw="32" slack="0"/>
</pin_list>
<bind>
<opcode="sext(35) " fcode="sext"/>
<opset="sext_ln29/2 "/>
</bind>
</comp>

<comp id="144" class="1004" name="tmp_fu_144">
<pin_list>
<pin id="145" dir="0" index="0" bw="1" slack="0"/>
<pin id="146" dir="0" index="1" bw="5" slack="0"/>
<pin id="147" dir="0" index="2" bw="4" slack="0"/>
<pin id="148" dir="1" index="3" bw="1" slack="2147483647"/>
</pin_list>
<bind>
<opcode="bitselect(1000) " fcode="bitselect"/>
<opset="tmp/2 "/>
</bind>
</comp>

<comp id="152" class="1004" name="icmp_ln30_fu_152">
<pin_list>
<pin id="153" dir="0" index="0" bw="5" slack="0"/>
<pin id="154" dir="0" index="1" bw="5" slack="0"/>
<pin id="155" dir="1" index="2" bw="1" slack="3"/>
</pin_list>
<bind>
<opcode="icmp(45) " fcode="icmp"/>
<opset="icmp_ln30/2 "/>
</bind>
</comp>

<comp id="158" class="1004" name="zext_ln34_fu_158">
<pin_list>
<pin id="159" dir="0" index="0" bw="5" slack="0"/>
<pin id="160" dir="1" index="1" bw="64" slack="0"/>
</pin_list>
<bind>
<opcode="zext(34) " fcode="zext"/>
<opset="zext_ln34/2 "/>
</bind>
</comp>

<comp id="163" class="1004" name="zext_ln34_1_fu_163">
<pin_list>
<pin id="164" dir="0" index="0" bw="5" slack="0"/>
<pin id="165" dir="1" index="1" bw="64" slack="0"/>
</pin_list>
<bind>
<opcode="zext(34) " fcode="zext"/>
<opset="zext_ln34_1/2 "/>
</bind>
</comp>

<comp id="168" class="1004" name="sext_ln35_fu_168">
<pin_list>
<pin id="169" dir="0" index="0" bw="10" slack="1"/>
<pin id="170" dir="1" index="1" bw="32" slack="0"/>
</pin_list>
<bind>
<opcode="sext(35) " fcode="sext"/>
<opset="sext_ln35/4 "/>
</bind>
</comp>

<comp id="171" class="1004" name="mul_ln35_fu_171">
<pin_list>
<pin id="172" dir="0" index="0" bw="32" slack="1"/>
<pin id="173" dir="0" index="1" bw="10" slack="0"/>
<pin id="174" dir="1" index="2" bw="32" slack="1"/>
</pin_list>
<bind>
<opcode="mul(12) " fcode="mul"/>
<opset="mul_ln35/4 "/>
</bind>
</comp>

<comp id="176" class="1004" name="acc_fu_176">
<pin_list>
<pin id="177" dir="0" index="0" bw="32" slack="0"/>
<pin id="178" dir="0" index="1" bw="32" slack="3"/>
<pin id="179" dir="1" index="2" bw="32" slack="1"/>
</pin_list>
<bind>
<opcode="add(8) " fcode="add"/>
<opset="acc/5 "/>
</bind>
</comp>

<comp id="182" class="1005" name="x_read_reg_182">
<pin_list>
<pin id="183" dir="0" index="0" bw="32" slack="1"/>
<pin id="184" dir="1" index="1" bw="32" slack="1"/>
</pin_list>
<bind>
<opset="x_read "/>
</bind>
</comp>

<comp id="187" class="1005" name="mul_ln31_reg_187">
<pin_list>
<pin id="188" dir="0" index="0" bw="32" slack="4"/>
<pin id="189" dir="1" index="1" bw="32" slack="4"/>
</pin_list>
<bind>
<opset="mul_ln31 "/>
</bind>
</comp>

<comp id="195" class="1005" name="icmp_ln30_reg_195">
<pin_list>
<pin id="196" dir="0" index="0" bw="1" slack="3"/>
<pin id="197" dir="1" index="1" bw="1" slack="2147483647"/>
</pin_list>
<bind>
<opset="icmp_ln30 "/>
</bind>
</comp>

<comp id="199" class="1005" name="shift_reg_addr_reg_199">
<pin_list>
<pin id="200" dir="0" index="0" bw="4" slack="1"/>
<pin id="201" dir="1" index="1" bw="4" slack="1"/>
</pin_list>
<bind>
<opset="shift_reg_addr "/>
</bind>
</comp>

<comp id="204" class="1005" name="zext_ln34_1_reg_204">
<pin_list>
<pin id="205" dir="0" index="0" bw="64" slack="1"/>
<pin id="206" dir="1" index="1" bw="64" slack="1"/>
</pin_list>
<bind>
<opset="zext_ln34_1 "/>
</bind>
</comp>

<comp id="209" class="1005" name="c1_addr_reg_209">
<pin_list>
<pin id="210" dir="0" index="0" bw="4" slack="1"/>
<pin id="211" dir="1" index="1" bw="4" slack="1"/>
</pin_list>
<bind>
<opset="c1_addr "/>
</bind>
</comp>

<comp id="214" class="1005" name="shift_reg_load_reg_214">
<pin_list>
<pin id="215" dir="0" index="0" bw="32" slack="1"/>
<pin id="216" dir="1" index="1" bw="32" slack="1"/>
</pin_list>
<bind>
<opset="shift_reg_load "/>
</bind>
</comp>

<comp id="219" class="1005" name="c1_load_reg_219">
<pin_list>
<pin id="220" dir="0" index="0" bw="10" slack="1"/>
<pin id="221" dir="1" index="1" bw="10" slack="1"/>
</pin_list>
<bind>
<opset="c1_load "/>
</bind>
</comp>

<comp id="224" class="1005" name="mul_ln35_reg_224">
<pin_list>
<pin id="225" dir="0" index="0" bw="32" slack="1"/>
<pin id="226" dir="1" index="1" bw="32" slack="1"/>
</pin_list>
<bind>
<opset="mul_ln35 "/>
</bind>
</comp>

<comp id="229" class="1005" name="acc_reg_229">
<pin_list>
<pin id="230" dir="0" index="0" bw="32" slack="1"/>
<pin id="231" dir="1" index="1" bw="32" slack="1"/>
</pin_list>
<bind>
<opset="acc "/>
</bind>
</comp>

<comp id="234" class="1005" name="i_reg_234">
<pin_list>
<pin id="235" dir="0" index="0" bw="5" slack="1"/>
<pin id="236" dir="1" index="1" bw="5" slack="1"/>
</pin_list>
<bind>
<opset="i "/>
</bind>
</comp>

</comp_list>

<net_list>
<net id="48"><net_src comp="14" pin="0"/><net_sink comp="44" pin=0"/></net>

<net id="49"><net_src comp="2" pin="0"/><net_sink comp="44" pin=1"/></net>

<net id="55"><net_src comp="42" pin="0"/><net_sink comp="50" pin=0"/></net>

<net id="56"><net_src comp="0" pin="0"/><net_sink comp="50" pin=1"/></net>

<net id="62"><net_src comp="4" pin="0"/><net_sink comp="57" pin=0"/></net>

<net id="63"><net_src comp="38" pin="0"/><net_sink comp="57" pin=1"/></net>

<net id="69"><net_src comp="57" pin="3"/><net_sink comp="64" pin=0"/></net>

<net id="75"><net_src comp="6" pin="0"/><net_sink comp="70" pin=0"/></net>

<net id="76"><net_src comp="38" pin="0"/><net_sink comp="70" pin=1"/></net>

<net id="82"><net_src comp="70" pin="3"/><net_sink comp="77" pin=0"/></net>

<net id="83"><net_src comp="40" pin="0"/><net_sink comp="64" pin=0"/></net>

<net id="89"><net_src comp="4" pin="0"/><net_sink comp="84" pin=0"/></net>

<net id="90"><net_src comp="38" pin="0"/><net_sink comp="84" pin=1"/></net>

<net id="91"><net_src comp="64" pin="3"/><net_sink comp="64" pin=1"/></net>

<net id="92"><net_src comp="84" pin="3"/><net_sink comp="64" pin=0"/></net>

<net id="96"><net_src comp="18" pin="0"/><net_sink comp="93" pin=0"/></net>

<net id="103"><net_src comp="93" pin="1"/><net_sink comp="97" pin=0"/></net>

<net id="104"><net_src comp="97" pin="4"/><net_sink comp="50" pin=2"/></net>

<net id="105"><net_src comp="97" pin="4"/><net_sink comp="93" pin=0"/></net>

<net id="109"><net_src comp="20" pin="0"/><net_sink comp="106" pin=0"/></net>

<net id="116"><net_src comp="106" pin="1"/><net_sink comp="110" pin=0"/></net>

<net id="117"><net_src comp="110" pin="4"/><net_sink comp="106" pin=0"/></net>

<net id="131"><net_src comp="110" pin="4"/><net_sink comp="127" pin=0"/></net>

<net id="132"><net_src comp="36" pin="0"/><net_sink comp="127" pin=1"/></net>

<net id="133"><net_src comp="106" pin="1"/><net_sink comp="127" pin=0"/></net>

<net id="138"><net_src comp="44" pin="2"/><net_sink comp="134" pin=0"/></net>

<net id="139"><net_src comp="16" pin="0"/><net_sink comp="134" pin=1"/></net>

<net id="143"><net_src comp="110" pin="4"/><net_sink comp="140" pin=0"/></net>

<net id="149"><net_src comp="22" pin="0"/><net_sink comp="144" pin=0"/></net>

<net id="150"><net_src comp="110" pin="4"/><net_sink comp="144" pin=1"/></net>

<net id="151"><net_src comp="24" pin="0"/><net_sink comp="144" pin=2"/></net>

<net id="156"><net_src comp="110" pin="4"/><net_sink comp="152" pin=0"/></net>

<net id="157"><net_src comp="34" pin="0"/><net_sink comp="152" pin=1"/></net>

<net id="161"><net_src comp="127" pin="2"/><net_sink comp="158" pin=0"/></net>

<net id="162"><net_src comp="158" pin="1"/><net_sink comp="57" pin=2"/></net>

<net id="166"><net_src comp="140" pin="1"/><net_sink comp="163" pin=0"/></net>

<net id="167"><net_src comp="163" pin="1"/><net_sink comp="70" pin=2"/></net>

<net id="175"><net_src comp="168" pin="1"/><net_sink comp="171" pin=1"/></net>

<net id="180"><net_src comp="121" pin="4"/><net_sink comp="176" pin=0"/></net>

<net id="181"><net_src comp="93" pin="1"/><net_sink comp="176" pin=1"/></net>

<net id="185"><net_src comp="44" pin="2"/><net_sink comp="182" pin=0"/></net>

<net id="186"><net_src comp="182" pin="1"/><net_sink comp="64" pin=1"/></net>

<net id="190"><net_src comp="134" pin="2"/><net_sink comp="187" pin=0"/></net>

<net id="191"><net_src comp="187" pin="1"/><net_sink comp="121" pin=0"/></net>

<net id="198"><net_src comp="152" pin="2"/><net_sink comp="195" pin=0"/></net>

<net id="202"><net_src comp="57" pin="3"/><net_sink comp="199" pin=0"/></net>

<net id="203"><net_src comp="199" pin="1"/><net_sink comp="64" pin=0"/></net>

<net id="207"><net_src comp="163" pin="1"/><net_sink comp="204" pin=0"/></net>

<net id="208"><net_src comp="204" pin="1"/><net_sink comp="84" pin=2"/></net>

<net id="212"><net_src comp="70" pin="3"/><net_sink comp="209" pin=0"/></net>

<net id="213"><net_src comp="209" pin="1"/><net_sink comp="77" pin=0"/></net>

<net id="217"><net_src comp="64" pin="3"/><net_sink comp="214" pin=0"/></net>

<net id="218"><net_src comp="214" pin="1"/><net_sink comp="171" pin=0"/></net>

<net id="222"><net_src comp="77" pin="3"/><net_sink comp="219" pin=0"/></net>

<net id="223"><net_src comp="219" pin="1"/><net_sink comp="168" pin=0"/></net>

<net id="227"><net_src comp="171" pin="2"/><net_sink comp="224" pin=0"/></net>

<net id="228"><net_src comp="224" pin="1"/><net_sink comp="121" pin=2"/></net>

<net id="232"><net_src comp="176" pin="2"/><net_sink comp="229" pin=0"/></net>

<net id="233"><net_src comp="229" pin="1"/><net_sink comp="97" pin=2"/></net>

<net id="237"><net_src comp="127" pin="2"/><net_sink comp="234" pin=0"/></net>

<net id="238"><net_src comp="234" pin="1"/><net_sink comp="110" pin=2"/></net>

</net_list>

</model> 
---------------- Datapath Model END ------------------

* FSMD analyzer results:
  - Output states:
	Port: y | {2 }
	Port: shift_reg | {2 3 }
 - Input state : 
	Port: fir : x | {1 }
	Port: fir : shift_reg | {2 3 }
	Port: fir : c1 | {2 3 }
  - Chain level:
	State 1
	State 2
		sext_ln29 : 1
		tmp : 1
		br_ln29 : 2
		icmp_ln30 : 1
		br_ln30 : 2
		add_ln34 : 1
		zext_ln34 : 2
		shift_reg_addr : 3
		shift_reg_load : 4
		zext_ln34_1 : 2
		c1_addr : 3
		c1_load : 4
		write_ln38 : 1
	State 3
		store_ln34 : 1
	State 4
		mul_ln35 : 1
	State 5
		p_pn : 1
		acc : 2


============================================================
+ Verbose Summary: Datapath Resource usage 
============================================================

* Functional unit list:
|----------|------------------------|---------|---------|---------|
| Operation|     Functional Unit    |  DSP48E |    FF   |   LUT   |
|----------|------------------------|---------|---------|---------|
|    add   |       grp_fu_127       |    0    |    0    |    15   |
|          |       acc_fu_176       |    0    |    0    |    39   |
|----------|------------------------|---------|---------|---------|
|    mul   |     mul_ln31_fu_134    |    2    |    0    |    20   |
|          |     mul_ln35_fu_171    |    2    |    0    |    20   |
|----------|------------------------|---------|---------|---------|
|   icmp   |    icmp_ln30_fu_152    |    0    |    0    |    11   |
|----------|------------------------|---------|---------|---------|
|   read   |    x_read_read_fu_44   |    0    |    0    |    0    |
|----------|------------------------|---------|---------|---------|
|   write  | write_ln38_write_fu_50 |    0    |    0    |    0    |
|----------|------------------------|---------|---------|---------|
|   sext   |    sext_ln29_fu_140    |    0    |    0    |    0    |
|          |    sext_ln35_fu_168    |    0    |    0    |    0    |
|----------|------------------------|---------|---------|---------|
| bitselect|       tmp_fu_144       |    0    |    0    |    0    |
|----------|------------------------|---------|---------|---------|
|   zext   |    zext_ln34_fu_158    |    0    |    0    |    0    |
|          |   zext_ln34_1_fu_163   |    0    |    0    |    0    |
|----------|------------------------|---------|---------|---------|
|   Total  |                        |    4    |    0    |   105   |
|----------|------------------------|---------|---------|---------|

Memories:
+---------+--------+--------+--------+--------+
|         |  BRAM  |   FF   |   LUT  |  URAM  |
+---------+--------+--------+--------+--------+
|    c1   |    0   |   10   |    2   |    -   |
|shift_reg|    0   |   64   |    6   |    0   |
+---------+--------+--------+--------+--------+
|  Total  |    0   |   74   |    8   |    0   |
+---------+--------+--------+--------+--------+

* Register list:
+----------------------+--------+
|                      |   FF   |
+----------------------+--------+
|     acc_0_reg_93     |   32   |
|      acc_reg_229     |   32   |
|    c1_addr_reg_209   |    4   |
|    c1_load_reg_219   |   10   |
|      i_0_reg_106     |    5   |
|       i_reg_234      |    5   |
|   icmp_ln30_reg_195  |    1   |
|   mul_ln31_reg_187   |   32   |
|   mul_ln35_reg_224   |   32   |
|     p_pn_reg_118     |   32   |
|shift_reg_addr_reg_199|    4   |
|shift_reg_load_reg_214|   32   |
|    x_read_reg_182    |   32   |
|  zext_ln34_1_reg_204 |   64   |
+----------------------+--------+
|         Total        |   317  |
+----------------------+--------+

* Multiplexer (MUX) list: 
|------------------|------|------|------|--------||---------||---------|
|       Comp       |  Pin | Size |  BW  | S x BW ||  Delay  ||   LUT   |
|------------------|------|------|------|--------||---------||---------|
| grp_access_fu_64 |  p0  |   4  |   4  |   16   ||    21   |
| grp_access_fu_64 |  p1  |   2  |  32  |   64   ||    9    |
| grp_access_fu_77 |  p0  |   2  |   4  |    8   ||    9    |
|   acc_0_reg_93   |  p0  |   2  |  32  |   64   ||    9    |
|    i_0_reg_106   |  p0  |   2  |   5  |   10   ||    9    |
|    grp_fu_127    |  p0  |   2  |   5  |   10   ||    9    |
|------------------|------|------|------|--------||---------||---------|
|       Total      |      |      |      |   172  || 10.7055 ||    66   |
|------------------|------|------|------|--------||---------||---------|



* Summary:
+-----------+--------+--------+--------+--------+--------+--------+
|           |  BRAM  | DSP48E |  Delay |   FF   |   LUT  |  URAM  |
+-----------+--------+--------+--------+--------+--------+--------+
|  Function |    -   |    4   |    -   |    0   |   105  |    -   |
|   Memory  |    0   |    -   |    -   |   74   |    8   |    0   |
|Multiplexer|    -   |    -   |   10   |    -   |   66   |    -   |
|  Register |    -   |    -   |    -   |   317  |    -   |    -   |
+-----------+--------+--------+--------+--------+--------+--------+
|   Total   |    0   |    4   |   10   |   391  |   179  |    0   |
+-----------+--------+--------+--------+--------+--------+--------+
