

================================================================
== Vivado HLS Report for 'fir'
================================================================
* Date:           Thu Oct 20 21:06:43 2022

* Version:        2020.1 (Build 2897737 on Wed May 27 20:21:37 MDT 2020)
* Project:        baseline
* Solution:       solution3
* Product family: zynq
* Target device:  xc7z020-clg400-1


================================================================
== Performance Estimates
================================================================
+ Timing: 
    * Summary: 
    +--------+----------+----------+------------+
    |  Clock |  Target  | Estimated| Uncertainty|
    +--------+----------+----------+------------+
    |ap_clk  | 10.00 ns | 8.510 ns |   1.25 ns  |
    +--------+----------+----------+------------+

+ Latency: 
    * Summary: 
    +---------+---------+----------+----------+-----+-----+---------+
    |  Latency (cycles) |  Latency (absolute) |  Interval | Pipeline|
    |   min   |   max   |    min   |    max   | min | max |   Type  |
    +---------+---------+----------+----------+-----+-----+---------+
    |      131|      131| 1.310 us | 1.310 us |  131|  131|   none  |
    +---------+---------+----------+----------+-----+-----+---------+

    + Detail: 
        * Instance: 
        N/A

        * Loop: 
        +--------------------+---------+---------+----------+-----------+-----------+------+----------+
        |                    |  Latency (cycles) | Iteration|  Initiation Interval  | Trip |          |
        |      Loop Name     |   min   |   max   |  Latency |  achieved |   target  | Count| Pipelined|
        +--------------------+---------+---------+----------+-----------+-----------+------+----------+
        |- Shift_Accum_Loop  |      129|      129|         4|          1|          1|   127|    yes   |
        +--------------------+---------+---------+----------+-----------+-----------+------+----------+



================================================================
== Utilization Estimates
================================================================
* Summary: 
+-----------------+---------+-------+--------+-------+-----+
|       Name      | BRAM_18K| DSP48E|   FF   |  LUT  | URAM|
+-----------------+---------+-------+--------+-------+-----+
|DSP              |        -|      -|       -|      -|    -|
|Expression       |        -|      2|       0|    153|    -|
|FIFO             |        -|      -|       -|      -|    -|
|Instance         |        -|      -|       -|      -|    -|
|Memory           |        2|      -|       5|     10|    0|
|Multiplexer      |        -|      -|       -|     81|    -|
|Register         |        0|      -|     194|     32|    -|
+-----------------+---------+-------+--------+-------+-----+
|Total            |        2|      2|     199|    276|    0|
+-----------------+---------+-------+--------+-------+-----+
|Available        |      280|    220|  106400|  53200|    0|
+-----------------+---------+-------+--------+-------+-----+
|Utilization (%)  |    ~0   |   ~0  |   ~0   |   ~0  |    0|
+-----------------+---------+-------+--------+-------+-----+

+ Detail: 
    * Instance: 
    N/A

    * DSP48E: 
    N/A

    * Memory: 
    +-------------+---------------+---------+---+----+-----+------+-----+------+-------------+
    |    Memory   |     Module    | BRAM_18K| FF| LUT| URAM| Words| Bits| Banks| W*Bits*Banks|
    +-------------+---------------+---------+---+----+-----+------+-----+------+-------------+
    |c_U          |fir_c          |        0|  5|  10|    0|   128|    5|     1|          640|
    |shift_reg_U  |fir_shift_reg  |        2|  0|   0|    0|   128|   32|     1|         4096|
    +-------------+---------------+---------+---+----+-----+------+-----+------+-------------+
    |Total        |               |        2|  5|  10|    0|   256|   37|     2|         4736|
    +-------------+---------------+---------+---+----+-----+------+-----+------+-------------+

    * FIFO: 
    N/A

    * Expression: 
    +-------------------------+----------+-------+---+----+------------+------------+
    |      Variable Name      | Operation| DSP48E| FF| LUT| Bitwidth P0| Bitwidth P1|
    +-------------------------+----------+-------+---+----+------------+------------+
    |mul_ln32_fu_149_p2       |     *    |      2|  0|  20|          32|           5|
    |acc_fu_154_p2            |     +    |      0|  0|  39|          32|          32|
    |add_ln35_fu_169_p2       |     +    |      0|  0|  32|          32|          32|
    |i_fu_130_p2              |     +    |      0|  0|  15|           7|           2|
    |y                        |     +    |      0|  0|  32|          32|          32|
    |icmp_ln30_fu_124_p2      |   icmp   |      0|  0|  11|           7|           1|
    |ap_enable_pp0            |    xor   |      0|  0|   2|           1|           2|
    |ap_enable_reg_pp0_iter1  |    xor   |      0|  0|   2|           2|           1|
    +-------------------------+----------+-------+---+----+------------+------------+
    |Total                    |          |      2|  0| 153|         145|         107|
    +-------------------------+----------+-------+---+----+------------+------------+

    * Multiplexer: 
    +------------------------------+----+-----------+-----+-----------+
    |             Name             | LUT| Input Size| Bits| Total Bits|
    +------------------------------+----+-----------+-----+-----------+
    |acc_0_reg_101                 |   9|          2|   32|         64|
    |ap_NS_fsm                     |  21|          4|    1|          4|
    |ap_enable_reg_pp0_iter1       |   9|          2|    1|          2|
    |ap_enable_reg_pp0_iter3       |   9|          2|    1|          2|
    |ap_phi_mux_i_0_phi_fu_117_p4  |   9|          2|    7|         14|
    |i_0_reg_113                   |   9|          2|    7|         14|
    |shift_reg_address0            |  15|          3|    7|         21|
    +------------------------------+----+-----------+-----+-----------+
    |Total                         |  81|         17|   56|        121|
    +------------------------------+----+-----------+-----+-----------+

    * Register: 
    +-------------------------+----+----+-----+-----------+
    |           Name          | FF | LUT| Bits| Const Bits|
    +-------------------------+----+----+-----+-----------+
    |acc_0_reg_101            |  32|   0|   32|          0|
    |ap_CS_fsm                |   3|   0|    3|          0|
    |ap_enable_reg_pp0_iter0  |   1|   0|    1|          0|
    |ap_enable_reg_pp0_iter1  |   1|   0|    1|          0|
    |ap_enable_reg_pp0_iter2  |   1|   0|    1|          0|
    |ap_enable_reg_pp0_iter3  |   1|   0|    1|          0|
    |c_load_reg_218           |   5|   0|    5|          0|
    |i_0_reg_113              |   7|   0|    7|          0|
    |i_reg_193                |   7|   0|    7|          0|
    |icmp_ln30_reg_189        |   1|   0|    1|          0|
    |mul_ln32_reg_223         |  32|   0|   32|          0|
    |shift_reg_load_reg_213   |  32|   0|   32|          0|
    |zext_ln31_1_reg_203      |   7|   0|   64|         57|
    |icmp_ln30_reg_189        |  64|  32|    1|          0|
    +-------------------------+----+----+-----+-----------+
    |Total                    | 194|  32|  188|         57|
    +-------------------------+----+----+-----+-----------+



================================================================
== Interface
================================================================
* Summary: 
+----------+-----+-----+------------+--------------+--------------+
| RTL Ports| Dir | Bits|  Protocol  | Source Object|    C Type    |
+----------+-----+-----+------------+--------------+--------------+
|ap_clk    |  in |    1| ap_ctrl_hs |      fir     | return value |
|ap_rst    |  in |    1| ap_ctrl_hs |      fir     | return value |
|ap_start  |  in |    1| ap_ctrl_hs |      fir     | return value |
|ap_done   | out |    1| ap_ctrl_hs |      fir     | return value |
|ap_idle   | out |    1| ap_ctrl_hs |      fir     | return value |
|ap_ready  | out |    1| ap_ctrl_hs |      fir     | return value |
|y         | out |   32|   ap_vld   |       y      |    pointer   |
|y_ap_vld  | out |    1|   ap_vld   |       y      |    pointer   |
|x         |  in |   32|   ap_none  |       x      |    scalar    |
+----------+-----+-----+------------+--------------+--------------+

