

================================================================
== Vivado HLS Report for 'fir'
================================================================
* Date:           Thu Oct 20 22:16:04 2022

* Version:        2020.1 (Build 2897737 on Wed May 27 20:21:37 MDT 2020)
* Project:        baseline
* Solution:       loop_unrolling_TDL3_arraypartition
* Product family: zynq
* Target device:  xc7z020-clg400-1


================================================================
== Performance Estimates
================================================================
+ Timing: 
    * Summary: 
    +--------+----------+----------+------------+
    |  Clock |  Target  | Estimated| Uncertainty|
    +--------+----------+----------+------------+
    |ap_clk  | 10.00 ns | 8.510 ns |   1.25 ns  |
    +--------+----------+----------+------------+

+ Latency: 
    * Summary: 
    +---------+---------+----------+----------+-----+-----+---------+
    |  Latency (cycles) |  Latency (absolute) |  Interval | Pipeline|
    |   min   |   max   |    min   |    max   | min | max |   Type  |
    +---------+---------+----------+----------+-----+-----+---------+
    |      729|      732| 7.290 us | 7.320 us |  729|  732|   none  |
    +---------+---------+----------+----------+-----+-----+---------+

    + Detail: 
        * Instance: 
        N/A

        * Loop: 
        +----------+---------+---------+----------+-----------+-----------+------+----------+
        |          |  Latency (cycles) | Iteration|  Initiation Interval  | Trip |          |
        | Loop Name|   min   |   max   |  Latency |  achieved |   target  | Count| Pipelined|
        +----------+---------+---------+----------+-----------+-----------+------+----------+
        |- TDL     |      215|      217|         5|          -|          -|    43|    no    |
        |- MAC     |      512|      512|         4|          -|          -|   128|    no    |
        +----------+---------+---------+----------+-----------+-----------+------+----------+



================================================================
== Utilization Estimates
================================================================
* Summary: 
+-----------------+---------+-------+--------+-------+-----+
|       Name      | BRAM_18K| DSP48E|   FF   |  LUT  | URAM|
+-----------------+---------+-------+--------+-------+-----+
|DSP              |        -|      -|       -|      -|    -|
|Expression       |        -|      2|       0|    156|    -|
|FIFO             |        -|      -|       -|      -|    -|
|Instance         |        -|      -|       -|      -|    -|
|Memory           |        0|      -|       5|     10|    -|
|Multiplexer      |        -|      -|       -|   4207|    -|
|Register         |        -|      -|    8360|      -|    -|
+-----------------+---------+-------+--------+-------+-----+
|Total            |        0|      2|    8365|   4373|    0|
+-----------------+---------+-------+--------+-------+-----+
|Available        |      280|    220|  106400|  53200|    0|
+-----------------+---------+-------+--------+-------+-----+
|Utilization (%)  |        0|   ~0  |       7|      8|    0|
+-----------------+---------+-------+--------+-------+-----+

+ Detail: 
    * Instance: 
    N/A

    * DSP48E: 
    N/A

    * Memory: 
    +-------+-------+---------+---+----+-----+------+-----+------+-------------+
    | Memory| Module| BRAM_18K| FF| LUT| URAM| Words| Bits| Banks| W*Bits*Banks|
    +-------+-------+---------+---+----+-----+------+-----+------+-------------+
    |c_U    |fir_c  |        0|  5|  10|    0|   128|    5|     1|          640|
    +-------+-------+---------+---+----+-----+------+-----+------+-------------+
    |Total  |       |        0|  5|  10|    0|   128|    5|     1|          640|
    +-------+-------+---------+---+----+-----+------+-----+------+-------------+

    * FIFO: 
    N/A

    * Expression: 
    +------------------------+----------+-------+---+----+------------+------------+
    |      Variable Name     | Operation| DSP48E| FF| LUT| Bitwidth P0| Bitwidth P1|
    +------------------------+----------+-------+---+----+------------+------------+
    |mul_ln38_fu_5557_p2     |     *    |      2|  0|  20|           5|          32|
    |acc_fu_5563_p2          |     +    |      0|  0|  39|          32|          32|
    |add_ln31_1_fu_3975_p2   |     +    |      0|  0|  15|           8|           3|
    |add_ln31_2_fu_4748_p2   |     +    |      0|  0|  15|           8|           3|
    |add_ln31_fu_3202_p2     |     +    |      0|  0|  15|           2|           8|
    |i_fu_5548_p2            |     +    |      0|  0|  15|           8|           2|
    |ap_condition_1360       |    and   |      0|  0|   2|           1|           1|
    |icmp_ln30_1_fu_3970_p2  |   icmp   |      0|  0|  11|           8|           1|
    |icmp_ln30_2_fu_4743_p2  |   icmp   |      0|  0|  11|           8|           1|
    |icmp_ln30_fu_3192_p2    |   icmp   |      0|  0|  11|           8|           1|
    |ap_condition_1793       |    or    |      0|  0|   2|           1|           1|
    +------------------------+----------+-------+---+----+------------+------------+
    |Total                   |          |      2|  0| 156|          89|          85|
    +------------------------+----------+-------+---+----+------------+------------+

    * Multiplexer: 
    +--------------------------------------------+-----+-----------+-----+-----------+
    |                    Name                    | LUT | Input Size| Bits| Total Bits|
    +--------------------------------------------+-----+-----------+-----+-----------+
    |UnifiedRetVal_i257_reg_1116                 |  545|        128|   32|       4096|
    |UnifiedRetVal_i515_reg_1401                 |  545|        128|   32|       4096|
    |acc_0_reg_1377                              |    9|          2|   32|         64|
    |ap_NS_fsm                                   |   50|         11|    1|         11|
    |ap_phi_mux_UnifiedRetVal_i_phi_fu_858_p256  |  581|        129|   32|       4128|
    |ap_phi_mux_phi_ln31_phi_fu_599_p254         |  545|        128|   32|       4096|
    |i_0_0_reg_584                               |    9|          2|    8|         16|
    |i_1_reg_1390                                |    9|          2|    8|         16|
    |shift_reg                                   |    9|          2|   32|         64|
    |shift_reg_0                                 |   15|          3|   32|         96|
    |shift_reg_1                                 |   15|          3|   32|         96|
    |shift_reg_10                                |   15|          3|   32|         96|
    |shift_reg_11                                |   15|          3|   32|         96|
    |shift_reg_12                                |   15|          3|   32|         96|
    |shift_reg_126                               |   15|          3|   32|         96|
    |shift_reg_127                               |   15|          3|   32|         96|
    |shift_reg_128                               |   15|          3|   32|         96|
    |shift_reg_129                               |   15|          3|   32|         96|
    |shift_reg_13                                |   15|          3|   32|         96|
    |shift_reg_130                               |   15|          3|   32|         96|
    |shift_reg_131                               |   15|          3|   32|         96|
    |shift_reg_132                               |   15|          3|   32|         96|
    |shift_reg_133                               |   15|          3|   32|         96|
    |shift_reg_134                               |   15|          3|   32|         96|
    |shift_reg_135                               |   15|          3|   32|         96|
    |shift_reg_136                               |   15|          3|   32|         96|
    |shift_reg_137                               |   15|          3|   32|         96|
    |shift_reg_138                               |   15|          3|   32|         96|
    |shift_reg_139                               |   15|          3|   32|         96|
    |shift_reg_14                                |   15|          3|   32|         96|
    |shift_reg_140                               |   15|          3|   32|         96|
    |shift_reg_141                               |   15|          3|   32|         96|
    |shift_reg_142                               |   15|          3|   32|         96|
    |shift_reg_143                               |   15|          3|   32|         96|
    |shift_reg_144                               |   15|          3|   32|         96|
    |shift_reg_145                               |   15|          3|   32|         96|
    |shift_reg_146                               |   15|          3|   32|         96|
    |shift_reg_147                               |   15|          3|   32|         96|
    |shift_reg_148                               |   15|          3|   32|         96|
    |shift_reg_149                               |   15|          3|   32|         96|
    |shift_reg_15                                |   15|          3|   32|         96|
    |shift_reg_150                               |   15|          3|   32|         96|
    |shift_reg_151                               |   15|          3|   32|         96|
    |shift_reg_152                               |   15|          3|   32|         96|
    |shift_reg_16                                |   15|          3|   32|         96|
    |shift_reg_17                                |   15|          3|   32|         96|
    |shift_reg_18                                |   15|          3|   32|         96|
    |shift_reg_19                                |   15|          3|   32|         96|
    |shift_reg_2                                 |   15|          3|   32|         96|
    |shift_reg_20                                |   15|          3|   32|         96|
    |shift_reg_21                                |   15|          3|   32|         96|
    |shift_reg_22                                |   15|          3|   32|         96|
    |shift_reg_23                                |   15|          3|   32|         96|
    |shift_reg_24                                |   15|          3|   32|         96|
    |shift_reg_25                                |   15|          3|   32|         96|
    |shift_reg_26                                |   15|          3|   32|         96|
    |shift_reg_27                                |   15|          3|   32|         96|
    |shift_reg_28                                |   15|          3|   32|         96|
    |shift_reg_29                                |   15|          3|   32|         96|
    |shift_reg_3                                 |   15|          3|   32|         96|
    |shift_reg_30                                |   15|          3|   32|         96|
    |shift_reg_31                                |   15|          3|   32|         96|
    |shift_reg_32                                |   15|          3|   32|         96|
    |shift_reg_33                                |   15|          3|   32|         96|
    |shift_reg_34                                |   15|          3|   32|         96|
    |shift_reg_35                                |   15|          3|   32|         96|
    |shift_reg_36                                |   15|          3|   32|         96|
    |shift_reg_37                                |   15|          3|   32|         96|
    |shift_reg_38                                |   15|          3|   32|         96|
    |shift_reg_39                                |   15|          3|   32|         96|
    |shift_reg_4                                 |   15|          3|   32|         96|
    |shift_reg_40                                |   15|          3|   32|         96|
    |shift_reg_41                                |   15|          3|   32|         96|
    |shift_reg_42                                |   15|          3|   32|         96|
    |shift_reg_43                                |   15|          3|   32|         96|
    |shift_reg_44                                |   15|          3|   32|         96|
    |shift_reg_45                                |   15|          3|   32|         96|
    |shift_reg_46                                |   15|          3|   32|         96|
    |shift_reg_47                                |   15|          3|   32|         96|
    |shift_reg_48                                |   15|          3|   32|         96|
    |shift_reg_49                                |   15|          3|   32|         96|
    |shift_reg_5                                 |   15|          3|   32|         96|
    |shift_reg_50                                |   15|          3|   32|         96|
    |shift_reg_51                                |   15|          3|   32|         96|
    |shift_reg_52                                |   15|          3|   32|         96|
    |shift_reg_53                                |   15|          3|   32|         96|
    |shift_reg_54                                |   15|          3|   32|         96|
    |shift_reg_55                                |   15|          3|   32|         96|
    |shift_reg_56                                |   15|          3|   32|         96|
    |shift_reg_57                                |   15|          3|   32|         96|
    |shift_reg_58                                |   15|          3|   32|         96|
    |shift_reg_59                                |   15|          3|   32|         96|
    |shift_reg_6                                 |   15|          3|   32|         96|
    |shift_reg_60                                |   15|          3|   32|         96|
    |shift_reg_61                                |   15|          3|   32|         96|
    |shift_reg_62                                |   15|          3|   32|         96|
    |shift_reg_63                                |   15|          3|   32|         96|
    |shift_reg_64                                |   15|          3|   32|         96|
    |shift_reg_65                                |   15|          3|   32|         96|
    |shift_reg_66                                |   15|          3|   32|         96|
    |shift_reg_67                                |   15|          3|   32|         96|
    |shift_reg_68                                |   15|          3|   32|         96|
    |shift_reg_69                                |   15|          3|   32|         96|
    |shift_reg_7                                 |   15|          3|   32|         96|
    |shift_reg_70                                |   15|          3|   32|         96|
    |shift_reg_71                                |   15|          3|   32|         96|
    |shift_reg_72                                |   15|          3|   32|         96|
    |shift_reg_73                                |   15|          3|   32|         96|
    |shift_reg_74                                |   15|          3|   32|         96|
    |shift_reg_75                                |   15|          3|   32|         96|
    |shift_reg_76                                |   15|          3|   32|         96|
    |shift_reg_77                                |   15|          3|   32|         96|
    |shift_reg_78                                |   15|          3|   32|         96|
    |shift_reg_79                                |   15|          3|   32|         96|
    |shift_reg_8                                 |   15|          3|   32|         96|
    |shift_reg_80                                |   15|          3|   32|         96|
    |shift_reg_81                                |   15|          3|   32|         96|
    |shift_reg_82                                |   15|          3|   32|         96|
    |shift_reg_83                                |   15|          3|   32|         96|
    |shift_reg_84                                |   15|          3|   32|         96|
    |shift_reg_85                                |   15|          3|   32|         96|
    |shift_reg_86                                |   15|          3|   32|         96|
    |shift_reg_87                                |   15|          3|   32|         96|
    |shift_reg_88                                |   15|          3|   32|         96|
    |shift_reg_89                                |   15|          3|   32|         96|
    |shift_reg_9                                 |   15|          3|   32|         96|
    |shift_reg_90                                |   15|          3|   32|         96|
    |shift_reg_91                                |   15|          3|   32|         96|
    |shift_reg_92                                |   15|          3|   32|         96|
    |shift_reg_93                                |   15|          3|   32|         96|
    |shift_reg_94                                |   15|          3|   32|         96|
    |shift_reg_95                                |   15|          3|   32|         96|
    |shift_reg_96                                |   15|          3|   32|         96|
    |shift_reg_97                                |   15|          3|   32|         96|
    |shift_reg_98                                |   15|          3|   32|         96|
    |shift_reg_99                                |   15|          3|   32|         96|
    +--------------------------------------------+-----+-----------+-----+-----------+
    |Total                                       | 4207|        913| 4273|      28779|
    +--------------------------------------------+-----+-----------+-----+-----------+

    * Register: 
    +-----------------------------+----+----+-----+-----------+
    |             Name            | FF | LUT| Bits| Const Bits|
    +-----------------------------+----+----+-----+-----------+
    |UnifiedRetVal_i257_reg_1116  |  32|   0|   32|          0|
    |UnifiedRetVal_i515_reg_1401  |  32|   0|   32|          0|
    |acc_0_reg_1377               |  32|   0|   32|          0|
    |add_ln31_1_reg_5591          |   8|   0|    8|          0|
    |add_ln31_2_reg_5599          |   8|   0|    8|          0|
    |add_ln31_reg_5582            |   8|   0|    8|          0|
    |ap_CS_fsm                    |  10|   0|   10|          0|
    |c_load_reg_5625              |   5|   0|    5|          0|
    |i_0_0_reg_584                |   8|   0|    8|          0|
    |i_1_reg_1390                 |   8|   0|    8|          0|
    |i_reg_5620                   |   8|   0|    8|          0|
    |icmp_ln30_1_reg_5587         |   1|   0|    1|          0|
    |icmp_ln30_reg_5574           |   1|   0|    1|          0|
    |mul_ln38_reg_5630            |  32|   0|   32|          0|
    |reg_2430                     |  32|   0|   32|          0|
    |reg_2436                     |  32|   0|   32|          0|
    |reg_2442                     |  32|   0|   32|          0|
    |reg_2448                     |  32|   0|   32|          0|
    |reg_2454                     |  32|   0|   32|          0|
    |reg_2460                     |  32|   0|   32|          0|
    |reg_2466                     |  32|   0|   32|          0|
    |reg_2472                     |  32|   0|   32|          0|
    |reg_2478                     |  32|   0|   32|          0|
    |reg_2484                     |  32|   0|   32|          0|
    |reg_2490                     |  32|   0|   32|          0|
    |reg_2496                     |  32|   0|   32|          0|
    |reg_2502                     |  32|   0|   32|          0|
    |reg_2508                     |  32|   0|   32|          0|
    |reg_2514                     |  32|   0|   32|          0|
    |reg_2520                     |  32|   0|   32|          0|
    |reg_2526                     |  32|   0|   32|          0|
    |reg_2532                     |  32|   0|   32|          0|
    |reg_2538                     |  32|   0|   32|          0|
    |reg_2544                     |  32|   0|   32|          0|
    |reg_2550                     |  32|   0|   32|          0|
    |reg_2556                     |  32|   0|   32|          0|
    |reg_2562                     |  32|   0|   32|          0|
    |reg_2568                     |  32|   0|   32|          0|
    |reg_2574                     |  32|   0|   32|          0|
    |reg_2580                     |  32|   0|   32|          0|
    |reg_2586                     |  32|   0|   32|          0|
    |reg_2592                     |  32|   0|   32|          0|
    |reg_2598                     |  32|   0|   32|          0|
    |reg_2604                     |  32|   0|   32|          0|
    |reg_2610                     |  32|   0|   32|          0|
    |reg_2616                     |  32|   0|   32|          0|
    |reg_2622                     |  32|   0|   32|          0|
    |reg_2628                     |  32|   0|   32|          0|
    |reg_2634                     |  32|   0|   32|          0|
    |reg_2640                     |  32|   0|   32|          0|
    |reg_2646                     |  32|   0|   32|          0|
    |reg_2652                     |  32|   0|   32|          0|
    |reg_2658                     |  32|   0|   32|          0|
    |reg_2664                     |  32|   0|   32|          0|
    |reg_2670                     |  32|   0|   32|          0|
    |reg_2676                     |  32|   0|   32|          0|
    |reg_2682                     |  32|   0|   32|          0|
    |reg_2688                     |  32|   0|   32|          0|
    |reg_2694                     |  32|   0|   32|          0|
    |reg_2700                     |  32|   0|   32|          0|
    |reg_2706                     |  32|   0|   32|          0|
    |reg_2712                     |  32|   0|   32|          0|
    |reg_2718                     |  32|   0|   32|          0|
    |reg_2724                     |  32|   0|   32|          0|
    |reg_2730                     |  32|   0|   32|          0|
    |reg_2736                     |  32|   0|   32|          0|
    |reg_2742                     |  32|   0|   32|          0|
    |reg_2748                     |  32|   0|   32|          0|
    |reg_2754                     |  32|   0|   32|          0|
    |reg_2760                     |  32|   0|   32|          0|
    |reg_2766                     |  32|   0|   32|          0|
    |reg_2772                     |  32|   0|   32|          0|
    |reg_2778                     |  32|   0|   32|          0|
    |reg_2784                     |  32|   0|   32|          0|
    |reg_2790                     |  32|   0|   32|          0|
    |reg_2796                     |  32|   0|   32|          0|
    |reg_2802                     |  32|   0|   32|          0|
    |reg_2808                     |  32|   0|   32|          0|
    |reg_2814                     |  32|   0|   32|          0|
    |reg_2820                     |  32|   0|   32|          0|
    |reg_2826                     |  32|   0|   32|          0|
    |reg_2832                     |  32|   0|   32|          0|
    |reg_2838                     |  32|   0|   32|          0|
    |reg_2844                     |  32|   0|   32|          0|
    |reg_2850                     |  32|   0|   32|          0|
    |reg_2856                     |  32|   0|   32|          0|
    |reg_2862                     |  32|   0|   32|          0|
    |reg_2868                     |  32|   0|   32|          0|
    |reg_2874                     |  32|   0|   32|          0|
    |reg_2880                     |  32|   0|   32|          0|
    |reg_2886                     |  32|   0|   32|          0|
    |reg_2892                     |  32|   0|   32|          0|
    |reg_2898                     |  32|   0|   32|          0|
    |reg_2904                     |  32|   0|   32|          0|
    |reg_2910                     |  32|   0|   32|          0|
    |reg_2916                     |  32|   0|   32|          0|
    |reg_2922                     |  32|   0|   32|          0|
    |reg_2928                     |  32|   0|   32|          0|
    |reg_2934                     |  32|   0|   32|          0|
    |reg_2940                     |  32|   0|   32|          0|
    |reg_2946                     |  32|   0|   32|          0|
    |reg_2952                     |  32|   0|   32|          0|
    |reg_2958                     |  32|   0|   32|          0|
    |reg_2964                     |  32|   0|   32|          0|
    |reg_2970                     |  32|   0|   32|          0|
    |reg_2976                     |  32|   0|   32|          0|
    |reg_2982                     |  32|   0|   32|          0|
    |reg_2988                     |  32|   0|   32|          0|
    |reg_2994                     |  32|   0|   32|          0|
    |reg_3000                     |  32|   0|   32|          0|
    |reg_3006                     |  32|   0|   32|          0|
    |reg_3012                     |  32|   0|   32|          0|
    |reg_3018                     |  32|   0|   32|          0|
    |reg_3024                     |  32|   0|   32|          0|
    |reg_3030                     |  32|   0|   32|          0|
    |reg_3036                     |  32|   0|   32|          0|
    |reg_3042                     |  32|   0|   32|          0|
    |reg_3048                     |  32|   0|   32|          0|
    |reg_3054                     |  32|   0|   32|          0|
    |reg_3060                     |  32|   0|   32|          0|
    |reg_3066                     |  32|   0|   32|          0|
    |reg_3072                     |  32|   0|   32|          0|
    |reg_3078                     |  32|   0|   32|          0|
    |reg_3084                     |  32|   0|   32|          0|
    |reg_3090                     |  32|   0|   32|          0|
    |reg_3096                     |  32|   0|   32|          0|
    |reg_3102                     |  32|   0|   32|          0|
    |reg_3108                     |  32|   0|   32|          0|
    |reg_3114                     |  32|   0|   32|          0|
    |reg_3120                     |  32|   0|   32|          0|
    |reg_3126                     |  32|   0|   32|          0|
    |reg_3132                     |  32|   0|   32|          0|
    |reg_3138                     |  32|   0|   32|          0|
    |reg_3144                     |  32|   0|   32|          0|
    |reg_3150                     |  32|   0|   32|          0|
    |reg_3156                     |  32|   0|   32|          0|
    |reg_3162                     |  32|   0|   32|          0|
    |reg_3168                     |  32|   0|   32|          0|
    |reg_3174                     |  32|   0|   32|          0|
    |reg_3180                     |  32|   0|   32|          0|
    |reg_3186                     |  32|   0|   32|          0|
    |shift_reg                    |  32|   0|   32|          0|
    |shift_reg_0                  |  32|   0|   32|          0|
    |shift_reg_1                  |  32|   0|   32|          0|
    |shift_reg_10                 |  32|   0|   32|          0|
    |shift_reg_11                 |  32|   0|   32|          0|
    |shift_reg_12                 |  32|   0|   32|          0|
    |shift_reg_126                |  32|   0|   32|          0|
    |shift_reg_127                |  32|   0|   32|          0|
    |shift_reg_128                |  32|   0|   32|          0|
    |shift_reg_129                |  32|   0|   32|          0|
    |shift_reg_13                 |  32|   0|   32|          0|
    |shift_reg_130                |  32|   0|   32|          0|
    |shift_reg_131                |  32|   0|   32|          0|
    |shift_reg_132                |  32|   0|   32|          0|
    |shift_reg_133                |  32|   0|   32|          0|
    |shift_reg_134                |  32|   0|   32|          0|
    |shift_reg_135                |  32|   0|   32|          0|
    |shift_reg_136                |  32|   0|   32|          0|
    |shift_reg_137                |  32|   0|   32|          0|
    |shift_reg_138                |  32|   0|   32|          0|
    |shift_reg_139                |  32|   0|   32|          0|
    |shift_reg_14                 |  32|   0|   32|          0|
    |shift_reg_140                |  32|   0|   32|          0|
    |shift_reg_141                |  32|   0|   32|          0|
    |shift_reg_142                |  32|   0|   32|          0|
    |shift_reg_143                |  32|   0|   32|          0|
    |shift_reg_144                |  32|   0|   32|          0|
    |shift_reg_145                |  32|   0|   32|          0|
    |shift_reg_146                |  32|   0|   32|          0|
    |shift_reg_147                |  32|   0|   32|          0|
    |shift_reg_148                |  32|   0|   32|          0|
    |shift_reg_149                |  32|   0|   32|          0|
    |shift_reg_15                 |  32|   0|   32|          0|
    |shift_reg_150                |  32|   0|   32|          0|
    |shift_reg_151                |  32|   0|   32|          0|
    |shift_reg_152                |  32|   0|   32|          0|
    |shift_reg_16                 |  32|   0|   32|          0|
    |shift_reg_17                 |  32|   0|   32|          0|
    |shift_reg_18                 |  32|   0|   32|          0|
    |shift_reg_19                 |  32|   0|   32|          0|
    |shift_reg_2                  |  32|   0|   32|          0|
    |shift_reg_20                 |  32|   0|   32|          0|
    |shift_reg_21                 |  32|   0|   32|          0|
    |shift_reg_22                 |  32|   0|   32|          0|
    |shift_reg_23                 |  32|   0|   32|          0|
    |shift_reg_24                 |  32|   0|   32|          0|
    |shift_reg_25                 |  32|   0|   32|          0|
    |shift_reg_26                 |  32|   0|   32|          0|
    |shift_reg_27                 |  32|   0|   32|          0|
    |shift_reg_28                 |  32|   0|   32|          0|
    |shift_reg_29                 |  32|   0|   32|          0|
    |shift_reg_3                  |  32|   0|   32|          0|
    |shift_reg_30                 |  32|   0|   32|          0|
    |shift_reg_31                 |  32|   0|   32|          0|
    |shift_reg_32                 |  32|   0|   32|          0|
    |shift_reg_33                 |  32|   0|   32|          0|
    |shift_reg_34                 |  32|   0|   32|          0|
    |shift_reg_35                 |  32|   0|   32|          0|
    |shift_reg_36                 |  32|   0|   32|          0|
    |shift_reg_37                 |  32|   0|   32|          0|
    |shift_reg_38                 |  32|   0|   32|          0|
    |shift_reg_39                 |  32|   0|   32|          0|
    |shift_reg_4                  |  32|   0|   32|          0|
    |shift_reg_40                 |  32|   0|   32|          0|
    |shift_reg_41                 |  32|   0|   32|          0|
    |shift_reg_42                 |  32|   0|   32|          0|
    |shift_reg_43                 |  32|   0|   32|          0|
    |shift_reg_44                 |  32|   0|   32|          0|
    |shift_reg_45                 |  32|   0|   32|          0|
    |shift_reg_46                 |  32|   0|   32|          0|
    |shift_reg_47                 |  32|   0|   32|          0|
    |shift_reg_48                 |  32|   0|   32|          0|
    |shift_reg_49                 |  32|   0|   32|          0|
    |shift_reg_5                  |  32|   0|   32|          0|
    |shift_reg_50                 |  32|   0|   32|          0|
    |shift_reg_51                 |  32|   0|   32|          0|
    |shift_reg_52                 |  32|   0|   32|          0|
    |shift_reg_53                 |  32|   0|   32|          0|
    |shift_reg_54                 |  32|   0|   32|          0|
    |shift_reg_55                 |  32|   0|   32|          0|
    |shift_reg_56                 |  32|   0|   32|          0|
    |shift_reg_57                 |  32|   0|   32|          0|
    |shift_reg_58                 |  32|   0|   32|          0|
    |shift_reg_59                 |  32|   0|   32|          0|
    |shift_reg_6                  |  32|   0|   32|          0|
    |shift_reg_60                 |  32|   0|   32|          0|
    |shift_reg_61                 |  32|   0|   32|          0|
    |shift_reg_62                 |  32|   0|   32|          0|
    |shift_reg_63                 |  32|   0|   32|          0|
    |shift_reg_64                 |  32|   0|   32|          0|
    |shift_reg_65                 |  32|   0|   32|          0|
    |shift_reg_66                 |  32|   0|   32|          0|
    |shift_reg_67                 |  32|   0|   32|          0|
    |shift_reg_68                 |  32|   0|   32|          0|
    |shift_reg_69                 |  32|   0|   32|          0|
    |shift_reg_7                  |  32|   0|   32|          0|
    |shift_reg_70                 |  32|   0|   32|          0|
    |shift_reg_71                 |  32|   0|   32|          0|
    |shift_reg_72                 |  32|   0|   32|          0|
    |shift_reg_73                 |  32|   0|   32|          0|
    |shift_reg_74                 |  32|   0|   32|          0|
    |shift_reg_75                 |  32|   0|   32|          0|
    |shift_reg_76                 |  32|   0|   32|          0|
    |shift_reg_77                 |  32|   0|   32|          0|
    |shift_reg_78                 |  32|   0|   32|          0|
    |shift_reg_79                 |  32|   0|   32|          0|
    |shift_reg_8                  |  32|   0|   32|          0|
    |shift_reg_80                 |  32|   0|   32|          0|
    |shift_reg_81                 |  32|   0|   32|          0|
    |shift_reg_82                 |  32|   0|   32|          0|
    |shift_reg_83                 |  32|   0|   32|          0|
    |shift_reg_84                 |  32|   0|   32|          0|
    |shift_reg_85                 |  32|   0|   32|          0|
    |shift_reg_86                 |  32|   0|   32|          0|
    |shift_reg_87                 |  32|   0|   32|          0|
    |shift_reg_88                 |  32|   0|   32|          0|
    |shift_reg_89                 |  32|   0|   32|          0|
    |shift_reg_9                  |  32|   0|   32|          0|
    |shift_reg_90                 |  32|   0|   32|          0|
    |shift_reg_91                 |  32|   0|   32|          0|
    |shift_reg_92                 |  32|   0|   32|          0|
    |shift_reg_93                 |  32|   0|   32|          0|
    |shift_reg_94                 |  32|   0|   32|          0|
    |shift_reg_95                 |  32|   0|   32|          0|
    |shift_reg_96                 |  32|   0|   32|          0|
    |shift_reg_97                 |  32|   0|   32|          0|
    |shift_reg_98                 |  32|   0|   32|          0|
    |shift_reg_99                 |  32|   0|   32|          0|
    |trunc_ln31_reg_5578          |   7|   0|    7|          0|
    +-----------------------------+----+----+-----+-----------+
    |Total                        |8360|   0| 8360|          0|
    +-----------------------------+----+----+-----+-----------+



================================================================
== Interface
================================================================
* Summary: 
+----------+-----+-----+------------+--------------+--------------+
| RTL Ports| Dir | Bits|  Protocol  | Source Object|    C Type    |
+----------+-----+-----+------------+--------------+--------------+
|ap_clk    |  in |    1| ap_ctrl_hs |      fir     | return value |
|ap_rst    |  in |    1| ap_ctrl_hs |      fir     | return value |
|ap_start  |  in |    1| ap_ctrl_hs |      fir     | return value |
|ap_done   | out |    1| ap_ctrl_hs |      fir     | return value |
|ap_idle   | out |    1| ap_ctrl_hs |      fir     | return value |
|ap_ready  | out |    1| ap_ctrl_hs |      fir     | return value |
|y         | out |   32|   ap_vld   |       y      |    pointer   |
|y_ap_vld  | out |    1|   ap_vld   |       y      |    pointer   |
|x         |  in |   32|   ap_none  |       x      |    scalar    |
+----------+-----+-----+------------+--------------+--------------+

