

================================================================
== Vitis HLS Report for 'dpu_func_Pipeline_FUNC_SUB_LOOP1'
================================================================
* Date:           Thu Dec 29 02:48:25 2022

* Version:        2022.1 (Build 3526262 on Mon Apr 18 15:48:16 MDT 2022)
* Project:        HLS_final_vitis
* Solution:       solution1 (Vivado IP Flow Target)
* Product family: virtexuplus
* Target device:  xcvu11p-flga2577-1-e


================================================================
== Performance Estimates
================================================================
+ Timing: 
    * Summary: 
    +--------+----------+----------+------------+
    |  Clock |  Target  | Estimated| Uncertainty|
    +--------+----------+----------+------------+
    |ap_clk  |  10.00 ns|  7.121 ns|     2.70 ns|
    +--------+----------+----------+------------+

+ Latency: 
    * Summary: 
    +---------+---------+----------+----------+-----+-----+---------+
    |  Latency (cycles) |  Latency (absolute) |  Interval | Pipeline|
    |   min   |   max   |    min   |    max   | min | max |   Type  |
    +---------+---------+----------+----------+-----+-----+---------+
    |      167|      200|  1.670 us|  2.000 us|  167|  200|       no|
    +---------+---------+----------+----------+-----+-----+---------+

    + Detail: 
        * Instance: 
        +----------------------------+----------+---------+---------+-----------+-----------+-----+-----+---------+
        |                            |          |  Latency (cycles) |   Latency (absolute)  |  Interval | Pipeline|
        |          Instance          |  Module  |   min   |   max   |    min    |    max    | min | max |   Type  |
        +----------------------------+----------+---------+---------+-----------+-----------+-----+-----+---------+
        |grp_read_p1_fu_178          |read_p1   |        1|        1|  10.000 ns|  10.000 ns|    1|    1|      yes|
        |grp_read_p2_fu_185          |read_p2   |        1|        1|  10.000 ns|  10.000 ns|    1|    1|      yes|
        |grp_dpu_unit_fu_192         |dpu_unit  |       27|       27|   0.270 us|   0.270 us|    1|    1|      yes|
        |call_ln154_write_p3_fu_201  |write_p3  |        0|        0|       0 ns|       0 ns|    1|    1|      yes|
        +----------------------------+----------+---------+---------+-----------+-----------+-----+-----+---------+

        * Loop: 
        +------------------+---------+---------+----------+-----------+-----------+-------+----------+
        |                  |  Latency (cycles) | Iteration|  Initiation Interval  |  Trip |          |
        |     Loop Name    |   min   |   max   |  Latency |  achieved |   target  | Count | Pipelined|
        +------------------+---------+---------+----------+-----------+-----------+-------+----------+
        |- FUNC_SUB_LOOP1  |      165|      198|        34|         33|          1|  5 ~ 6|       yes|
        +------------------+---------+---------+----------+-----------+-----------+-------+----------+



================================================================
== Utilization Estimates
================================================================
* Summary: 
+---------------------+---------+------+---------+---------+-----+
|         Name        | BRAM_18K|  DSP |    FF   |   LUT   | URAM|
+---------------------+---------+------+---------+---------+-----+
|DSP                  |        -|     -|        -|        -|    -|
|Expression           |        -|     -|        0|       63|    -|
|FIFO                 |        -|     -|        -|        -|    -|
|Instance             |        -|   768|   446380|   483045|    -|
|Memory               |        -|     -|        -|        -|    -|
|Multiplexer          |        -|     -|        -|      293|    -|
|Register             |        -|     -|    49217|        -|    -|
+---------------------+---------+------+---------+---------+-----+
|Total                |        0|   768|   495597|   483401|    0|
+---------------------+---------+------+---------+---------+-----+
|Available SLR        |     1344|  3072|   864000|   432000|  320|
+---------------------+---------+------+---------+---------+-----+
|Utilization SLR (%)  |        0|    25|       57|      111|    0|
+---------------------+---------+------+---------+---------+-----+
|Available            |     4032|  9216|  2592000|  1296000|  960|
+---------------------+---------+------+---------+---------+-----+
|Utilization (%)      |        0|     8|       19|       37|    0|
+---------------------+---------+------+---------+---------+-----+

+ Detail: 
    * Instance: 
    +----------------------------+----------+---------+-----+--------+--------+-----+
    |          Instance          |  Module  | BRAM_18K| DSP |   FF   |   LUT  | URAM|
    +----------------------------+----------+---------+-----+--------+--------+-----+
    |grp_dpu_unit_fu_192         |dpu_unit  |        0|  768|  446376|  483032|    0|
    |grp_read_p1_fu_178          |read_p1   |        0|    0|       2|       2|    0|
    |grp_read_p2_fu_185          |read_p2   |        0|    0|       2|       2|    0|
    |call_ln154_write_p3_fu_201  |write_p3  |        0|    0|       0|       9|    0|
    +----------------------------+----------+---------+-----+--------+--------+-----+
    |Total                       |          |        0|  768|  446380|  483045|    0|
    +----------------------------+----------+---------+-----+--------+--------+-----+

    * DSP: 
    N/A

    * Memory: 
    N/A

    * FIFO: 
    N/A

    * Expression: 
    +----------------------+----------+----+---+----+------------+------------+
    |     Variable Name    | Operation| DSP| FF| LUT| Bitwidth P0| Bitwidth P1|
    +----------------------+----------+----+---+----+------------+------------+
    |add_ln151_fu_265_p2   |         +|   0|  0|  15|           8|           8|
    |add_ln152_fu_271_p2   |         +|   0|  0|  14|           7|           7|
    |add_ln154_fu_277_p2   |         +|   0|  0|  14|           7|           7|
    |i_33_fu_251_p2        |         +|   0|  0|  10|           3|           1|
    |icmp_ln149_fu_245_p2  |      icmp|   0|  0|   8|           3|           3|
    |ap_enable_pp0         |       xor|   0|  0|   2|           1|           2|
    +----------------------+----------+----+---+----+------------+------------+
    |Total                 |          |   0|  0|  63|          29|          28|
    +----------------------+----------+----+---+----+------------+------------+

    * Multiplexer: 
    +-----------------------------+-----+-----------+------+-----------+
    |             Name            | LUT | Input Size| Bits | Total Bits|
    +-----------------------------+-----+-----------+------+-----------+
    |ap_NS_fsm                    |  154|         34|     1|         34|
    |ap_done_int                  |    9|          2|     1|          2|
    |ap_enable_reg_pp0_iter0      |    9|          2|     1|          2|
    |ap_enable_reg_pp0_iter0_reg  |    9|          2|     1|          2|
    |ap_enable_reg_pp0_iter1      |    9|          2|     1|          2|
    |ap_sig_allocacmp_i_32        |    9|          2|     3|          6|
    |i_fu_82                      |    9|          2|     3|          6|
    |this_0_address0              |   20|          4|     8|         32|
    |this_0_ce0                   |   20|          4|     1|          4|
    |this_0_we0                   |    9|          2|  1024|       2048|
    |this_1_1_fu_90               |    9|          2|  8192|      16384|
    |this_2_1_fu_86               |    9|          2|  8192|      16384|
    |this_3_1_fu_98               |    9|          2|  8192|      16384|
    |this_4_1_fu_94               |    9|          2|  8192|      16384|
    +-----------------------------+-----+-----------+------+-----------+
    |Total                        |  293|         64| 33812|      67674|
    +-----------------------------+-----+-----------+------+-----------+

    * Register: 
    +-----------------------------------------+------+----+------+-----------+
    |                   Name                  |  FF  | LUT| Bits | Const Bits|
    +-----------------------------------------+------+----+------+-----------+
    |add_ln151_reg_384                        |     8|   0|     8|          0|
    |add_ln152_reg_389                        |     7|   0|     7|          0|
    |add_ln154_reg_394                        |     7|   0|     7|          0|
    |ap_CS_fsm                                |    33|   0|    33|          0|
    |ap_done_reg                              |     1|   0|     1|          0|
    |ap_enable_reg_pp0_iter0_reg              |     1|   0|     1|          0|
    |ap_enable_reg_pp0_iter1                  |     1|   0|     1|          0|
    |call_ln154_write_p3_fu_201_ap_start_reg  |     1|   0|     1|          0|
    |call_ret7_reg_399                        |  8192|   0|  8192|          0|
    |call_ret8_reg_405                        |  8192|   0|  8192|          0|
    |grp_read_p1_fu_178_ap_start_reg          |     1|   0|     1|          0|
    |grp_read_p2_fu_185_ap_start_reg          |     1|   0|     1|          0|
    |i_fu_82                                  |     3|   0|     3|          0|
    |icmp_ln149_reg_380                       |     1|   0|     1|          0|
    |this_1_1_fu_90                           |  8192|   0|  8192|          0|
    |this_2_1_fu_86                           |  8192|   0|  8192|          0|
    |this_3_1_fu_98                           |  8192|   0|  8192|          0|
    |this_4_1_fu_94                           |  8192|   0|  8192|          0|
    +-----------------------------------------+------+----+------+-----------+
    |Total                                    | 49217|   0| 49217|          0|
    +-----------------------------------------+------+----+------+-----------+



================================================================
== Interface
================================================================
* Summary: 
+---------------------+-----+------+------------+----------------------------------+--------------+
|      RTL Ports      | Dir | Bits |  Protocol  |           Source Object          |    C Type    |
+---------------------+-----+------+------------+----------------------------------+--------------+
|ap_clk               |   in|     1|  ap_ctrl_hs|  dpu_func_Pipeline_FUNC_SUB_LOOP1|  return value|
|ap_rst               |   in|     1|  ap_ctrl_hs|  dpu_func_Pipeline_FUNC_SUB_LOOP1|  return value|
|ap_start             |   in|     1|  ap_ctrl_hs|  dpu_func_Pipeline_FUNC_SUB_LOOP1|  return value|
|ap_done              |  out|     1|  ap_ctrl_hs|  dpu_func_Pipeline_FUNC_SUB_LOOP1|  return value|
|ap_idle              |  out|     1|  ap_ctrl_hs|  dpu_func_Pipeline_FUNC_SUB_LOOP1|  return value|
|ap_ready             |  out|     1|  ap_ctrl_hs|  dpu_func_Pipeline_FUNC_SUB_LOOP1|  return value|
|p_read2              |   in|  8192|     ap_none|                           p_read2|        scalar|
|p_read3              |   in|  8192|     ap_none|                           p_read3|        scalar|
|p_read               |   in|  8192|     ap_none|                            p_read|        scalar|
|p_read1              |   in|  8192|     ap_none|                           p_read1|        scalar|
|trunc_ln48           |   in|     3|     ap_none|                        trunc_ln48|        scalar|
|this_0_address0      |  out|     8|   ap_memory|                            this_0|         array|
|this_0_ce0           |  out|     1|   ap_memory|                            this_0|         array|
|this_0_we0           |  out|  1024|   ap_memory|                            this_0|         array|
|this_0_d0            |  out|  8192|   ap_memory|                            this_0|         array|
|this_0_q0            |   in|  8192|   ap_memory|                            this_0|         array|
|addr1                |   in|     8|     ap_none|                             addr1|        scalar|
|addr2_cast_cast      |   in|     6|     ap_none|                   addr2_cast_cast|        scalar|
|addr3_cast_cast      |   in|     6|     ap_none|                   addr3_cast_cast|        scalar|
|this_3_1_out         |  out|  8192|      ap_vld|                      this_3_1_out|       pointer|
|this_3_1_out_ap_vld  |  out|     1|      ap_vld|                      this_3_1_out|       pointer|
|this_4_1_out         |  out|  8192|      ap_vld|                      this_4_1_out|       pointer|
|this_4_1_out_ap_vld  |  out|     1|      ap_vld|                      this_4_1_out|       pointer|
|this_1_1_out         |  out|  8192|      ap_vld|                      this_1_1_out|       pointer|
|this_1_1_out_ap_vld  |  out|     1|      ap_vld|                      this_1_1_out|       pointer|
|this_2_1_out         |  out|  8192|      ap_vld|                      this_2_1_out|       pointer|
|this_2_1_out_ap_vld  |  out|     1|      ap_vld|                      this_2_1_out|       pointer|
+---------------------+-----+------+------------+----------------------------------+--------------+

