

================================================================
== Vitis HLS Report for 'shake_absorb_3_Pipeline_VITIS_LOOP_369_4'
================================================================
* Date:           Thu Dec 29 02:51:02 2022

* Version:        2022.1 (Build 3526262 on Mon Apr 18 15:48:16 MDT 2022)
* Project:        HLS_final_vitis
* Solution:       solution1 (Vivado IP Flow Target)
* Product family: virtexuplus
* Target device:  xcvu11p-flga2577-1-e


================================================================
== Performance Estimates
================================================================
+ Timing: 
    * Summary: 
    +--------+----------+----------+------------+
    |  Clock |  Target  | Estimated| Uncertainty|
    +--------+----------+----------+------------+
    |ap_clk  |  10.00 ns|  2.920 ns|     2.70 ns|
    +--------+----------+----------+------------+

+ Latency: 
    * Summary: 
    +---------+---------+----------+----------+-----+-----+---------+
    |  Latency (cycles) |  Latency (absolute) |  Interval | Pipeline|
    |   min   |   max   |    min   |    max   | min | max |   Type  |
    +---------+---------+----------+----------+-----+-----+---------+
    |       70|       70|  0.700 us|  0.700 us|   70|   70|       no|
    +---------+---------+----------+----------+-----+-----+---------+

    + Detail: 
        * Instance: 
        N/A

        * Loop: 
        +--------------------+---------+---------+----------+-----------+-----------+------+----------+
        |                    |  Latency (cycles) | Iteration|  Initiation Interval  | Trip |          |
        |      Loop Name     |   min   |   max   |  Latency |  achieved |   target  | Count| Pipelined|
        +--------------------+---------+---------+----------+-----------+-----------+------+----------+
        |- VITIS_LOOP_369_4  |       68|       68|         5|          4|          1|    17|       yes|
        +--------------------+---------+---------+----------+-----------+-----------+------+----------+



================================================================
== Utilization Estimates
================================================================
* Summary: 
+---------------------+---------+------+---------+---------+-----+
|         Name        | BRAM_18K|  DSP |    FF   |   LUT   | URAM|
+---------------------+---------+------+---------+---------+-----+
|DSP                  |        -|     -|        -|        -|    -|
|Expression           |        -|     -|        0|      182|    -|
|FIFO                 |        -|     -|        -|        -|    -|
|Instance             |        -|     -|        -|        -|    -|
|Memory               |        -|     -|        -|        -|    -|
|Multiplexer          |        -|     -|        -|      132|    -|
|Register             |        -|     -|      141|        -|    -|
+---------------------+---------+------+---------+---------+-----+
|Total                |        0|     0|      141|      314|    0|
+---------------------+---------+------+---------+---------+-----+
|Available SLR        |     1344|  3072|   864000|   432000|  320|
+---------------------+---------+------+---------+---------+-----+
|Utilization SLR (%)  |        0|     0|       ~0|       ~0|    0|
+---------------------+---------+------+---------+---------+-----+
|Available            |     4032|  9216|  2592000|  1296000|  960|
+---------------------+---------+------+---------+---------+-----+
|Utilization (%)      |        0|     0|       ~0|       ~0|    0|
+---------------------+---------+------+---------+---------+-----+

+ Detail: 
    * Instance: 
    N/A

    * DSP: 
    N/A

    * Memory: 
    N/A

    * FIFO: 
    N/A

    * Expression: 
    +----------------------+----------+----+---+----+------------+------------+
    |     Variable Name    | Operation| DSP| FF| LUT| Bitwidth P0| Bitwidth P1|
    +----------------------+----------+----+---+----+------------+------------+
    |add_ln13_fu_197_p2    |         +|   0|  0|  18|          11|          11|
    |add_ln369_fu_174_p2   |         +|   0|  0|  12|           5|           1|
    |icmp_ln369_fu_168_p2  |      icmp|   0|  0|   9|           5|           5|
    |or_ln13_1_fu_224_p2   |        or|   0|  0|  11|           2|          11|
    |or_ln13_2_fu_234_p2   |        or|   0|  0|  11|           2|          11|
    |or_ln13_3_fu_244_p2   |        or|   0|  0|  11|           3|          11|
    |or_ln13_4_fu_254_p2   |        or|   0|  0|  11|           3|          11|
    |or_ln13_5_fu_264_p2   |        or|   0|  0|  11|           3|          11|
    |or_ln13_6_fu_274_p2   |        or|   0|  0|  11|           3|          11|
    |or_ln13_fu_208_p2     |        or|   0|  0|  11|           1|          11|
    |ap_enable_pp0         |       xor|   0|  0|   2|           1|           2|
    |this_s_d0             |       xor|   0|  0|  64|          64|          64|
    +----------------------+----------+----+---+----+------------+------------+
    |Total                 |          |   0|  0| 182|         103|         160|
    +----------------------+----------+----+---+----+------------+------------+

    * Multiplexer: 
    +-----------------------------+----+-----------+-----+-----------+
    |             Name            | LUT| Input Size| Bits| Total Bits|
    +-----------------------------+----+-----------+-----+-----------+
    |ap_NS_fsm                    |  26|          5|    1|          5|
    |ap_done_int                  |   9|          2|    1|          2|
    |ap_enable_reg_pp0_iter0      |   9|          2|    1|          2|
    |ap_enable_reg_pp0_iter0_reg  |   9|          2|    1|          2|
    |ap_enable_reg_pp0_iter1      |   9|          2|    1|          2|
    |ap_sig_allocacmp_i_15        |   9|          2|    5|         10|
    |i_fu_60                      |   9|          2|    5|         10|
    |pk_address0                  |  26|          5|   11|         55|
    |pk_address1                  |  26|          5|   11|         55|
    +-----------------------------+----+-----------+-----+-----------+
    |Total                        | 132|         27|   37|        143|
    +-----------------------------+----+-----------+-----+-----------+

    * Register: 
    +-----------------------------+----+----+-----+-----------+
    |             Name            | FF | LUT| Bits| Const Bits|
    +-----------------------------+----+----+-----+-----------+
    |add_ln13_reg_315             |  11|   0|   11|          0|
    |ap_CS_fsm                    |   4|   0|    4|          0|
    |ap_done_reg                  |   1|   0|    1|          0|
    |ap_enable_reg_pp0_iter0_reg  |   1|   0|    1|          0|
    |ap_enable_reg_pp0_iter1      |   1|   0|    1|          0|
    |i_fu_60                      |   5|   0|    5|          0|
    |icmp_ln369_reg_311           |   1|   0|    1|          0|
    |pk_load_1_reg_346            |   8|   0|    8|          0|
    |pk_load_2_reg_366            |   8|   0|    8|          0|
    |pk_load_3_reg_371            |   8|   0|    8|          0|
    |pk_load_4_reg_386            |   8|   0|    8|          0|
    |pk_load_5_reg_391            |   8|   0|    8|          0|
    |pk_load_reg_341              |   8|   0|    8|          0|
    |this_s_addr_reg_335          |   5|   0|    5|          0|
    |this_s_load_reg_361          |  64|   0|   64|          0|
    +-----------------------------+----+----+-----+-----------+
    |Total                        | 141|   0|  141|          0|
    +-----------------------------+----+----+-----+-----------+



================================================================
== Interface
================================================================
* Summary: 
+-----------------+-----+-----+------------+------------------------------------------+--------------+
|    RTL Ports    | Dir | Bits|  Protocol  |               Source Object              |    C Type    |
+-----------------+-----+-----+------------+------------------------------------------+--------------+
|ap_clk           |   in|    1|  ap_ctrl_hs|  shake_absorb.3_Pipeline_VITIS_LOOP_369_4|  return value|
|ap_rst           |   in|    1|  ap_ctrl_hs|  shake_absorb.3_Pipeline_VITIS_LOOP_369_4|  return value|
|ap_start         |   in|    1|  ap_ctrl_hs|  shake_absorb.3_Pipeline_VITIS_LOOP_369_4|  return value|
|ap_done          |  out|    1|  ap_ctrl_hs|  shake_absorb.3_Pipeline_VITIS_LOOP_369_4|  return value|
|ap_idle          |  out|    1|  ap_ctrl_hs|  shake_absorb.3_Pipeline_VITIS_LOOP_369_4|  return value|
|ap_ready         |  out|    1|  ap_ctrl_hs|  shake_absorb.3_Pipeline_VITIS_LOOP_369_4|  return value|
|idx98            |   in|   11|     ap_none|                                     idx98|        scalar|
|pk_address0      |  out|   11|   ap_memory|                                        pk|         array|
|pk_ce0           |  out|    1|   ap_memory|                                        pk|         array|
|pk_q0            |   in|    8|   ap_memory|                                        pk|         array|
|pk_address1      |  out|   11|   ap_memory|                                        pk|         array|
|pk_ce1           |  out|    1|   ap_memory|                                        pk|         array|
|pk_q1            |   in|    8|   ap_memory|                                        pk|         array|
|this_s_address0  |  out|    5|   ap_memory|                                    this_s|         array|
|this_s_ce0       |  out|    1|   ap_memory|                                    this_s|         array|
|this_s_we0       |  out|    1|   ap_memory|                                    this_s|         array|
|this_s_d0        |  out|   64|   ap_memory|                                    this_s|         array|
|this_s_address1  |  out|    5|   ap_memory|                                    this_s|         array|
|this_s_ce1       |  out|    1|   ap_memory|                                    this_s|         array|
|this_s_q1        |   in|   64|   ap_memory|                                    this_s|         array|
+-----------------+-----+-----+------------+------------------------------------------+--------------+

