

================================================================
== Vitis HLS Report for 'dpu_func_Pipeline_FUNC_MONTMUL_LOOP4'
================================================================
* Date:           Thu Dec 29 02:39:00 2022

* Version:        2022.1 (Build 3526262 on Mon Apr 18 15:48:16 MDT 2022)
* Project:        HLS_final_vitis
* Solution:       solution1 (Vivado IP Flow Target)
* Product family: virtexuplus
* Target device:  xcvu11p-flga2577-1-e


================================================================
== Performance Estimates
================================================================
+ Timing: 
    * Summary: 
    +--------+----------+----------+------------+
    |  Clock |  Target  | Estimated| Uncertainty|
    +--------+----------+----------+------------+
    |ap_clk  |  10.00 ns|  7.121 ns|     2.70 ns|
    +--------+----------+----------+------------+

+ Latency: 
    * Summary: 
    +---------+---------+----------+----------+-----+-----+---------+
    |  Latency (cycles) |  Latency (absolute) |  Interval | Pipeline|
    |   min   |   max   |    min   |    max   | min | max |   Type  |
    +---------+---------+----------+----------+-----+-----+---------+
    |      167|      200|  1.670 us|  2.000 us|  167|  200|       no|
    +---------+---------+----------+----------+-----+-----+---------+

    + Detail: 
        * Instance: 
        N/A

        * Loop: 
        +----------------------+---------+---------+----------+-----------+-----------+-------+----------+
        |                      |  Latency (cycles) | Iteration|  Initiation Interval  |  Trip |          |
        |       Loop Name      |   min   |   max   |  Latency |  achieved |   target  | Count | Pipelined|
        +----------------------+---------+---------+----------+-----------+-----------+-------+----------+
        |- FUNC_MONTMUL_LOOP4  |      165|      198|        34|         33|          1|  5 ~ 6|       yes|
        +----------------------+---------+---------+----------+-----------+-----------+-------+----------+

============================================================
+ Verbose Summary: Synthesis Manager
============================================================
InlineROM: 1
ExposeGlobal: 0
============================================================
+ Verbose Summary: CDFG Model
============================================================
IsTopModel: 0
ResetActiveHigh: 1
IsCombinational: 0
IsDatapathOnly: 0
HasWiredReturn: 1
HasMFsm: 2
HasVarLatency: 1
IsPipeline: 0
IsRtlPipelined: 0
IsInstanceOverlapped: 0
IsDontTouch: 0
HasImplIP: 0
IsGatedGlobalClock: 0

+ Individual pipeline summary: 
  * Pipeline-0: initiation interval (II) = 33, depth = 34


============================================================
+ Verbose Summary: Schedule
============================================================
* Number of FSM states : 34
* Pipeline : 1
  Pipeline-0 : II = 33, D = 34, States = { 1 2 3 4 5 6 7 8 9 10 11 12 13 14 15 16 17 18 19 20 21 22 23 24 25 26 27 28 29 30 31 32 33 34 }
* Dataflow Pipeline: 0

* FSM state transitions: 
1 --> 2 
2 --> 3 
3 --> 4 
4 --> 5 
5 --> 6 
6 --> 7 
7 --> 8 
8 --> 9 
9 --> 10 
10 --> 11 
11 --> 12 
12 --> 13 
13 --> 14 
14 --> 15 
15 --> 16 
16 --> 17 
17 --> 18 
18 --> 19 
19 --> 20 
20 --> 21 
21 --> 22 
22 --> 23 
23 --> 24 
24 --> 25 
25 --> 26 
26 --> 27 
27 --> 28 
28 --> 29 
29 --> 30 
30 --> 31 
31 --> 32 
32 --> 33 
33 --> 34 
34 --> 

* FSM state operations: 

State 1 <SV = 0> <Delay = 1.17>
ST_1 : Operation 37 [1/1] (0.00ns)   --->   "%i = alloca i32 1"   --->   Operation 37 'alloca' 'i' <Predicate = true> <Delay = 0.00>
ST_1 : Operation 38 [1/1] (0.00ns)   --->   "%this_2_5 = alloca i32 1"   --->   Operation 38 'alloca' 'this_2_5' <Predicate = true> <Delay = 0.00>
ST_1 : Operation 39 [1/1] (0.00ns)   --->   "%this_1_9 = alloca i32 1"   --->   Operation 39 'alloca' 'this_1_9' <Predicate = true> <Delay = 0.00>
ST_1 : Operation 40 [1/1] (0.00ns)   --->   "%this_4_9 = alloca i32 1"   --->   Operation 40 'alloca' 'this_4_9' <Predicate = true> <Delay = 0.00>
ST_1 : Operation 41 [1/1] (0.00ns)   --->   "%this_3_9 = alloca i32 1"   --->   Operation 41 'alloca' 'this_3_9' <Predicate = true> <Delay = 0.00>
ST_1 : Operation 42 [1/1] (0.00ns)   --->   "%specbramwithbyteenable_ln0 = specbramwithbyteenable void @_ssdm_op_SpecBRAMWithByteEnable, i8192 %this_0"   --->   Operation 42 'specbramwithbyteenable' 'specbramwithbyteenable_ln0' <Predicate = true> <Delay = 0.00>
ST_1 : Operation 43 [1/1] (0.00ns)   --->   "%addr3_cast_cast_read = read i6 @_ssdm_op_Read.ap_auto.i6, i6 %addr3_cast_cast"   --->   Operation 43 'read' 'addr3_cast_cast_read' <Predicate = true> <Delay = 0.00>
ST_1 : Operation 44 [1/1] (0.00ns)   --->   "%trunc_ln50_read = read i3 @_ssdm_op_Read.ap_auto.i3, i3 %trunc_ln50"   --->   Operation 44 'read' 'trunc_ln50_read' <Predicate = true> <Delay = 0.00>
ST_1 : Operation 45 [1/1] (0.00ns)   --->   "%call_ret22_read = read i8192 @_ssdm_op_Read.ap_auto.i8192, i8192 %call_ret22"   --->   Operation 45 'read' 'call_ret22_read' <Predicate = true> <Delay = 0.00>
ST_1 : Operation 46 [1/1] (0.00ns)   --->   "%this_1_8_reload_read = read i8192 @_ssdm_op_Read.ap_auto.i8192, i8192 %this_1_8_reload"   --->   Operation 46 'read' 'this_1_8_reload_read' <Predicate = true> <Delay = 0.00>
ST_1 : Operation 47 [1/1] (0.00ns)   --->   "%this_4_8_reload_read = read i8192 @_ssdm_op_Read.ap_auto.i8192, i8192 %this_4_8_reload"   --->   Operation 47 'read' 'this_4_8_reload_read' <Predicate = true> <Delay = 0.00>
ST_1 : Operation 48 [1/1] (0.00ns)   --->   "%this_3_8_reload_read = read i8192 @_ssdm_op_Read.ap_auto.i8192, i8192 %this_3_8_reload"   --->   Operation 48 'read' 'this_3_8_reload_read' <Predicate = true> <Delay = 0.00>
ST_1 : Operation 49 [1/1] (0.00ns)   --->   "%addr3_cast_cast_cast = zext i6 %addr3_cast_cast_read"   --->   Operation 49 'zext' 'addr3_cast_cast_cast' <Predicate = true> <Delay = 0.00>
ST_1 : Operation 50 [1/1] (0.00ns)   --->   "%specmemcore_ln0 = specmemcore void @_ssdm_op_SpecMemCore, i8192 %this_0, i64 666, i64 210, i64 18446744073709551615"   --->   Operation 50 'specmemcore' 'specmemcore_ln0' <Predicate = true> <Delay = 0.00>
ST_1 : Operation 51 [1/1] (0.46ns)   --->   "%store_ln0 = store i8192 %this_3_8_reload_read, i8192 %this_3_9"   --->   Operation 51 'store' 'store_ln0' <Predicate = true> <Delay = 0.46>
ST_1 : Operation 52 [1/1] (0.46ns)   --->   "%store_ln0 = store i8192 %this_4_8_reload_read, i8192 %this_4_9"   --->   Operation 52 'store' 'store_ln0' <Predicate = true> <Delay = 0.46>
ST_1 : Operation 53 [1/1] (0.46ns)   --->   "%store_ln0 = store i8192 %this_1_8_reload_read, i8192 %this_1_9"   --->   Operation 53 'store' 'store_ln0' <Predicate = true> <Delay = 0.46>
ST_1 : Operation 54 [1/1] (0.46ns)   --->   "%store_ln0 = store i8192 %call_ret22_read, i8192 %this_2_5"   --->   Operation 54 'store' 'store_ln0' <Predicate = true> <Delay = 0.46>
ST_1 : Operation 55 [1/1] (0.46ns)   --->   "%store_ln0 = store i3 0, i3 %i"   --->   Operation 55 'store' 'store_ln0' <Predicate = true> <Delay = 0.46>
ST_1 : Operation 56 [1/1] (0.00ns)   --->   "%br_ln0 = br void %for.inc141"   --->   Operation 56 'br' 'br_ln0' <Predicate = true> <Delay = 0.00>
ST_1 : Operation 57 [1/1] (0.00ns)   --->   "%i_52 = load i3 %i" [HLS_Final_vitis_src/dpu.cpp:216]   --->   Operation 57 'load' 'i_52' <Predicate = true> <Delay = 0.00>
ST_1 : Operation 58 [1/1] (0.00ns)   --->   "%specpipeline_ln0 = specpipeline void @_ssdm_op_SpecPipeline, i32 4294967295, i32 0, i32 1, i32 0, void @p_str"   --->   Operation 58 'specpipeline' 'specpipeline_ln0' <Predicate = true> <Delay = 0.00>
ST_1 : Operation 59 [1/1] (0.56ns)   --->   "%icmp_ln216 = icmp_eq  i3 %i_52, i3 %trunc_ln50_read" [HLS_Final_vitis_src/dpu.cpp:216]   --->   Operation 59 'icmp' 'icmp_ln216' <Predicate = true> <Delay = 0.56> <CoreInst = "Cmp">   --->   Core 9 'Cmp' <Latency = 0> <II = 1> <Delay = 0.56> <FuncUnit> <Opcode : 'icmp'> <InPorts = 2> <OutPorts = 1>
ST_1 : Operation 60 [1/1] (0.00ns)   --->   "%speclooptripcount_ln0 = speclooptripcount void @_ssdm_op_SpecLoopTripCount, i64 5, i64 6, i64 0"   --->   Operation 60 'speclooptripcount' 'speclooptripcount_ln0' <Predicate = true> <Delay = 0.00>
ST_1 : Operation 61 [1/1] (0.71ns)   --->   "%i_53 = add i3 %i_52, i3 1" [HLS_Final_vitis_src/dpu.cpp:216]   --->   Operation 61 'add' 'i_53' <Predicate = true> <Delay = 0.71> <CoreInst = "Adder">   --->   Core 1 'Adder' <Latency = 0> <II = 1> <Delay = 0.71> <FuncUnit> <Opcode : 'add' 'sub'> <InPorts = 2> <OutPorts = 1>
ST_1 : Operation 62 [1/1] (0.00ns)   --->   "%br_ln216 = br i1 %icmp_ln216, void %for.inc141.split, void %sw.epilog.loopexit13.exitStub" [HLS_Final_vitis_src/dpu.cpp:216]   --->   Operation 62 'br' 'br_ln216' <Predicate = true> <Delay = 0.00>
ST_1 : Operation 63 [1/1] (0.46ns)   --->   "%store_ln216 = store i3 %i_53, i3 %i" [HLS_Final_vitis_src/dpu.cpp:216]   --->   Operation 63 'store' 'store_ln216' <Predicate = (!icmp_ln216)> <Delay = 0.46>
ST_1 : Operation 114 [1/1] (0.00ns)   --->   "%this_2_5_load = load i8192 %this_2_5"   --->   Operation 114 'load' 'this_2_5_load' <Predicate = (icmp_ln216)> <Delay = 0.00>
ST_1 : Operation 115 [1/1] (0.00ns)   --->   "%this_1_9_load = load i8192 %this_1_9"   --->   Operation 115 'load' 'this_1_9_load' <Predicate = (icmp_ln216)> <Delay = 0.00>
ST_1 : Operation 116 [1/1] (0.00ns)   --->   "%this_4_9_load = load i8192 %this_4_9"   --->   Operation 116 'load' 'this_4_9_load' <Predicate = (icmp_ln216)> <Delay = 0.00>
ST_1 : Operation 117 [1/1] (0.00ns)   --->   "%this_3_9_load = load i8192 %this_3_9"   --->   Operation 117 'load' 'this_3_9_load' <Predicate = (icmp_ln216)> <Delay = 0.00>
ST_1 : Operation 118 [1/1] (0.00ns)   --->   "%write_ln0 = write void @_ssdm_op_Write.ap_auto.i8192P0A, i8192 %this_3_9_out, i8192 %this_3_9_load"   --->   Operation 118 'write' 'write_ln0' <Predicate = (icmp_ln216)> <Delay = 0.00>
ST_1 : Operation 119 [1/1] (0.00ns)   --->   "%write_ln0 = write void @_ssdm_op_Write.ap_auto.i8192P0A, i8192 %this_4_9_out, i8192 %this_4_9_load"   --->   Operation 119 'write' 'write_ln0' <Predicate = (icmp_ln216)> <Delay = 0.00>
ST_1 : Operation 120 [1/1] (0.00ns)   --->   "%write_ln0 = write void @_ssdm_op_Write.ap_auto.i8192P0A, i8192 %this_1_9_out, i8192 %this_1_9_load"   --->   Operation 120 'write' 'write_ln0' <Predicate = (icmp_ln216)> <Delay = 0.00>
ST_1 : Operation 121 [1/1] (0.00ns)   --->   "%write_ln0 = write void @_ssdm_op_Write.ap_auto.i8192P0A, i8192 %this_2_5_out, i8192 %this_2_5_load"   --->   Operation 121 'write' 'write_ln0' <Predicate = (icmp_ln216)> <Delay = 0.00>
ST_1 : Operation 122 [1/1] (0.00ns)   --->   "%ret_ln0 = ret"   --->   Operation 122 'ret' 'ret_ln0' <Predicate = (icmp_ln216)> <Delay = 0.00>

State 2 <SV = 1> <Delay = 2.15>
ST_2 : Operation 64 [1/1] (0.00ns)   --->   "%zext_ln218 = zext i3 %i_52" [HLS_Final_vitis_src/dpu.cpp:218]   --->   Operation 64 'zext' 'zext_ln218' <Predicate = (!icmp_ln216)> <Delay = 0.00>
ST_2 : Operation 65 [1/1] (0.85ns)   --->   "%add_ln218 = add i7 %zext_ln218, i7 82" [HLS_Final_vitis_src/dpu.cpp:218]   --->   Operation 65 'add' 'add_ln218' <Predicate = (!icmp_ln216)> <Delay = 0.85> <CoreInst = "Adder">   --->   Core 1 'Adder' <Latency = 0> <II = 1> <Delay = 0.85> <FuncUnit> <Opcode : 'add' 'sub'> <InPorts = 2> <OutPorts = 1>
ST_2 : Operation 66 [1/1] (0.00ns)   --->   "%zext_ln218_1 = zext i7 %add_ln218" [HLS_Final_vitis_src/dpu.cpp:218]   --->   Operation 66 'zext' 'zext_ln218_1' <Predicate = (!icmp_ln216)> <Delay = 0.00>
ST_2 : Operation 67 [2/2] (1.29ns)   --->   "%call_ret = call i8192 @read_p1, i8192 %this_0, i8 %zext_ln218_1" [HLS_Final_vitis_src/dpu.cpp:218]   --->   Operation 67 'call' 'call_ret' <Predicate = (!icmp_ln216)> <Delay = 1.29> <CoreType = "Generic">   --->   Core 0 '' <Latency = 0> <II = 1> <Delay = 1.00> <Generic> <Opcode : >

State 3 <SV = 2> <Delay = 1.29>
ST_3 : Operation 68 [1/2] (1.29ns)   --->   "%call_ret = call i8192 @read_p1, i8192 %this_0, i8 %zext_ln218_1" [HLS_Final_vitis_src/dpu.cpp:218]   --->   Operation 68 'call' 'call_ret' <Predicate = (!icmp_ln216)> <Delay = 1.29> <CoreType = "Generic">   --->   Core 0 '' <Latency = 0> <II = 1> <Delay = 1.00> <Generic> <Opcode : >

State 4 <SV = 3> <Delay = 2.15>
ST_4 : Operation 69 [1/1] (0.85ns)   --->   "%add_ln219 = add i7 %zext_ln218, i7 76" [HLS_Final_vitis_src/dpu.cpp:219]   --->   Operation 69 'add' 'add_ln219' <Predicate = (!icmp_ln216)> <Delay = 0.85> <CoreInst = "Adder">   --->   Core 1 'Adder' <Latency = 0> <II = 1> <Delay = 0.85> <FuncUnit> <Opcode : 'add' 'sub'> <InPorts = 2> <OutPorts = 1>
ST_4 : Operation 70 [1/1] (0.00ns)   --->   "%zext_ln219 = zext i7 %add_ln219" [HLS_Final_vitis_src/dpu.cpp:219]   --->   Operation 70 'zext' 'zext_ln219' <Predicate = (!icmp_ln216)> <Delay = 0.00>
ST_4 : Operation 71 [2/2] (1.29ns)   --->   "%call_ret12 = call i8192 @read_p2, i8192 %this_0, i8 %zext_ln219" [HLS_Final_vitis_src/dpu.cpp:219]   --->   Operation 71 'call' 'call_ret12' <Predicate = (!icmp_ln216)> <Delay = 1.29> <CoreType = "Generic">   --->   Core 0 '' <Latency = 0> <II = 1> <Delay = 1.00> <Generic> <Opcode : >
ST_4 : Operation 72 [1/1] (0.84ns)   --->   "%add_ln221 = add i7 %zext_ln218, i7 %addr3_cast_cast_cast" [HLS_Final_vitis_src/dpu.cpp:221]   --->   Operation 72 'add' 'add_ln221' <Predicate = (!icmp_ln216)> <Delay = 0.84> <CoreInst = "Adder">   --->   Core 1 'Adder' <Latency = 0> <II = 1> <Delay = 0.84> <FuncUnit> <Opcode : 'add' 'sub'> <InPorts = 2> <OutPorts = 1>

State 5 <SV = 4> <Delay = 1.75>
ST_5 : Operation 73 [1/2] (1.29ns)   --->   "%call_ret12 = call i8192 @read_p2, i8192 %this_0, i8 %zext_ln219" [HLS_Final_vitis_src/dpu.cpp:219]   --->   Operation 73 'call' 'call_ret12' <Predicate = (!icmp_ln216)> <Delay = 1.29> <CoreType = "Generic">   --->   Core 0 '' <Latency = 0> <II = 1> <Delay = 1.00> <Generic> <Opcode : >
ST_5 : Operation 74 [1/1] (0.46ns)   --->   "%store_ln216 = store i8192 %call_ret12, i8192 %this_2_5" [HLS_Final_vitis_src/dpu.cpp:216]   --->   Operation 74 'store' 'store_ln216' <Predicate = (!icmp_ln216)> <Delay = 0.46>

State 6 <SV = 5> <Delay = 6.13>
ST_6 : Operation 75 [1/1] (0.00ns)   --->   "%this_4_9_load_1 = load i8192 %this_4_9" [HLS_Final_vitis_src/dpu.cpp:220]   --->   Operation 75 'load' 'this_4_9_load_1' <Predicate = (!icmp_ln216)> <Delay = 0.00>
ST_6 : Operation 76 [29/29] (6.13ns)   --->   "%call_ret13 = call i16384 @dpu_unit, i8192 %call_ret, i8192 %call_ret12, i8192 %this_4_9_load_1, i8 1" [HLS_Final_vitis_src/dpu.cpp:220]   --->   Operation 76 'call' 'call_ret13' <Predicate = (!icmp_ln216)> <Delay = 6.13> <CoreType = "Generic">   --->   Core 0 '' <Latency = 0> <II = 1> <Delay = 1.00> <Generic> <Opcode : >

State 7 <SV = 6> <Delay = 6.13>
ST_7 : Operation 77 [28/29] (6.13ns)   --->   "%call_ret13 = call i16384 @dpu_unit, i8192 %call_ret, i8192 %call_ret12, i8192 %this_4_9_load_1, i8 1" [HLS_Final_vitis_src/dpu.cpp:220]   --->   Operation 77 'call' 'call_ret13' <Predicate = (!icmp_ln216)> <Delay = 6.13> <CoreType = "Generic">   --->   Core 0 '' <Latency = 0> <II = 1> <Delay = 1.00> <Generic> <Opcode : >

State 8 <SV = 7> <Delay = 6.13>
ST_8 : Operation 78 [27/29] (6.13ns)   --->   "%call_ret13 = call i16384 @dpu_unit, i8192 %call_ret, i8192 %call_ret12, i8192 %this_4_9_load_1, i8 1" [HLS_Final_vitis_src/dpu.cpp:220]   --->   Operation 78 'call' 'call_ret13' <Predicate = (!icmp_ln216)> <Delay = 6.13> <CoreType = "Generic">   --->   Core 0 '' <Latency = 0> <II = 1> <Delay = 1.00> <Generic> <Opcode : >

State 9 <SV = 8> <Delay = 6.13>
ST_9 : Operation 79 [26/29] (6.13ns)   --->   "%call_ret13 = call i16384 @dpu_unit, i8192 %call_ret, i8192 %call_ret12, i8192 %this_4_9_load_1, i8 1" [HLS_Final_vitis_src/dpu.cpp:220]   --->   Operation 79 'call' 'call_ret13' <Predicate = (!icmp_ln216)> <Delay = 6.13> <CoreType = "Generic">   --->   Core 0 '' <Latency = 0> <II = 1> <Delay = 1.00> <Generic> <Opcode : >

State 10 <SV = 9> <Delay = 6.13>
ST_10 : Operation 80 [25/29] (6.13ns)   --->   "%call_ret13 = call i16384 @dpu_unit, i8192 %call_ret, i8192 %call_ret12, i8192 %this_4_9_load_1, i8 1" [HLS_Final_vitis_src/dpu.cpp:220]   --->   Operation 80 'call' 'call_ret13' <Predicate = (!icmp_ln216)> <Delay = 6.13> <CoreType = "Generic">   --->   Core 0 '' <Latency = 0> <II = 1> <Delay = 1.00> <Generic> <Opcode : >

State 11 <SV = 10> <Delay = 6.13>
ST_11 : Operation 81 [24/29] (6.13ns)   --->   "%call_ret13 = call i16384 @dpu_unit, i8192 %call_ret, i8192 %call_ret12, i8192 %this_4_9_load_1, i8 1" [HLS_Final_vitis_src/dpu.cpp:220]   --->   Operation 81 'call' 'call_ret13' <Predicate = (!icmp_ln216)> <Delay = 6.13> <CoreType = "Generic">   --->   Core 0 '' <Latency = 0> <II = 1> <Delay = 1.00> <Generic> <Opcode : >

State 12 <SV = 11> <Delay = 6.13>
ST_12 : Operation 82 [23/29] (6.13ns)   --->   "%call_ret13 = call i16384 @dpu_unit, i8192 %call_ret, i8192 %call_ret12, i8192 %this_4_9_load_1, i8 1" [HLS_Final_vitis_src/dpu.cpp:220]   --->   Operation 82 'call' 'call_ret13' <Predicate = (!icmp_ln216)> <Delay = 6.13> <CoreType = "Generic">   --->   Core 0 '' <Latency = 0> <II = 1> <Delay = 1.00> <Generic> <Opcode : >

State 13 <SV = 12> <Delay = 6.13>
ST_13 : Operation 83 [22/29] (6.13ns)   --->   "%call_ret13 = call i16384 @dpu_unit, i8192 %call_ret, i8192 %call_ret12, i8192 %this_4_9_load_1, i8 1" [HLS_Final_vitis_src/dpu.cpp:220]   --->   Operation 83 'call' 'call_ret13' <Predicate = (!icmp_ln216)> <Delay = 6.13> <CoreType = "Generic">   --->   Core 0 '' <Latency = 0> <II = 1> <Delay = 1.00> <Generic> <Opcode : >

State 14 <SV = 13> <Delay = 6.13>
ST_14 : Operation 84 [21/29] (6.13ns)   --->   "%call_ret13 = call i16384 @dpu_unit, i8192 %call_ret, i8192 %call_ret12, i8192 %this_4_9_load_1, i8 1" [HLS_Final_vitis_src/dpu.cpp:220]   --->   Operation 84 'call' 'call_ret13' <Predicate = (!icmp_ln216)> <Delay = 6.13> <CoreType = "Generic">   --->   Core 0 '' <Latency = 0> <II = 1> <Delay = 1.00> <Generic> <Opcode : >

State 15 <SV = 14> <Delay = 6.13>
ST_15 : Operation 85 [20/29] (6.13ns)   --->   "%call_ret13 = call i16384 @dpu_unit, i8192 %call_ret, i8192 %call_ret12, i8192 %this_4_9_load_1, i8 1" [HLS_Final_vitis_src/dpu.cpp:220]   --->   Operation 85 'call' 'call_ret13' <Predicate = (!icmp_ln216)> <Delay = 6.13> <CoreType = "Generic">   --->   Core 0 '' <Latency = 0> <II = 1> <Delay = 1.00> <Generic> <Opcode : >

State 16 <SV = 15> <Delay = 6.13>
ST_16 : Operation 86 [19/29] (6.13ns)   --->   "%call_ret13 = call i16384 @dpu_unit, i8192 %call_ret, i8192 %call_ret12, i8192 %this_4_9_load_1, i8 1" [HLS_Final_vitis_src/dpu.cpp:220]   --->   Operation 86 'call' 'call_ret13' <Predicate = (!icmp_ln216)> <Delay = 6.13> <CoreType = "Generic">   --->   Core 0 '' <Latency = 0> <II = 1> <Delay = 1.00> <Generic> <Opcode : >

State 17 <SV = 16> <Delay = 6.13>
ST_17 : Operation 87 [18/29] (6.13ns)   --->   "%call_ret13 = call i16384 @dpu_unit, i8192 %call_ret, i8192 %call_ret12, i8192 %this_4_9_load_1, i8 1" [HLS_Final_vitis_src/dpu.cpp:220]   --->   Operation 87 'call' 'call_ret13' <Predicate = (!icmp_ln216)> <Delay = 6.13> <CoreType = "Generic">   --->   Core 0 '' <Latency = 0> <II = 1> <Delay = 1.00> <Generic> <Opcode : >

State 18 <SV = 17> <Delay = 6.13>
ST_18 : Operation 88 [17/29] (6.13ns)   --->   "%call_ret13 = call i16384 @dpu_unit, i8192 %call_ret, i8192 %call_ret12, i8192 %this_4_9_load_1, i8 1" [HLS_Final_vitis_src/dpu.cpp:220]   --->   Operation 88 'call' 'call_ret13' <Predicate = (!icmp_ln216)> <Delay = 6.13> <CoreType = "Generic">   --->   Core 0 '' <Latency = 0> <II = 1> <Delay = 1.00> <Generic> <Opcode : >

State 19 <SV = 18> <Delay = 6.13>
ST_19 : Operation 89 [16/29] (6.13ns)   --->   "%call_ret13 = call i16384 @dpu_unit, i8192 %call_ret, i8192 %call_ret12, i8192 %this_4_9_load_1, i8 1" [HLS_Final_vitis_src/dpu.cpp:220]   --->   Operation 89 'call' 'call_ret13' <Predicate = (!icmp_ln216)> <Delay = 6.13> <CoreType = "Generic">   --->   Core 0 '' <Latency = 0> <II = 1> <Delay = 1.00> <Generic> <Opcode : >

State 20 <SV = 19> <Delay = 6.13>
ST_20 : Operation 90 [15/29] (6.13ns)   --->   "%call_ret13 = call i16384 @dpu_unit, i8192 %call_ret, i8192 %call_ret12, i8192 %this_4_9_load_1, i8 1" [HLS_Final_vitis_src/dpu.cpp:220]   --->   Operation 90 'call' 'call_ret13' <Predicate = (!icmp_ln216)> <Delay = 6.13> <CoreType = "Generic">   --->   Core 0 '' <Latency = 0> <II = 1> <Delay = 1.00> <Generic> <Opcode : >

State 21 <SV = 20> <Delay = 6.13>
ST_21 : Operation 91 [14/29] (6.13ns)   --->   "%call_ret13 = call i16384 @dpu_unit, i8192 %call_ret, i8192 %call_ret12, i8192 %this_4_9_load_1, i8 1" [HLS_Final_vitis_src/dpu.cpp:220]   --->   Operation 91 'call' 'call_ret13' <Predicate = (!icmp_ln216)> <Delay = 6.13> <CoreType = "Generic">   --->   Core 0 '' <Latency = 0> <II = 1> <Delay = 1.00> <Generic> <Opcode : >

State 22 <SV = 21> <Delay = 6.13>
ST_22 : Operation 92 [13/29] (6.13ns)   --->   "%call_ret13 = call i16384 @dpu_unit, i8192 %call_ret, i8192 %call_ret12, i8192 %this_4_9_load_1, i8 1" [HLS_Final_vitis_src/dpu.cpp:220]   --->   Operation 92 'call' 'call_ret13' <Predicate = (!icmp_ln216)> <Delay = 6.13> <CoreType = "Generic">   --->   Core 0 '' <Latency = 0> <II = 1> <Delay = 1.00> <Generic> <Opcode : >

State 23 <SV = 22> <Delay = 6.13>
ST_23 : Operation 93 [12/29] (6.13ns)   --->   "%call_ret13 = call i16384 @dpu_unit, i8192 %call_ret, i8192 %call_ret12, i8192 %this_4_9_load_1, i8 1" [HLS_Final_vitis_src/dpu.cpp:220]   --->   Operation 93 'call' 'call_ret13' <Predicate = (!icmp_ln216)> <Delay = 6.13> <CoreType = "Generic">   --->   Core 0 '' <Latency = 0> <II = 1> <Delay = 1.00> <Generic> <Opcode : >

State 24 <SV = 23> <Delay = 6.13>
ST_24 : Operation 94 [11/29] (6.13ns)   --->   "%call_ret13 = call i16384 @dpu_unit, i8192 %call_ret, i8192 %call_ret12, i8192 %this_4_9_load_1, i8 1" [HLS_Final_vitis_src/dpu.cpp:220]   --->   Operation 94 'call' 'call_ret13' <Predicate = (!icmp_ln216)> <Delay = 6.13> <CoreType = "Generic">   --->   Core 0 '' <Latency = 0> <II = 1> <Delay = 1.00> <Generic> <Opcode : >

State 25 <SV = 24> <Delay = 6.13>
ST_25 : Operation 95 [10/29] (6.13ns)   --->   "%call_ret13 = call i16384 @dpu_unit, i8192 %call_ret, i8192 %call_ret12, i8192 %this_4_9_load_1, i8 1" [HLS_Final_vitis_src/dpu.cpp:220]   --->   Operation 95 'call' 'call_ret13' <Predicate = (!icmp_ln216)> <Delay = 6.13> <CoreType = "Generic">   --->   Core 0 '' <Latency = 0> <II = 1> <Delay = 1.00> <Generic> <Opcode : >

State 26 <SV = 25> <Delay = 6.13>
ST_26 : Operation 96 [9/29] (6.13ns)   --->   "%call_ret13 = call i16384 @dpu_unit, i8192 %call_ret, i8192 %call_ret12, i8192 %this_4_9_load_1, i8 1" [HLS_Final_vitis_src/dpu.cpp:220]   --->   Operation 96 'call' 'call_ret13' <Predicate = (!icmp_ln216)> <Delay = 6.13> <CoreType = "Generic">   --->   Core 0 '' <Latency = 0> <II = 1> <Delay = 1.00> <Generic> <Opcode : >

State 27 <SV = 26> <Delay = 6.13>
ST_27 : Operation 97 [8/29] (6.13ns)   --->   "%call_ret13 = call i16384 @dpu_unit, i8192 %call_ret, i8192 %call_ret12, i8192 %this_4_9_load_1, i8 1" [HLS_Final_vitis_src/dpu.cpp:220]   --->   Operation 97 'call' 'call_ret13' <Predicate = (!icmp_ln216)> <Delay = 6.13> <CoreType = "Generic">   --->   Core 0 '' <Latency = 0> <II = 1> <Delay = 1.00> <Generic> <Opcode : >

State 28 <SV = 27> <Delay = 6.13>
ST_28 : Operation 98 [7/29] (6.13ns)   --->   "%call_ret13 = call i16384 @dpu_unit, i8192 %call_ret, i8192 %call_ret12, i8192 %this_4_9_load_1, i8 1" [HLS_Final_vitis_src/dpu.cpp:220]   --->   Operation 98 'call' 'call_ret13' <Predicate = (!icmp_ln216)> <Delay = 6.13> <CoreType = "Generic">   --->   Core 0 '' <Latency = 0> <II = 1> <Delay = 1.00> <Generic> <Opcode : >

State 29 <SV = 28> <Delay = 6.13>
ST_29 : Operation 99 [6/29] (6.13ns)   --->   "%call_ret13 = call i16384 @dpu_unit, i8192 %call_ret, i8192 %call_ret12, i8192 %this_4_9_load_1, i8 1" [HLS_Final_vitis_src/dpu.cpp:220]   --->   Operation 99 'call' 'call_ret13' <Predicate = (!icmp_ln216)> <Delay = 6.13> <CoreType = "Generic">   --->   Core 0 '' <Latency = 0> <II = 1> <Delay = 1.00> <Generic> <Opcode : >

State 30 <SV = 29> <Delay = 6.13>
ST_30 : Operation 100 [5/29] (6.13ns)   --->   "%call_ret13 = call i16384 @dpu_unit, i8192 %call_ret, i8192 %call_ret12, i8192 %this_4_9_load_1, i8 1" [HLS_Final_vitis_src/dpu.cpp:220]   --->   Operation 100 'call' 'call_ret13' <Predicate = (!icmp_ln216)> <Delay = 6.13> <CoreType = "Generic">   --->   Core 0 '' <Latency = 0> <II = 1> <Delay = 1.00> <Generic> <Opcode : >

State 31 <SV = 30> <Delay = 6.13>
ST_31 : Operation 101 [4/29] (6.13ns)   --->   "%call_ret13 = call i16384 @dpu_unit, i8192 %call_ret, i8192 %call_ret12, i8192 %this_4_9_load_1, i8 1" [HLS_Final_vitis_src/dpu.cpp:220]   --->   Operation 101 'call' 'call_ret13' <Predicate = (!icmp_ln216)> <Delay = 6.13> <CoreType = "Generic">   --->   Core 0 '' <Latency = 0> <II = 1> <Delay = 1.00> <Generic> <Opcode : >

State 32 <SV = 31> <Delay = 6.13>
ST_32 : Operation 102 [3/29] (6.13ns)   --->   "%call_ret13 = call i16384 @dpu_unit, i8192 %call_ret, i8192 %call_ret12, i8192 %this_4_9_load_1, i8 1" [HLS_Final_vitis_src/dpu.cpp:220]   --->   Operation 102 'call' 'call_ret13' <Predicate = (!icmp_ln216)> <Delay = 6.13> <CoreType = "Generic">   --->   Core 0 '' <Latency = 0> <II = 1> <Delay = 1.00> <Generic> <Opcode : >

State 33 <SV = 32> <Delay = 6.13>
ST_33 : Operation 103 [2/29] (6.13ns)   --->   "%call_ret13 = call i16384 @dpu_unit, i8192 %call_ret, i8192 %call_ret12, i8192 %this_4_9_load_1, i8 1" [HLS_Final_vitis_src/dpu.cpp:220]   --->   Operation 103 'call' 'call_ret13' <Predicate = (!icmp_ln216)> <Delay = 6.13> <CoreType = "Generic">   --->   Core 0 '' <Latency = 0> <II = 1> <Delay = 1.00> <Generic> <Opcode : >

State 34 <SV = 33> <Delay = 7.12>
ST_34 : Operation 104 [1/1] (0.00ns)   --->   "%specloopname_ln216 = specloopname void @_ssdm_op_SpecLoopName, void @empty_29" [HLS_Final_vitis_src/dpu.cpp:216]   --->   Operation 104 'specloopname' 'specloopname_ln216' <Predicate = true> <Delay = 0.00>
ST_34 : Operation 105 [1/29] (5.82ns)   --->   "%call_ret13 = call i16384 @dpu_unit, i8192 %call_ret, i8192 %call_ret12, i8192 %this_4_9_load_1, i8 1" [HLS_Final_vitis_src/dpu.cpp:220]   --->   Operation 105 'call' 'call_ret13' <Predicate = true> <Delay = 5.82> <CoreType = "Generic">   --->   Core 0 '' <Latency = 0> <II = 1> <Delay = 1.00> <Generic> <Opcode : >
ST_34 : Operation 106 [1/1] (0.00ns)   --->   "%this_3_ret = extractvalue i16384 %call_ret13" [HLS_Final_vitis_src/dpu.cpp:220]   --->   Operation 106 'extractvalue' 'this_3_ret' <Predicate = true> <Delay = 0.00>
ST_34 : Operation 107 [1/1] (0.00ns)   --->   "%this_4_ret = extractvalue i16384 %call_ret13" [HLS_Final_vitis_src/dpu.cpp:220]   --->   Operation 107 'extractvalue' 'this_4_ret' <Predicate = true> <Delay = 0.00>
ST_34 : Operation 108 [1/1] (0.00ns)   --->   "%zext_ln221 = zext i7 %add_ln221" [HLS_Final_vitis_src/dpu.cpp:221]   --->   Operation 108 'zext' 'zext_ln221' <Predicate = true> <Delay = 0.00>
ST_34 : Operation 109 [1/1] (1.29ns)   --->   "%call_ln221 = call void @write_p3, i8192 %this_0, i8192 %this_3_ret, i8 %zext_ln221" [HLS_Final_vitis_src/dpu.cpp:221]   --->   Operation 109 'call' 'call_ln221' <Predicate = true> <Delay = 1.29> <CoreType = "Generic">   --->   Core 0 '' <Latency = 0> <II = 1> <Delay = 1.00> <Generic> <Opcode : >
ST_34 : Operation 110 [1/1] (0.46ns)   --->   "%store_ln216 = store i8192 %this_3_ret, i8192 %this_3_9" [HLS_Final_vitis_src/dpu.cpp:216]   --->   Operation 110 'store' 'store_ln216' <Predicate = true> <Delay = 0.46>
ST_34 : Operation 111 [1/1] (0.46ns)   --->   "%store_ln216 = store i8192 %this_4_ret, i8192 %this_4_9" [HLS_Final_vitis_src/dpu.cpp:216]   --->   Operation 111 'store' 'store_ln216' <Predicate = true> <Delay = 0.46>
ST_34 : Operation 112 [1/1] (0.46ns)   --->   "%store_ln216 = store i8192 %call_ret, i8192 %this_1_9" [HLS_Final_vitis_src/dpu.cpp:216]   --->   Operation 112 'store' 'store_ln216' <Predicate = true> <Delay = 0.46>
ST_34 : Operation 113 [1/1] (0.00ns)   --->   "%br_ln216 = br void %for.inc141" [HLS_Final_vitis_src/dpu.cpp:216]   --->   Operation 113 'br' 'br_ln216' <Predicate = true> <Delay = 0.00>


============================================================
+ Verbose Summary: Timing violations
============================================================
Target clock period: 10ns, clock uncertainty: 2.7ns.

 <State 1>: 1.18ns
The critical path consists of the following:
	'alloca' operation ('i') [12]  (0 ns)
	'load' operation ('i', HLS_Final_vitis_src/dpu.cpp:216) on local variable 'i' [33]  (0 ns)
	'add' operation ('i', HLS_Final_vitis_src/dpu.cpp:216) [37]  (0.715 ns)
	'store' operation ('store_ln216', HLS_Final_vitis_src/dpu.cpp:216) of variable 'i', HLS_Final_vitis_src/dpu.cpp:216 on local variable 'i' [59]  (0.46 ns)

 <State 2>: 2.15ns
The critical path consists of the following:
	'add' operation ('add_ln218', HLS_Final_vitis_src/dpu.cpp:218) [43]  (0.856 ns)
	'call' operation ('call_ret', HLS_Final_vitis_src/dpu.cpp:218) to 'read_p1' [45]  (1.3 ns)

 <State 3>: 1.3ns
The critical path consists of the following:
	'call' operation ('call_ret', HLS_Final_vitis_src/dpu.cpp:218) to 'read_p1' [45]  (1.3 ns)

 <State 4>: 2.15ns
The critical path consists of the following:
	'add' operation ('add_ln219', HLS_Final_vitis_src/dpu.cpp:219) [46]  (0.856 ns)
	'call' operation ('call_ret12', HLS_Final_vitis_src/dpu.cpp:219) to 'read_p2' [48]  (1.3 ns)

 <State 5>: 1.76ns
The critical path consists of the following:
	'call' operation ('call_ret12', HLS_Final_vitis_src/dpu.cpp:219) to 'read_p2' [48]  (1.3 ns)
	'store' operation ('store_ln216', HLS_Final_vitis_src/dpu.cpp:216) of variable 'call_ret12', HLS_Final_vitis_src/dpu.cpp:219 on local variable 'this_2_5' [58]  (0.46 ns)

 <State 6>: 6.13ns
The critical path consists of the following:
	'load' operation ('this_4_9_load_1', HLS_Final_vitis_src/dpu.cpp:220) on local variable 'this_4_9' [40]  (0 ns)
	'call' operation ('call_ret13', HLS_Final_vitis_src/dpu.cpp:220) to 'dpu_unit' [49]  (6.13 ns)

 <State 7>: 6.13ns
The critical path consists of the following:
	'call' operation ('call_ret13', HLS_Final_vitis_src/dpu.cpp:220) to 'dpu_unit' [49]  (6.13 ns)

 <State 8>: 6.13ns
The critical path consists of the following:
	'call' operation ('call_ret13', HLS_Final_vitis_src/dpu.cpp:220) to 'dpu_unit' [49]  (6.13 ns)

 <State 9>: 6.13ns
The critical path consists of the following:
	'call' operation ('call_ret13', HLS_Final_vitis_src/dpu.cpp:220) to 'dpu_unit' [49]  (6.13 ns)

 <State 10>: 6.13ns
The critical path consists of the following:
	'call' operation ('call_ret13', HLS_Final_vitis_src/dpu.cpp:220) to 'dpu_unit' [49]  (6.13 ns)

 <State 11>: 6.13ns
The critical path consists of the following:
	'call' operation ('call_ret13', HLS_Final_vitis_src/dpu.cpp:220) to 'dpu_unit' [49]  (6.13 ns)

 <State 12>: 6.13ns
The critical path consists of the following:
	'call' operation ('call_ret13', HLS_Final_vitis_src/dpu.cpp:220) to 'dpu_unit' [49]  (6.13 ns)

 <State 13>: 6.13ns
The critical path consists of the following:
	'call' operation ('call_ret13', HLS_Final_vitis_src/dpu.cpp:220) to 'dpu_unit' [49]  (6.13 ns)

 <State 14>: 6.13ns
The critical path consists of the following:
	'call' operation ('call_ret13', HLS_Final_vitis_src/dpu.cpp:220) to 'dpu_unit' [49]  (6.13 ns)

 <State 15>: 6.13ns
The critical path consists of the following:
	'call' operation ('call_ret13', HLS_Final_vitis_src/dpu.cpp:220) to 'dpu_unit' [49]  (6.13 ns)

 <State 16>: 6.13ns
The critical path consists of the following:
	'call' operation ('call_ret13', HLS_Final_vitis_src/dpu.cpp:220) to 'dpu_unit' [49]  (6.13 ns)

 <State 17>: 6.13ns
The critical path consists of the following:
	'call' operation ('call_ret13', HLS_Final_vitis_src/dpu.cpp:220) to 'dpu_unit' [49]  (6.13 ns)

 <State 18>: 6.13ns
The critical path consists of the following:
	'call' operation ('call_ret13', HLS_Final_vitis_src/dpu.cpp:220) to 'dpu_unit' [49]  (6.13 ns)

 <State 19>: 6.13ns
The critical path consists of the following:
	'call' operation ('call_ret13', HLS_Final_vitis_src/dpu.cpp:220) to 'dpu_unit' [49]  (6.13 ns)

 <State 20>: 6.13ns
The critical path consists of the following:
	'call' operation ('call_ret13', HLS_Final_vitis_src/dpu.cpp:220) to 'dpu_unit' [49]  (6.13 ns)

 <State 21>: 6.13ns
The critical path consists of the following:
	'call' operation ('call_ret13', HLS_Final_vitis_src/dpu.cpp:220) to 'dpu_unit' [49]  (6.13 ns)

 <State 22>: 6.13ns
The critical path consists of the following:
	'call' operation ('call_ret13', HLS_Final_vitis_src/dpu.cpp:220) to 'dpu_unit' [49]  (6.13 ns)

 <State 23>: 6.13ns
The critical path consists of the following:
	'call' operation ('call_ret13', HLS_Final_vitis_src/dpu.cpp:220) to 'dpu_unit' [49]  (6.13 ns)

 <State 24>: 6.13ns
The critical path consists of the following:
	'call' operation ('call_ret13', HLS_Final_vitis_src/dpu.cpp:220) to 'dpu_unit' [49]  (6.13 ns)

 <State 25>: 6.13ns
The critical path consists of the following:
	'call' operation ('call_ret13', HLS_Final_vitis_src/dpu.cpp:220) to 'dpu_unit' [49]  (6.13 ns)

 <State 26>: 6.13ns
The critical path consists of the following:
	'call' operation ('call_ret13', HLS_Final_vitis_src/dpu.cpp:220) to 'dpu_unit' [49]  (6.13 ns)

 <State 27>: 6.13ns
The critical path consists of the following:
	'call' operation ('call_ret13', HLS_Final_vitis_src/dpu.cpp:220) to 'dpu_unit' [49]  (6.13 ns)

 <State 28>: 6.13ns
The critical path consists of the following:
	'call' operation ('call_ret13', HLS_Final_vitis_src/dpu.cpp:220) to 'dpu_unit' [49]  (6.13 ns)

 <State 29>: 6.13ns
The critical path consists of the following:
	'call' operation ('call_ret13', HLS_Final_vitis_src/dpu.cpp:220) to 'dpu_unit' [49]  (6.13 ns)

 <State 30>: 6.13ns
The critical path consists of the following:
	'call' operation ('call_ret13', HLS_Final_vitis_src/dpu.cpp:220) to 'dpu_unit' [49]  (6.13 ns)

 <State 31>: 6.13ns
The critical path consists of the following:
	'call' operation ('call_ret13', HLS_Final_vitis_src/dpu.cpp:220) to 'dpu_unit' [49]  (6.13 ns)

 <State 32>: 6.13ns
The critical path consists of the following:
	'call' operation ('call_ret13', HLS_Final_vitis_src/dpu.cpp:220) to 'dpu_unit' [49]  (6.13 ns)

 <State 33>: 6.13ns
The critical path consists of the following:
	'call' operation ('call_ret13', HLS_Final_vitis_src/dpu.cpp:220) to 'dpu_unit' [49]  (6.13 ns)

 <State 34>: 7.12ns
The critical path consists of the following:
	'call' operation ('call_ret13', HLS_Final_vitis_src/dpu.cpp:220) to 'dpu_unit' [49]  (5.82 ns)
	'call' operation ('call_ln221', HLS_Final_vitis_src/dpu.cpp:221) to 'write_p3' [54]  (1.3 ns)


============================================================
+ Verbose Summary: Binding
============================================================
N/A
* FSMD analyzer results:
  - Output states:
 - Input state : 
  - Chain level:
	State 1
	State 2
	State 3
	State 4
	State 5
	State 6
	State 7
	State 8
	State 9
	State 10
	State 11
	State 12
	State 13
	State 14
	State 15
	State 16
	State 17
	State 18
	State 19
	State 20
	State 21
	State 22
	State 23
	State 24
	State 25
	State 26
	State 27
	State 28
	State 29
	State 30
	State 31
	State 32
	State 33
	State 34


============================================================
+ Verbose Summary: Datapath Resource usage 
============================================================
N/A
