

================================================================
== Vitis HLS Report for 'dpu_func_Pipeline_FUNC_MATMUL_LOOP1'
================================================================
* Date:           Thu Dec 29 13:25:13 2022

* Version:        2022.1 (Build 3526262 on Mon Apr 18 15:48:16 MDT 2022)
* Project:        HLS_final_vitis
* Solution:       solution3 (Vivado IP Flow Target)
* Product family: virtexuplus
* Target device:  xcvu11p-flga2577-1-e


================================================================
== Performance Estimates
================================================================
+ Timing: 
    * Summary: 
    +--------+----------+----------+------------+
    |  Clock |  Target  | Estimated| Uncertainty|
    +--------+----------+----------+------------+
    |ap_clk  |  10.00 ns|  7.121 ns|     2.70 ns|
    +--------+----------+----------+------------+

+ Latency: 
    * Summary: 
    +---------+---------+----------+----------+-----+-----+---------+
    |  Latency (cycles) |  Latency (absolute) |  Interval | Pipeline|
    |   min   |   max   |    min   |    max   | min | max |   Type  |
    +---------+---------+----------+----------+-----+-----+---------+
    |       37|       44|  0.370 us|  0.440 us|   37|   44|       no|
    +---------+---------+----------+----------+-----+-----+---------+

    + Detail: 
        * Instance: 
        +----------------------------+----------+---------+---------+-----------+-----------+-----+-----+---------+
        |                            |          |  Latency (cycles) |   Latency (absolute)  |  Interval | Pipeline|
        |          Instance          |  Module  |   min   |   max   |    min    |    max    | min | max |   Type  |
        +----------------------------+----------+---------+---------+-----------+-----------+-----+-----+---------+
        |grp_read_p1_fu_165          |read_p1   |        1|        1|  10.000 ns|  10.000 ns|    1|    1|      yes|
        |grp_read_p2_fu_172          |read_p2   |        1|        1|  10.000 ns|  10.000 ns|    1|    1|      yes|
        |grp_dpu_unit_fu_179         |dpu_unit  |        1|        1|  10.000 ns|  10.000 ns|    1|    1|      yes|
        |call_ln220_write_p3_fu_190  |write_p3  |        0|        0|       0 ns|       0 ns|    1|    1|      yes|
        |call_ln221_write_p4_fu_198  |write_p4  |        0|        0|       0 ns|       0 ns|    1|    1|      yes|
        +----------------------------+----------+---------+---------+-----------+-----------+-----+-----+---------+

        * Loop: 
        +---------------------+---------+---------+----------+-----------+-----------+-------+----------+
        |                     |  Latency (cycles) | Iteration|  Initiation Interval  |  Trip |          |
        |      Loop Name      |   min   |   max   |  Latency |  achieved |   target  | Count | Pipelined|
        +---------------------+---------+---------+----------+-----------+-----------+-------+----------+
        |- FUNC_MATMUL_LOOP1  |       35|       42|         8|          7|          1|  5 ~ 6|       yes|
        +---------------------+---------+---------+----------+-----------+-----------+-------+----------+



================================================================
== Utilization Estimates
================================================================
* Summary: 
+---------------------+---------+------+---------+---------+-----+
|         Name        | BRAM_18K|  DSP |    FF   |   LUT   | URAM|
+---------------------+---------+------+---------+---------+-----+
|DSP                  |        -|     -|        -|        -|    -|
|Expression           |        -|     -|        0|      100|    -|
|FIFO                 |        -|     -|        -|        -|    -|
|Instance             |        -|     -|        4|       22|    -|
|Memory               |        -|     -|        -|        -|    -|
|Multiplexer          |        -|     -|        -|      204|    -|
|Register             |        -|     -|    49190|        -|    -|
+---------------------+---------+------+---------+---------+-----+
|Total                |        0|     0|    49194|      326|    0|
+---------------------+---------+------+---------+---------+-----+
|Available SLR        |     1344|  3072|   864000|   432000|  320|
+---------------------+---------+------+---------+---------+-----+
|Utilization SLR (%)  |        0|     0|        5|       ~0|    0|
+---------------------+---------+------+---------+---------+-----+
|Available            |     4032|  9216|  2592000|  1296000|  960|
+---------------------+---------+------+---------+---------+-----+
|Utilization (%)      |        0|     0|        1|       ~0|    0|
+---------------------+---------+------+---------+---------+-----+

+ Detail: 
    * Instance: 
    +----------------------------+----------+---------+----+---+----+-----+
    |          Instance          |  Module  | BRAM_18K| DSP| FF| LUT| URAM|
    +----------------------------+----------+---------+----+---+----+-----+
    |grp_read_p1_fu_165          |read_p1   |        0|   0|  2|   2|    0|
    |grp_read_p2_fu_172          |read_p2   |        0|   0|  2|   2|    0|
    |call_ln220_write_p3_fu_190  |write_p3  |        0|   0|  0|   9|    0|
    |call_ln221_write_p4_fu_198  |write_p4  |        0|   0|  0|   9|    0|
    +----------------------------+----------+---------+----+---+----+-----+
    |Total                       |          |        0|   0|  4|  22|    0|
    +----------------------------+----------+---------+----+---+----+-----+

    * DSP: 
    N/A

    * Memory: 
    N/A

    * FIFO: 
    N/A

    * Expression: 
    +-----------------------+----------+----+---+----+------------+------------+
    |     Variable Name     | Operation| DSP| FF| LUT| Bitwidth P0| Bitwidth P1|
    +-----------------------+----------+----+---+----+------------+------------+
    |add_ln217_1_fu_259_p2  |         +|   0|  0|  19|           8|           8|
    |add_ln217_fu_253_p2    |         +|   0|  0|  19|           8|           8|
    |add_ln218_fu_273_p2    |         +|   0|  0|  14|           7|           7|
    |add_ln220_fu_299_p2    |         +|   0|  0|  14|           7|           7|
    |add_ln221_fu_317_p2    |         +|   0|  0|  14|           7|           7|
    |i_63_fu_243_p2         |         +|   0|  0|  10|           3|           1|
    |icmp_ln215_fu_237_p2   |      icmp|   0|  0|   8|           3|           3|
    |ap_enable_pp0          |       xor|   0|  0|   2|           1|           2|
    +-----------------------+----------+----+---+----+------------+------------+
    |Total                  |          |   0|  0| 100|          44|          43|
    +-----------------------+----------+----+---+----+------------+------------+

    * Multiplexer: 
    +-----------------------------+----+-----------+------+-----------+
    |             Name            | LUT| Input Size| Bits | Total Bits|
    +-----------------------------+----+-----------+------+-----------+
    |ap_NS_fsm                    |  43|          8|     1|          8|
    |ap_done_int                  |   9|          2|     1|          2|
    |ap_enable_reg_pp0_iter0      |   9|          2|     1|          2|
    |ap_enable_reg_pp0_iter0_reg  |   9|          2|     1|          2|
    |ap_enable_reg_pp0_iter1      |   9|          2|     1|          2|
    |ap_sig_allocacmp_i           |   9|          2|     3|          6|
    |i_48_fu_86                   |   9|          2|     3|          6|
    |this_0_address0              |  26|          5|     8|         40|
    |this_0_ce0                   |  26|          5|     1|          5|
    |this_0_d0                    |  14|          3|  8192|      24576|
    |this_0_we0                   |  14|          3|  1024|       3072|
    |this_1_10_fu_90              |   9|          2|  8192|      16384|
    |this_3_10_fu_98              |   9|          2|  8192|      16384|
    |this_4_10_fu_94              |   9|          2|  8192|      16384|
    +-----------------------------+----+-----------+------+-----------+
    |Total                        | 204|         42| 33812|      76873|
    +-----------------------------+----+-----------+------+-----------+

    * Register: 
    +-----------------------------------------+------+----+------+-----------+
    |                   Name                  |  FF  | LUT| Bits | Const Bits|
    +-----------------------------------------+------+----+------+-----------+
    |add_ln217_1_reg_387                      |     8|   0|     8|          0|
    |addr2_cast_cast_cast_reg_373             |     6|   0|     7|          1|
    |ap_CS_fsm                                |     7|   0|     7|          0|
    |ap_done_reg                              |     1|   0|     1|          0|
    |ap_enable_reg_pp0_iter0_reg              |     1|   0|     1|          0|
    |ap_enable_reg_pp0_iter1                  |     1|   0|     1|          0|
    |call_ln220_write_p3_fu_190_ap_start_reg  |     1|   0|     1|          0|
    |call_ln221_write_p4_fu_198_ap_start_reg  |     1|   0|     1|          0|
    |call_ret_reg_392                         |  8192|   0|  8192|          0|
    |grp_read_p1_fu_165_ap_start_reg          |     1|   0|     1|          0|
    |grp_read_p2_fu_172_ap_start_reg          |     1|   0|     1|          0|
    |i_48_fu_86                               |     3|   0|     3|          0|
    |i_reg_378                                |     3|   0|     3|          0|
    |icmp_ln215_reg_383                       |     1|   0|     1|          0|
    |this_1_10_fu_90                          |  8192|   0|  8192|          0|
    |this_3_10_fu_98                          |  8192|   0|  8192|          0|
    |this_3_ret9_reg_404                      |  8192|   0|  8192|          0|
    |this_4_10_fu_94                          |  8192|   0|  8192|          0|
    |this_4_ret9_reg_410                      |  8192|   0|  8192|          0|
    |zext_ln217_1_reg_398                     |     3|   0|     7|          4|
    +-----------------------------------------+------+----+------+-----------+
    |Total                                    | 49190|   0| 49195|          5|
    +-----------------------------------------+------+----+------+-----------+



================================================================
== Interface
================================================================
* Summary: 
+--------------------------------+-----+------+------------+-------------------------------------+--------------+
|            RTL Ports           | Dir | Bits |  Protocol  |            Source Object            |    C Type    |
+--------------------------------+-----+------+------------+-------------------------------------+--------------+
|ap_clk                          |   in|     1|  ap_ctrl_hs|  dpu_func_Pipeline_FUNC_MATMUL_LOOP1|  return value|
|ap_rst                          |   in|     1|  ap_ctrl_hs|  dpu_func_Pipeline_FUNC_MATMUL_LOOP1|  return value|
|ap_start                        |   in|     1|  ap_ctrl_hs|  dpu_func_Pipeline_FUNC_MATMUL_LOOP1|  return value|
|ap_done                         |  out|     1|  ap_ctrl_hs|  dpu_func_Pipeline_FUNC_MATMUL_LOOP1|  return value|
|ap_idle                         |  out|     1|  ap_ctrl_hs|  dpu_func_Pipeline_FUNC_MATMUL_LOOP1|  return value|
|ap_ready                        |  out|     1|  ap_ctrl_hs|  dpu_func_Pipeline_FUNC_MATMUL_LOOP1|  return value|
|grp_dpu_unit_fu_2908_p_din1     |  out|  8192|  ap_ctrl_hs|  dpu_func_Pipeline_FUNC_MATMUL_LOOP1|  return value|
|grp_dpu_unit_fu_2908_p_din2     |  out|  8192|  ap_ctrl_hs|  dpu_func_Pipeline_FUNC_MATMUL_LOOP1|  return value|
|grp_dpu_unit_fu_2908_p_din3     |  out|  8192|  ap_ctrl_hs|  dpu_func_Pipeline_FUNC_MATMUL_LOOP1|  return value|
|grp_dpu_unit_fu_2908_p_din4     |  out|  8192|  ap_ctrl_hs|  dpu_func_Pipeline_FUNC_MATMUL_LOOP1|  return value|
|grp_dpu_unit_fu_2908_p_din5     |  out|     8|  ap_ctrl_hs|  dpu_func_Pipeline_FUNC_MATMUL_LOOP1|  return value|
|grp_dpu_unit_fu_2908_p_dout0_0  |   in|  8192|  ap_ctrl_hs|  dpu_func_Pipeline_FUNC_MATMUL_LOOP1|  return value|
|grp_dpu_unit_fu_2908_p_dout0_1  |   in|  8192|  ap_ctrl_hs|  dpu_func_Pipeline_FUNC_MATMUL_LOOP1|  return value|
|grp_dpu_unit_fu_2908_p_ce       |  out|     1|  ap_ctrl_hs|  dpu_func_Pipeline_FUNC_MATMUL_LOOP1|  return value|
|this_3_9                        |   in|  8192|     ap_none|                             this_3_9|        scalar|
|this_4_9                        |   in|  8192|     ap_none|                             this_4_9|        scalar|
|this_1_9                        |   in|  8192|     ap_none|                             this_1_9|        scalar|
|itr_cast                        |   in|     3|     ap_none|                             itr_cast|        scalar|
|this_0_address0                 |  out|     8|   ap_memory|                               this_0|         array|
|this_0_ce0                      |  out|     1|   ap_memory|                               this_0|         array|
|this_0_we0                      |  out|  1024|   ap_memory|                               this_0|         array|
|this_0_d0                       |  out|  8192|   ap_memory|                               this_0|         array|
|this_0_q0                       |   in|  8192|   ap_memory|                               this_0|         array|
|addr1                           |   in|     8|     ap_none|                                addr1|        scalar|
|zext_ln217_2                    |   in|     5|     ap_none|                         zext_ln217_2|        scalar|
|addr2_cast_cast                 |   in|     6|     ap_none|                      addr2_cast_cast|        scalar|
|this_3_10_out                   |  out|  8192|      ap_vld|                        this_3_10_out|       pointer|
|this_3_10_out_ap_vld            |  out|     1|      ap_vld|                        this_3_10_out|       pointer|
|this_4_10_out                   |  out|  8192|      ap_vld|                        this_4_10_out|       pointer|
|this_4_10_out_ap_vld            |  out|     1|      ap_vld|                        this_4_10_out|       pointer|
|this_1_10_out                   |  out|  8192|      ap_vld|                        this_1_10_out|       pointer|
|this_1_10_out_ap_vld            |  out|     1|      ap_vld|                        this_1_10_out|       pointer|
+--------------------------------+-----+------+------------+-------------------------------------+--------------+

