

================================================================
== Vitis HLS Report for 'dpu_func_Pipeline_FUNC_INTT_LOOP1'
================================================================
* Date:           Thu Dec 29 13:26:08 2022

* Version:        2022.1 (Build 3526262 on Mon Apr 18 15:48:16 MDT 2022)
* Project:        HLS_final_vitis
* Solution:       solution3 (Vivado IP Flow Target)
* Product family: virtexuplus
* Target device:  xcvu11p-flga2577-1-e


================================================================
== Performance Estimates
================================================================
+ Timing: 
    * Summary: 
    +--------+----------+----------+------------+
    |  Clock |  Target  | Estimated| Uncertainty|
    +--------+----------+----------+------------+
    |ap_clk  |  10.00 ns|  7.121 ns|     2.70 ns|
    +--------+----------+----------+------------+

+ Latency: 
    * Summary: 
    +---------+---------+----------+----------+-----+-----+---------+
    |  Latency (cycles) |  Latency (absolute) |  Interval | Pipeline|
    |   min   |   max   |    min   |    max   | min | max |   Type  |
    +---------+---------+----------+----------+-----+-----+---------+
    |       23|       27|  0.230 us|  0.270 us|   23|   27|       no|
    +---------+---------+----------+----------+-----+-----+---------+

    + Detail: 
        * Instance: 
        +----------------------------+-----------+---------+---------+-----------+-----------+-----+-----+---------+
        |                            |           |  Latency (cycles) |   Latency (absolute)  |  Interval | Pipeline|
        |          Instance          |   Module  |   min   |   max   |    min    |    max    | min | max |   Type  |
        +----------------------------+-----------+---------+---------+-----------+-----------+-----+-----+---------+
        |grp_read_intt_fu_137        |read_intt  |        1|        1|  10.000 ns|  10.000 ns|    1|    1|      yes|
        |grp_dpu_unit_fu_144         |dpu_unit   |        1|        1|  10.000 ns|  10.000 ns|    1|    1|      yes|
        |call_ln341_write_p3_fu_154  |write_p3   |        0|        0|       0 ns|       0 ns|    1|    1|      yes|
        +----------------------------+-----------+---------+---------+-----------+-----------+-----+-----+---------+

        * Loop: 
        +-------------------+---------+---------+----------+-----------+-----------+-------+----------+
        |                   |  Latency (cycles) | Iteration|  Initiation Interval  |  Trip |          |
        |     Loop Name     |   min   |   max   |  Latency |  achieved |   target  | Count | Pipelined|
        +-------------------+---------+---------+----------+-----------+-----------+-------+----------+
        |- FUNC_INTT_LOOP1  |       21|       25|         5|          4|          1|  5 ~ 6|       yes|
        +-------------------+---------+---------+----------+-----------+-----------+-------+----------+



================================================================
== Utilization Estimates
================================================================
* Summary: 
+---------------------+---------+------+---------+---------+-----+
|         Name        | BRAM_18K|  DSP |    FF   |   LUT   | URAM|
+---------------------+---------+------+---------+---------+-----+
|DSP                  |        -|     -|        -|        -|    -|
|Expression           |        -|     -|        0|       35|    -|
|FIFO                 |        -|     -|        -|        -|    -|
|Instance             |        -|     -|        2|       11|    -|
|Memory               |        -|     -|        -|        -|    -|
|Multiplexer          |        -|     -|        -|      144|    -|
|Register             |        -|     -|    40984|        -|    -|
+---------------------+---------+------+---------+---------+-----+
|Total                |        0|     0|    40986|      190|    0|
+---------------------+---------+------+---------+---------+-----+
|Available SLR        |     1344|  3072|   864000|   432000|  320|
+---------------------+---------+------+---------+---------+-----+
|Utilization SLR (%)  |        0|     0|        4|       ~0|    0|
+---------------------+---------+------+---------+---------+-----+
|Available            |     4032|  9216|  2592000|  1296000|  960|
+---------------------+---------+------+---------+---------+-----+
|Utilization (%)      |        0|     0|        1|       ~0|    0|
+---------------------+---------+------+---------+---------+-----+

+ Detail: 
    * Instance: 
    +----------------------------+-----------+---------+----+---+----+-----+
    |          Instance          |   Module  | BRAM_18K| DSP| FF| LUT| URAM|
    +----------------------------+-----------+---------+----+---+----+-----+
    |grp_read_intt_fu_137        |read_intt  |        0|   0|  2|   2|    0|
    |call_ln341_write_p3_fu_154  |write_p3   |        0|   0|  0|   9|    0|
    +----------------------------+-----------+---------+----+---+----+-----+
    |Total                       |           |        0|   0|  2|  11|    0|
    +----------------------------+-----------+---------+----+---+----+-----+

    * DSP: 
    N/A

    * Memory: 
    N/A

    * FIFO: 
    N/A

    * Expression: 
    +----------------------+----------+----+---+----+------------+------------+
    |     Variable Name    | Operation| DSP| FF| LUT| Bitwidth P0| Bitwidth P1|
    +----------------------+----------+----+---+----+------------+------------+
    |add_ln339_fu_199_p2   |         +|   0|  0|  15|           8|           8|
    |i_70_fu_191_p2        |         +|   0|  0|  10|           3|           1|
    |icmp_ln337_fu_185_p2  |      icmp|   0|  0|   8|           3|           3|
    |ap_enable_pp0         |       xor|   0|  0|   2|           1|           2|
    +----------------------+----------+----+---+----+------------+------------+
    |Total                 |          |   0|  0|  35|          15|          14|
    +----------------------+----------+----+---+----+------------+------------+

    * Multiplexer: 
    +-----------------------------+----+-----------+------+-----------+
    |             Name            | LUT| Input Size| Bits | Total Bits|
    +-----------------------------+----+-----------+------+-----------+
    |ap_NS_fsm                    |  26|          5|     1|          5|
    |ap_done_int                  |   9|          2|     1|          2|
    |ap_enable_reg_pp0_iter0      |   9|          2|     1|          2|
    |ap_enable_reg_pp0_iter0_reg  |   9|          2|     1|          2|
    |ap_enable_reg_pp0_iter1      |   9|          2|     1|          2|
    |ap_sig_allocacmp_i           |   9|          2|     3|          6|
    |i_44_fu_70                   |   9|          2|     3|          6|
    |this_0_address0              |  14|          3|     8|         24|
    |this_0_ce0                   |  14|          3|     1|          3|
    |this_0_we0                   |   9|          2|  1024|       2048|
    |this_1_26_fu_74              |   9|          2|  8192|      16384|
    |this_3_27_fu_82              |   9|          2|  8192|      16384|
    |this_4_27_fu_78              |   9|          2|  8192|      16384|
    +-----------------------------+----+-----------+------+-----------+
    |Total                        | 144|         31| 25620|      51252|
    +-----------------------------+----+-----------+------+-----------+

    * Register: 
    +-----------------------------------------+------+----+------+-----------+
    |                   Name                  |  FF  | LUT| Bits | Const Bits|
    +-----------------------------------------+------+----+------+-----------+
    |add_ln339_reg_306                        |     8|   0|     8|          0|
    |ap_CS_fsm                                |     4|   0|     4|          0|
    |ap_done_reg                              |     1|   0|     1|          0|
    |ap_enable_reg_pp0_iter0_reg              |     1|   0|     1|          0|
    |ap_enable_reg_pp0_iter1                  |     1|   0|     1|          0|
    |call_ln341_write_p3_fu_154_ap_start_reg  |     1|   0|     1|          0|
    |grp_read_intt_fu_137_ap_start_reg        |     1|   0|     1|          0|
    |i_44_fu_70                               |     3|   0|     3|          0|
    |i_reg_296                                |     3|   0|     3|          0|
    |icmp_ln337_reg_302                       |     1|   0|     1|          0|
    |this_1_26_fu_74                          |  8192|   0|  8192|          0|
    |this_3_27_fu_82                          |  8192|   0|  8192|          0|
    |this_3_ret6_reg_312                      |  8192|   0|  8192|          0|
    |this_4_27_fu_78                          |  8192|   0|  8192|          0|
    |this_4_ret6_reg_318                      |  8192|   0|  8192|          0|
    +-----------------------------------------+------+----+------+-----------+
    |Total                                    | 40984|   0| 40984|          0|
    +-----------------------------------------+------+----+------+-----------+



================================================================
== Interface
================================================================
* Summary: 
+--------------------------------+-----+------+------------+-----------------------------------+--------------+
|            RTL Ports           | Dir | Bits |  Protocol  |           Source Object           |    C Type    |
+--------------------------------+-----+------+------------+-----------------------------------+--------------+
|ap_clk                          |   in|     1|  ap_ctrl_hs|  dpu_func_Pipeline_FUNC_INTT_LOOP1|  return value|
|ap_rst                          |   in|     1|  ap_ctrl_hs|  dpu_func_Pipeline_FUNC_INTT_LOOP1|  return value|
|ap_start                        |   in|     1|  ap_ctrl_hs|  dpu_func_Pipeline_FUNC_INTT_LOOP1|  return value|
|ap_done                         |  out|     1|  ap_ctrl_hs|  dpu_func_Pipeline_FUNC_INTT_LOOP1|  return value|
|ap_idle                         |  out|     1|  ap_ctrl_hs|  dpu_func_Pipeline_FUNC_INTT_LOOP1|  return value|
|ap_ready                        |  out|     1|  ap_ctrl_hs|  dpu_func_Pipeline_FUNC_INTT_LOOP1|  return value|
|grp_dpu_unit_fu_2908_p_din1     |  out|  8192|  ap_ctrl_hs|  dpu_func_Pipeline_FUNC_INTT_LOOP1|  return value|
|grp_dpu_unit_fu_2908_p_din2     |  out|  8192|  ap_ctrl_hs|  dpu_func_Pipeline_FUNC_INTT_LOOP1|  return value|
|grp_dpu_unit_fu_2908_p_din3     |  out|  8192|  ap_ctrl_hs|  dpu_func_Pipeline_FUNC_INTT_LOOP1|  return value|
|grp_dpu_unit_fu_2908_p_din4     |  out|  8192|  ap_ctrl_hs|  dpu_func_Pipeline_FUNC_INTT_LOOP1|  return value|
|grp_dpu_unit_fu_2908_p_din5     |  out|     8|  ap_ctrl_hs|  dpu_func_Pipeline_FUNC_INTT_LOOP1|  return value|
|grp_dpu_unit_fu_2908_p_dout0_0  |   in|  8192|  ap_ctrl_hs|  dpu_func_Pipeline_FUNC_INTT_LOOP1|  return value|
|grp_dpu_unit_fu_2908_p_dout0_1  |   in|  8192|  ap_ctrl_hs|  dpu_func_Pipeline_FUNC_INTT_LOOP1|  return value|
|grp_dpu_unit_fu_2908_p_ce       |  out|     1|  ap_ctrl_hs|  dpu_func_Pipeline_FUNC_INTT_LOOP1|  return value|
|this_3_26                       |   in|  8192|     ap_none|                          this_3_26|        scalar|
|this_4_26                       |   in|  8192|     ap_none|                          this_4_26|        scalar|
|this_1_25                       |   in|  8192|     ap_none|                          this_1_25|        scalar|
|itr_cast                        |   in|     3|     ap_none|                           itr_cast|        scalar|
|this_0_address0                 |  out|     8|   ap_memory|                             this_0|         array|
|this_0_ce0                      |  out|     1|   ap_memory|                             this_0|         array|
|this_0_we0                      |  out|  1024|   ap_memory|                             this_0|         array|
|this_0_d0                       |  out|  8192|   ap_memory|                             this_0|         array|
|this_0_q0                       |   in|  8192|   ap_memory|                             this_0|         array|
|addr1                           |   in|     8|     ap_none|                              addr1|        scalar|
|this_3_27_out                   |  out|  8192|      ap_vld|                      this_3_27_out|       pointer|
|this_3_27_out_ap_vld            |  out|     1|      ap_vld|                      this_3_27_out|       pointer|
|this_4_27_out                   |  out|  8192|      ap_vld|                      this_4_27_out|       pointer|
|this_4_27_out_ap_vld            |  out|     1|      ap_vld|                      this_4_27_out|       pointer|
|this_1_26_out                   |  out|  8192|      ap_vld|                      this_1_26_out|       pointer|
|this_1_26_out_ap_vld            |  out|     1|      ap_vld|                      this_1_26_out|       pointer|
+--------------------------------+-----+------+------------+-----------------------------------+--------------+

