

================================================================
== Vivado HLS Report for 'matrixmul'
================================================================
* Date:           Tue Oct 18 20:39:08 2022

* Version:        2020.1 (Build 2897737 on Wed May 27 20:21:37 MDT 2020)
* Project:        Brutal_matrix_multiplication
* Solution:       solution5
* Product family: zynq
* Target device:  xc7z020-clg400-1


================================================================
== Performance Estimates
================================================================
+ Timing: 
    * Summary: 
    +--------+----------+----------+------------+
    |  Clock |  Target  | Estimated| Uncertainty|
    +--------+----------+----------+------------+
    |ap_clk  | 10.00 ns | 8.742 ns |   1.25 ns  |
    +--------+----------+----------+------------+

+ Latency: 
    * Summary: 
    +---------+---------+----------+----------+-----+-----+---------+
    |  Latency (cycles) |  Latency (absolute) |  Interval | Pipeline|
    |   min   |   max   |    min   |    max   | min | max |   Type  |
    +---------+---------+----------+----------+-----+-----+---------+
    |      518|      518| 5.180 us | 5.180 us |  518|  518|   none  |
    +---------+---------+----------+----------+-----+-----+---------+

    + Detail: 
        * Instance: 
        N/A

        * Loop: 
        +----------+---------+---------+----------+-----------+-----------+------+----------+
        |          |  Latency (cycles) | Iteration|  Initiation Interval  | Trip |          |
        | Loop Name|   min   |   max   |  Latency |  achieved |   target  | Count| Pipelined|
        +----------+---------+---------+----------+-----------+-----------+------+----------+
        |- row     |      516|      516|        21|         16|          1|    32|    yes   |
        +----------+---------+---------+----------+-----------+-----------+------+----------+



================================================================
== Utilization Estimates
================================================================
* Summary: 
+-----------------+---------+-------+--------+-------+-----+
|       Name      | BRAM_18K| DSP48E|   FF   |  LUT  | URAM|
+-----------------+---------+-------+--------+-------+-----+
|DSP              |        -|      -|       -|      -|    -|
|Expression       |        -|    468|       0|  12537|    -|
|FIFO             |        -|      -|       -|      -|    -|
|Instance         |        -|      -|       -|      -|    -|
|Memory           |        -|      -|       -|      -|    -|
|Multiplexer      |        -|      -|       -|    630|    -|
|Register         |        -|      -|   13742|      -|    -|
+-----------------+---------+-------+--------+-------+-----+
|Total            |        0|    468|   13742|  13167|    0|
+-----------------+---------+-------+--------+-------+-----+
|Available        |      280|    220|  106400|  53200|    0|
+-----------------+---------+-------+--------+-------+-----+
|Utilization (%)  |        0|    212|      12|     24|    0|
+-----------------+---------+-------+--------+-------+-----+

+ Detail: 
    * Instance: 
    N/A

    * DSP48E: 
    N/A

    * Memory: 
    N/A

    * FIFO: 
    N/A

    * Expression: 
    +-------------------------+----------+-------+---+-----+------------+------------+
    |      Variable Name      | Operation| DSP48E| FF| LUT | Bitwidth P0| Bitwidth P1|
    +-------------------------+----------+-------+---+-----+------------+------------+
    |grp_fu_1727_p2           |     *    |      3|  0|   20|          32|          32|
    |grp_fu_1732_p2           |     *    |      3|  0|   20|          32|          32|
    |grp_fu_1737_p2           |     *    |      3|  0|   20|          32|          32|
    |grp_fu_1742_p2           |     *    |      3|  0|   20|          32|          32|
    |grp_fu_1747_p2           |     *    |      3|  0|   20|          32|          32|
    |grp_fu_1752_p2           |     *    |      3|  0|   20|          32|          32|
    |grp_fu_1757_p2           |     *    |      3|  0|   20|          32|          32|
    |grp_fu_1762_p2           |     *    |      3|  0|   20|          32|          32|
    |grp_fu_1767_p2           |     *    |      3|  0|   20|          32|          32|
    |grp_fu_1772_p2           |     *    |      3|  0|   20|          32|          32|
    |grp_fu_1777_p2           |     *    |      3|  0|   20|          32|          32|
    |grp_fu_1782_p2           |     *    |      3|  0|   20|          32|          32|
    |grp_fu_1787_p2           |     *    |      3|  0|   20|          32|          32|
    |grp_fu_1792_p2           |     *    |      3|  0|   20|          32|          32|
    |grp_fu_1797_p2           |     *    |      3|  0|   20|          32|          32|
    |grp_fu_1802_p2           |     *    |      3|  0|   20|          32|          32|
    |grp_fu_1807_p2           |     *    |      3|  0|   20|          32|          32|
    |grp_fu_1812_p2           |     *    |      3|  0|   20|          32|          32|
    |grp_fu_1817_p2           |     *    |      3|  0|   20|          32|          32|
    |grp_fu_1822_p2           |     *    |      3|  0|   20|          32|          32|
    |grp_fu_1827_p2           |     *    |      3|  0|   20|          32|          32|
    |grp_fu_1832_p2           |     *    |      3|  0|   20|          32|          32|
    |grp_fu_1837_p2           |     *    |      3|  0|   20|          32|          32|
    |grp_fu_1842_p2           |     *    |      3|  0|   20|          32|          32|
    |grp_fu_1847_p2           |     *    |      3|  0|   20|          32|          32|
    |grp_fu_1852_p2           |     *    |      3|  0|   20|          32|          32|
    |grp_fu_1857_p2           |     *    |      3|  0|   20|          32|          32|
    |grp_fu_1862_p2           |     *    |      3|  0|   20|          32|          32|
    |grp_fu_1867_p2           |     *    |      3|  0|   20|          32|          32|
    |grp_fu_1872_p2           |     *    |      3|  0|   20|          32|          32|
    |grp_fu_1877_p2           |     *    |      3|  0|   20|          32|          32|
    |grp_fu_1882_p2           |     *    |      3|  0|   20|          32|          32|
    |grp_fu_1887_p2           |     *    |      3|  0|   20|          32|          32|
    |grp_fu_1892_p2           |     *    |      3|  0|   20|          32|          32|
    |grp_fu_1897_p2           |     *    |      3|  0|   20|          32|          32|
    |grp_fu_1902_p2           |     *    |      3|  0|   20|          32|          32|
    |grp_fu_1907_p2           |     *    |      3|  0|   20|          32|          32|
    |grp_fu_1912_p2           |     *    |      3|  0|   20|          32|          32|
    |grp_fu_1917_p2           |     *    |      3|  0|   20|          32|          32|
    |grp_fu_1922_p2           |     *    |      3|  0|   20|          32|          32|
    |grp_fu_1927_p2           |     *    |      3|  0|   20|          32|          32|
    |grp_fu_1932_p2           |     *    |      3|  0|   20|          32|          32|
    |grp_fu_1937_p2           |     *    |      3|  0|   20|          32|          32|
    |grp_fu_1942_p2           |     *    |      3|  0|   20|          32|          32|
    |grp_fu_1947_p2           |     *    |      3|  0|   20|          32|          32|
    |grp_fu_1952_p2           |     *    |      3|  0|   20|          32|          32|
    |grp_fu_1957_p2           |     *    |      3|  0|   20|          32|          32|
    |grp_fu_1962_p2           |     *    |      3|  0|   20|          32|          32|
    |grp_fu_1967_p2           |     *    |      3|  0|   20|          32|          32|
    |grp_fu_1972_p2           |     *    |      3|  0|   20|          32|          32|
    |grp_fu_1977_p2           |     *    |      3|  0|   20|          32|          32|
    |grp_fu_1982_p2           |     *    |      3|  0|   20|          32|          32|
    |grp_fu_1987_p2           |     *    |      3|  0|   20|          32|          32|
    |grp_fu_1992_p2           |     *    |      3|  0|   20|          32|          32|
    |grp_fu_1997_p2           |     *    |      3|  0|   20|          32|          32|
    |grp_fu_2002_p2           |     *    |      3|  0|   20|          32|          32|
    |grp_fu_2007_p2           |     *    |      3|  0|   20|          32|          32|
    |grp_fu_2012_p2           |     *    |      3|  0|   20|          32|          32|
    |grp_fu_2017_p2           |     *    |      3|  0|   20|          32|          32|
    |grp_fu_2022_p2           |     *    |      3|  0|   20|          32|          32|
    |grp_fu_2027_p2           |     *    |      3|  0|   20|          32|          32|
    |grp_fu_2032_p2           |     *    |      3|  0|   20|          32|          32|
    |grp_fu_2037_p2           |     *    |      3|  0|   20|          32|          32|
    |grp_fu_2042_p2           |     *    |      3|  0|   20|          32|          32|
    |grp_fu_2047_p2           |     *    |      3|  0|   20|          32|          32|
    |grp_fu_2052_p2           |     *    |      3|  0|   20|          32|          32|
    |grp_fu_2057_p2           |     *    |      3|  0|   20|          32|          32|
    |grp_fu_2062_p2           |     *    |      3|  0|   20|          32|          32|
    |grp_fu_2067_p2           |     *    |      3|  0|   20|          32|          32|
    |grp_fu_2072_p2           |     *    |      3|  0|   20|          32|          32|
    |grp_fu_2077_p2           |     *    |      3|  0|   20|          32|          32|
    |grp_fu_2082_p2           |     *    |      3|  0|   20|          32|          32|
    |grp_fu_2087_p2           |     *    |      3|  0|   20|          32|          32|
    |grp_fu_2092_p2           |     *    |      3|  0|   20|          32|          32|
    |grp_fu_2097_p2           |     *    |      3|  0|   20|          32|          32|
    |grp_fu_2102_p2           |     *    |      3|  0|   20|          32|          32|
    |grp_fu_2107_p2           |     *    |      3|  0|   20|          32|          32|
    |grp_fu_2112_p2           |     *    |      3|  0|   20|          32|          32|
    |grp_fu_2117_p2           |     *    |      3|  0|   20|          32|          32|
    |grp_fu_2122_p2           |     *    |      3|  0|   20|          32|          32|
    |grp_fu_2127_p2           |     *    |      3|  0|   20|          32|          32|
    |grp_fu_2132_p2           |     *    |      3|  0|   20|          32|          32|
    |grp_fu_2137_p2           |     *    |      3|  0|   20|          32|          32|
    |grp_fu_2142_p2           |     *    |      3|  0|   20|          32|          32|
    |grp_fu_2147_p2           |     *    |      3|  0|   20|          32|          32|
    |grp_fu_2152_p2           |     *    |      3|  0|   20|          32|          32|
    |grp_fu_2157_p2           |     *    |      3|  0|   20|          32|          32|
    |grp_fu_2162_p2           |     *    |      3|  0|   20|          32|          32|
    |grp_fu_2167_p2           |     *    |      3|  0|   20|          32|          32|
    |grp_fu_2172_p2           |     *    |      3|  0|   20|          32|          32|
    |grp_fu_2177_p2           |     *    |      3|  0|   20|          32|          32|
    |grp_fu_2182_p2           |     *    |      3|  0|   20|          32|          32|
    |grp_fu_2187_p2           |     *    |      3|  0|   20|          32|          32|
    |grp_fu_2192_p2           |     *    |      3|  0|   20|          32|          32|
    |grp_fu_2197_p2           |     *    |      3|  0|   20|          32|          32|
    |grp_fu_2202_p2           |     *    |      3|  0|   20|          32|          32|
    |grp_fu_2207_p2           |     *    |      3|  0|   20|          32|          32|
    |grp_fu_2212_p2           |     *    |      3|  0|   20|          32|          32|
    |grp_fu_2217_p2           |     *    |      3|  0|   20|          32|          32|
    |grp_fu_2222_p2           |     *    |      3|  0|   20|          32|          32|
    |grp_fu_2227_p2           |     *    |      3|  0|   20|          32|          32|
    |grp_fu_2232_p2           |     *    |      3|  0|   20|          32|          32|
    |grp_fu_2237_p2           |     *    |      3|  0|   20|          32|          32|
    |grp_fu_2242_p2           |     *    |      3|  0|   20|          32|          32|
    |grp_fu_2247_p2           |     *    |      3|  0|   20|          32|          32|
    |grp_fu_2252_p2           |     *    |      3|  0|   20|          32|          32|
    |grp_fu_2257_p2           |     *    |      3|  0|   20|          32|          32|
    |grp_fu_2262_p2           |     *    |      3|  0|   20|          32|          32|
    |grp_fu_2267_p2           |     *    |      3|  0|   20|          32|          32|
    |grp_fu_2272_p2           |     *    |      3|  0|   20|          32|          32|
    |grp_fu_2277_p2           |     *    |      3|  0|   20|          32|          32|
    |grp_fu_2282_p2           |     *    |      3|  0|   20|          32|          32|
    |grp_fu_2287_p2           |     *    |      3|  0|   20|          32|          32|
    |grp_fu_2292_p2           |     *    |      3|  0|   20|          32|          32|
    |grp_fu_2297_p2           |     *    |      3|  0|   20|          32|          32|
    |grp_fu_2302_p2           |     *    |      3|  0|   20|          32|          32|
    |grp_fu_2307_p2           |     *    |      3|  0|   20|          32|          32|
    |grp_fu_2312_p2           |     *    |      3|  0|   20|          32|          32|
    |grp_fu_2317_p2           |     *    |      3|  0|   20|          32|          32|
    |grp_fu_2322_p2           |     *    |      3|  0|   20|          32|          32|
    |grp_fu_2327_p2           |     *    |      3|  0|   20|          32|          32|
    |grp_fu_2332_p2           |     *    |      3|  0|   20|          32|          32|
    |grp_fu_2337_p2           |     *    |      3|  0|   20|          32|          32|
    |grp_fu_2342_p2           |     *    |      3|  0|   20|          32|          32|
    |mul_ln17_128_fu_4394_p2  |     *    |      3|  0|   20|          32|          32|
    |mul_ln17_160_fu_4398_p2  |     *    |      3|  0|   20|          32|          32|
    |mul_ln17_192_fu_4484_p2  |     *    |      3|  0|   20|          32|          32|
    |mul_ln17_224_fu_4488_p2  |     *    |      3|  0|   20|          32|          32|
    |mul_ln17_256_fu_4584_p2  |     *    |      3|  0|   20|          32|          32|
    |mul_ln17_288_fu_4588_p2  |     *    |      3|  0|   20|          32|          32|
    |mul_ln17_320_fu_4684_p2  |     *    |      3|  0|   20|          32|          32|
    |mul_ln17_32_fu_4324_p2   |     *    |      3|  0|   20|          32|          32|
    |mul_ln17_352_fu_4688_p2  |     *    |      3|  0|   20|          32|          32|
    |mul_ln17_384_fu_4784_p2  |     *    |      3|  0|   20|          32|          32|
    |mul_ln17_416_fu_4788_p2  |     *    |      3|  0|   20|          32|          32|
    |mul_ln17_448_fu_4884_p2  |     *    |      3|  0|   20|          32|          32|
    |mul_ln17_480_fu_4888_p2  |     *    |      3|  0|   20|          32|          32|
    |mul_ln17_512_fu_4984_p2  |     *    |      3|  0|   20|          32|          32|
    |mul_ln17_544_fu_4988_p2  |     *    |      3|  0|   20|          32|          32|
    |mul_ln17_576_fu_5084_p2  |     *    |      3|  0|   20|          32|          32|
    |mul_ln17_608_fu_5088_p2  |     *    |      3|  0|   20|          32|          32|
    |mul_ln17_640_fu_5190_p2  |     *    |      3|  0|   20|          32|          32|
    |mul_ln17_64_fu_4346_p2   |     *    |      3|  0|   20|          32|          32|
    |mul_ln17_672_fu_5194_p2  |     *    |      3|  0|   20|          32|          32|
    |mul_ln17_704_fu_5301_p2  |     *    |      3|  0|   20|          32|          32|
    |mul_ln17_736_fu_5305_p2  |     *    |      3|  0|   20|          32|          32|
    |mul_ln17_768_fu_5400_p2  |     *    |      3|  0|   20|          32|          32|
    |mul_ln17_800_fu_5404_p2  |     *    |      3|  0|   20|          32|          32|
    |mul_ln17_832_fu_5500_p2  |     *    |      3|  0|   20|          32|          32|
    |mul_ln17_864_fu_5504_p2  |     *    |      3|  0|   20|          32|          32|
    |mul_ln17_896_fu_5600_p2  |     *    |      3|  0|   20|          32|          32|
    |mul_ln17_928_fu_5604_p2  |     *    |      3|  0|   20|          32|          32|
    |mul_ln17_960_fu_5700_p2  |     *    |      3|  0|   20|          32|          32|
    |mul_ln17_96_fu_4350_p2   |     *    |      3|  0|   20|          32|          32|
    |mul_ln17_992_fu_5704_p2  |     *    |      3|  0|   20|          32|          32|
    |mul_ln17_fu_4320_p2      |     *    |      3|  0|   20|          32|          32|
    |add_ln17_107_fu_4540_p2  |     +    |      0|  0|   32|          32|          32|
    |add_ln17_123_fu_4545_p2  |     +    |      0|  0|   32|          32|          32|
    |add_ln17_124_fu_4474_p2  |     +    |      0|  0|   39|          32|          32|
    |add_ln17_126_fu_4552_p2  |     +    |      0|  0|   32|          32|          32|
    |add_ln17_130_fu_4557_p2  |     +    |      0|  0|   32|          32|          32|
    |add_ln17_138_fu_4628_p2  |     +    |      0|  0|   32|          32|          32|
    |add_ln17_14_fu_4428_p2   |     +    |      0|  0|   32|          32|          32|
    |add_ln17_154_fu_4633_p2  |     +    |      0|  0|   32|          32|          32|
    |add_ln17_155_fu_4479_p2  |     +    |      0|  0|   39|          32|          32|
    |add_ln17_157_fu_4563_p2  |     +    |      0|  0|   32|          32|          32|
    |add_ln17_161_fu_4568_p2  |     +    |      0|  0|   32|          32|          32|
    |add_ln17_169_fu_4640_p2  |     +    |      0|  0|   32|          32|          32|
    |add_ln17_185_fu_4645_p2  |     +    |      0|  0|   32|          32|          32|
    |add_ln17_186_fu_4574_p2  |     +    |      0|  0|   39|          32|          32|
    |add_ln17_188_fu_4652_p2  |     +    |      0|  0|   32|          32|          32|
    |add_ln17_192_fu_4657_p2  |     +    |      0|  0|   32|          32|          32|
    |add_ln17_200_fu_4728_p2  |     +    |      0|  0|   32|          32|          32|
    |add_ln17_216_fu_4733_p2  |     +    |      0|  0|   32|          32|          32|
    |add_ln17_217_fu_4579_p2  |     +    |      0|  0|   39|          32|          32|
    |add_ln17_219_fu_4663_p2  |     +    |      0|  0|   32|          32|          32|
    |add_ln17_223_fu_4668_p2  |     +    |      0|  0|   32|          32|          32|
    |add_ln17_231_fu_4740_p2  |     +    |      0|  0|   32|          32|          32|
    |add_ln17_247_fu_4745_p2  |     +    |      0|  0|   32|          32|          32|
    |add_ln17_248_fu_4674_p2  |     +    |      0|  0|   39|          32|          32|
    |add_ln17_250_fu_4752_p2  |     +    |      0|  0|   32|          32|          32|
    |add_ln17_254_fu_4757_p2  |     +    |      0|  0|   32|          32|          32|
    |add_ln17_262_fu_4828_p2  |     +    |      0|  0|   32|          32|          32|
    |add_ln17_278_fu_4833_p2  |     +    |      0|  0|   32|          32|          32|
    |add_ln17_279_fu_4679_p2  |     +    |      0|  0|   39|          32|          32|
    |add_ln17_281_fu_4763_p2  |     +    |      0|  0|   32|          32|          32|
    |add_ln17_285_fu_4768_p2  |     +    |      0|  0|   32|          32|          32|
    |add_ln17_293_fu_4840_p2  |     +    |      0|  0|   32|          32|          32|
    |add_ln17_2_fu_4362_p2    |     +    |      0|  0|   32|          32|          32|
    |add_ln17_309_fu_4845_p2  |     +    |      0|  0|   32|          32|          32|
    |add_ln17_30_fu_4433_p2   |     +    |      0|  0|   32|          32|          32|
    |add_ln17_310_fu_4774_p2  |     +    |      0|  0|   39|          32|          32|
    |add_ln17_312_fu_4852_p2  |     +    |      0|  0|   32|          32|          32|
    |add_ln17_316_fu_4857_p2  |     +    |      0|  0|   32|          32|          32|
    |add_ln17_31_fu_4341_p2   |     +    |      0|  0|   39|          32|          32|
    |add_ln17_324_fu_4928_p2  |     +    |      0|  0|   32|          32|          32|
    |add_ln17_33_fu_4373_p2   |     +    |      0|  0|   32|          32|          32|
    |add_ln17_340_fu_4933_p2  |     +    |      0|  0|   32|          32|          32|
    |add_ln17_341_fu_4779_p2  |     +    |      0|  0|   39|          32|          32|
    |add_ln17_343_fu_4863_p2  |     +    |      0|  0|   32|          32|          32|
    |add_ln17_347_fu_4868_p2  |     +    |      0|  0|   32|          32|          32|
    |add_ln17_355_fu_4940_p2  |     +    |      0|  0|   32|          32|          32|
    |add_ln17_371_fu_4945_p2  |     +    |      0|  0|   32|          32|          32|
    |add_ln17_372_fu_4874_p2  |     +    |      0|  0|   39|          32|          32|
    |add_ln17_374_fu_4952_p2  |     +    |      0|  0|   32|          32|          32|
    |add_ln17_378_fu_4957_p2  |     +    |      0|  0|   32|          32|          32|
    |add_ln17_37_fu_4378_p2   |     +    |      0|  0|   32|          32|          32|
    |add_ln17_386_fu_5028_p2  |     +    |      0|  0|   32|          32|          32|
    |add_ln17_402_fu_5033_p2  |     +    |      0|  0|   32|          32|          32|
    |add_ln17_403_fu_4879_p2  |     +    |      0|  0|   39|          32|          32|
    |add_ln17_405_fu_4963_p2  |     +    |      0|  0|   32|          32|          32|
    |add_ln17_409_fu_4968_p2  |     +    |      0|  0|   32|          32|          32|
    |add_ln17_417_fu_5040_p2  |     +    |      0|  0|   32|          32|          32|
    |add_ln17_433_fu_5045_p2  |     +    |      0|  0|   32|          32|          32|
    |add_ln17_434_fu_4974_p2  |     +    |      0|  0|   39|          32|          32|
    |add_ln17_436_fu_5052_p2  |     +    |      0|  0|   32|          32|          32|
    |add_ln17_440_fu_5057_p2  |     +    |      0|  0|   32|          32|          32|
    |add_ln17_448_fu_5128_p2  |     +    |      0|  0|   32|          32|          32|
    |add_ln17_45_fu_4440_p2   |     +    |      0|  0|   32|          32|          32|
    |add_ln17_464_fu_5133_p2  |     +    |      0|  0|   32|          32|          32|
    |add_ln17_465_fu_4979_p2  |     +    |      0|  0|   39|          32|          32|
    |add_ln17_467_fu_5063_p2  |     +    |      0|  0|   32|          32|          32|
    |add_ln17_471_fu_5068_p2  |     +    |      0|  0|   32|          32|          32|
    |add_ln17_479_fu_5140_p2  |     +    |      0|  0|   32|          32|          32|
    |add_ln17_495_fu_5145_p2  |     +    |      0|  0|   32|          32|          32|
    |add_ln17_496_fu_5074_p2  |     +    |      0|  0|   39|          32|          32|
    |add_ln17_498_fu_5152_p2  |     +    |      0|  0|   32|          32|          32|
    |add_ln17_502_fu_5157_p2  |     +    |      0|  0|   32|          32|          32|
    |add_ln17_510_fu_5234_p2  |     +    |      0|  0|   32|          32|          32|
    |add_ln17_526_fu_5239_p2  |     +    |      0|  0|   32|          32|          32|
    |add_ln17_527_fu_5079_p2  |     +    |      0|  0|   39|          32|          32|
    |add_ln17_529_fu_5163_p2  |     +    |      0|  0|   32|          32|          32|
    |add_ln17_533_fu_5168_p2  |     +    |      0|  0|   32|          32|          32|
    |add_ln17_541_fu_5246_p2  |     +    |      0|  0|   32|          32|          32|
    |add_ln17_557_fu_5251_p2  |     +    |      0|  0|   32|          32|          32|
    |add_ln17_558_fu_5174_p2  |     +    |      0|  0|   39|          32|          32|
    |add_ln17_560_fu_5258_p2  |     +    |      0|  0|   32|          32|          32|
    |add_ln17_564_fu_5263_p2  |     +    |      0|  0|   32|          32|          32|
    |add_ln17_572_fu_5345_p2  |     +    |      0|  0|   32|          32|          32|
    |add_ln17_588_fu_5350_p2  |     +    |      0|  0|   32|          32|          32|
    |add_ln17_589_fu_5179_p2  |     +    |      0|  0|   39|          32|          32|
    |add_ln17_591_fu_5269_p2  |     +    |      0|  0|   32|          32|          32|
    |add_ln17_595_fu_5274_p2  |     +    |      0|  0|   32|          32|          32|
    |add_ln17_603_fu_5357_p2  |     +    |      0|  0|   32|          32|          32|
    |add_ln17_606_fu_5184_p2  |     +    |      0|  0|   32|          32|          32|
    |add_ln17_610_fu_5280_p2  |     +    |      0|  0|   32|          32|          32|
    |add_ln17_618_fu_5285_p2  |     +    |      0|  0|   32|          32|          32|
    |add_ln17_619_fu_5362_p2  |     +    |      0|  0|   32|          32|          32|
    |add_ln17_61_fu_4445_p2   |     +    |      0|  0|   32|          32|          32|
    |add_ln17_620_fu_5291_p2  |     +    |      0|  0|   39|          32|          32|
    |add_ln17_622_fu_5368_p2  |     +    |      0|  0|   32|          32|          32|
    |add_ln17_626_fu_5373_p2  |     +    |      0|  0|   32|          32|          32|
    |add_ln17_62_fu_4384_p2   |     +    |      0|  0|   39|          32|          32|
    |add_ln17_634_fu_5444_p2  |     +    |      0|  0|   32|          32|          32|
    |add_ln17_64_fu_4452_p2   |     +    |      0|  0|   32|          32|          32|
    |add_ln17_650_fu_5449_p2  |     +    |      0|  0|   32|          32|          32|
    |add_ln17_651_fu_5296_p2  |     +    |      0|  0|   39|          32|          32|
    |add_ln17_653_fu_5379_p2  |     +    |      0|  0|   32|          32|          32|
    |add_ln17_657_fu_5384_p2  |     +    |      0|  0|   32|          32|          32|
    |add_ln17_665_fu_5456_p2  |     +    |      0|  0|   32|          32|          32|
    |add_ln17_681_fu_5461_p2  |     +    |      0|  0|   32|          32|          32|
    |add_ln17_682_fu_5390_p2  |     +    |      0|  0|   39|          32|          32|
    |add_ln17_684_fu_5468_p2  |     +    |      0|  0|   32|          32|          32|
    |add_ln17_688_fu_5473_p2  |     +    |      0|  0|   32|          32|          32|
    |add_ln17_68_fu_4457_p2   |     +    |      0|  0|   32|          32|          32|
    |add_ln17_696_fu_5544_p2  |     +    |      0|  0|   32|          32|          32|
    |add_ln17_6_fu_4367_p2    |     +    |      0|  0|   32|          32|          32|
    |add_ln17_712_fu_5549_p2  |     +    |      0|  0|   32|          32|          32|
    |add_ln17_713_fu_5395_p2  |     +    |      0|  0|   39|          32|          32|
    |add_ln17_715_fu_5479_p2  |     +    |      0|  0|   32|          32|          32|
    |add_ln17_719_fu_5484_p2  |     +    |      0|  0|   32|          32|          32|
    |add_ln17_727_fu_5556_p2  |     +    |      0|  0|   32|          32|          32|
    |add_ln17_743_fu_5561_p2  |     +    |      0|  0|   32|          32|          32|
    |add_ln17_744_fu_5490_p2  |     +    |      0|  0|   39|          32|          32|
    |add_ln17_746_fu_5568_p2  |     +    |      0|  0|   32|          32|          32|
    |add_ln17_750_fu_5573_p2  |     +    |      0|  0|   32|          32|          32|
    |add_ln17_758_fu_5644_p2  |     +    |      0|  0|   32|          32|          32|
    |add_ln17_76_fu_4528_p2   |     +    |      0|  0|   32|          32|          32|
    |add_ln17_774_fu_5649_p2  |     +    |      0|  0|   32|          32|          32|
    |add_ln17_775_fu_5495_p2  |     +    |      0|  0|   39|          32|          32|
    |add_ln17_777_fu_5579_p2  |     +    |      0|  0|   32|          32|          32|
    |add_ln17_781_fu_5584_p2  |     +    |      0|  0|   32|          32|          32|
    |add_ln17_789_fu_5656_p2  |     +    |      0|  0|   32|          32|          32|
    |add_ln17_805_fu_5661_p2  |     +    |      0|  0|   32|          32|          32|
    |add_ln17_806_fu_5590_p2  |     +    |      0|  0|   39|          32|          32|
    |add_ln17_808_fu_5668_p2  |     +    |      0|  0|   32|          32|          32|
    |add_ln17_812_fu_5673_p2  |     +    |      0|  0|   32|          32|          32|
    |add_ln17_820_fu_5736_p2  |     +    |      0|  0|   32|          32|          32|
    |add_ln17_836_fu_5741_p2  |     +    |      0|  0|   32|          32|          32|
    |add_ln17_837_fu_5595_p2  |     +    |      0|  0|   39|          32|          32|
    |add_ln17_839_fu_5679_p2  |     +    |      0|  0|   32|          32|          32|
    |add_ln17_843_fu_5684_p2  |     +    |      0|  0|   32|          32|          32|
    |add_ln17_851_fu_5748_p2  |     +    |      0|  0|   32|          32|          32|
    |add_ln17_867_fu_5753_p2  |     +    |      0|  0|   32|          32|          32|
    |add_ln17_868_fu_5690_p2  |     +    |      0|  0|   39|          32|          32|
    |add_ln17_870_fu_5760_p2  |     +    |      0|  0|   32|          32|          32|
    |add_ln17_874_fu_5765_p2  |     +    |      0|  0|   32|          32|          32|
    |add_ln17_882_fu_5820_p2  |     +    |      0|  0|   32|          32|          32|
    |add_ln17_898_fu_5825_p2  |     +    |      0|  0|   32|          32|          32|
    |add_ln17_899_fu_5695_p2  |     +    |      0|  0|   39|          32|          32|
    |add_ln17_901_fu_5771_p2  |     +    |      0|  0|   32|          32|          32|
    |add_ln17_905_fu_5776_p2  |     +    |      0|  0|   32|          32|          32|
    |add_ln17_913_fu_5832_p2  |     +    |      0|  0|   32|          32|          32|
    |add_ln17_929_fu_5837_p2  |     +    |      0|  0|   32|          32|          32|
    |add_ln17_92_fu_4533_p2   |     +    |      0|  0|   32|          32|          32|
    |add_ln17_930_fu_5782_p2  |     +    |      0|  0|   39|          32|          32|
    |add_ln17_932_fu_5844_p2  |     +    |      0|  0|   32|          32|          32|
    |add_ln17_936_fu_5849_p2  |     +    |      0|  0|   32|          32|          32|
    |add_ln17_93_fu_4389_p2   |     +    |      0|  0|   39|          32|          32|
    |add_ln17_944_fu_5894_p2  |     +    |      0|  0|   32|          32|          32|
    |add_ln17_95_fu_4463_p2   |     +    |      0|  0|   32|          32|          32|
    |add_ln17_960_fu_5899_p2  |     +    |      0|  0|   32|          32|          32|
    |add_ln17_961_fu_5787_p2  |     +    |      0|  0|   39|          32|          32|
    |add_ln17_963_fu_5855_p2  |     +    |      0|  0|   32|          32|          32|
    |add_ln17_967_fu_5860_p2  |     +    |      0|  0|   32|          32|          32|
    |add_ln17_975_fu_5906_p2  |     +    |      0|  0|   32|          32|          32|
    |add_ln17_991_fu_5911_p2  |     +    |      0|  0|   32|          32|          32|
    |add_ln17_99_fu_4468_p2   |     +    |      0|  0|   32|          32|          32|
    |add_ln17_fu_4336_p2      |     +    |      0|  0|   39|          32|          32|
    |grp_fu_2843_p2           |     +    |      0|  0|   39|          32|          32|
    |grp_fu_2849_p2           |     +    |      0|  0|   32|          32|          32|
    |grp_fu_2855_p2           |     +    |      0|  0|   39|          32|          32|
    |grp_fu_2861_p2           |     +    |      0|  0|   32|          32|          32|
    |grp_fu_2867_p2           |     +    |      0|  0|   39|          32|          32|
    |grp_fu_2873_p2           |     +    |      0|  0|   39|          32|          32|
    |grp_fu_2879_p2           |     +    |      0|  0|   32|          32|          32|
    |grp_fu_2885_p2           |     +    |      0|  0|   39|          32|          32|
    |grp_fu_2891_p2           |     +    |      0|  0|   32|          32|          32|
    |grp_fu_2897_p2           |     +    |      0|  0|   32|          32|          32|
    |grp_fu_2903_p2           |     +    |      0|  0|   39|          32|          32|
    |grp_fu_2909_p2           |     +    |      0|  0|   32|          32|          32|
    |grp_fu_2915_p2           |     +    |      0|  0|   32|          32|          32|
    |grp_fu_2921_p2           |     +    |      0|  0|   39|          32|          32|
    |grp_fu_2927_p2           |     +    |      0|  0|   32|          32|          32|
    |grp_fu_2933_p2           |     +    |      0|  0|   39|          32|          32|
    |grp_fu_2939_p2           |     +    |      0|  0|   39|          32|          32|
    |grp_fu_2945_p2           |     +    |      0|  0|   32|          32|          32|
    |grp_fu_2951_p2           |     +    |      0|  0|   39|          32|          32|
    |grp_fu_2957_p2           |     +    |      0|  0|   32|          32|          32|
    |grp_fu_2963_p2           |     +    |      0|  0|   39|          32|          32|
    |grp_fu_2969_p2           |     +    |      0|  0|   32|          32|          32|
    |grp_fu_2975_p2           |     +    |      0|  0|   39|          32|          32|
    |grp_fu_2981_p2           |     +    |      0|  0|   32|          32|          32|
    |grp_fu_2987_p2           |     +    |      0|  0|   39|          32|          32|
    |grp_fu_2993_p2           |     +    |      0|  0|   39|          32|          32|
    |grp_fu_2999_p2           |     +    |      0|  0|   32|          32|          32|
    |grp_fu_3005_p2           |     +    |      0|  0|   39|          32|          32|
    |grp_fu_3011_p2           |     +    |      0|  0|   32|          32|          32|
    |grp_fu_3017_p2           |     +    |      0|  0|   32|          32|          32|
    |grp_fu_3023_p2           |     +    |      0|  0|   39|          32|          32|
    |grp_fu_3029_p2           |     +    |      0|  0|   32|          32|          32|
    |grp_fu_3035_p2           |     +    |      0|  0|   32|          32|          32|
    |grp_fu_3041_p2           |     +    |      0|  0|   39|          32|          32|
    |grp_fu_3047_p2           |     +    |      0|  0|   32|          32|          32|
    |grp_fu_3053_p2           |     +    |      0|  0|   39|          32|          32|
    |grp_fu_3059_p2           |     +    |      0|  0|   39|          32|          32|
    |grp_fu_3065_p2           |     +    |      0|  0|   32|          32|          32|
    |grp_fu_3071_p2           |     +    |      0|  0|   39|          32|          32|
    |grp_fu_3077_p2           |     +    |      0|  0|   32|          32|          32|
    |grp_fu_3083_p2           |     +    |      0|  0|   39|          32|          32|
    |grp_fu_3089_p2           |     +    |      0|  0|   32|          32|          32|
    |grp_fu_3095_p2           |     +    |      0|  0|   39|          32|          32|
    |grp_fu_3101_p2           |     +    |      0|  0|   32|          32|          32|
    |grp_fu_3107_p2           |     +    |      0|  0|   39|          32|          32|
    |grp_fu_3113_p2           |     +    |      0|  0|   39|          32|          32|
    |grp_fu_3119_p2           |     +    |      0|  0|   32|          32|          32|
    |grp_fu_3125_p2           |     +    |      0|  0|   39|          32|          32|
    |grp_fu_3131_p2           |     +    |      0|  0|   32|          32|          32|
    |grp_fu_3137_p2           |     +    |      0|  0|   39|          32|          32|
    |grp_fu_3143_p2           |     +    |      0|  0|   32|          32|          32|
    |grp_fu_3149_p2           |     +    |      0|  0|   39|          32|          32|
    |grp_fu_3155_p2           |     +    |      0|  0|   32|          32|          32|
    |grp_fu_3161_p2           |     +    |      0|  0|   39|          32|          32|
    |grp_fu_3167_p2           |     +    |      0|  0|   39|          32|          32|
    |grp_fu_3173_p2           |     +    |      0|  0|   32|          32|          32|
    |grp_fu_3179_p2           |     +    |      0|  0|   39|          32|          32|
    |grp_fu_3185_p2           |     +    |      0|  0|   32|          32|          32|
    |grp_fu_3191_p2           |     +    |      0|  0|   32|          32|          32|
    |grp_fu_3197_p2           |     +    |      0|  0|   39|          32|          32|
    |grp_fu_3203_p2           |     +    |      0|  0|   32|          32|          32|
    |grp_fu_3209_p2           |     +    |      0|  0|   32|          32|          32|
    |grp_fu_3215_p2           |     +    |      0|  0|   39|          32|          32|
    |grp_fu_3221_p2           |     +    |      0|  0|   32|          32|          32|
    |grp_fu_3227_p2           |     +    |      0|  0|   39|          32|          32|
    |grp_fu_3233_p2           |     +    |      0|  0|   39|          32|          32|
    |grp_fu_3239_p2           |     +    |      0|  0|   32|          32|          32|
    |grp_fu_3245_p2           |     +    |      0|  0|   39|          32|          32|
    |grp_fu_3251_p2           |     +    |      0|  0|   32|          32|          32|
    |grp_fu_3257_p2           |     +    |      0|  0|   39|          32|          32|
    |grp_fu_3263_p2           |     +    |      0|  0|   32|          32|          32|
    |grp_fu_3269_p2           |     +    |      0|  0|   39|          32|          32|
    |grp_fu_3275_p2           |     +    |      0|  0|   32|          32|          32|
    |grp_fu_3281_p2           |     +    |      0|  0|   39|          32|          32|
    |grp_fu_3287_p2           |     +    |      0|  0|   39|          32|          32|
    |grp_fu_3293_p2           |     +    |      0|  0|   32|          32|          32|
    |grp_fu_3299_p2           |     +    |      0|  0|   39|          32|          32|
    |grp_fu_3305_p2           |     +    |      0|  0|   32|          32|          32|
    |grp_fu_3311_p2           |     +    |      0|  0|   32|          32|          32|
    |grp_fu_3317_p2           |     +    |      0|  0|   32|          32|          32|
    |grp_fu_3483_p2           |     +    |      0|  0|   32|          32|          32|
    |grp_fu_3489_p2           |     +    |      0|  0|   32|          32|          32|
    |grp_fu_3495_p2           |     +    |      0|  0|   32|          32|          32|
    |grp_fu_3501_p2           |     +    |      0|  0|   32|          32|          32|
    |grp_fu_3507_p2           |     +    |      0|  0|   32|          32|          32|
    |grp_fu_3513_p2           |     +    |      0|  0|   32|          32|          32|
    |grp_fu_3519_p2           |     +    |      0|  0|   32|          32|          32|
    |grp_fu_3525_p2           |     +    |      0|  0|   32|          32|          32|
    |grp_fu_3531_p2           |     +    |      0|  0|   32|          32|          32|
    |grp_fu_3537_p2           |     +    |      0|  0|   32|          32|          32|
    |grp_fu_3543_p2           |     +    |      0|  0|   32|          32|          32|
    |grp_fu_3549_p2           |     +    |      0|  0|   32|          32|          32|
    |grp_fu_3555_p2           |     +    |      0|  0|   32|          32|          32|
    |grp_fu_3561_p2           |     +    |      0|  0|   32|          32|          32|
    |grp_fu_3567_p2           |     +    |      0|  0|   32|          32|          32|
    |grp_fu_3573_p2           |     +    |      0|  0|   32|          32|          32|
    |grp_fu_3579_p2           |     +    |      0|  0|   32|          32|          32|
    |grp_fu_3585_p2           |     +    |      0|  0|   32|          32|          32|
    |grp_fu_3591_p2           |     +    |      0|  0|   32|          32|          32|
    |grp_fu_3597_p2           |     +    |      0|  0|   32|          32|          32|
    |grp_fu_3603_p2           |     +    |      0|  0|   32|          32|          32|
    |grp_fu_3609_p2           |     +    |      0|  0|   32|          32|          32|
    |grp_fu_3615_p2           |     +    |      0|  0|   32|          32|          32|
    |grp_fu_3621_p2           |     +    |      0|  0|   32|          32|          32|
    |i_fu_3665_p2             |     +    |      0|  0|   15|           6|           1|
    |icmp_ln11_fu_3659_p2     |   icmp   |      0|  0|   11|           6|           7|
    |or_ln19_10_fu_4914_p2    |    or    |      0|  0|   11|          11|           4|
    |or_ln19_11_fu_5000_p2    |    or    |      0|  0|   11|          11|           4|
    |or_ln19_12_fu_5014_p2    |    or    |      0|  0|   11|          11|           4|
    |or_ln19_13_fu_5100_p2    |    or    |      0|  0|   11|          11|           4|
    |or_ln19_14_fu_5114_p2    |    or    |      0|  0|   11|          11|           4|
    |or_ln19_15_fu_5206_p2    |    or    |      0|  0|   11|          11|           5|
    |or_ln19_16_fu_5220_p2    |    or    |      0|  0|   11|          11|           5|
    |or_ln19_17_fu_5317_p2    |    or    |      0|  0|   11|          11|           5|
    |or_ln19_18_fu_5331_p2    |    or    |      0|  0|   11|          11|           5|
    |or_ln19_19_fu_5416_p2    |    or    |      0|  0|   11|          11|           5|
    |or_ln19_1_fu_4500_p2     |    or    |      0|  0|   11|          11|           2|
    |or_ln19_20_fu_5430_p2    |    or    |      0|  0|   11|          11|           5|
    |or_ln19_21_fu_5516_p2    |    or    |      0|  0|   11|          11|           5|
    |or_ln19_22_fu_5530_p2    |    or    |      0|  0|   11|          11|           5|
    |or_ln19_23_fu_5616_p2    |    or    |      0|  0|   11|          11|           5|
    |or_ln19_24_fu_5630_p2    |    or    |      0|  0|   11|          11|           5|
    |or_ln19_25_fu_5708_p2    |    or    |      0|  0|   11|          11|           5|
    |or_ln19_26_fu_5722_p2    |    or    |      0|  0|   11|          11|           5|
    |or_ln19_27_fu_5792_p2    |    or    |      0|  0|   11|          11|           5|
    |or_ln19_28_fu_5806_p2    |    or    |      0|  0|   11|          11|           5|
    |or_ln19_29_fu_5866_p2    |    or    |      0|  0|   11|          11|           5|
    |or_ln19_2_fu_4514_p2     |    or    |      0|  0|   11|          11|           2|
    |or_ln19_30_fu_5880_p2    |    or    |      0|  0|   11|          11|           5|
    |or_ln19_3_fu_4600_p2     |    or    |      0|  0|   11|          11|           3|
    |or_ln19_4_fu_4614_p2     |    or    |      0|  0|   11|          11|           3|
    |or_ln19_5_fu_4700_p2     |    or    |      0|  0|   11|          11|           3|
    |or_ln19_6_fu_4714_p2     |    or    |      0|  0|   11|          11|           3|
    |or_ln19_7_fu_4800_p2     |    or    |      0|  0|   11|          11|           4|
    |or_ln19_8_fu_4814_p2     |    or    |      0|  0|   11|          11|           4|
    |or_ln19_9_fu_4900_p2     |    or    |      0|  0|   11|          11|           4|
    |or_ln19_fu_4414_p2       |    or    |      0|  0|   11|          11|           1|
    |ap_enable_pp0            |    xor   |      0|  0|    2|           1|           2|
    +-------------------------+----------+-------+---+-----+------------+------------+
    |Total                    |          |    468|  0|12537|       13890|       13675|
    +-------------------------+----------+-------+---+-----+------------+------------+

    * Multiplexer: 
    +------------------------------+----+-----------+-----+-----------+
    |             Name             | LUT| Input Size| Bits| Total Bits|
    +------------------------------+----+-----------+-----+-----------+
    |AB_address0                   |  85|         17|   10|        170|
    |AB_address1                   |  85|         17|   10|        170|
    |AB_d0                         |  85|         17|   32|        544|
    |AB_d1                         |  85|         17|   32|        544|
    |B_address0                    |  85|         17|    5|         85|
    |B_address1                    |  85|         17|    5|         85|
    |ap_NS_fsm                     |  93|         19|    1|         19|
    |ap_enable_reg_pp0_iter1       |   9|          2|    1|          2|
    |ap_phi_mux_i_0_phi_fu_852_p4  |   9|          2|    6|         12|
    |i_0_reg_848                   |   9|          2|    6|         12|
    +------------------------------+----+-----------+-----+-----------+
    |Total                         | 630|        127|  108|       1643|
    +------------------------------+----+-----------+-----+-----------+

    * Register: 
    +----------------------------------+-----+----+-----+-----------+
    |               Name               |  FF | LUT| Bits| Const Bits|
    +----------------------------------+-----+----+-----+-----------+
    |add_ln17_124_reg_6651             |   32|   0|   32|          0|
    |add_ln17_130_reg_6681             |   32|   0|   32|          0|
    |add_ln17_155_reg_6656             |   32|   0|   32|          0|
    |add_ln17_161_reg_6686             |   32|   0|   32|          0|
    |add_ln17_186_reg_6691             |   32|   0|   32|          0|
    |add_ln17_192_reg_6721             |   32|   0|   32|          0|
    |add_ln17_217_reg_6696             |   32|   0|   32|          0|
    |add_ln17_223_reg_6726             |   32|   0|   32|          0|
    |add_ln17_248_reg_6731             |   32|   0|   32|          0|
    |add_ln17_254_reg_6761             |   32|   0|   32|          0|
    |add_ln17_279_reg_6736             |   32|   0|   32|          0|
    |add_ln17_285_reg_6766             |   32|   0|   32|          0|
    |add_ln17_310_reg_6771             |   32|   0|   32|          0|
    |add_ln17_316_reg_6801             |   32|   0|   32|          0|
    |add_ln17_31_reg_6576              |   32|   0|   32|          0|
    |add_ln17_341_reg_6776             |   32|   0|   32|          0|
    |add_ln17_347_reg_6806             |   32|   0|   32|          0|
    |add_ln17_372_reg_6811             |   32|   0|   32|          0|
    |add_ln17_378_reg_6841             |   32|   0|   32|          0|
    |add_ln17_37_reg_6606              |   32|   0|   32|          0|
    |add_ln17_403_reg_6816             |   32|   0|   32|          0|
    |add_ln17_409_reg_6846             |   32|   0|   32|          0|
    |add_ln17_434_reg_6851             |   32|   0|   32|          0|
    |add_ln17_440_reg_6881             |   32|   0|   32|          0|
    |add_ln17_465_reg_6856             |   32|   0|   32|          0|
    |add_ln17_471_reg_6886             |   32|   0|   32|          0|
    |add_ln17_496_reg_6891             |   32|   0|   32|          0|
    |add_ln17_502_reg_6921             |   32|   0|   32|          0|
    |add_ln17_527_reg_6896             |   32|   0|   32|          0|
    |add_ln17_533_reg_6926             |   32|   0|   32|          0|
    |add_ln17_558_reg_6931             |   32|   0|   32|          0|
    |add_ln17_564_reg_6966             |   32|   0|   32|          0|
    |add_ln17_589_reg_6936             |   32|   0|   32|          0|
    |add_ln17_595_reg_6971             |   32|   0|   32|          0|
    |add_ln17_606_reg_6941             |   32|   0|   32|          0|
    |add_ln17_618_reg_6976             |   32|   0|   32|          0|
    |add_ln17_620_reg_6981             |   32|   0|   32|          0|
    |add_ln17_626_reg_7011             |   32|   0|   32|          0|
    |add_ln17_62_reg_6611              |   32|   0|   32|          0|
    |add_ln17_651_reg_6986             |   32|   0|   32|          0|
    |add_ln17_657_reg_7016             |   32|   0|   32|          0|
    |add_ln17_682_reg_7021             |   32|   0|   32|          0|
    |add_ln17_688_reg_7051             |   32|   0|   32|          0|
    |add_ln17_68_reg_6641              |   32|   0|   32|          0|
    |add_ln17_6_reg_6601               |   32|   0|   32|          0|
    |add_ln17_713_reg_7026             |   32|   0|   32|          0|
    |add_ln17_719_reg_7056             |   32|   0|   32|          0|
    |add_ln17_744_reg_7061             |   32|   0|   32|          0|
    |add_ln17_750_reg_7091             |   32|   0|   32|          0|
    |add_ln17_775_reg_7066             |   32|   0|   32|          0|
    |add_ln17_781_reg_7096             |   32|   0|   32|          0|
    |add_ln17_806_reg_7101             |   32|   0|   32|          0|
    |add_ln17_812_reg_7131             |   32|   0|   32|          0|
    |add_ln17_837_reg_7106             |   32|   0|   32|          0|
    |add_ln17_843_reg_7136             |   32|   0|   32|          0|
    |add_ln17_868_reg_7141             |   32|   0|   32|          0|
    |add_ln17_874_reg_7161             |   32|   0|   32|          0|
    |add_ln17_899_reg_7146             |   32|   0|   32|          0|
    |add_ln17_905_reg_7166             |   32|   0|   32|          0|
    |add_ln17_930_reg_7171             |   32|   0|   32|          0|
    |add_ln17_936_reg_7181             |   32|   0|   32|          0|
    |add_ln17_93_reg_6616              |   32|   0|   32|          0|
    |add_ln17_961_reg_7176             |   32|   0|   32|          0|
    |add_ln17_967_reg_7186             |   32|   0|   32|          0|
    |add_ln17_99_reg_6646              |   32|   0|   32|          0|
    |add_ln17_reg_6571                 |   32|   0|   32|          0|
    |ap_CS_fsm                         |   18|   0|   18|          0|
    |ap_enable_reg_pp0_iter0           |    1|   0|    1|          0|
    |ap_enable_reg_pp0_iter1           |    1|   0|    1|          0|
    |i_0_reg_848                       |    6|   0|    6|          0|
    |i_reg_6082                        |    6|   0|    6|          0|
    |icmp_ln11_reg_6078                |    1|   0|    1|          0|
    |icmp_ln11_reg_6078_pp0_iter1_reg  |    1|   0|    1|          0|
    |mul_ln17_128_reg_6621             |   32|   0|   32|          0|
    |mul_ln17_160_reg_6626             |   32|   0|   32|          0|
    |mul_ln17_192_reg_6661             |   32|   0|   32|          0|
    |mul_ln17_224_reg_6666             |   32|   0|   32|          0|
    |mul_ln17_256_reg_6701             |   32|   0|   32|          0|
    |mul_ln17_288_reg_6706             |   32|   0|   32|          0|
    |mul_ln17_320_reg_6741             |   32|   0|   32|          0|
    |mul_ln17_32_reg_6556              |   32|   0|   32|          0|
    |mul_ln17_352_reg_6746             |   32|   0|   32|          0|
    |mul_ln17_384_reg_6781             |   32|   0|   32|          0|
    |mul_ln17_416_reg_6786             |   32|   0|   32|          0|
    |mul_ln17_448_reg_6821             |   32|   0|   32|          0|
    |mul_ln17_480_reg_6826             |   32|   0|   32|          0|
    |mul_ln17_512_reg_6861             |   32|   0|   32|          0|
    |mul_ln17_544_reg_6866             |   32|   0|   32|          0|
    |mul_ln17_576_reg_6901             |   32|   0|   32|          0|
    |mul_ln17_608_reg_6906             |   32|   0|   32|          0|
    |mul_ln17_640_reg_6946             |   32|   0|   32|          0|
    |mul_ln17_64_reg_6581              |   32|   0|   32|          0|
    |mul_ln17_672_reg_6951             |   32|   0|   32|          0|
    |mul_ln17_704_reg_6991             |   32|   0|   32|          0|
    |mul_ln17_736_reg_6996             |   32|   0|   32|          0|
    |mul_ln17_768_reg_7031             |   32|   0|   32|          0|
    |mul_ln17_800_reg_7036             |   32|   0|   32|          0|
    |mul_ln17_832_reg_7071             |   32|   0|   32|          0|
    |mul_ln17_864_reg_7076             |   32|   0|   32|          0|
    |mul_ln17_896_reg_7111             |   32|   0|   32|          0|
    |mul_ln17_928_reg_7116             |   32|   0|   32|          0|
    |mul_ln17_960_reg_7151             |   32|   0|   32|          0|
    |mul_ln17_96_reg_6586              |   32|   0|   32|          0|
    |mul_ln17_992_reg_7156             |   32|   0|   32|          0|
    |mul_ln17_reg_6551                 |   32|   0|   32|          0|
    |reg_1479                          |   32|   0|   32|          0|
    |reg_1483                          |   32|   0|   32|          0|
    |reg_1487                          |   32|   0|   32|          0|
    |reg_1491                          |   32|   0|   32|          0|
    |reg_1495                          |   32|   0|   32|          0|
    |reg_1499                          |   32|   0|   32|          0|
    |reg_1503                          |   32|   0|   32|          0|
    |reg_1507                          |   32|   0|   32|          0|
    |reg_1511                          |   32|   0|   32|          0|
    |reg_1515                          |   32|   0|   32|          0|
    |reg_1519                          |   32|   0|   32|          0|
    |reg_1523                          |   32|   0|   32|          0|
    |reg_1527                          |   32|   0|   32|          0|
    |reg_1531                          |   32|   0|   32|          0|
    |reg_1535                          |   32|   0|   32|          0|
    |reg_1539                          |   32|   0|   32|          0|
    |reg_1543                          |   32|   0|   32|          0|
    |reg_1547                          |   32|   0|   32|          0|
    |reg_1551                          |   32|   0|   32|          0|
    |reg_1555                          |   32|   0|   32|          0|
    |reg_1559                          |   32|   0|   32|          0|
    |reg_1563                          |   32|   0|   32|          0|
    |reg_1567                          |   32|   0|   32|          0|
    |reg_1571                          |   32|   0|   32|          0|
    |reg_1575                          |   32|   0|   32|          0|
    |reg_1579                          |   32|   0|   32|          0|
    |reg_1583                          |   32|   0|   32|          0|
    |reg_1587                          |   32|   0|   32|          0|
    |reg_1591                          |   32|   0|   32|          0|
    |reg_1595                          |   32|   0|   32|          0|
    |reg_1599                          |   32|   0|   32|          0|
    |reg_1603                          |   32|   0|   32|          0|
    |reg_1607                          |   32|   0|   32|          0|
    |reg_1611                          |   32|   0|   32|          0|
    |reg_1615                          |   32|   0|   32|          0|
    |reg_1619                          |   32|   0|   32|          0|
    |reg_1623                          |   32|   0|   32|          0|
    |reg_1627                          |   32|   0|   32|          0|
    |reg_1631                          |   32|   0|   32|          0|
    |reg_1635                          |   32|   0|   32|          0|
    |reg_1639                          |   32|   0|   32|          0|
    |reg_1643                          |   32|   0|   32|          0|
    |reg_1647                          |   32|   0|   32|          0|
    |reg_1651                          |   32|   0|   32|          0|
    |reg_1655                          |   32|   0|   32|          0|
    |reg_1659                          |   32|   0|   32|          0|
    |reg_1663                          |   32|   0|   32|          0|
    |reg_1667                          |   32|   0|   32|          0|
    |reg_1671                          |   32|   0|   32|          0|
    |reg_1675                          |   32|   0|   32|          0|
    |reg_1679                          |   32|   0|   32|          0|
    |reg_1683                          |   32|   0|   32|          0|
    |reg_1687                          |   32|   0|   32|          0|
    |reg_1691                          |   32|   0|   32|          0|
    |reg_1695                          |   32|   0|   32|          0|
    |reg_1699                          |   32|   0|   32|          0|
    |reg_1703                          |   32|   0|   32|          0|
    |reg_1707                          |   32|   0|   32|          0|
    |reg_1711                          |   32|   0|   32|          0|
    |reg_1715                          |   32|   0|   32|          0|
    |reg_1719                          |   32|   0|   32|          0|
    |reg_1723                          |   32|   0|   32|          0|
    |reg_2347                          |   32|   0|   32|          0|
    |reg_2351                          |   32|   0|   32|          0|
    |reg_2355                          |   32|   0|   32|          0|
    |reg_2359                          |   32|   0|   32|          0|
    |reg_2363                          |   32|   0|   32|          0|
    |reg_2367                          |   32|   0|   32|          0|
    |reg_2371                          |   32|   0|   32|          0|
    |reg_2375                          |   32|   0|   32|          0|
    |reg_2379                          |   32|   0|   32|          0|
    |reg_2383                          |   32|   0|   32|          0|
    |reg_2387                          |   32|   0|   32|          0|
    |reg_2391                          |   32|   0|   32|          0|
    |reg_2395                          |   32|   0|   32|          0|
    |reg_2399                          |   32|   0|   32|          0|
    |reg_2403                          |   32|   0|   32|          0|
    |reg_2407                          |   32|   0|   32|          0|
    |reg_2411                          |   32|   0|   32|          0|
    |reg_2415                          |   32|   0|   32|          0|
    |reg_2419                          |   32|   0|   32|          0|
    |reg_2423                          |   32|   0|   32|          0|
    |reg_2427                          |   32|   0|   32|          0|
    |reg_2431                          |   32|   0|   32|          0|
    |reg_2435                          |   32|   0|   32|          0|
    |reg_2439                          |   32|   0|   32|          0|
    |reg_2443                          |   32|   0|   32|          0|
    |reg_2447                          |   32|   0|   32|          0|
    |reg_2451                          |   32|   0|   32|          0|
    |reg_2455                          |   32|   0|   32|          0|
    |reg_2459                          |   32|   0|   32|          0|
    |reg_2463                          |   32|   0|   32|          0|
    |reg_2467                          |   32|   0|   32|          0|
    |reg_2471                          |   32|   0|   32|          0|
    |reg_2475                          |   32|   0|   32|          0|
    |reg_2479                          |   32|   0|   32|          0|
    |reg_2483                          |   32|   0|   32|          0|
    |reg_2487                          |   32|   0|   32|          0|
    |reg_2491                          |   32|   0|   32|          0|
    |reg_2495                          |   32|   0|   32|          0|
    |reg_2499                          |   32|   0|   32|          0|
    |reg_2503                          |   32|   0|   32|          0|
    |reg_2507                          |   32|   0|   32|          0|
    |reg_2511                          |   32|   0|   32|          0|
    |reg_2515                          |   32|   0|   32|          0|
    |reg_2519                          |   32|   0|   32|          0|
    |reg_2523                          |   32|   0|   32|          0|
    |reg_2527                          |   32|   0|   32|          0|
    |reg_2531                          |   32|   0|   32|          0|
    |reg_2535                          |   32|   0|   32|          0|
    |reg_2539                          |   32|   0|   32|          0|
    |reg_2543                          |   32|   0|   32|          0|
    |reg_2547                          |   32|   0|   32|          0|
    |reg_2551                          |   32|   0|   32|          0|
    |reg_2555                          |   32|   0|   32|          0|
    |reg_2559                          |   32|   0|   32|          0|
    |reg_2563                          |   32|   0|   32|          0|
    |reg_2567                          |   32|   0|   32|          0|
    |reg_2571                          |   32|   0|   32|          0|
    |reg_2575                          |   32|   0|   32|          0|
    |reg_2579                          |   32|   0|   32|          0|
    |reg_2583                          |   32|   0|   32|          0|
    |reg_2587                          |   32|   0|   32|          0|
    |reg_2591                          |   32|   0|   32|          0|
    |reg_2595                          |   32|   0|   32|          0|
    |reg_2599                          |   32|   0|   32|          0|
    |reg_2603                          |   32|   0|   32|          0|
    |reg_2607                          |   32|   0|   32|          0|
    |reg_2611                          |   32|   0|   32|          0|
    |reg_2615                          |   32|   0|   32|          0|
    |reg_2619                          |   32|   0|   32|          0|
    |reg_2623                          |   32|   0|   32|          0|
    |reg_2627                          |   32|   0|   32|          0|
    |reg_2631                          |   32|   0|   32|          0|
    |reg_2635                          |   32|   0|   32|          0|
    |reg_2639                          |   32|   0|   32|          0|
    |reg_2643                          |   32|   0|   32|          0|
    |reg_2647                          |   32|   0|   32|          0|
    |reg_2651                          |   32|   0|   32|          0|
    |reg_2655                          |   32|   0|   32|          0|
    |reg_2659                          |   32|   0|   32|          0|
    |reg_2663                          |   32|   0|   32|          0|
    |reg_2667                          |   32|   0|   32|          0|
    |reg_2671                          |   32|   0|   32|          0|
    |reg_2675                          |   32|   0|   32|          0|
    |reg_2679                          |   32|   0|   32|          0|
    |reg_2683                          |   32|   0|   32|          0|
    |reg_2687                          |   32|   0|   32|          0|
    |reg_2691                          |   32|   0|   32|          0|
    |reg_2695                          |   32|   0|   32|          0|
    |reg_2699                          |   32|   0|   32|          0|
    |reg_2703                          |   32|   0|   32|          0|
    |reg_2707                          |   32|   0|   32|          0|
    |reg_2711                          |   32|   0|   32|          0|
    |reg_2715                          |   32|   0|   32|          0|
    |reg_2719                          |   32|   0|   32|          0|
    |reg_2723                          |   32|   0|   32|          0|
    |reg_2727                          |   32|   0|   32|          0|
    |reg_2731                          |   32|   0|   32|          0|
    |reg_2735                          |   32|   0|   32|          0|
    |reg_2739                          |   32|   0|   32|          0|
    |reg_2743                          |   32|   0|   32|          0|
    |reg_2747                          |   32|   0|   32|          0|
    |reg_2751                          |   32|   0|   32|          0|
    |reg_2755                          |   32|   0|   32|          0|
    |reg_2759                          |   32|   0|   32|          0|
    |reg_2763                          |   32|   0|   32|          0|
    |reg_2767                          |   32|   0|   32|          0|
    |reg_2771                          |   32|   0|   32|          0|
    |reg_2775                          |   32|   0|   32|          0|
    |reg_2779                          |   32|   0|   32|          0|
    |reg_2783                          |   32|   0|   32|          0|
    |reg_2787                          |   32|   0|   32|          0|
    |reg_2791                          |   32|   0|   32|          0|
    |reg_2795                          |   32|   0|   32|          0|
    |reg_2799                          |   32|   0|   32|          0|
    |reg_2803                          |   32|   0|   32|          0|
    |reg_2807                          |   32|   0|   32|          0|
    |reg_2811                          |   32|   0|   32|          0|
    |reg_2815                          |   32|   0|   32|          0|
    |reg_2819                          |   32|   0|   32|          0|
    |reg_2823                          |   32|   0|   32|          0|
    |reg_2827                          |   32|   0|   32|          0|
    |reg_2831                          |   32|   0|   32|          0|
    |reg_2835                          |   32|   0|   32|          0|
    |reg_2839                          |   32|   0|   32|          0|
    |reg_3323                          |   32|   0|   32|          0|
    |reg_3327                          |   32|   0|   32|          0|
    |reg_3331                          |   32|   0|   32|          0|
    |reg_3335                          |   32|   0|   32|          0|
    |reg_3339                          |   32|   0|   32|          0|
    |reg_3343                          |   32|   0|   32|          0|
    |reg_3347                          |   32|   0|   32|          0|
    |reg_3351                          |   32|   0|   32|          0|
    |reg_3355                          |   32|   0|   32|          0|
    |reg_3359                          |   32|   0|   32|          0|
    |reg_3363                          |   32|   0|   32|          0|
    |reg_3367                          |   32|   0|   32|          0|
    |reg_3371                          |   32|   0|   32|          0|
    |reg_3375                          |   32|   0|   32|          0|
    |reg_3379                          |   32|   0|   32|          0|
    |reg_3383                          |   32|   0|   32|          0|
    |reg_3387                          |   32|   0|   32|          0|
    |reg_3391                          |   32|   0|   32|          0|
    |reg_3395                          |   32|   0|   32|          0|
    |reg_3399                          |   32|   0|   32|          0|
    |reg_3403                          |   32|   0|   32|          0|
    |reg_3407                          |   32|   0|   32|          0|
    |reg_3411                          |   32|   0|   32|          0|
    |reg_3415                          |   32|   0|   32|          0|
    |reg_3419                          |   32|   0|   32|          0|
    |reg_3423                          |   32|   0|   32|          0|
    |reg_3427                          |   32|   0|   32|          0|
    |reg_3431                          |   32|   0|   32|          0|
    |reg_3435                          |   32|   0|   32|          0|
    |reg_3439                          |   32|   0|   32|          0|
    |reg_3443                          |   32|   0|   32|          0|
    |reg_3447                          |   32|   0|   32|          0|
    |reg_3451                          |   32|   0|   32|          0|
    |reg_3455                          |   32|   0|   32|          0|
    |reg_3459                          |   32|   0|   32|          0|
    |reg_3463                          |   32|   0|   32|          0|
    |reg_3467                          |   32|   0|   32|          0|
    |reg_3471                          |   32|   0|   32|          0|
    |reg_3475                          |   32|   0|   32|          0|
    |reg_3479                          |   32|   0|   32|          0|
    |reg_3627                          |   32|   0|   32|          0|
    |reg_3631                          |   32|   0|   32|          0|
    |reg_3635                          |   32|   0|   32|          0|
    |reg_3639                          |   32|   0|   32|          0|
    |reg_3643                          |   32|   0|   32|          0|
    |reg_3647                          |   32|   0|   32|          0|
    |reg_3651                          |   32|   0|   32|          0|
    |reg_3655                          |   32|   0|   32|          0|
    |tmp_10_reg_6182                   |   32|   0|   32|          0|
    |tmp_12_reg_6188                   |   32|   0|   32|          0|
    |tmp_14_reg_6194                   |   32|   0|   32|          0|
    |tmp_16_reg_6200                   |   32|   0|   32|          0|
    |tmp_18_reg_6206                   |   32|   0|   32|          0|
    |tmp_1_reg_6087                    |    6|   0|   11|          5|
    |tmp_1_reg_6087_pp0_iter1_reg      |    6|   0|   11|          5|
    |tmp_20_reg_6212                   |   32|   0|   32|          0|
    |tmp_22_reg_6218                   |   32|   0|   32|          0|
    |tmp_24_reg_6224                   |   32|   0|   32|          0|
    |tmp_26_reg_6230                   |   32|   0|   32|          0|
    |tmp_28_reg_6236                   |   32|   0|   32|          0|
    |tmp_30_reg_6242                   |   32|   0|   32|          0|
    |tmp_32_reg_6248                   |   32|   0|   32|          0|
    |tmp_34_reg_6254                   |   32|   0|   32|          0|
    |tmp_36_reg_6260                   |   32|   0|   32|          0|
    |tmp_38_reg_6266                   |   32|   0|   32|          0|
    |tmp_3_reg_6158                    |   32|   0|   32|          0|
    |tmp_40_reg_6272                   |   32|   0|   32|          0|
    |tmp_42_reg_6278                   |   32|   0|   32|          0|
    |tmp_44_reg_6284                   |   32|   0|   32|          0|
    |tmp_46_reg_6290                   |   32|   0|   32|          0|
    |tmp_48_reg_6296                   |   32|   0|   32|          0|
    |tmp_50_reg_6302                   |   32|   0|   32|          0|
    |tmp_52_reg_6308                   |   32|   0|   32|          0|
    |tmp_54_reg_6314                   |   32|   0|   32|          0|
    |tmp_56_reg_6320                   |   32|   0|   32|          0|
    |tmp_58_reg_6326                   |   32|   0|   32|          0|
    |tmp_5_reg_6164                    |   32|   0|   32|          0|
    |tmp_60_reg_6332                   |   32|   0|   32|          0|
    |tmp_62_reg_6338                   |   32|   0|   32|          0|
    |tmp_658_reg_6349                  |   32|   0|   32|          0|
    |tmp_660_reg_6355                  |   32|   0|   32|          0|
    |tmp_662_reg_6361                  |   32|   0|   32|          0|
    |tmp_664_reg_6367                  |   32|   0|   32|          0|
    |tmp_666_reg_6373                  |   32|   0|   32|          0|
    |tmp_668_reg_6379                  |   32|   0|   32|          0|
    |tmp_670_reg_6385                  |   32|   0|   32|          0|
    |tmp_672_reg_6391                  |   32|   0|   32|          0|
    |tmp_674_reg_6397                  |   32|   0|   32|          0|
    |tmp_676_reg_6403                  |   32|   0|   32|          0|
    |tmp_678_reg_6409                  |   32|   0|   32|          0|
    |tmp_680_reg_6415                  |   32|   0|   32|          0|
    |tmp_682_reg_6421                  |   32|   0|   32|          0|
    |tmp_684_reg_6427                  |   32|   0|   32|          0|
    |tmp_688_reg_6449                  |   32|   0|   32|          0|
    |tmp_690_reg_6455                  |   32|   0|   32|          0|
    |tmp_692_reg_6461                  |   32|   0|   32|          0|
    |tmp_694_reg_6467                  |   32|   0|   32|          0|
    |tmp_696_reg_6473                  |   32|   0|   32|          0|
    |tmp_698_reg_6479                  |   32|   0|   32|          0|
    |tmp_700_reg_6485                  |   32|   0|   32|          0|
    |tmp_702_reg_6491                  |   32|   0|   32|          0|
    |tmp_704_reg_6497                  |   32|   0|   32|          0|
    |tmp_706_reg_6503                  |   32|   0|   32|          0|
    |tmp_708_reg_6509                  |   32|   0|   32|          0|
    |tmp_710_reg_6515                  |   32|   0|   32|          0|
    |tmp_712_reg_6521                  |   32|   0|   32|          0|
    |tmp_714_reg_6527                  |   32|   0|   32|          0|
    |tmp_716_reg_6533                  |   32|   0|   32|          0|
    |tmp_718_reg_6539                  |   32|   0|   32|          0|
    |tmp_720_reg_6545                  |   32|   0|   32|          0|
    |tmp_7_reg_6170                    |   32|   0|   32|          0|
    |tmp_9_reg_6176                    |   32|   0|   32|          0|
    |trunc_ln17_10_reg_6676            |   32|   0|   32|          0|
    |trunc_ln17_11_reg_6711            |   32|   0|   32|          0|
    |trunc_ln17_12_reg_6716            |   32|   0|   32|          0|
    |trunc_ln17_13_reg_6751            |   32|   0|   32|          0|
    |trunc_ln17_14_reg_6756            |   32|   0|   32|          0|
    |trunc_ln17_15_reg_6791            |   32|   0|   32|          0|
    |trunc_ln17_16_reg_6796            |   32|   0|   32|          0|
    |trunc_ln17_17_reg_6831            |   32|   0|   32|          0|
    |trunc_ln17_18_reg_6836            |   32|   0|   32|          0|
    |trunc_ln17_19_reg_6871            |   32|   0|   32|          0|
    |trunc_ln17_1_reg_6153             |   32|   0|   32|          0|
    |trunc_ln17_20_reg_6876            |   32|   0|   32|          0|
    |trunc_ln17_21_reg_6433            |   32|   0|   32|          0|
    |trunc_ln17_22_reg_6911            |   32|   0|   32|          0|
    |trunc_ln17_23_reg_6916            |   32|   0|   32|          0|
    |trunc_ln17_24_reg_6956            |   32|   0|   32|          0|
    |trunc_ln17_25_reg_6961            |   32|   0|   32|          0|
    |trunc_ln17_26_reg_7001            |   32|   0|   32|          0|
    |trunc_ln17_27_reg_7006            |   32|   0|   32|          0|
    |trunc_ln17_28_reg_7041            |   32|   0|   32|          0|
    |trunc_ln17_29_reg_7046            |   32|   0|   32|          0|
    |trunc_ln17_2_reg_6344             |   32|   0|   32|          0|
    |trunc_ln17_30_reg_7081            |   32|   0|   32|          0|
    |trunc_ln17_31_reg_7086            |   32|   0|   32|          0|
    |trunc_ln17_32_reg_7121            |   32|   0|   32|          0|
    |trunc_ln17_33_reg_7126            |   32|   0|   32|          0|
    |trunc_ln17_3_reg_6561             |   32|   0|   32|          0|
    |trunc_ln17_4_reg_6566             |   32|   0|   32|          0|
    |trunc_ln17_5_reg_6591             |   32|   0|   32|          0|
    |trunc_ln17_6_reg_6596             |   32|   0|   32|          0|
    |trunc_ln17_7_reg_6631             |   32|   0|   32|          0|
    |trunc_ln17_8_reg_6636             |   32|   0|   32|          0|
    |trunc_ln17_9_reg_6671             |   32|   0|   32|          0|
    |trunc_ln17_reg_6129               |   32|   0|   32|          0|
    +----------------------------------+-----+----+-----+-----------+
    |Total                             |13742|   0|13752|         10|
    +----------------------------------+-----+----+-----+-----------+



================================================================
== Interface
================================================================
* Summary: 
+-------------+-----+------+------------+--------------+--------------+
|  RTL Ports  | Dir | Bits |  Protocol  | Source Object|    C Type    |
+-------------+-----+------+------------+--------------+--------------+
|ap_clk       |  in |     1| ap_ctrl_hs |   matrixmul  | return value |
|ap_rst       |  in |     1| ap_ctrl_hs |   matrixmul  | return value |
|ap_start     |  in |     1| ap_ctrl_hs |   matrixmul  | return value |
|ap_done      | out |     1| ap_ctrl_hs |   matrixmul  | return value |
|ap_idle      | out |     1| ap_ctrl_hs |   matrixmul  | return value |
|ap_ready     | out |     1| ap_ctrl_hs |   matrixmul  | return value |
|A_address0   | out |     5|  ap_memory |       A      |     array    |
|A_ce0        | out |     1|  ap_memory |       A      |     array    |
|A_q0         |  in |  1024|  ap_memory |       A      |     array    |
|A_address1   | out |     5|  ap_memory |       A      |     array    |
|A_ce1        | out |     1|  ap_memory |       A      |     array    |
|A_q1         |  in |  1024|  ap_memory |       A      |     array    |
|B_address0   | out |     5|  ap_memory |       B      |     array    |
|B_ce0        | out |     1|  ap_memory |       B      |     array    |
|B_q0         |  in |  1024|  ap_memory |       B      |     array    |
|B_address1   | out |     5|  ap_memory |       B      |     array    |
|B_ce1        | out |     1|  ap_memory |       B      |     array    |
|B_q1         |  in |  1024|  ap_memory |       B      |     array    |
|AB_address0  | out |    10|  ap_memory |      AB      |     array    |
|AB_ce0       | out |     1|  ap_memory |      AB      |     array    |
|AB_we0       | out |     1|  ap_memory |      AB      |     array    |
|AB_d0        | out |    32|  ap_memory |      AB      |     array    |
|AB_address1  | out |    10|  ap_memory |      AB      |     array    |
|AB_ce1       | out |     1|  ap_memory |      AB      |     array    |
|AB_we1       | out |     1|  ap_memory |      AB      |     array    |
|AB_d1        | out |    32|  ap_memory |      AB      |     array    |
+-------------+-----+------+------------+--------------+--------------+

