#-----------------------------------------------------------
# xsim v2020.1 (64-bit)
# SW Build 2902540 on Wed May 27 19:54:49 MDT 2020
# IP Build 2902112 on Wed May 27 22:43:36 MDT 2020
# Start of session at: Thu Oct 20 22:25:16 2022
# Process ID: 1044
# Current directory: C:/9m/HLS/labb/project1/fir128/baseline/loop_unrolling_MAC4/sim/verilog
# Command line: xsim.exe -mode tcl -source {xsim.dir/fir/xsim_script.tcl}
# Log file: C:/9m/HLS/labb/project1/fir128/baseline/loop_unrolling_MAC4/sim/verilog/xsim.log
# Journal file: C:/9m/HLS/labb/project1/fir128/baseline/loop_unrolling_MAC4/sim/verilog\xsim.jou
#-----------------------------------------------------------
source xsim.dir/fir/xsim_script.tcl
# xsim {fir} -autoloadwcfg -tclbatch {fir.tcl}
Vivado Simulator 2020.1
Time resolution is 1 ps
source fir.tcl
## log_wave -r /
WARNING: [Simtcl 6-197] One or more HDL objects could not be logged because of object type or size limitations.  To see details please rerun the command with -verbose (-v).
## set designtopgroup [add_wave_group "Design Top Signals"]
## set coutputgroup [add_wave_group "C Outputs" -into $designtopgroup]
## set y_group [add_wave_group y(wire) -into $coutputgroup]
## add_wave /apatb_fir_top/AESL_inst_fir/y_ap_vld -into $y_group -color #ffff00 -radix hex
## add_wave /apatb_fir_top/AESL_inst_fir/y -into $y_group -radix hex
## set cinputgroup [add_wave_group "C Inputs" -into $designtopgroup]
## set x_group [add_wave_group x(wire) -into $cinputgroup]
## add_wave /apatb_fir_top/AESL_inst_fir/x -into $x_group -radix hex
## set blocksiggroup [add_wave_group "Block-level IO Handshake" -into $designtopgroup]
## add_wave /apatb_fir_top/AESL_inst_fir/ap_start -into $blocksiggroup
## add_wave /apatb_fir_top/AESL_inst_fir/ap_done -into $blocksiggroup
## add_wave /apatb_fir_top/AESL_inst_fir/ap_idle -into $blocksiggroup
## add_wave /apatb_fir_top/AESL_inst_fir/ap_ready -into $blocksiggroup
## set resetgroup [add_wave_group "Reset" -into $designtopgroup]
## add_wave /apatb_fir_top/AESL_inst_fir/ap_rst -into $resetgroup
## set clockgroup [add_wave_group "Clock" -into $designtopgroup]
## add_wave /apatb_fir_top/AESL_inst_fir/ap_clk -into $clockgroup
## set testbenchgroup [add_wave_group "Test Bench Signals"]
## set tbinternalsiggroup [add_wave_group "Internal Signals" -into $testbenchgroup]
## set tb_simstatus_group [add_wave_group "Simulation Status" -into $tbinternalsiggroup]
## set tb_portdepth_group [add_wave_group "Port Depth" -into $tbinternalsiggroup]
## add_wave /apatb_fir_top/AUTOTB_TRANSACTION_NUM -into $tb_simstatus_group -radix hex
## add_wave /apatb_fir_top/ready_cnt -into $tb_simstatus_group -radix hex
## add_wave /apatb_fir_top/done_cnt -into $tb_simstatus_group -radix hex
## add_wave /apatb_fir_top/LENGTH_y -into $tb_portdepth_group -radix hex
## add_wave /apatb_fir_top/LENGTH_x -into $tb_portdepth_group -radix hex
## set tbcoutputgroup [add_wave_group "C Outputs" -into $testbenchgroup]
## set tb_y_group [add_wave_group y(wire) -into $tbcoutputgroup]
## add_wave /apatb_fir_top/y_ap_vld -into $tb_y_group -color #ffff00 -radix hex
## add_wave /apatb_fir_top/y -into $tb_y_group -radix hex
## set tbcinputgroup [add_wave_group "C Inputs" -into $testbenchgroup]
## set tb_x_group [add_wave_group x(wire) -into $tbcinputgroup]
## add_wave /apatb_fir_top/x -into $tb_x_group -radix hex
## save_wave_config fir.wcfg
## run all
////////////////////////////////////////////////////////////////////////////////////
// Inter-Transaction Progress: Completed Transaction / Total Transaction
// Intra-Transaction Progress: Measured Latency / Latency Estimation * 100%
//
// RTL Simulation : "Inter-Transaction Progress" ["Intra-Transaction Progress"] @ "Simulation Time"
////////////////////////////////////////////////////////////////////////////////////
// RTL Simulation : 0 / 600 [0.00%] @ "125000"
// RTL Simulation : 1 / 600 [100.00%] @ "4305000"
// RTL Simulation : 2 / 600 [100.00%] @ "8475000"
// RTL Simulation : 3 / 600 [100.00%] @ "12645000"
// RTL Simulation : 4 / 600 [100.00%] @ "16815000"
// RTL Simulation : 5 / 600 [100.00%] @ "20985000"
// RTL Simulation : 6 / 600 [100.00%] @ "25155000"
// RTL Simulation : 7 / 600 [100.00%] @ "29325000"
// RTL Simulation : 8 / 600 [100.00%] @ "33495000"
// RTL Simulation : 9 / 600 [100.00%] @ "37665000"
// RTL Simulation : 10 / 600 [100.00%] @ "41835000"
// RTL Simulation : 11 / 600 [100.00%] @ "46005000"
// RTL Simulation : 12 / 600 [100.00%] @ "50175000"
// RTL Simulation : 13 / 600 [100.00%] @ "54345000"
// RTL Simulation : 14 / 600 [100.00%] @ "58515000"
// RTL Simulation : 15 / 600 [100.00%] @ "62685000"
// RTL Simulation : 16 / 600 [100.00%] @ "66855000"
// RTL Simulation : 17 / 600 [100.00%] @ "71025000"
// RTL Simulation : 18 / 600 [100.00%] @ "75195000"
// RTL Simulation : 19 / 600 [100.00%] @ "79365000"
// RTL Simulation : 20 / 600 [100.00%] @ "83535000"
// RTL Simulation : 21 / 600 [100.00%] @ "87705000"
// RTL Simulation : 22 / 600 [100.00%] @ "91875000"
// RTL Simulation : 23 / 600 [100.00%] @ "96045000"
// RTL Simulation : 24 / 600 [100.00%] @ "100215000"
// RTL Simulation : 25 / 600 [100.00%] @ "104385000"
// RTL Simulation : 26 / 600 [100.00%] @ "108555000"
// RTL Simulation : 27 / 600 [100.00%] @ "112725000"
// RTL Simulation : 28 / 600 [100.00%] @ "116895000"
// RTL Simulation : 29 / 600 [100.00%] @ "121065000"
// RTL Simulation : 30 / 600 [100.00%] @ "125235000"
// RTL Simulation : 31 / 600 [100.00%] @ "129405000"
// RTL Simulation : 32 / 600 [100.00%] @ "133575000"
// RTL Simulation : 33 / 600 [100.00%] @ "137745000"
// RTL Simulation : 34 / 600 [100.00%] @ "141915000"
// RTL Simulation : 35 / 600 [100.00%] @ "146085000"
// RTL Simulation : 36 / 600 [100.00%] @ "150255000"
// RTL Simulation : 37 / 600 [100.00%] @ "154425000"
// RTL Simulation : 38 / 600 [100.00%] @ "158595000"
// RTL Simulation : 39 / 600 [100.00%] @ "162765000"
// RTL Simulation : 40 / 600 [100.00%] @ "166935000"
// RTL Simulation : 41 / 600 [100.00%] @ "171105000"
// RTL Simulation : 42 / 600 [100.00%] @ "175275000"
// RTL Simulation : 43 / 600 [100.00%] @ "179445000"
// RTL Simulation : 44 / 600 [100.00%] @ "183615000"
// RTL Simulation : 45 / 600 [100.00%] @ "187785000"
// RTL Simulation : 46 / 600 [100.00%] @ "191955000"
// RTL Simulation : 47 / 600 [100.00%] @ "196125000"
// RTL Simulation : 48 / 600 [100.00%] @ "200295000"
// RTL Simulation : 49 / 600 [100.00%] @ "204465000"
// RTL Simulation : 50 / 600 [100.00%] @ "208635000"
// RTL Simulation : 51 / 600 [100.00%] @ "212805000"
// RTL Simulation : 52 / 600 [100.00%] @ "216975000"
// RTL Simulation : 53 / 600 [100.00%] @ "221145000"
// RTL Simulation : 54 / 600 [100.00%] @ "225315000"
// RTL Simulation : 55 / 600 [100.00%] @ "229485000"
// RTL Simulation : 56 / 600 [100.00%] @ "233655000"
// RTL Simulation : 57 / 600 [100.00%] @ "237825000"
// RTL Simulation : 58 / 600 [100.00%] @ "241995000"
// RTL Simulation : 59 / 600 [100.00%] @ "246165000"
// RTL Simulation : 60 / 600 [100.00%] @ "250335000"
// RTL Simulation : 61 / 600 [100.00%] @ "254505000"
// RTL Simulation : 62 / 600 [100.00%] @ "258675000"
// RTL Simulation : 63 / 600 [100.00%] @ "262845000"
// RTL Simulation : 64 / 600 [100.00%] @ "267015000"
// RTL Simulation : 65 / 600 [100.00%] @ "271185000"
// RTL Simulation : 66 / 600 [100.00%] @ "275355000"
// RTL Simulation : 67 / 600 [100.00%] @ "279525000"
// RTL Simulation : 68 / 600 [100.00%] @ "283695000"
// RTL Simulation : 69 / 600 [100.00%] @ "287865000"
// RTL Simulation : 70 / 600 [100.00%] @ "292035000"
// RTL Simulation : 71 / 600 [100.00%] @ "296205000"
// RTL Simulation : 72 / 600 [100.00%] @ "300375000"
// RTL Simulation : 73 / 600 [100.00%] @ "304545000"
// RTL Simulation : 74 / 600 [100.00%] @ "308715000"
// RTL Simulation : 75 / 600 [100.00%] @ "312885000"
// RTL Simulation : 76 / 600 [100.00%] @ "317055000"
// RTL Simulation : 77 / 600 [100.00%] @ "321225000"
// RTL Simulation : 78 / 600 [100.00%] @ "325395000"
// RTL Simulation : 79 / 600 [100.00%] @ "329565000"
// RTL Simulation : 80 / 600 [100.00%] @ "333735000"
// RTL Simulation : 81 / 600 [100.00%] @ "337905000"
// RTL Simulation : 82 / 600 [100.00%] @ "342075000"
// RTL Simulation : 83 / 600 [100.00%] @ "346245000"
// RTL Simulation : 84 / 600 [100.00%] @ "350415000"
// RTL Simulation : 85 / 600 [100.00%] @ "354585000"
// RTL Simulation : 86 / 600 [100.00%] @ "358755000"
// RTL Simulation : 87 / 600 [100.00%] @ "362925000"
// RTL Simulation : 88 / 600 [100.00%] @ "367095000"
// RTL Simulation : 89 / 600 [100.00%] @ "371265000"
// RTL Simulation : 90 / 600 [100.00%] @ "375435000"
// RTL Simulation : 91 / 600 [100.00%] @ "379605000"
// RTL Simulation : 92 / 600 [100.00%] @ "383775000"
// RTL Simulation : 93 / 600 [100.00%] @ "387945000"
// RTL Simulation : 94 / 600 [100.00%] @ "392115000"
// RTL Simulation : 95 / 600 [100.00%] @ "396285000"
// RTL Simulation : 96 / 600 [100.00%] @ "400455000"
// RTL Simulation : 97 / 600 [100.00%] @ "404625000"
// RTL Simulation : 98 / 600 [100.00%] @ "408795000"
// RTL Simulation : 99 / 600 [100.00%] @ "412965000"
// RTL Simulation : 100 / 600 [100.00%] @ "417135000"
// RTL Simulation : 101 / 600 [100.00%] @ "421305000"
// RTL Simulation : 102 / 600 [100.00%] @ "425475000"
// RTL Simulation : 103 / 600 [100.00%] @ "429645000"
// RTL Simulation : 104 / 600 [100.00%] @ "433815000"
// RTL Simulation : 105 / 600 [100.00%] @ "437985000"
// RTL Simulation : 106 / 600 [100.00%] @ "442155000"
// RTL Simulation : 107 / 600 [100.00%] @ "446325000"
// RTL Simulation : 108 / 600 [100.00%] @ "450495000"
// RTL Simulation : 109 / 600 [100.00%] @ "454665000"
// RTL Simulation : 110 / 600 [100.00%] @ "458835000"
// RTL Simulation : 111 / 600 [100.00%] @ "463005000"
// RTL Simulation : 112 / 600 [100.00%] @ "467175000"
// RTL Simulation : 113 / 600 [100.00%] @ "471345000"
// RTL Simulation : 114 / 600 [100.00%] @ "475515000"
// RTL Simulation : 115 / 600 [100.00%] @ "479685000"
// RTL Simulation : 116 / 600 [100.00%] @ "483855000"
// RTL Simulation : 117 / 600 [100.00%] @ "488025000"
// RTL Simulation : 118 / 600 [100.00%] @ "492195000"
// RTL Simulation : 119 / 600 [100.00%] @ "496365000"
// RTL Simulation : 120 / 600 [100.00%] @ "500535000"
// RTL Simulation : 121 / 600 [100.00%] @ "504705000"
// RTL Simulation : 122 / 600 [100.00%] @ "508875000"
// RTL Simulation : 123 / 600 [100.00%] @ "513045000"
// RTL Simulation : 124 / 600 [100.00%] @ "517215000"
// RTL Simulation : 125 / 600 [100.00%] @ "521385000"
// RTL Simulation : 126 / 600 [100.00%] @ "525555000"
// RTL Simulation : 127 / 600 [100.00%] @ "529725000"
// RTL Simulation : 128 / 600 [100.00%] @ "533895000"
// RTL Simulation : 129 / 600 [100.00%] @ "538065000"
// RTL Simulation : 130 / 600 [100.00%] @ "542235000"
// RTL Simulation : 131 / 600 [100.00%] @ "546405000"
// RTL Simulation : 132 / 600 [100.00%] @ "550575000"
// RTL Simulation : 133 / 600 [100.00%] @ "554745000"
// RTL Simulation : 134 / 600 [100.00%] @ "558915000"
// RTL Simulation : 135 / 600 [100.00%] @ "563085000"
// RTL Simulation : 136 / 600 [100.00%] @ "567255000"
// RTL Simulation : 137 / 600 [100.00%] @ "571425000"
// RTL Simulation : 138 / 600 [100.00%] @ "575595000"
// RTL Simulation : 139 / 600 [100.00%] @ "579765000"
// RTL Simulation : 140 / 600 [100.00%] @ "583935000"
// RTL Simulation : 141 / 600 [100.00%] @ "588105000"
// RTL Simulation : 142 / 600 [100.00%] @ "592275000"
// RTL Simulation : 143 / 600 [100.00%] @ "596445000"
// RTL Simulation : 144 / 600 [100.00%] @ "600615000"
// RTL Simulation : 145 / 600 [100.00%] @ "604785000"
// RTL Simulation : 146 / 600 [100.00%] @ "608955000"
// RTL Simulation : 147 / 600 [100.00%] @ "613125000"
// RTL Simulation : 148 / 600 [100.00%] @ "617295000"
// RTL Simulation : 149 / 600 [100.00%] @ "621465000"
// RTL Simulation : 150 / 600 [100.00%] @ "625635000"
// RTL Simulation : 151 / 600 [100.00%] @ "629805000"
// RTL Simulation : 152 / 600 [100.00%] @ "633975000"
// RTL Simulation : 153 / 600 [100.00%] @ "638145000"
// RTL Simulation : 154 / 600 [100.00%] @ "642315000"
// RTL Simulation : 155 / 600 [100.00%] @ "646485000"
// RTL Simulation : 156 / 600 [100.00%] @ "650655000"
// RTL Simulation : 157 / 600 [100.00%] @ "654825000"
// RTL Simulation : 158 / 600 [100.00%] @ "658995000"
// RTL Simulation : 159 / 600 [100.00%] @ "663165000"
// RTL Simulation : 160 / 600 [100.00%] @ "667335000"
// RTL Simulation : 161 / 600 [100.00%] @ "671505000"
// RTL Simulation : 162 / 600 [100.00%] @ "675675000"
// RTL Simulation : 163 / 600 [100.00%] @ "679845000"
// RTL Simulation : 164 / 600 [100.00%] @ "684015000"
// RTL Simulation : 165 / 600 [100.00%] @ "688185000"
// RTL Simulation : 166 / 600 [100.00%] @ "692355000"
// RTL Simulation : 167 / 600 [100.00%] @ "696525000"
// RTL Simulation : 168 / 600 [100.00%] @ "700695000"
// RTL Simulation : 169 / 600 [100.00%] @ "704865000"
// RTL Simulation : 170 / 600 [100.00%] @ "709035000"
// RTL Simulation : 171 / 600 [100.00%] @ "713205000"
// RTL Simulation : 172 / 600 [100.00%] @ "717375000"
// RTL Simulation : 173 / 600 [100.00%] @ "721545000"
// RTL Simulation : 174 / 600 [100.00%] @ "725715000"
// RTL Simulation : 175 / 600 [100.00%] @ "729885000"
// RTL Simulation : 176 / 600 [100.00%] @ "734055000"
// RTL Simulation : 177 / 600 [100.00%] @ "738225000"
// RTL Simulation : 178 / 600 [100.00%] @ "742395000"
// RTL Simulation : 179 / 600 [100.00%] @ "746565000"
// RTL Simulation : 180 / 600 [100.00%] @ "750735000"
// RTL Simulation : 181 / 600 [100.00%] @ "754905000"
// RTL Simulation : 182 / 600 [100.00%] @ "759075000"
// RTL Simulation : 183 / 600 [100.00%] @ "763245000"
// RTL Simulation : 184 / 600 [100.00%] @ "767415000"
// RTL Simulation : 185 / 600 [100.00%] @ "771585000"
// RTL Simulation : 186 / 600 [100.00%] @ "775755000"
// RTL Simulation : 187 / 600 [100.00%] @ "779925000"
// RTL Simulation : 188 / 600 [100.00%] @ "784095000"
// RTL Simulation : 189 / 600 [100.00%] @ "788265000"
// RTL Simulation : 190 / 600 [100.00%] @ "792435000"
// RTL Simulation : 191 / 600 [100.00%] @ "796605000"
// RTL Simulation : 192 / 600 [100.00%] @ "800775000"
// RTL Simulation : 193 / 600 [100.00%] @ "804945000"
// RTL Simulation : 194 / 600 [100.00%] @ "809115000"
// RTL Simulation : 195 / 600 [100.00%] @ "813285000"
// RTL Simulation : 196 / 600 [100.00%] @ "817455000"
// RTL Simulation : 197 / 600 [100.00%] @ "821625000"
// RTL Simulation : 198 / 600 [100.00%] @ "825795000"
// RTL Simulation : 199 / 600 [100.00%] @ "829965000"
// RTL Simulation : 200 / 600 [100.00%] @ "834135000"
// RTL Simulation : 201 / 600 [100.00%] @ "838305000"
// RTL Simulation : 202 / 600 [100.00%] @ "842475000"
// RTL Simulation : 203 / 600 [100.00%] @ "846645000"
// RTL Simulation : 204 / 600 [100.00%] @ "850815000"
// RTL Simulation : 205 / 600 [100.00%] @ "854985000"
// RTL Simulation : 206 / 600 [100.00%] @ "859155000"
// RTL Simulation : 207 / 600 [100.00%] @ "863325000"
// RTL Simulation : 208 / 600 [100.00%] @ "867495000"
// RTL Simulation : 209 / 600 [100.00%] @ "871665000"
// RTL Simulation : 210 / 600 [100.00%] @ "875835000"
// RTL Simulation : 211 / 600 [100.00%] @ "880005000"
// RTL Simulation : 212 / 600 [100.00%] @ "884175000"
// RTL Simulation : 213 / 600 [100.00%] @ "888345000"
// RTL Simulation : 214 / 600 [100.00%] @ "892515000"
// RTL Simulation : 215 / 600 [100.00%] @ "896685000"
// RTL Simulation : 216 / 600 [100.00%] @ "900855000"
// RTL Simulation : 217 / 600 [100.00%] @ "905025000"
// RTL Simulation : 218 / 600 [100.00%] @ "909195000"
// RTL Simulation : 219 / 600 [100.00%] @ "913365000"
// RTL Simulation : 220 / 600 [100.00%] @ "917535000"
// RTL Simulation : 221 / 600 [100.00%] @ "921705000"
// RTL Simulation : 222 / 600 [100.00%] @ "925875000"
// RTL Simulation : 223 / 600 [100.00%] @ "930045000"
// RTL Simulation : 224 / 600 [100.00%] @ "934215000"
// RTL Simulation : 225 / 600 [100.00%] @ "938385000"
// RTL Simulation : 226 / 600 [100.00%] @ "942555000"
// RTL Simulation : 227 / 600 [100.00%] @ "946725000"
// RTL Simulation : 228 / 600 [100.00%] @ "950895000"
// RTL Simulation : 229 / 600 [100.00%] @ "955065000"
// RTL Simulation : 230 / 600 [100.00%] @ "959235000"
// RTL Simulation : 231 / 600 [100.00%] @ "963405000"
// RTL Simulation : 232 / 600 [100.00%] @ "967575000"
// RTL Simulation : 233 / 600 [100.00%] @ "971745000"
// RTL Simulation : 234 / 600 [100.00%] @ "975915000"
// RTL Simulation : 235 / 600 [100.00%] @ "980085000"
// RTL Simulation : 236 / 600 [100.00%] @ "984255000"
// RTL Simulation : 237 / 600 [100.00%] @ "988425000"
// RTL Simulation : 238 / 600 [100.00%] @ "992595000"
// RTL Simulation : 239 / 600 [100.00%] @ "996765000"
// RTL Simulation : 240 / 600 [100.00%] @ "1000935000"
// RTL Simulation : 241 / 600 [100.00%] @ "1005105000"
// RTL Simulation : 242 / 600 [100.00%] @ "1009275000"
// RTL Simulation : 243 / 600 [100.00%] @ "1013445000"
// RTL Simulation : 244 / 600 [100.00%] @ "1017615000"
// RTL Simulation : 245 / 600 [100.00%] @ "1021785000"
// RTL Simulation : 246 / 600 [100.00%] @ "1025955000"
// RTL Simulation : 247 / 600 [100.00%] @ "1030125000"
// RTL Simulation : 248 / 600 [100.00%] @ "1034295000"
// RTL Simulation : 249 / 600 [100.00%] @ "1038465000"
// RTL Simulation : 250 / 600 [100.00%] @ "1042635000"
// RTL Simulation : 251 / 600 [100.00%] @ "1046805000"
// RTL Simulation : 252 / 600 [100.00%] @ "1050975000"
// RTL Simulation : 253 / 600 [100.00%] @ "1055145000"
// RTL Simulation : 254 / 600 [100.00%] @ "1059315000"
// RTL Simulation : 255 / 600 [100.00%] @ "1063485000"
// RTL Simulation : 256 / 600 [100.00%] @ "1067655000"
// RTL Simulation : 257 / 600 [100.00%] @ "1071825000"
// RTL Simulation : 258 / 600 [100.00%] @ "1075995000"
// RTL Simulation : 259 / 600 [100.00%] @ "1080165000"
// RTL Simulation : 260 / 600 [100.00%] @ "1084335000"
// RTL Simulation : 261 / 600 [100.00%] @ "1088505000"
// RTL Simulation : 262 / 600 [100.00%] @ "1092675000"
// RTL Simulation : 263 / 600 [100.00%] @ "1096845000"
// RTL Simulation : 264 / 600 [100.00%] @ "1101015000"
// RTL Simulation : 265 / 600 [100.00%] @ "1105185000"
// RTL Simulation : 266 / 600 [100.00%] @ "1109355000"
// RTL Simulation : 267 / 600 [100.00%] @ "1113525000"
// RTL Simulation : 268 / 600 [100.00%] @ "1117695000"
// RTL Simulation : 269 / 600 [100.00%] @ "1121865000"
// RTL Simulation : 270 / 600 [100.00%] @ "1126035000"
// RTL Simulation : 271 / 600 [100.00%] @ "1130205000"
// RTL Simulation : 272 / 600 [100.00%] @ "1134375000"
// RTL Simulation : 273 / 600 [100.00%] @ "1138545000"
// RTL Simulation : 274 / 600 [100.00%] @ "1142715000"
// RTL Simulation : 275 / 600 [100.00%] @ "1146885000"
// RTL Simulation : 276 / 600 [100.00%] @ "1151055000"
// RTL Simulation : 277 / 600 [100.00%] @ "1155225000"
// RTL Simulation : 278 / 600 [100.00%] @ "1159395000"
// RTL Simulation : 279 / 600 [100.00%] @ "1163565000"
// RTL Simulation : 280 / 600 [100.00%] @ "1167735000"
// RTL Simulation : 281 / 600 [100.00%] @ "1171905000"
// RTL Simulation : 282 / 600 [100.00%] @ "1176075000"
// RTL Simulation : 283 / 600 [100.00%] @ "1180245000"
// RTL Simulation : 284 / 600 [100.00%] @ "1184415000"
// RTL Simulation : 285 / 600 [100.00%] @ "1188585000"
// RTL Simulation : 286 / 600 [100.00%] @ "1192755000"
// RTL Simulation : 287 / 600 [100.00%] @ "1196925000"
// RTL Simulation : 288 / 600 [100.00%] @ "1201095000"
// RTL Simulation : 289 / 600 [100.00%] @ "1205265000"
// RTL Simulation : 290 / 600 [100.00%] @ "1209435000"
// RTL Simulation : 291 / 600 [100.00%] @ "1213605000"
// RTL Simulation : 292 / 600 [100.00%] @ "1217775000"
// RTL Simulation : 293 / 600 [100.00%] @ "1221945000"
// RTL Simulation : 294 / 600 [100.00%] @ "1226115000"
// RTL Simulation : 295 / 600 [100.00%] @ "1230285000"
// RTL Simulation : 296 / 600 [100.00%] @ "1234455000"
// RTL Simulation : 297 / 600 [100.00%] @ "1238625000"
// RTL Simulation : 298 / 600 [100.00%] @ "1242795000"
// RTL Simulation : 299 / 600 [100.00%] @ "1246965000"
// RTL Simulation : 300 / 600 [100.00%] @ "1251135000"
// RTL Simulation : 301 / 600 [100.00%] @ "1255305000"
// RTL Simulation : 302 / 600 [100.00%] @ "1259475000"
// RTL Simulation : 303 / 600 [100.00%] @ "1263645000"
// RTL Simulation : 304 / 600 [100.00%] @ "1267815000"
// RTL Simulation : 305 / 600 [100.00%] @ "1271985000"
// RTL Simulation : 306 / 600 [100.00%] @ "1276155000"
// RTL Simulation : 307 / 600 [100.00%] @ "1280325000"
// RTL Simulation : 308 / 600 [100.00%] @ "1284495000"
// RTL Simulation : 309 / 600 [100.00%] @ "1288665000"
// RTL Simulation : 310 / 600 [100.00%] @ "1292835000"
// RTL Simulation : 311 / 600 [100.00%] @ "1297005000"
// RTL Simulation : 312 / 600 [100.00%] @ "1301175000"
// RTL Simulation : 313 / 600 [100.00%] @ "1305345000"
// RTL Simulation : 314 / 600 [100.00%] @ "1309515000"
// RTL Simulation : 315 / 600 [100.00%] @ "1313685000"
// RTL Simulation : 316 / 600 [100.00%] @ "1317855000"
// RTL Simulation : 317 / 600 [100.00%] @ "1322025000"
// RTL Simulation : 318 / 600 [100.00%] @ "1326195000"
// RTL Simulation : 319 / 600 [100.00%] @ "1330365000"
// RTL Simulation : 320 / 600 [100.00%] @ "1334535000"
// RTL Simulation : 321 / 600 [100.00%] @ "1338705000"
// RTL Simulation : 322 / 600 [100.00%] @ "1342875000"
// RTL Simulation : 323 / 600 [100.00%] @ "1347045000"
// RTL Simulation : 324 / 600 [100.00%] @ "1351215000"
// RTL Simulation : 325 / 600 [100.00%] @ "1355385000"
// RTL Simulation : 326 / 600 [100.00%] @ "1359555000"
// RTL Simulation : 327 / 600 [100.00%] @ "1363725000"
// RTL Simulation : 328 / 600 [100.00%] @ "1367895000"
// RTL Simulation : 329 / 600 [100.00%] @ "1372065000"
// RTL Simulation : 330 / 600 [100.00%] @ "1376235000"
// RTL Simulation : 331 / 600 [100.00%] @ "1380405000"
// RTL Simulation : 332 / 600 [100.00%] @ "1384575000"
// RTL Simulation : 333 / 600 [100.00%] @ "1388745000"
// RTL Simulation : 334 / 600 [100.00%] @ "1392915000"
// RTL Simulation : 335 / 600 [100.00%] @ "1397085000"
// RTL Simulation : 336 / 600 [100.00%] @ "1401255000"
// RTL Simulation : 337 / 600 [100.00%] @ "1405425000"
// RTL Simulation : 338 / 600 [100.00%] @ "1409595000"
// RTL Simulation : 339 / 600 [100.00%] @ "1413765000"
// RTL Simulation : 340 / 600 [100.00%] @ "1417935000"
// RTL Simulation : 341 / 600 [100.00%] @ "1422105000"
// RTL Simulation : 342 / 600 [100.00%] @ "1426275000"
// RTL Simulation : 343 / 600 [100.00%] @ "1430445000"
// RTL Simulation : 344 / 600 [100.00%] @ "1434615000"
// RTL Simulation : 345 / 600 [100.00%] @ "1438785000"
// RTL Simulation : 346 / 600 [100.00%] @ "1442955000"
// RTL Simulation : 347 / 600 [100.00%] @ "1447125000"
// RTL Simulation : 348 / 600 [100.00%] @ "1451295000"
// RTL Simulation : 349 / 600 [100.00%] @ "1455465000"
// RTL Simulation : 350 / 600 [100.00%] @ "1459635000"
// RTL Simulation : 351 / 600 [100.00%] @ "1463805000"
// RTL Simulation : 352 / 600 [100.00%] @ "1467975000"
// RTL Simulation : 353 / 600 [100.00%] @ "1472145000"
// RTL Simulation : 354 / 600 [100.00%] @ "1476315000"
// RTL Simulation : 355 / 600 [100.00%] @ "1480485000"
// RTL Simulation : 356 / 600 [100.00%] @ "1484655000"
// RTL Simulation : 357 / 600 [100.00%] @ "1488825000"
// RTL Simulation : 358 / 600 [100.00%] @ "1492995000"
// RTL Simulation : 359 / 600 [100.00%] @ "1497165000"
// RTL Simulation : 360 / 600 [100.00%] @ "1501335000"
// RTL Simulation : 361 / 600 [100.00%] @ "1505505000"
// RTL Simulation : 362 / 600 [100.00%] @ "1509675000"
// RTL Simulation : 363 / 600 [100.00%] @ "1513845000"
// RTL Simulation : 364 / 600 [100.00%] @ "1518015000"
// RTL Simulation : 365 / 600 [100.00%] @ "1522185000"
// RTL Simulation : 366 / 600 [100.00%] @ "1526355000"
// RTL Simulation : 367 / 600 [100.00%] @ "1530525000"
// RTL Simulation : 368 / 600 [100.00%] @ "1534695000"
// RTL Simulation : 369 / 600 [100.00%] @ "1538865000"
// RTL Simulation : 370 / 600 [100.00%] @ "1543035000"
// RTL Simulation : 371 / 600 [100.00%] @ "1547205000"
// RTL Simulation : 372 / 600 [100.00%] @ "1551375000"
// RTL Simulation : 373 / 600 [100.00%] @ "1555545000"
// RTL Simulation : 374 / 600 [100.00%] @ "1559715000"
// RTL Simulation : 375 / 600 [100.00%] @ "1563885000"
// RTL Simulation : 376 / 600 [100.00%] @ "1568055000"
// RTL Simulation : 377 / 600 [100.00%] @ "1572225000"
// RTL Simulation : 378 / 600 [100.00%] @ "1576395000"
// RTL Simulation : 379 / 600 [100.00%] @ "1580565000"
// RTL Simulation : 380 / 600 [100.00%] @ "1584735000"
// RTL Simulation : 381 / 600 [100.00%] @ "1588905000"
// RTL Simulation : 382 / 600 [100.00%] @ "1593075000"
// RTL Simulation : 383 / 600 [100.00%] @ "1597245000"
// RTL Simulation : 384 / 600 [100.00%] @ "1601415000"
// RTL Simulation : 385 / 600 [100.00%] @ "1605585000"
// RTL Simulation : 386 / 600 [100.00%] @ "1609755000"
// RTL Simulation : 387 / 600 [100.00%] @ "1613925000"
// RTL Simulation : 388 / 600 [100.00%] @ "1618095000"
// RTL Simulation : 389 / 600 [100.00%] @ "1622265000"
// RTL Simulation : 390 / 600 [100.00%] @ "1626435000"
// RTL Simulation : 391 / 600 [100.00%] @ "1630605000"
// RTL Simulation : 392 / 600 [100.00%] @ "1634775000"
// RTL Simulation : 393 / 600 [100.00%] @ "1638945000"
// RTL Simulation : 394 / 600 [100.00%] @ "1643115000"
// RTL Simulation : 395 / 600 [100.00%] @ "1647285000"
// RTL Simulation : 396 / 600 [100.00%] @ "1651455000"
// RTL Simulation : 397 / 600 [100.00%] @ "1655625000"
// RTL Simulation : 398 / 600 [100.00%] @ "1659795000"
// RTL Simulation : 399 / 600 [100.00%] @ "1663965000"
// RTL Simulation : 400 / 600 [100.00%] @ "1668135000"
// RTL Simulation : 401 / 600 [100.00%] @ "1672305000"
// RTL Simulation : 402 / 600 [100.00%] @ "1676475000"
// RTL Simulation : 403 / 600 [100.00%] @ "1680645000"
// RTL Simulation : 404 / 600 [100.00%] @ "1684815000"
// RTL Simulation : 405 / 600 [100.00%] @ "1688985000"
// RTL Simulation : 406 / 600 [100.00%] @ "1693155000"
// RTL Simulation : 407 / 600 [100.00%] @ "1697325000"
// RTL Simulation : 408 / 600 [100.00%] @ "1701495000"
// RTL Simulation : 409 / 600 [100.00%] @ "1705665000"
// RTL Simulation : 410 / 600 [100.00%] @ "1709835000"
// RTL Simulation : 411 / 600 [100.00%] @ "1714005000"
// RTL Simulation : 412 / 600 [100.00%] @ "1718175000"
// RTL Simulation : 413 / 600 [100.00%] @ "1722345000"
// RTL Simulation : 414 / 600 [100.00%] @ "1726515000"
// RTL Simulation : 415 / 600 [100.00%] @ "1730685000"
// RTL Simulation : 416 / 600 [100.00%] @ "1734855000"
// RTL Simulation : 417 / 600 [100.00%] @ "1739025000"
// RTL Simulation : 418 / 600 [100.00%] @ "1743195000"
// RTL Simulation : 419 / 600 [100.00%] @ "1747365000"
// RTL Simulation : 420 / 600 [100.00%] @ "1751535000"
// RTL Simulation : 421 / 600 [100.00%] @ "1755705000"
// RTL Simulation : 422 / 600 [100.00%] @ "1759875000"
// RTL Simulation : 423 / 600 [100.00%] @ "1764045000"
// RTL Simulation : 424 / 600 [100.00%] @ "1768215000"
// RTL Simulation : 425 / 600 [100.00%] @ "1772385000"
// RTL Simulation : 426 / 600 [100.00%] @ "1776555000"
// RTL Simulation : 427 / 600 [100.00%] @ "1780725000"
// RTL Simulation : 428 / 600 [100.00%] @ "1784895000"
// RTL Simulation : 429 / 600 [100.00%] @ "1789065000"
// RTL Simulation : 430 / 600 [100.00%] @ "1793235000"
// RTL Simulation : 431 / 600 [100.00%] @ "1797405000"
// RTL Simulation : 432 / 600 [100.00%] @ "1801575000"
// RTL Simulation : 433 / 600 [100.00%] @ "1805745000"
// RTL Simulation : 434 / 600 [100.00%] @ "1809915000"
// RTL Simulation : 435 / 600 [100.00%] @ "1814085000"
// RTL Simulation : 436 / 600 [100.00%] @ "1818255000"
// RTL Simulation : 437 / 600 [100.00%] @ "1822425000"
// RTL Simulation : 438 / 600 [100.00%] @ "1826595000"
// RTL Simulation : 439 / 600 [100.00%] @ "1830765000"
// RTL Simulation : 440 / 600 [100.00%] @ "1834935000"
// RTL Simulation : 441 / 600 [100.00%] @ "1839105000"
// RTL Simulation : 442 / 600 [100.00%] @ "1843275000"
// RTL Simulation : 443 / 600 [100.00%] @ "1847445000"
// RTL Simulation : 444 / 600 [100.00%] @ "1851615000"
// RTL Simulation : 445 / 600 [100.00%] @ "1855785000"
// RTL Simulation : 446 / 600 [100.00%] @ "1859955000"
// RTL Simulation : 447 / 600 [100.00%] @ "1864125000"
// RTL Simulation : 448 / 600 [100.00%] @ "1868295000"
// RTL Simulation : 449 / 600 [100.00%] @ "1872465000"
// RTL Simulation : 450 / 600 [100.00%] @ "1876635000"
// RTL Simulation : 451 / 600 [100.00%] @ "1880805000"
// RTL Simulation : 452 / 600 [100.00%] @ "1884975000"
// RTL Simulation : 453 / 600 [100.00%] @ "1889145000"
// RTL Simulation : 454 / 600 [100.00%] @ "1893315000"
// RTL Simulation : 455 / 600 [100.00%] @ "1897485000"
// RTL Simulation : 456 / 600 [100.00%] @ "1901655000"
// RTL Simulation : 457 / 600 [100.00%] @ "1905825000"
// RTL Simulation : 458 / 600 [100.00%] @ "1909995000"
// RTL Simulation : 459 / 600 [100.00%] @ "1914165000"
// RTL Simulation : 460 / 600 [100.00%] @ "1918335000"
// RTL Simulation : 461 / 600 [100.00%] @ "1922505000"
// RTL Simulation : 462 / 600 [100.00%] @ "1926675000"
// RTL Simulation : 463 / 600 [100.00%] @ "1930845000"
// RTL Simulation : 464 / 600 [100.00%] @ "1935015000"
// RTL Simulation : 465 / 600 [100.00%] @ "1939185000"
// RTL Simulation : 466 / 600 [100.00%] @ "1943355000"
// RTL Simulation : 467 / 600 [100.00%] @ "1947525000"
// RTL Simulation : 468 / 600 [100.00%] @ "1951695000"
// RTL Simulation : 469 / 600 [100.00%] @ "1955865000"
// RTL Simulation : 470 / 600 [100.00%] @ "1960035000"
// RTL Simulation : 471 / 600 [100.00%] @ "1964205000"
// RTL Simulation : 472 / 600 [100.00%] @ "1968375000"
// RTL Simulation : 473 / 600 [100.00%] @ "1972545000"
// RTL Simulation : 474 / 600 [100.00%] @ "1976715000"
// RTL Simulation : 475 / 600 [100.00%] @ "1980885000"
// RTL Simulation : 476 / 600 [100.00%] @ "1985055000"
// RTL Simulation : 477 / 600 [100.00%] @ "1989225000"
// RTL Simulation : 478 / 600 [100.00%] @ "1993395000"
// RTL Simulation : 479 / 600 [100.00%] @ "1997565000"
// RTL Simulation : 480 / 600 [100.00%] @ "2001735000"
// RTL Simulation : 481 / 600 [100.00%] @ "2005905000"
// RTL Simulation : 482 / 600 [100.00%] @ "2010075000"
// RTL Simulation : 483 / 600 [100.00%] @ "2014245000"
// RTL Simulation : 484 / 600 [100.00%] @ "2018415000"
// RTL Simulation : 485 / 600 [100.00%] @ "2022585000"
// RTL Simulation : 486 / 600 [100.00%] @ "2026755000"
// RTL Simulation : 487 / 600 [100.00%] @ "2030925000"
// RTL Simulation : 488 / 600 [100.00%] @ "2035095000"
// RTL Simulation : 489 / 600 [100.00%] @ "2039265000"
// RTL Simulation : 490 / 600 [100.00%] @ "2043435000"
// RTL Simulation : 491 / 600 [100.00%] @ "2047605000"
// RTL Simulation : 492 / 600 [100.00%] @ "2051775000"
// RTL Simulation : 493 / 600 [100.00%] @ "2055945000"
// RTL Simulation : 494 / 600 [100.00%] @ "2060115000"
// RTL Simulation : 495 / 600 [100.00%] @ "2064285000"
// RTL Simulation : 496 / 600 [100.00%] @ "2068455000"
// RTL Simulation : 497 / 600 [100.00%] @ "2072625000"
// RTL Simulation : 498 / 600 [100.00%] @ "2076795000"
// RTL Simulation : 499 / 600 [100.00%] @ "2080965000"
// RTL Simulation : 500 / 600 [100.00%] @ "2085135000"
// RTL Simulation : 501 / 600 [100.00%] @ "2089305000"
// RTL Simulation : 502 / 600 [100.00%] @ "2093475000"
// RTL Simulation : 503 / 600 [100.00%] @ "2097645000"
// RTL Simulation : 504 / 600 [100.00%] @ "2101815000"
// RTL Simulation : 505 / 600 [100.00%] @ "2105985000"
// RTL Simulation : 506 / 600 [100.00%] @ "2110155000"
// RTL Simulation : 507 / 600 [100.00%] @ "2114325000"
// RTL Simulation : 508 / 600 [100.00%] @ "2118495000"
// RTL Simulation : 509 / 600 [100.00%] @ "2122665000"
// RTL Simulation : 510 / 600 [100.00%] @ "2126835000"
// RTL Simulation : 511 / 600 [100.00%] @ "2131005000"
// RTL Simulation : 512 / 600 [100.00%] @ "2135175000"
// RTL Simulation : 513 / 600 [100.00%] @ "2139345000"
// RTL Simulation : 514 / 600 [100.00%] @ "2143515000"
// RTL Simulation : 515 / 600 [100.00%] @ "2147685000"
// RTL Simulation : 516 / 600 [100.00%] @ "2151855000"
// RTL Simulation : 517 / 600 [100.00%] @ "2156025000"
// RTL Simulation : 518 / 600 [100.00%] @ "2160195000"
// RTL Simulation : 519 / 600 [100.00%] @ "2164365000"
// RTL Simulation : 520 / 600 [100.00%] @ "2168535000"
// RTL Simulation : 521 / 600 [100.00%] @ "2172705000"
// RTL Simulation : 522 / 600 [100.00%] @ "2176875000"
// RTL Simulation : 523 / 600 [100.00%] @ "2181045000"
// RTL Simulation : 524 / 600 [100.00%] @ "2185215000"
// RTL Simulation : 525 / 600 [100.00%] @ "2189385000"
// RTL Simulation : 526 / 600 [100.00%] @ "2193555000"
// RTL Simulation : 527 / 600 [100.00%] @ "2197725000"
// RTL Simulation : 528 / 600 [100.00%] @ "2201895000"
// RTL Simulation : 529 / 600 [100.00%] @ "2206065000"
// RTL Simulation : 530 / 600 [100.00%] @ "2210235000"
// RTL Simulation : 531 / 600 [100.00%] @ "2214405000"
// RTL Simulation : 532 / 600 [100.00%] @ "2218575000"
// RTL Simulation : 533 / 600 [100.00%] @ "2222745000"
// RTL Simulation : 534 / 600 [100.00%] @ "2226915000"
// RTL Simulation : 535 / 600 [100.00%] @ "2231085000"
// RTL Simulation : 536 / 600 [100.00%] @ "2235255000"
// RTL Simulation : 537 / 600 [100.00%] @ "2239425000"
// RTL Simulation : 538 / 600 [100.00%] @ "2243595000"
// RTL Simulation : 539 / 600 [100.00%] @ "2247765000"
// RTL Simulation : 540 / 600 [100.00%] @ "2251935000"
// RTL Simulation : 541 / 600 [100.00%] @ "2256105000"
// RTL Simulation : 542 / 600 [100.00%] @ "2260275000"
// RTL Simulation : 543 / 600 [100.00%] @ "2264445000"
// RTL Simulation : 544 / 600 [100.00%] @ "2268615000"
// RTL Simulation : 545 / 600 [100.00%] @ "2272785000"
// RTL Simulation : 546 / 600 [100.00%] @ "2276955000"
// RTL Simulation : 547 / 600 [100.00%] @ "2281125000"
// RTL Simulation : 548 / 600 [100.00%] @ "2285295000"
// RTL Simulation : 549 / 600 [100.00%] @ "2289465000"
// RTL Simulation : 550 / 600 [100.00%] @ "2293635000"
// RTL Simulation : 551 / 600 [100.00%] @ "2297805000"
// RTL Simulation : 552 / 600 [100.00%] @ "2301975000"
// RTL Simulation : 553 / 600 [100.00%] @ "2306145000"
// RTL Simulation : 554 / 600 [100.00%] @ "2310315000"
// RTL Simulation : 555 / 600 [100.00%] @ "2314485000"
// RTL Simulation : 556 / 600 [100.00%] @ "2318655000"
// RTL Simulation : 557 / 600 [100.00%] @ "2322825000"
// RTL Simulation : 558 / 600 [100.00%] @ "2326995000"
// RTL Simulation : 559 / 600 [100.00%] @ "2331165000"
// RTL Simulation : 560 / 600 [100.00%] @ "2335335000"
// RTL Simulation : 561 / 600 [100.00%] @ "2339505000"
// RTL Simulation : 562 / 600 [100.00%] @ "2343675000"
// RTL Simulation : 563 / 600 [100.00%] @ "2347845000"
// RTL Simulation : 564 / 600 [100.00%] @ "2352015000"
// RTL Simulation : 565 / 600 [100.00%] @ "2356185000"
// RTL Simulation : 566 / 600 [100.00%] @ "2360355000"
// RTL Simulation : 567 / 600 [100.00%] @ "2364525000"
// RTL Simulation : 568 / 600 [100.00%] @ "2368695000"
// RTL Simulation : 569 / 600 [100.00%] @ "2372865000"
// RTL Simulation : 570 / 600 [100.00%] @ "2377035000"
// RTL Simulation : 571 / 600 [100.00%] @ "2381205000"
// RTL Simulation : 572 / 600 [100.00%] @ "2385375000"
// RTL Simulation : 573 / 600 [100.00%] @ "2389545000"
// RTL Simulation : 574 / 600 [100.00%] @ "2393715000"
// RTL Simulation : 575 / 600 [100.00%] @ "2397885000"
// RTL Simulation : 576 / 600 [100.00%] @ "2402055000"
// RTL Simulation : 577 / 600 [100.00%] @ "2406225000"
// RTL Simulation : 578 / 600 [100.00%] @ "2410395000"
// RTL Simulation : 579 / 600 [100.00%] @ "2414565000"
// RTL Simulation : 580 / 600 [100.00%] @ "2418735000"
// RTL Simulation : 581 / 600 [100.00%] @ "2422905000"
// RTL Simulation : 582 / 600 [100.00%] @ "2427075000"
// RTL Simulation : 583 / 600 [100.00%] @ "2431245000"
// RTL Simulation : 584 / 600 [100.00%] @ "2435415000"
// RTL Simulation : 585 / 600 [100.00%] @ "2439585000"
// RTL Simulation : 586 / 600 [100.00%] @ "2443755000"
// RTL Simulation : 587 / 600 [100.00%] @ "2447925000"
// RTL Simulation : 588 / 600 [100.00%] @ "2452095000"
// RTL Simulation : 589 / 600 [100.00%] @ "2456265000"
// RTL Simulation : 590 / 600 [100.00%] @ "2460435000"
// RTL Simulation : 591 / 600 [100.00%] @ "2464605000"
// RTL Simulation : 592 / 600 [100.00%] @ "2468775000"
// RTL Simulation : 593 / 600 [100.00%] @ "2472945000"
// RTL Simulation : 594 / 600 [100.00%] @ "2477115000"
// RTL Simulation : 595 / 600 [100.00%] @ "2481285000"
// RTL Simulation : 596 / 600 [100.00%] @ "2485455000"
// RTL Simulation : 597 / 600 [100.00%] @ "2489625000"
// RTL Simulation : 598 / 600 [100.00%] @ "2493795000"
// RTL Simulation : 599 / 600 [100.00%] @ "2497965000"
// RTL Simulation : 600 / 600 [100.00%] @ "2502135000"
////////////////////////////////////////////////////////////////////////////////////
$finish called at time : 2502175 ns : File "C:/9m/HLS/labb/project1/fir128/baseline/loop_unrolling_MAC4/sim/verilog/fir.autotb.v" Line 281
## quit
INFO: [Common 17-206] Exiting xsim at Thu Oct 20 22:25:23 2022...
