#-----------------------------------------------------------
# xsim v2020.1 (64-bit)
# SW Build 2902540 on Wed May 27 19:54:49 MDT 2020
# IP Build 2902112 on Wed May 27 22:43:36 MDT 2020
# Start of session at: Thu Oct 20 20:41:53 2022
# Process ID: 10644
# Current directory: C:/9m/HLS/labb/project1/fir128/baseline/solution2/sim/verilog
# Command line: xsim.exe -mode tcl -source {xsim.dir/fir/xsim_script.tcl}
# Log file: C:/9m/HLS/labb/project1/fir128/baseline/solution2/sim/verilog/xsim.log
# Journal file: C:/9m/HLS/labb/project1/fir128/baseline/solution2/sim/verilog\xsim.jou
#-----------------------------------------------------------
source xsim.dir/fir/xsim_script.tcl
# xsim {fir} -autoloadwcfg -tclbatch {fir.tcl}
Vivado Simulator 2020.1
Time resolution is 1 ps
source fir.tcl
## log_wave -r /
WARNING: [Simtcl 6-197] One or more HDL objects could not be logged because of object type or size limitations.  To see details please rerun the command with -verbose (-v).
## set designtopgroup [add_wave_group "Design Top Signals"]
## set coutputgroup [add_wave_group "C Outputs" -into $designtopgroup]
## set y_group [add_wave_group y(wire) -into $coutputgroup]
## add_wave /apatb_fir_top/AESL_inst_fir/y_ap_vld -into $y_group -color #ffff00 -radix hex
## add_wave /apatb_fir_top/AESL_inst_fir/y -into $y_group -radix hex
## set cinputgroup [add_wave_group "C Inputs" -into $designtopgroup]
## set x_group [add_wave_group x(wire) -into $cinputgroup]
## add_wave /apatb_fir_top/AESL_inst_fir/x -into $x_group -radix hex
## set blocksiggroup [add_wave_group "Block-level IO Handshake" -into $designtopgroup]
## add_wave /apatb_fir_top/AESL_inst_fir/ap_start -into $blocksiggroup
## add_wave /apatb_fir_top/AESL_inst_fir/ap_done -into $blocksiggroup
## add_wave /apatb_fir_top/AESL_inst_fir/ap_idle -into $blocksiggroup
## add_wave /apatb_fir_top/AESL_inst_fir/ap_ready -into $blocksiggroup
## set resetgroup [add_wave_group "Reset" -into $designtopgroup]
## add_wave /apatb_fir_top/AESL_inst_fir/ap_rst -into $resetgroup
## set clockgroup [add_wave_group "Clock" -into $designtopgroup]
## add_wave /apatb_fir_top/AESL_inst_fir/ap_clk -into $clockgroup
## set testbenchgroup [add_wave_group "Test Bench Signals"]
## set tbinternalsiggroup [add_wave_group "Internal Signals" -into $testbenchgroup]
## set tb_simstatus_group [add_wave_group "Simulation Status" -into $tbinternalsiggroup]
## set tb_portdepth_group [add_wave_group "Port Depth" -into $tbinternalsiggroup]
## add_wave /apatb_fir_top/AUTOTB_TRANSACTION_NUM -into $tb_simstatus_group -radix hex
## add_wave /apatb_fir_top/ready_cnt -into $tb_simstatus_group -radix hex
## add_wave /apatb_fir_top/done_cnt -into $tb_simstatus_group -radix hex
## add_wave /apatb_fir_top/LENGTH_y -into $tb_portdepth_group -radix hex
## add_wave /apatb_fir_top/LENGTH_x -into $tb_portdepth_group -radix hex
## set tbcoutputgroup [add_wave_group "C Outputs" -into $testbenchgroup]
## set tb_y_group [add_wave_group y(wire) -into $tbcoutputgroup]
## add_wave /apatb_fir_top/y_ap_vld -into $tb_y_group -color #ffff00 -radix hex
## add_wave /apatb_fir_top/y -into $tb_y_group -radix hex
## set tbcinputgroup [add_wave_group "C Inputs" -into $testbenchgroup]
## set tb_x_group [add_wave_group x(wire) -into $tbcinputgroup]
## add_wave /apatb_fir_top/x -into $tb_x_group -radix hex
## save_wave_config fir.wcfg
## run all
////////////////////////////////////////////////////////////////////////////////////
// Inter-Transaction Progress: Completed Transaction / Total Transaction
// Intra-Transaction Progress: Measured Latency / Latency Estimation * 100%
//
// RTL Simulation : "Inter-Transaction Progress" ["Intra-Transaction Progress"] @ "Simulation Time"
////////////////////////////////////////////////////////////////////////////////////
// RTL Simulation : 0 / 600 [0.00%] @ "125000"
// RTL Simulation : 1 / 600 [100.00%] @ "5235000"
// RTL Simulation : 2 / 600 [100.00%] @ "10335000"
// RTL Simulation : 3 / 600 [100.00%] @ "15435000"
// RTL Simulation : 4 / 600 [100.00%] @ "20535000"
// RTL Simulation : 5 / 600 [100.00%] @ "25635000"
// RTL Simulation : 6 / 600 [100.00%] @ "30735000"
// RTL Simulation : 7 / 600 [100.00%] @ "35835000"
// RTL Simulation : 8 / 600 [100.00%] @ "40935000"
// RTL Simulation : 9 / 600 [100.00%] @ "46035000"
// RTL Simulation : 10 / 600 [100.00%] @ "51135000"
// RTL Simulation : 11 / 600 [100.00%] @ "56235000"
// RTL Simulation : 12 / 600 [100.00%] @ "61335000"
// RTL Simulation : 13 / 600 [100.00%] @ "66435000"
// RTL Simulation : 14 / 600 [100.00%] @ "71535000"
// RTL Simulation : 15 / 600 [100.00%] @ "76635000"
// RTL Simulation : 16 / 600 [100.00%] @ "81735000"
// RTL Simulation : 17 / 600 [100.00%] @ "86835000"
// RTL Simulation : 18 / 600 [100.00%] @ "91935000"
// RTL Simulation : 19 / 600 [100.00%] @ "97035000"
// RTL Simulation : 20 / 600 [100.00%] @ "102135000"
// RTL Simulation : 21 / 600 [100.00%] @ "107235000"
// RTL Simulation : 22 / 600 [100.00%] @ "112335000"
// RTL Simulation : 23 / 600 [100.00%] @ "117435000"
// RTL Simulation : 24 / 600 [100.00%] @ "122535000"
// RTL Simulation : 25 / 600 [100.00%] @ "127635000"
// RTL Simulation : 26 / 600 [100.00%] @ "132735000"
// RTL Simulation : 27 / 600 [100.00%] @ "137835000"
// RTL Simulation : 28 / 600 [100.00%] @ "142935000"
// RTL Simulation : 29 / 600 [100.00%] @ "148035000"
// RTL Simulation : 30 / 600 [100.00%] @ "153135000"
// RTL Simulation : 31 / 600 [100.00%] @ "158235000"
// RTL Simulation : 32 / 600 [100.00%] @ "163335000"
// RTL Simulation : 33 / 600 [100.00%] @ "168435000"
// RTL Simulation : 34 / 600 [100.00%] @ "173535000"
// RTL Simulation : 35 / 600 [100.00%] @ "178635000"
// RTL Simulation : 36 / 600 [100.00%] @ "183735000"
// RTL Simulation : 37 / 600 [100.00%] @ "188835000"
// RTL Simulation : 38 / 600 [100.00%] @ "193935000"
// RTL Simulation : 39 / 600 [100.00%] @ "199035000"
// RTL Simulation : 40 / 600 [100.00%] @ "204135000"
// RTL Simulation : 41 / 600 [100.00%] @ "209235000"
// RTL Simulation : 42 / 600 [100.00%] @ "214335000"
// RTL Simulation : 43 / 600 [100.00%] @ "219435000"
// RTL Simulation : 44 / 600 [100.00%] @ "224535000"
// RTL Simulation : 45 / 600 [100.00%] @ "229635000"
// RTL Simulation : 46 / 600 [100.00%] @ "234735000"
// RTL Simulation : 47 / 600 [100.00%] @ "239835000"
// RTL Simulation : 48 / 600 [100.00%] @ "244935000"
// RTL Simulation : 49 / 600 [100.00%] @ "250035000"
// RTL Simulation : 50 / 600 [100.00%] @ "255135000"
// RTL Simulation : 51 / 600 [100.00%] @ "260235000"
// RTL Simulation : 52 / 600 [100.00%] @ "265335000"
// RTL Simulation : 53 / 600 [100.00%] @ "270435000"
// RTL Simulation : 54 / 600 [100.00%] @ "275535000"
// RTL Simulation : 55 / 600 [100.00%] @ "280635000"
// RTL Simulation : 56 / 600 [100.00%] @ "285735000"
// RTL Simulation : 57 / 600 [100.00%] @ "290835000"
// RTL Simulation : 58 / 600 [100.00%] @ "295935000"
// RTL Simulation : 59 / 600 [100.00%] @ "301035000"
// RTL Simulation : 60 / 600 [100.00%] @ "306135000"
// RTL Simulation : 61 / 600 [100.00%] @ "311235000"
// RTL Simulation : 62 / 600 [100.00%] @ "316335000"
// RTL Simulation : 63 / 600 [100.00%] @ "321435000"
// RTL Simulation : 64 / 600 [100.00%] @ "326535000"
// RTL Simulation : 65 / 600 [100.00%] @ "331635000"
// RTL Simulation : 66 / 600 [100.00%] @ "336735000"
// RTL Simulation : 67 / 600 [100.00%] @ "341835000"
// RTL Simulation : 68 / 600 [100.00%] @ "346935000"
// RTL Simulation : 69 / 600 [100.00%] @ "352035000"
// RTL Simulation : 70 / 600 [100.00%] @ "357135000"
// RTL Simulation : 71 / 600 [100.00%] @ "362235000"
// RTL Simulation : 72 / 600 [100.00%] @ "367335000"
// RTL Simulation : 73 / 600 [100.00%] @ "372435000"
// RTL Simulation : 74 / 600 [100.00%] @ "377535000"
// RTL Simulation : 75 / 600 [100.00%] @ "382635000"
// RTL Simulation : 76 / 600 [100.00%] @ "387735000"
// RTL Simulation : 77 / 600 [100.00%] @ "392835000"
// RTL Simulation : 78 / 600 [100.00%] @ "397935000"
// RTL Simulation : 79 / 600 [100.00%] @ "403035000"
// RTL Simulation : 80 / 600 [100.00%] @ "408135000"
// RTL Simulation : 81 / 600 [100.00%] @ "413235000"
// RTL Simulation : 82 / 600 [100.00%] @ "418335000"
// RTL Simulation : 83 / 600 [100.00%] @ "423435000"
// RTL Simulation : 84 / 600 [100.00%] @ "428535000"
// RTL Simulation : 85 / 600 [100.00%] @ "433635000"
// RTL Simulation : 86 / 600 [100.00%] @ "438735000"
// RTL Simulation : 87 / 600 [100.00%] @ "443835000"
// RTL Simulation : 88 / 600 [100.00%] @ "448935000"
// RTL Simulation : 89 / 600 [100.00%] @ "454035000"
// RTL Simulation : 90 / 600 [100.00%] @ "459135000"
// RTL Simulation : 91 / 600 [100.00%] @ "464235000"
// RTL Simulation : 92 / 600 [100.00%] @ "469335000"
// RTL Simulation : 93 / 600 [100.00%] @ "474435000"
// RTL Simulation : 94 / 600 [100.00%] @ "479535000"
// RTL Simulation : 95 / 600 [100.00%] @ "484635000"
// RTL Simulation : 96 / 600 [100.00%] @ "489735000"
// RTL Simulation : 97 / 600 [100.00%] @ "494835000"
// RTL Simulation : 98 / 600 [100.00%] @ "499935000"
// RTL Simulation : 99 / 600 [100.00%] @ "505035000"
// RTL Simulation : 100 / 600 [100.00%] @ "510135000"
// RTL Simulation : 101 / 600 [100.00%] @ "515235000"
// RTL Simulation : 102 / 600 [100.00%] @ "520335000"
// RTL Simulation : 103 / 600 [100.00%] @ "525435000"
// RTL Simulation : 104 / 600 [100.00%] @ "530535000"
// RTL Simulation : 105 / 600 [100.00%] @ "535635000"
// RTL Simulation : 106 / 600 [100.00%] @ "540735000"
// RTL Simulation : 107 / 600 [100.00%] @ "545835000"
// RTL Simulation : 108 / 600 [100.00%] @ "550935000"
// RTL Simulation : 109 / 600 [100.00%] @ "556035000"
// RTL Simulation : 110 / 600 [100.00%] @ "561135000"
// RTL Simulation : 111 / 600 [100.00%] @ "566235000"
// RTL Simulation : 112 / 600 [100.00%] @ "571335000"
// RTL Simulation : 113 / 600 [100.00%] @ "576435000"
// RTL Simulation : 114 / 600 [100.00%] @ "581535000"
// RTL Simulation : 115 / 600 [100.00%] @ "586635000"
// RTL Simulation : 116 / 600 [100.00%] @ "591735000"
// RTL Simulation : 117 / 600 [100.00%] @ "596835000"
// RTL Simulation : 118 / 600 [100.00%] @ "601935000"
// RTL Simulation : 119 / 600 [100.00%] @ "607035000"
// RTL Simulation : 120 / 600 [100.00%] @ "612135000"
// RTL Simulation : 121 / 600 [100.00%] @ "617235000"
// RTL Simulation : 122 / 600 [100.00%] @ "622335000"
// RTL Simulation : 123 / 600 [100.00%] @ "627435000"
// RTL Simulation : 124 / 600 [100.00%] @ "632535000"
// RTL Simulation : 125 / 600 [100.00%] @ "637635000"
// RTL Simulation : 126 / 600 [100.00%] @ "642735000"
// RTL Simulation : 127 / 600 [100.00%] @ "647835000"
// RTL Simulation : 128 / 600 [100.00%] @ "652935000"
// RTL Simulation : 129 / 600 [100.00%] @ "658035000"
// RTL Simulation : 130 / 600 [100.00%] @ "663135000"
// RTL Simulation : 131 / 600 [100.00%] @ "668235000"
// RTL Simulation : 132 / 600 [100.00%] @ "673335000"
// RTL Simulation : 133 / 600 [100.00%] @ "678435000"
// RTL Simulation : 134 / 600 [100.00%] @ "683535000"
// RTL Simulation : 135 / 600 [100.00%] @ "688635000"
// RTL Simulation : 136 / 600 [100.00%] @ "693735000"
// RTL Simulation : 137 / 600 [100.00%] @ "698835000"
// RTL Simulation : 138 / 600 [100.00%] @ "703935000"
// RTL Simulation : 139 / 600 [100.00%] @ "709035000"
// RTL Simulation : 140 / 600 [100.00%] @ "714135000"
// RTL Simulation : 141 / 600 [100.00%] @ "719235000"
// RTL Simulation : 142 / 600 [100.00%] @ "724335000"
// RTL Simulation : 143 / 600 [100.00%] @ "729435000"
// RTL Simulation : 144 / 600 [100.00%] @ "734535000"
// RTL Simulation : 145 / 600 [100.00%] @ "739635000"
// RTL Simulation : 146 / 600 [100.00%] @ "744735000"
// RTL Simulation : 147 / 600 [100.00%] @ "749835000"
// RTL Simulation : 148 / 600 [100.00%] @ "754935000"
// RTL Simulation : 149 / 600 [100.00%] @ "760035000"
// RTL Simulation : 150 / 600 [100.00%] @ "765135000"
// RTL Simulation : 151 / 600 [100.00%] @ "770235000"
// RTL Simulation : 152 / 600 [100.00%] @ "775335000"
// RTL Simulation : 153 / 600 [100.00%] @ "780435000"
// RTL Simulation : 154 / 600 [100.00%] @ "785535000"
// RTL Simulation : 155 / 600 [100.00%] @ "790635000"
// RTL Simulation : 156 / 600 [100.00%] @ "795735000"
// RTL Simulation : 157 / 600 [100.00%] @ "800835000"
// RTL Simulation : 158 / 600 [100.00%] @ "805935000"
// RTL Simulation : 159 / 600 [100.00%] @ "811035000"
// RTL Simulation : 160 / 600 [100.00%] @ "816135000"
// RTL Simulation : 161 / 600 [100.00%] @ "821235000"
// RTL Simulation : 162 / 600 [100.00%] @ "826335000"
// RTL Simulation : 163 / 600 [100.00%] @ "831435000"
// RTL Simulation : 164 / 600 [100.00%] @ "836535000"
// RTL Simulation : 165 / 600 [100.00%] @ "841635000"
// RTL Simulation : 166 / 600 [100.00%] @ "846735000"
// RTL Simulation : 167 / 600 [100.00%] @ "851835000"
// RTL Simulation : 168 / 600 [100.00%] @ "856935000"
// RTL Simulation : 169 / 600 [100.00%] @ "862035000"
// RTL Simulation : 170 / 600 [100.00%] @ "867135000"
// RTL Simulation : 171 / 600 [100.00%] @ "872235000"
// RTL Simulation : 172 / 600 [100.00%] @ "877335000"
// RTL Simulation : 173 / 600 [100.00%] @ "882435000"
// RTL Simulation : 174 / 600 [100.00%] @ "887535000"
// RTL Simulation : 175 / 600 [100.00%] @ "892635000"
// RTL Simulation : 176 / 600 [100.00%] @ "897735000"
// RTL Simulation : 177 / 600 [100.00%] @ "902835000"
// RTL Simulation : 178 / 600 [100.00%] @ "907935000"
// RTL Simulation : 179 / 600 [100.00%] @ "913035000"
// RTL Simulation : 180 / 600 [100.00%] @ "918135000"
// RTL Simulation : 181 / 600 [100.00%] @ "923235000"
// RTL Simulation : 182 / 600 [100.00%] @ "928335000"
// RTL Simulation : 183 / 600 [100.00%] @ "933435000"
// RTL Simulation : 184 / 600 [100.00%] @ "938535000"
// RTL Simulation : 185 / 600 [100.00%] @ "943635000"
// RTL Simulation : 186 / 600 [100.00%] @ "948735000"
// RTL Simulation : 187 / 600 [100.00%] @ "953835000"
// RTL Simulation : 188 / 600 [100.00%] @ "958935000"
// RTL Simulation : 189 / 600 [100.00%] @ "964035000"
// RTL Simulation : 190 / 600 [100.00%] @ "969135000"
// RTL Simulation : 191 / 600 [100.00%] @ "974235000"
// RTL Simulation : 192 / 600 [100.00%] @ "979335000"
// RTL Simulation : 193 / 600 [100.00%] @ "984435000"
// RTL Simulation : 194 / 600 [100.00%] @ "989535000"
// RTL Simulation : 195 / 600 [100.00%] @ "994635000"
// RTL Simulation : 196 / 600 [100.00%] @ "999735000"
// RTL Simulation : 197 / 600 [100.00%] @ "1004835000"
// RTL Simulation : 198 / 600 [100.00%] @ "1009935000"
// RTL Simulation : 199 / 600 [100.00%] @ "1015035000"
// RTL Simulation : 200 / 600 [100.00%] @ "1020135000"
// RTL Simulation : 201 / 600 [100.00%] @ "1025235000"
// RTL Simulation : 202 / 600 [100.00%] @ "1030335000"
// RTL Simulation : 203 / 600 [100.00%] @ "1035435000"
// RTL Simulation : 204 / 600 [100.00%] @ "1040535000"
// RTL Simulation : 205 / 600 [100.00%] @ "1045635000"
// RTL Simulation : 206 / 600 [100.00%] @ "1050735000"
// RTL Simulation : 207 / 600 [100.00%] @ "1055835000"
// RTL Simulation : 208 / 600 [100.00%] @ "1060935000"
// RTL Simulation : 209 / 600 [100.00%] @ "1066035000"
// RTL Simulation : 210 / 600 [100.00%] @ "1071135000"
// RTL Simulation : 211 / 600 [100.00%] @ "1076235000"
// RTL Simulation : 212 / 600 [100.00%] @ "1081335000"
// RTL Simulation : 213 / 600 [100.00%] @ "1086435000"
// RTL Simulation : 214 / 600 [100.00%] @ "1091535000"
// RTL Simulation : 215 / 600 [100.00%] @ "1096635000"
// RTL Simulation : 216 / 600 [100.00%] @ "1101735000"
// RTL Simulation : 217 / 600 [100.00%] @ "1106835000"
// RTL Simulation : 218 / 600 [100.00%] @ "1111935000"
// RTL Simulation : 219 / 600 [100.00%] @ "1117035000"
// RTL Simulation : 220 / 600 [100.00%] @ "1122135000"
// RTL Simulation : 221 / 600 [100.00%] @ "1127235000"
// RTL Simulation : 222 / 600 [100.00%] @ "1132335000"
// RTL Simulation : 223 / 600 [100.00%] @ "1137435000"
// RTL Simulation : 224 / 600 [100.00%] @ "1142535000"
// RTL Simulation : 225 / 600 [100.00%] @ "1147635000"
// RTL Simulation : 226 / 600 [100.00%] @ "1152735000"
// RTL Simulation : 227 / 600 [100.00%] @ "1157835000"
// RTL Simulation : 228 / 600 [100.00%] @ "1162935000"
// RTL Simulation : 229 / 600 [100.00%] @ "1168035000"
// RTL Simulation : 230 / 600 [100.00%] @ "1173135000"
// RTL Simulation : 231 / 600 [100.00%] @ "1178235000"
// RTL Simulation : 232 / 600 [100.00%] @ "1183335000"
// RTL Simulation : 233 / 600 [100.00%] @ "1188435000"
// RTL Simulation : 234 / 600 [100.00%] @ "1193535000"
// RTL Simulation : 235 / 600 [100.00%] @ "1198635000"
// RTL Simulation : 236 / 600 [100.00%] @ "1203735000"
// RTL Simulation : 237 / 600 [100.00%] @ "1208835000"
// RTL Simulation : 238 / 600 [100.00%] @ "1213935000"
// RTL Simulation : 239 / 600 [100.00%] @ "1219035000"
// RTL Simulation : 240 / 600 [100.00%] @ "1224135000"
// RTL Simulation : 241 / 600 [100.00%] @ "1229235000"
// RTL Simulation : 242 / 600 [100.00%] @ "1234335000"
// RTL Simulation : 243 / 600 [100.00%] @ "1239435000"
// RTL Simulation : 244 / 600 [100.00%] @ "1244535000"
// RTL Simulation : 245 / 600 [100.00%] @ "1249635000"
// RTL Simulation : 246 / 600 [100.00%] @ "1254735000"
// RTL Simulation : 247 / 600 [100.00%] @ "1259835000"
// RTL Simulation : 248 / 600 [100.00%] @ "1264935000"
// RTL Simulation : 249 / 600 [100.00%] @ "1270035000"
// RTL Simulation : 250 / 600 [100.00%] @ "1275135000"
// RTL Simulation : 251 / 600 [100.00%] @ "1280235000"
// RTL Simulation : 252 / 600 [100.00%] @ "1285335000"
// RTL Simulation : 253 / 600 [100.00%] @ "1290435000"
// RTL Simulation : 254 / 600 [100.00%] @ "1295535000"
// RTL Simulation : 255 / 600 [100.00%] @ "1300635000"
// RTL Simulation : 256 / 600 [100.00%] @ "1305735000"
// RTL Simulation : 257 / 600 [100.00%] @ "1310835000"
// RTL Simulation : 258 / 600 [100.00%] @ "1315935000"
// RTL Simulation : 259 / 600 [100.00%] @ "1321035000"
// RTL Simulation : 260 / 600 [100.00%] @ "1326135000"
// RTL Simulation : 261 / 600 [100.00%] @ "1331235000"
// RTL Simulation : 262 / 600 [100.00%] @ "1336335000"
// RTL Simulation : 263 / 600 [100.00%] @ "1341435000"
// RTL Simulation : 264 / 600 [100.00%] @ "1346535000"
// RTL Simulation : 265 / 600 [100.00%] @ "1351635000"
// RTL Simulation : 266 / 600 [100.00%] @ "1356735000"
// RTL Simulation : 267 / 600 [100.00%] @ "1361835000"
// RTL Simulation : 268 / 600 [100.00%] @ "1366935000"
// RTL Simulation : 269 / 600 [100.00%] @ "1372035000"
// RTL Simulation : 270 / 600 [100.00%] @ "1377135000"
// RTL Simulation : 271 / 600 [100.00%] @ "1382235000"
// RTL Simulation : 272 / 600 [100.00%] @ "1387335000"
// RTL Simulation : 273 / 600 [100.00%] @ "1392435000"
// RTL Simulation : 274 / 600 [100.00%] @ "1397535000"
// RTL Simulation : 275 / 600 [100.00%] @ "1402635000"
// RTL Simulation : 276 / 600 [100.00%] @ "1407735000"
// RTL Simulation : 277 / 600 [100.00%] @ "1412835000"
// RTL Simulation : 278 / 600 [100.00%] @ "1417935000"
// RTL Simulation : 279 / 600 [100.00%] @ "1423035000"
// RTL Simulation : 280 / 600 [100.00%] @ "1428135000"
// RTL Simulation : 281 / 600 [100.00%] @ "1433235000"
// RTL Simulation : 282 / 600 [100.00%] @ "1438335000"
// RTL Simulation : 283 / 600 [100.00%] @ "1443435000"
// RTL Simulation : 284 / 600 [100.00%] @ "1448535000"
// RTL Simulation : 285 / 600 [100.00%] @ "1453635000"
// RTL Simulation : 286 / 600 [100.00%] @ "1458735000"
// RTL Simulation : 287 / 600 [100.00%] @ "1463835000"
// RTL Simulation : 288 / 600 [100.00%] @ "1468935000"
// RTL Simulation : 289 / 600 [100.00%] @ "1474035000"
// RTL Simulation : 290 / 600 [100.00%] @ "1479135000"
// RTL Simulation : 291 / 600 [100.00%] @ "1484235000"
// RTL Simulation : 292 / 600 [100.00%] @ "1489335000"
// RTL Simulation : 293 / 600 [100.00%] @ "1494435000"
// RTL Simulation : 294 / 600 [100.00%] @ "1499535000"
// RTL Simulation : 295 / 600 [100.00%] @ "1504635000"
// RTL Simulation : 296 / 600 [100.00%] @ "1509735000"
// RTL Simulation : 297 / 600 [100.00%] @ "1514835000"
// RTL Simulation : 298 / 600 [100.00%] @ "1519935000"
// RTL Simulation : 299 / 600 [100.00%] @ "1525035000"
// RTL Simulation : 300 / 600 [100.00%] @ "1530135000"
// RTL Simulation : 301 / 600 [100.00%] @ "1535235000"
// RTL Simulation : 302 / 600 [100.00%] @ "1540335000"
// RTL Simulation : 303 / 600 [100.00%] @ "1545435000"
// RTL Simulation : 304 / 600 [100.00%] @ "1550535000"
// RTL Simulation : 305 / 600 [100.00%] @ "1555635000"
// RTL Simulation : 306 / 600 [100.00%] @ "1560735000"
// RTL Simulation : 307 / 600 [100.00%] @ "1565835000"
// RTL Simulation : 308 / 600 [100.00%] @ "1570935000"
// RTL Simulation : 309 / 600 [100.00%] @ "1576035000"
// RTL Simulation : 310 / 600 [100.00%] @ "1581135000"
// RTL Simulation : 311 / 600 [100.00%] @ "1586235000"
// RTL Simulation : 312 / 600 [100.00%] @ "1591335000"
// RTL Simulation : 313 / 600 [100.00%] @ "1596435000"
// RTL Simulation : 314 / 600 [100.00%] @ "1601535000"
// RTL Simulation : 315 / 600 [100.00%] @ "1606635000"
// RTL Simulation : 316 / 600 [100.00%] @ "1611735000"
// RTL Simulation : 317 / 600 [100.00%] @ "1616835000"
// RTL Simulation : 318 / 600 [100.00%] @ "1621935000"
// RTL Simulation : 319 / 600 [100.00%] @ "1627035000"
// RTL Simulation : 320 / 600 [100.00%] @ "1632135000"
// RTL Simulation : 321 / 600 [100.00%] @ "1637235000"
// RTL Simulation : 322 / 600 [100.00%] @ "1642335000"
// RTL Simulation : 323 / 600 [100.00%] @ "1647435000"
// RTL Simulation : 324 / 600 [100.00%] @ "1652535000"
// RTL Simulation : 325 / 600 [100.00%] @ "1657635000"
// RTL Simulation : 326 / 600 [100.00%] @ "1662735000"
// RTL Simulation : 327 / 600 [100.00%] @ "1667835000"
// RTL Simulation : 328 / 600 [100.00%] @ "1672935000"
// RTL Simulation : 329 / 600 [100.00%] @ "1678035000"
// RTL Simulation : 330 / 600 [100.00%] @ "1683135000"
// RTL Simulation : 331 / 600 [100.00%] @ "1688235000"
// RTL Simulation : 332 / 600 [100.00%] @ "1693335000"
// RTL Simulation : 333 / 600 [100.00%] @ "1698435000"
// RTL Simulation : 334 / 600 [100.00%] @ "1703535000"
// RTL Simulation : 335 / 600 [100.00%] @ "1708635000"
// RTL Simulation : 336 / 600 [100.00%] @ "1713735000"
// RTL Simulation : 337 / 600 [100.00%] @ "1718835000"
// RTL Simulation : 338 / 600 [100.00%] @ "1723935000"
// RTL Simulation : 339 / 600 [100.00%] @ "1729035000"
// RTL Simulation : 340 / 600 [100.00%] @ "1734135000"
// RTL Simulation : 341 / 600 [100.00%] @ "1739235000"
// RTL Simulation : 342 / 600 [100.00%] @ "1744335000"
// RTL Simulation : 343 / 600 [100.00%] @ "1749435000"
// RTL Simulation : 344 / 600 [100.00%] @ "1754535000"
// RTL Simulation : 345 / 600 [100.00%] @ "1759635000"
// RTL Simulation : 346 / 600 [100.00%] @ "1764735000"
// RTL Simulation : 347 / 600 [100.00%] @ "1769835000"
// RTL Simulation : 348 / 600 [100.00%] @ "1774935000"
// RTL Simulation : 349 / 600 [100.00%] @ "1780035000"
// RTL Simulation : 350 / 600 [100.00%] @ "1785135000"
// RTL Simulation : 351 / 600 [100.00%] @ "1790235000"
// RTL Simulation : 352 / 600 [100.00%] @ "1795335000"
// RTL Simulation : 353 / 600 [100.00%] @ "1800435000"
// RTL Simulation : 354 / 600 [100.00%] @ "1805535000"
// RTL Simulation : 355 / 600 [100.00%] @ "1810635000"
// RTL Simulation : 356 / 600 [100.00%] @ "1815735000"
// RTL Simulation : 357 / 600 [100.00%] @ "1820835000"
// RTL Simulation : 358 / 600 [100.00%] @ "1825935000"
// RTL Simulation : 359 / 600 [100.00%] @ "1831035000"
// RTL Simulation : 360 / 600 [100.00%] @ "1836135000"
// RTL Simulation : 361 / 600 [100.00%] @ "1841235000"
// RTL Simulation : 362 / 600 [100.00%] @ "1846335000"
// RTL Simulation : 363 / 600 [100.00%] @ "1851435000"
// RTL Simulation : 364 / 600 [100.00%] @ "1856535000"
// RTL Simulation : 365 / 600 [100.00%] @ "1861635000"
// RTL Simulation : 366 / 600 [100.00%] @ "1866735000"
// RTL Simulation : 367 / 600 [100.00%] @ "1871835000"
// RTL Simulation : 368 / 600 [100.00%] @ "1876935000"
// RTL Simulation : 369 / 600 [100.00%] @ "1882035000"
// RTL Simulation : 370 / 600 [100.00%] @ "1887135000"
// RTL Simulation : 371 / 600 [100.00%] @ "1892235000"
// RTL Simulation : 372 / 600 [100.00%] @ "1897335000"
// RTL Simulation : 373 / 600 [100.00%] @ "1902435000"
// RTL Simulation : 374 / 600 [100.00%] @ "1907535000"
// RTL Simulation : 375 / 600 [100.00%] @ "1912635000"
// RTL Simulation : 376 / 600 [100.00%] @ "1917735000"
// RTL Simulation : 377 / 600 [100.00%] @ "1922835000"
// RTL Simulation : 378 / 600 [100.00%] @ "1927935000"
// RTL Simulation : 379 / 600 [100.00%] @ "1933035000"
// RTL Simulation : 380 / 600 [100.00%] @ "1938135000"
// RTL Simulation : 381 / 600 [100.00%] @ "1943235000"
// RTL Simulation : 382 / 600 [100.00%] @ "1948335000"
// RTL Simulation : 383 / 600 [100.00%] @ "1953435000"
// RTL Simulation : 384 / 600 [100.00%] @ "1958535000"
// RTL Simulation : 385 / 600 [100.00%] @ "1963635000"
// RTL Simulation : 386 / 600 [100.00%] @ "1968735000"
// RTL Simulation : 387 / 600 [100.00%] @ "1973835000"
// RTL Simulation : 388 / 600 [100.00%] @ "1978935000"
// RTL Simulation : 389 / 600 [100.00%] @ "1984035000"
// RTL Simulation : 390 / 600 [100.00%] @ "1989135000"
// RTL Simulation : 391 / 600 [100.00%] @ "1994235000"
// RTL Simulation : 392 / 600 [100.00%] @ "1999335000"
// RTL Simulation : 393 / 600 [100.00%] @ "2004435000"
// RTL Simulation : 394 / 600 [100.00%] @ "2009535000"
// RTL Simulation : 395 / 600 [100.00%] @ "2014635000"
// RTL Simulation : 396 / 600 [100.00%] @ "2019735000"
// RTL Simulation : 397 / 600 [100.00%] @ "2024835000"
// RTL Simulation : 398 / 600 [100.00%] @ "2029935000"
// RTL Simulation : 399 / 600 [100.00%] @ "2035035000"
// RTL Simulation : 400 / 600 [100.00%] @ "2040135000"
// RTL Simulation : 401 / 600 [100.00%] @ "2045235000"
// RTL Simulation : 402 / 600 [100.00%] @ "2050335000"
// RTL Simulation : 403 / 600 [100.00%] @ "2055435000"
// RTL Simulation : 404 / 600 [100.00%] @ "2060535000"
// RTL Simulation : 405 / 600 [100.00%] @ "2065635000"
// RTL Simulation : 406 / 600 [100.00%] @ "2070735000"
// RTL Simulation : 407 / 600 [100.00%] @ "2075835000"
// RTL Simulation : 408 / 600 [100.00%] @ "2080935000"
// RTL Simulation : 409 / 600 [100.00%] @ "2086035000"
// RTL Simulation : 410 / 600 [100.00%] @ "2091135000"
// RTL Simulation : 411 / 600 [100.00%] @ "2096235000"
// RTL Simulation : 412 / 600 [100.00%] @ "2101335000"
// RTL Simulation : 413 / 600 [100.00%] @ "2106435000"
// RTL Simulation : 414 / 600 [100.00%] @ "2111535000"
// RTL Simulation : 415 / 600 [100.00%] @ "2116635000"
// RTL Simulation : 416 / 600 [100.00%] @ "2121735000"
// RTL Simulation : 417 / 600 [100.00%] @ "2126835000"
// RTL Simulation : 418 / 600 [100.00%] @ "2131935000"
// RTL Simulation : 419 / 600 [100.00%] @ "2137035000"
// RTL Simulation : 420 / 600 [100.00%] @ "2142135000"
// RTL Simulation : 421 / 600 [100.00%] @ "2147235000"
// RTL Simulation : 422 / 600 [100.00%] @ "2152335000"
// RTL Simulation : 423 / 600 [100.00%] @ "2157435000"
// RTL Simulation : 424 / 600 [100.00%] @ "2162535000"
// RTL Simulation : 425 / 600 [100.00%] @ "2167635000"
// RTL Simulation : 426 / 600 [100.00%] @ "2172735000"
// RTL Simulation : 427 / 600 [100.00%] @ "2177835000"
// RTL Simulation : 428 / 600 [100.00%] @ "2182935000"
// RTL Simulation : 429 / 600 [100.00%] @ "2188035000"
// RTL Simulation : 430 / 600 [100.00%] @ "2193135000"
// RTL Simulation : 431 / 600 [100.00%] @ "2198235000"
// RTL Simulation : 432 / 600 [100.00%] @ "2203335000"
// RTL Simulation : 433 / 600 [100.00%] @ "2208435000"
// RTL Simulation : 434 / 600 [100.00%] @ "2213535000"
// RTL Simulation : 435 / 600 [100.00%] @ "2218635000"
// RTL Simulation : 436 / 600 [100.00%] @ "2223735000"
// RTL Simulation : 437 / 600 [100.00%] @ "2228835000"
// RTL Simulation : 438 / 600 [100.00%] @ "2233935000"
// RTL Simulation : 439 / 600 [100.00%] @ "2239035000"
// RTL Simulation : 440 / 600 [100.00%] @ "2244135000"
// RTL Simulation : 441 / 600 [100.00%] @ "2249235000"
// RTL Simulation : 442 / 600 [100.00%] @ "2254335000"
// RTL Simulation : 443 / 600 [100.00%] @ "2259435000"
// RTL Simulation : 444 / 600 [100.00%] @ "2264535000"
// RTL Simulation : 445 / 600 [100.00%] @ "2269635000"
// RTL Simulation : 446 / 600 [100.00%] @ "2274735000"
// RTL Simulation : 447 / 600 [100.00%] @ "2279835000"
// RTL Simulation : 448 / 600 [100.00%] @ "2284935000"
// RTL Simulation : 449 / 600 [100.00%] @ "2290035000"
// RTL Simulation : 450 / 600 [100.00%] @ "2295135000"
// RTL Simulation : 451 / 600 [100.00%] @ "2300235000"
// RTL Simulation : 452 / 600 [100.00%] @ "2305335000"
// RTL Simulation : 453 / 600 [100.00%] @ "2310435000"
// RTL Simulation : 454 / 600 [100.00%] @ "2315535000"
// RTL Simulation : 455 / 600 [100.00%] @ "2320635000"
// RTL Simulation : 456 / 600 [100.00%] @ "2325735000"
// RTL Simulation : 457 / 600 [100.00%] @ "2330835000"
// RTL Simulation : 458 / 600 [100.00%] @ "2335935000"
// RTL Simulation : 459 / 600 [100.00%] @ "2341035000"
// RTL Simulation : 460 / 600 [100.00%] @ "2346135000"
// RTL Simulation : 461 / 600 [100.00%] @ "2351235000"
// RTL Simulation : 462 / 600 [100.00%] @ "2356335000"
// RTL Simulation : 463 / 600 [100.00%] @ "2361435000"
// RTL Simulation : 464 / 600 [100.00%] @ "2366535000"
// RTL Simulation : 465 / 600 [100.00%] @ "2371635000"
// RTL Simulation : 466 / 600 [100.00%] @ "2376735000"
// RTL Simulation : 467 / 600 [100.00%] @ "2381835000"
// RTL Simulation : 468 / 600 [100.00%] @ "2386935000"
// RTL Simulation : 469 / 600 [100.00%] @ "2392035000"
// RTL Simulation : 470 / 600 [100.00%] @ "2397135000"
// RTL Simulation : 471 / 600 [100.00%] @ "2402235000"
// RTL Simulation : 472 / 600 [100.00%] @ "2407335000"
// RTL Simulation : 473 / 600 [100.00%] @ "2412435000"
// RTL Simulation : 474 / 600 [100.00%] @ "2417535000"
// RTL Simulation : 475 / 600 [100.00%] @ "2422635000"
// RTL Simulation : 476 / 600 [100.00%] @ "2427735000"
// RTL Simulation : 477 / 600 [100.00%] @ "2432835000"
// RTL Simulation : 478 / 600 [100.00%] @ "2437935000"
// RTL Simulation : 479 / 600 [100.00%] @ "2443035000"
// RTL Simulation : 480 / 600 [100.00%] @ "2448135000"
// RTL Simulation : 481 / 600 [100.00%] @ "2453235000"
// RTL Simulation : 482 / 600 [100.00%] @ "2458335000"
// RTL Simulation : 483 / 600 [100.00%] @ "2463435000"
// RTL Simulation : 484 / 600 [100.00%] @ "2468535000"
// RTL Simulation : 485 / 600 [100.00%] @ "2473635000"
// RTL Simulation : 486 / 600 [100.00%] @ "2478735000"
// RTL Simulation : 487 / 600 [100.00%] @ "2483835000"
// RTL Simulation : 488 / 600 [100.00%] @ "2488935000"
// RTL Simulation : 489 / 600 [100.00%] @ "2494035000"
// RTL Simulation : 490 / 600 [100.00%] @ "2499135000"
// RTL Simulation : 491 / 600 [100.00%] @ "2504235000"
// RTL Simulation : 492 / 600 [100.00%] @ "2509335000"
// RTL Simulation : 493 / 600 [100.00%] @ "2514435000"
// RTL Simulation : 494 / 600 [100.00%] @ "2519535000"
// RTL Simulation : 495 / 600 [100.00%] @ "2524635000"
// RTL Simulation : 496 / 600 [100.00%] @ "2529735000"
// RTL Simulation : 497 / 600 [100.00%] @ "2534835000"
// RTL Simulation : 498 / 600 [100.00%] @ "2539935000"
// RTL Simulation : 499 / 600 [100.00%] @ "2545035000"
// RTL Simulation : 500 / 600 [100.00%] @ "2550135000"
// RTL Simulation : 501 / 600 [100.00%] @ "2555235000"
// RTL Simulation : 502 / 600 [100.00%] @ "2560335000"
// RTL Simulation : 503 / 600 [100.00%] @ "2565435000"
// RTL Simulation : 504 / 600 [100.00%] @ "2570535000"
// RTL Simulation : 505 / 600 [100.00%] @ "2575635000"
// RTL Simulation : 506 / 600 [100.00%] @ "2580735000"
// RTL Simulation : 507 / 600 [100.00%] @ "2585835000"
// RTL Simulation : 508 / 600 [100.00%] @ "2590935000"
// RTL Simulation : 509 / 600 [100.00%] @ "2596035000"
// RTL Simulation : 510 / 600 [100.00%] @ "2601135000"
// RTL Simulation : 511 / 600 [100.00%] @ "2606235000"
// RTL Simulation : 512 / 600 [100.00%] @ "2611335000"
// RTL Simulation : 513 / 600 [100.00%] @ "2616435000"
// RTL Simulation : 514 / 600 [100.00%] @ "2621535000"
// RTL Simulation : 515 / 600 [100.00%] @ "2626635000"
// RTL Simulation : 516 / 600 [100.00%] @ "2631735000"
// RTL Simulation : 517 / 600 [100.00%] @ "2636835000"
// RTL Simulation : 518 / 600 [100.00%] @ "2641935000"
// RTL Simulation : 519 / 600 [100.00%] @ "2647035000"
// RTL Simulation : 520 / 600 [100.00%] @ "2652135000"
// RTL Simulation : 521 / 600 [100.00%] @ "2657235000"
// RTL Simulation : 522 / 600 [100.00%] @ "2662335000"
// RTL Simulation : 523 / 600 [100.00%] @ "2667435000"
// RTL Simulation : 524 / 600 [100.00%] @ "2672535000"
// RTL Simulation : 525 / 600 [100.00%] @ "2677635000"
// RTL Simulation : 526 / 600 [100.00%] @ "2682735000"
// RTL Simulation : 527 / 600 [100.00%] @ "2687835000"
// RTL Simulation : 528 / 600 [100.00%] @ "2692935000"
// RTL Simulation : 529 / 600 [100.00%] @ "2698035000"
// RTL Simulation : 530 / 600 [100.00%] @ "2703135000"
// RTL Simulation : 531 / 600 [100.00%] @ "2708235000"
// RTL Simulation : 532 / 600 [100.00%] @ "2713335000"
// RTL Simulation : 533 / 600 [100.00%] @ "2718435000"
// RTL Simulation : 534 / 600 [100.00%] @ "2723535000"
// RTL Simulation : 535 / 600 [100.00%] @ "2728635000"
// RTL Simulation : 536 / 600 [100.00%] @ "2733735000"
// RTL Simulation : 537 / 600 [100.00%] @ "2738835000"
// RTL Simulation : 538 / 600 [100.00%] @ "2743935000"
// RTL Simulation : 539 / 600 [100.00%] @ "2749035000"
// RTL Simulation : 540 / 600 [100.00%] @ "2754135000"
// RTL Simulation : 541 / 600 [100.00%] @ "2759235000"
// RTL Simulation : 542 / 600 [100.00%] @ "2764335000"
// RTL Simulation : 543 / 600 [100.00%] @ "2769435000"
// RTL Simulation : 544 / 600 [100.00%] @ "2774535000"
// RTL Simulation : 545 / 600 [100.00%] @ "2779635000"
// RTL Simulation : 546 / 600 [100.00%] @ "2784735000"
// RTL Simulation : 547 / 600 [100.00%] @ "2789835000"
// RTL Simulation : 548 / 600 [100.00%] @ "2794935000"
// RTL Simulation : 549 / 600 [100.00%] @ "2800035000"
// RTL Simulation : 550 / 600 [100.00%] @ "2805135000"
// RTL Simulation : 551 / 600 [100.00%] @ "2810235000"
// RTL Simulation : 552 / 600 [100.00%] @ "2815335000"
// RTL Simulation : 553 / 600 [100.00%] @ "2820435000"
// RTL Simulation : 554 / 600 [100.00%] @ "2825535000"
// RTL Simulation : 555 / 600 [100.00%] @ "2830635000"
// RTL Simulation : 556 / 600 [100.00%] @ "2835735000"
// RTL Simulation : 557 / 600 [100.00%] @ "2840835000"
// RTL Simulation : 558 / 600 [100.00%] @ "2845935000"
// RTL Simulation : 559 / 600 [100.00%] @ "2851035000"
// RTL Simulation : 560 / 600 [100.00%] @ "2856135000"
// RTL Simulation : 561 / 600 [100.00%] @ "2861235000"
// RTL Simulation : 562 / 600 [100.00%] @ "2866335000"
// RTL Simulation : 563 / 600 [100.00%] @ "2871435000"
// RTL Simulation : 564 / 600 [100.00%] @ "2876535000"
// RTL Simulation : 565 / 600 [100.00%] @ "2881635000"
// RTL Simulation : 566 / 600 [100.00%] @ "2886735000"
// RTL Simulation : 567 / 600 [100.00%] @ "2891835000"
// RTL Simulation : 568 / 600 [100.00%] @ "2896935000"
// RTL Simulation : 569 / 600 [100.00%] @ "2902035000"
// RTL Simulation : 570 / 600 [100.00%] @ "2907135000"
// RTL Simulation : 571 / 600 [100.00%] @ "2912235000"
// RTL Simulation : 572 / 600 [100.00%] @ "2917335000"
// RTL Simulation : 573 / 600 [100.00%] @ "2922435000"
// RTL Simulation : 574 / 600 [100.00%] @ "2927535000"
// RTL Simulation : 575 / 600 [100.00%] @ "2932635000"
// RTL Simulation : 576 / 600 [100.00%] @ "2937735000"
// RTL Simulation : 577 / 600 [100.00%] @ "2942835000"
// RTL Simulation : 578 / 600 [100.00%] @ "2947935000"
// RTL Simulation : 579 / 600 [100.00%] @ "2953035000"
// RTL Simulation : 580 / 600 [100.00%] @ "2958135000"
// RTL Simulation : 581 / 600 [100.00%] @ "2963235000"
// RTL Simulation : 582 / 600 [100.00%] @ "2968335000"
// RTL Simulation : 583 / 600 [100.00%] @ "2973435000"
// RTL Simulation : 584 / 600 [100.00%] @ "2978535000"
// RTL Simulation : 585 / 600 [100.00%] @ "2983635000"
// RTL Simulation : 586 / 600 [100.00%] @ "2988735000"
// RTL Simulation : 587 / 600 [100.00%] @ "2993835000"
// RTL Simulation : 588 / 600 [100.00%] @ "2998935000"
// RTL Simulation : 589 / 600 [100.00%] @ "3004035000"
// RTL Simulation : 590 / 600 [100.00%] @ "3009135000"
// RTL Simulation : 591 / 600 [100.00%] @ "3014235000"
// RTL Simulation : 592 / 600 [100.00%] @ "3019335000"
// RTL Simulation : 593 / 600 [100.00%] @ "3024435000"
// RTL Simulation : 594 / 600 [100.00%] @ "3029535000"
// RTL Simulation : 595 / 600 [100.00%] @ "3034635000"
// RTL Simulation : 596 / 600 [100.00%] @ "3039735000"
// RTL Simulation : 597 / 600 [100.00%] @ "3044835000"
// RTL Simulation : 598 / 600 [100.00%] @ "3049935000"
// RTL Simulation : 599 / 600 [100.00%] @ "3055035000"
// RTL Simulation : 600 / 600 [100.00%] @ "3060135000"
////////////////////////////////////////////////////////////////////////////////////
$finish called at time : 3060175 ns : File "C:/9m/HLS/labb/project1/fir128/baseline/solution2/sim/verilog/fir.autotb.v" Line 281
## quit
INFO: [Common 17-206] Exiting xsim at Thu Oct 20 20:42:01 2022...
