                             latency        interval
transaction       0:             131             132
transaction       1:             131             132
transaction       2:             131             132
transaction       3:             131             132
transaction       4:             131             132
transaction       5:             131             132
transaction       6:             131             132
transaction       7:             131             132
transaction       8:             131             132
transaction       9:             131             132
transaction      10:             131             132
transaction      11:             131             132
transaction      12:             131             132
transaction      13:             131             132
transaction      14:             131             132
transaction      15:             131             132
transaction      16:             131             132
transaction      17:             131             132
transaction      18:             131             132
transaction      19:             131             132
transaction      20:             131             132
transaction      21:             131             132
transaction      22:             131             132
transaction      23:             131             132
transaction      24:             131             132
transaction      25:             131             132
transaction      26:             131             132
transaction      27:             131             132
transaction      28:             131             132
transaction      29:             131             132
transaction      30:             131             132
transaction      31:             131             132
transaction      32:             131             132
transaction      33:             131             132
transaction      34:             131             132
transaction      35:             131             132
transaction      36:             131             132
transaction      37:             131             132
transaction      38:             131             132
transaction      39:             131             132
transaction      40:             131             132
transaction      41:             131             132
transaction      42:             131             132
transaction      43:             131             132
transaction      44:             131             132
transaction      45:             131             132
transaction      46:             131             132
transaction      47:             131             132
transaction      48:             131             132
transaction      49:             131             132
transaction      50:             131             132
transaction      51:             131             132
transaction      52:             131             132
transaction      53:             131             132
transaction      54:             131             132
transaction      55:             131             132
transaction      56:             131             132
transaction      57:             131             132
transaction      58:             131             132
transaction      59:             131             132
transaction      60:             131             132
transaction      61:             131             132
transaction      62:             131             132
transaction      63:             131             132
transaction      64:             131             132
transaction      65:             131             132
transaction      66:             131             132
transaction      67:             131             132
transaction      68:             131             132
transaction      69:             131             132
transaction      70:             131             132
transaction      71:             131             132
transaction      72:             131             132
transaction      73:             131             132
transaction      74:             131             132
transaction      75:             131             132
transaction      76:             131             132
transaction      77:             131             132
transaction      78:             131             132
transaction      79:             131             132
transaction      80:             131             132
transaction      81:             131             132
transaction      82:             131             132
transaction      83:             131             132
transaction      84:             131             132
transaction      85:             131             132
transaction      86:             131             132
transaction      87:             131             132
transaction      88:             131             132
transaction      89:             131             132
transaction      90:             131             132
transaction      91:             131             132
transaction      92:             131             132
transaction      93:             131             132
transaction      94:             131             132
transaction      95:             131             132
transaction      96:             131             132
transaction      97:             131             132
transaction      98:             131             132
transaction      99:             131             132
transaction     100:             131             132
transaction     101:             131             132
transaction     102:             131             132
transaction     103:             131             132
transaction     104:             131             132
transaction     105:             131             132
transaction     106:             131             132
transaction     107:             131             132
transaction     108:             131             132
transaction     109:             131             132
transaction     110:             131             132
transaction     111:             131             132
transaction     112:             131             132
transaction     113:             131             132
transaction     114:             131             132
transaction     115:             131             132
transaction     116:             131             132
transaction     117:             131             132
transaction     118:             131             132
transaction     119:             131             132
transaction     120:             131             132
transaction     121:             131             132
transaction     122:             131             132
transaction     123:             131             132
transaction     124:             131             132
transaction     125:             131             132
transaction     126:             131             132
transaction     127:             131             132
transaction     128:             131             132
transaction     129:             131             132
transaction     130:             131             132
transaction     131:             131             132
transaction     132:             131             132
transaction     133:             131             132
transaction     134:             131             132
transaction     135:             131             132
transaction     136:             131             132
transaction     137:             131             132
transaction     138:             131             132
transaction     139:             131             132
transaction     140:             131             132
transaction     141:             131             132
transaction     142:             131             132
transaction     143:             131             132
transaction     144:             131             132
transaction     145:             131             132
transaction     146:             131             132
transaction     147:             131             132
transaction     148:             131             132
transaction     149:             131             132
transaction     150:             131             132
transaction     151:             131             132
transaction     152:             131             132
transaction     153:             131             132
transaction     154:             131             132
transaction     155:             131             132
transaction     156:             131             132
transaction     157:             131             132
transaction     158:             131             132
transaction     159:             131             132
transaction     160:             131             132
transaction     161:             131             132
transaction     162:             131             132
transaction     163:             131             132
transaction     164:             131             132
transaction     165:             131             132
transaction     166:             131             132
transaction     167:             131             132
transaction     168:             131             132
transaction     169:             131             132
transaction     170:             131             132
transaction     171:             131             132
transaction     172:             131             132
transaction     173:             131             132
transaction     174:             131             132
transaction     175:             131             132
transaction     176:             131             132
transaction     177:             131             132
transaction     178:             131             132
transaction     179:             131             132
transaction     180:             131             132
transaction     181:             131             132
transaction     182:             131             132
transaction     183:             131             132
transaction     184:             131             132
transaction     185:             131             132
transaction     186:             131             132
transaction     187:             131             132
transaction     188:             131             132
transaction     189:             131             132
transaction     190:             131             132
transaction     191:             131             132
transaction     192:             131             132
transaction     193:             131             132
transaction     194:             131             132
transaction     195:             131             132
transaction     196:             131             132
transaction     197:             131             132
transaction     198:             131             132
transaction     199:             131             132
transaction     200:             131             132
transaction     201:             131             132
transaction     202:             131             132
transaction     203:             131             132
transaction     204:             131             132
transaction     205:             131             132
transaction     206:             131             132
transaction     207:             131             132
transaction     208:             131             132
transaction     209:             131             132
transaction     210:             131             132
transaction     211:             131             132
transaction     212:             131             132
transaction     213:             131             132
transaction     214:             131             132
transaction     215:             131             132
transaction     216:             131             132
transaction     217:             131             132
transaction     218:             131             132
transaction     219:             131             132
transaction     220:             131             132
transaction     221:             131             132
transaction     222:             131             132
transaction     223:             131             132
transaction     224:             131             132
transaction     225:             131             132
transaction     226:             131             132
transaction     227:             131             132
transaction     228:             131             132
transaction     229:             131             132
transaction     230:             131             132
transaction     231:             131             132
transaction     232:             131             132
transaction     233:             131             132
transaction     234:             131             132
transaction     235:             131             132
transaction     236:             131             132
transaction     237:             131             132
transaction     238:             131             132
transaction     239:             131             132
transaction     240:             131             132
transaction     241:             131             132
transaction     242:             131             132
transaction     243:             131             132
transaction     244:             131             132
transaction     245:             131             132
transaction     246:             131             132
transaction     247:             131             132
transaction     248:             131             132
transaction     249:             131             132
transaction     250:             131             132
transaction     251:             131             132
transaction     252:             131             132
transaction     253:             131             132
transaction     254:             131             132
transaction     255:             131             132
transaction     256:             131             132
transaction     257:             131             132
transaction     258:             131             132
transaction     259:             131             132
transaction     260:             131             132
transaction     261:             131             132
transaction     262:             131             132
transaction     263:             131             132
transaction     264:             131             132
transaction     265:             131             132
transaction     266:             131             132
transaction     267:             131             132
transaction     268:             131             132
transaction     269:             131             132
transaction     270:             131             132
transaction     271:             131             132
transaction     272:             131             132
transaction     273:             131             132
transaction     274:             131             132
transaction     275:             131             132
transaction     276:             131             132
transaction     277:             131             132
transaction     278:             131             132
transaction     279:             131             132
transaction     280:             131             132
transaction     281:             131             132
transaction     282:             131             132
transaction     283:             131             132
transaction     284:             131             132
transaction     285:             131             132
transaction     286:             131             132
transaction     287:             131             132
transaction     288:             131             132
transaction     289:             131             132
transaction     290:             131             132
transaction     291:             131             132
transaction     292:             131             132
transaction     293:             131             132
transaction     294:             131             132
transaction     295:             131             132
transaction     296:             131             132
transaction     297:             131             132
transaction     298:             131             132
transaction     299:             131             132
transaction     300:             131             132
transaction     301:             131             132
transaction     302:             131             132
transaction     303:             131             132
transaction     304:             131             132
transaction     305:             131             132
transaction     306:             131             132
transaction     307:             131             132
transaction     308:             131             132
transaction     309:             131             132
transaction     310:             131             132
transaction     311:             131             132
transaction     312:             131             132
transaction     313:             131             132
transaction     314:             131             132
transaction     315:             131             132
transaction     316:             131             132
transaction     317:             131             132
transaction     318:             131             132
transaction     319:             131             132
transaction     320:             131             132
transaction     321:             131             132
transaction     322:             131             132
transaction     323:             131             132
transaction     324:             131             132
transaction     325:             131             132
transaction     326:             131             132
transaction     327:             131             132
transaction     328:             131             132
transaction     329:             131             132
transaction     330:             131             132
transaction     331:             131             132
transaction     332:             131             132
transaction     333:             131             132
transaction     334:             131             132
transaction     335:             131             132
transaction     336:             131             132
transaction     337:             131             132
transaction     338:             131             132
transaction     339:             131             132
transaction     340:             131             132
transaction     341:             131             132
transaction     342:             131             132
transaction     343:             131             132
transaction     344:             131             132
transaction     345:             131             132
transaction     346:             131             132
transaction     347:             131             132
transaction     348:             131             132
transaction     349:             131             132
transaction     350:             131             132
transaction     351:             131             132
transaction     352:             131             132
transaction     353:             131             132
transaction     354:             131             132
transaction     355:             131             132
transaction     356:             131             132
transaction     357:             131             132
transaction     358:             131             132
transaction     359:             131             132
transaction     360:             131             132
transaction     361:             131             132
transaction     362:             131             132
transaction     363:             131             132
transaction     364:             131             132
transaction     365:             131             132
transaction     366:             131             132
transaction     367:             131             132
transaction     368:             131             132
transaction     369:             131             132
transaction     370:             131             132
transaction     371:             131             132
transaction     372:             131             132
transaction     373:             131             132
transaction     374:             131             132
transaction     375:             131             132
transaction     376:             131             132
transaction     377:             131             132
transaction     378:             131             132
transaction     379:             131             132
transaction     380:             131             132
transaction     381:             131             132
transaction     382:             131             132
transaction     383:             131             132
transaction     384:             131             132
transaction     385:             131             132
transaction     386:             131             132
transaction     387:             131             132
transaction     388:             131             132
transaction     389:             131             132
transaction     390:             131             132
transaction     391:             131             132
transaction     392:             131             132
transaction     393:             131             132
transaction     394:             131             132
transaction     395:             131             132
transaction     396:             131             132
transaction     397:             131             132
transaction     398:             131             132
transaction     399:             131             132
transaction     400:             131             132
transaction     401:             131             132
transaction     402:             131             132
transaction     403:             131             132
transaction     404:             131             132
transaction     405:             131             132
transaction     406:             131             132
transaction     407:             131             132
transaction     408:             131             132
transaction     409:             131             132
transaction     410:             131             132
transaction     411:             131             132
transaction     412:             131             132
transaction     413:             131             132
transaction     414:             131             132
transaction     415:             131             132
transaction     416:             131             132
transaction     417:             131             132
transaction     418:             131             132
transaction     419:             131             132
transaction     420:             131             132
transaction     421:             131             132
transaction     422:             131             132
transaction     423:             131             132
transaction     424:             131             132
transaction     425:             131             132
transaction     426:             131             132
transaction     427:             131             132
transaction     428:             131             132
transaction     429:             131             132
transaction     430:             131             132
transaction     431:             131             132
transaction     432:             131             132
transaction     433:             131             132
transaction     434:             131             132
transaction     435:             131             132
transaction     436:             131             132
transaction     437:             131             132
transaction     438:             131             132
transaction     439:             131             132
transaction     440:             131             132
transaction     441:             131             132
transaction     442:             131             132
transaction     443:             131             132
transaction     444:             131             132
transaction     445:             131             132
transaction     446:             131             132
transaction     447:             131             132
transaction     448:             131             132
transaction     449:             131             132
transaction     450:             131             132
transaction     451:             131             132
transaction     452:             131             132
transaction     453:             131             132
transaction     454:             131             132
transaction     455:             131             132
transaction     456:             131             132
transaction     457:             131             132
transaction     458:             131             132
transaction     459:             131             132
transaction     460:             131             132
transaction     461:             131             132
transaction     462:             131             132
transaction     463:             131             132
transaction     464:             131             132
transaction     465:             131             132
transaction     466:             131             132
transaction     467:             131             132
transaction     468:             131             132
transaction     469:             131             132
transaction     470:             131             132
transaction     471:             131             132
transaction     472:             131             132
transaction     473:             131             132
transaction     474:             131             132
transaction     475:             131             132
transaction     476:             131             132
transaction     477:             131             132
transaction     478:             131             132
transaction     479:             131             132
transaction     480:             131             132
transaction     481:             131             132
transaction     482:             131             132
transaction     483:             131             132
transaction     484:             131             132
transaction     485:             131             132
transaction     486:             131             132
transaction     487:             131             132
transaction     488:             131             132
transaction     489:             131             132
transaction     490:             131             132
transaction     491:             131             132
transaction     492:             131             132
transaction     493:             131             132
transaction     494:             131             132
transaction     495:             131             132
transaction     496:             131             132
transaction     497:             131             132
transaction     498:             131             132
transaction     499:             131             132
transaction     500:             131             132
transaction     501:             131             132
transaction     502:             131             132
transaction     503:             131             132
transaction     504:             131             132
transaction     505:             131             132
transaction     506:             131             132
transaction     507:             131             132
transaction     508:             131             132
transaction     509:             131             132
transaction     510:             131             132
transaction     511:             131             132
transaction     512:             131             132
transaction     513:             131             132
transaction     514:             131             132
transaction     515:             131             132
transaction     516:             131             132
transaction     517:             131             132
transaction     518:             131             132
transaction     519:             131             132
transaction     520:             131             132
transaction     521:             131             132
transaction     522:             131             132
transaction     523:             131             132
transaction     524:             131             132
transaction     525:             131             132
transaction     526:             131             132
transaction     527:             131             132
transaction     528:             131             132
transaction     529:             131             132
transaction     530:             131             132
transaction     531:             131             132
transaction     532:             131             132
transaction     533:             131             132
transaction     534:             131             132
transaction     535:             131             132
transaction     536:             131             132
transaction     537:             131             132
transaction     538:             131             132
transaction     539:             131             132
transaction     540:             131             132
transaction     541:             131             132
transaction     542:             131             132
transaction     543:             131             132
transaction     544:             131             132
transaction     545:             131             132
transaction     546:             131             132
transaction     547:             131             132
transaction     548:             131             132
transaction     549:             131             132
transaction     550:             131             132
transaction     551:             131             132
transaction     552:             131             132
transaction     553:             131             132
transaction     554:             131             132
transaction     555:             131             132
transaction     556:             131             132
transaction     557:             131             132
transaction     558:             131             132
transaction     559:             131             132
transaction     560:             131             132
transaction     561:             131             132
transaction     562:             131             132
transaction     563:             131             132
transaction     564:             131             132
transaction     565:             131             132
transaction     566:             131             132
transaction     567:             131             132
transaction     568:             131             132
transaction     569:             131             132
transaction     570:             131             132
transaction     571:             131             132
transaction     572:             131             132
transaction     573:             131             132
transaction     574:             131             132
transaction     575:             131             132
transaction     576:             131             132
transaction     577:             131             132
transaction     578:             131             132
transaction     579:             131             132
transaction     580:             131             132
transaction     581:             131             132
transaction     582:             131             132
transaction     583:             131             132
transaction     584:             131             132
transaction     585:             131             132
transaction     586:             131             132
transaction     587:             131             132
transaction     588:             131             132
transaction     589:             131             132
transaction     590:             131             132
transaction     591:             131             132
transaction     592:             131             132
transaction     593:             131             132
transaction     594:             131             132
transaction     595:             131             132
transaction     596:             131             132
transaction     597:             131             132
transaction     598:             131             132
transaction     599:             131               x
