

================================================================
== Vitis HLS Report for 'shake_absorb_1'
================================================================
* Date:           Thu Dec 29 12:36:03 2022

* Version:        2022.1 (Build 3526262 on Mon Apr 18 15:48:16 MDT 2022)
* Project:        HLS_final_vitis
* Solution:       solution2 (Vivado IP Flow Target)
* Product family: virtexuplus
* Target device:  xcvu11p-flga2577-1-e


================================================================
== Performance Estimates
================================================================
+ Timing: 
    * Summary: 
    +--------+----------+----------+------------+
    |  Clock |  Target  | Estimated| Uncertainty|
    +--------+----------+----------+------------+
    |ap_clk  |  10.00 ns|  3.616 ns|     2.70 ns|
    +--------+----------+----------+------------+

+ Latency: 
    * Summary: 
    +---------+---------+----------+----------+-----+-----+---------+
    |  Latency (cycles) |  Latency (absolute) |  Interval | Pipeline|
    |   min   |   max   |    min   |    max   | min | max |   Type  |
    +---------+---------+----------+----------+-----+-----+---------+
    |        ?|        ?|         ?|         ?|    ?|    ?|       no|
    +---------+---------+----------+----------+-----+-----+---------+

    + Detail: 
        * Instance: 
        +-----------------------------------------------------+------------------------------------------+---------+---------+-----------+----------+-----+-----+---------+
        |                                                     |                                          |  Latency (cycles) |  Latency (absolute)  |  Interval | Pipeline|
        |                       Instance                      |                  Module                  |   min   |   max   |    min    |    max   | min | max |   Type  |
        +-----------------------------------------------------+------------------------------------------+---------+---------+-----------+----------+-----+-----+---------+
        |grp_shake_absorb_1_Pipeline_VITIS_LOOP_369_4_fu_143  |shake_absorb_1_Pipeline_VITIS_LOOP_369_4  |       70|       86|   0.700 us|  0.860 us|   70|   86|       no|
        |grp_shake_absorb_1_Pipeline_VITIS_LOOP_376_5_fu_154  |shake_absorb_1_Pipeline_VITIS_LOOP_376_5  |        2|       82|  20.000 ns|  0.820 us|    2|   82|       no|
        |grp_KeccakF1600_StatePermute_fu_164                  |KeccakF1600_StatePermute                  |       50|       50|   0.500 us|  0.500 us|   50|   50|       no|
        |grp_shake_absorb_1_Pipeline_VITIS_LOOP_383_6_fu_172  |shake_absorb_1_Pipeline_VITIS_LOOP_383_6  |       10|       10|   0.100 us|  0.100 us|   10|   10|       no|
        |grp_shake_absorb_1_Pipeline_VITIS_LOOP_385_7_fu_177  |shake_absorb_1_Pipeline_VITIS_LOOP_385_7  |        ?|        ?|          ?|         ?|    ?|    ?|       no|
        |grp_shake_absorb_1_Pipeline_VITIS_LOOP_12_1_fu_187   |shake_absorb_1_Pipeline_VITIS_LOOP_12_1   |       10|       10|   0.100 us|  0.100 us|   10|   10|       no|
        +-----------------------------------------------------+------------------------------------------+---------+---------+-----------+----------+-----+-----+---------+

        * Loop: 
        +--------------------+---------+---------+-----------+-----------+-----------+------+----------+
        |                    |  Latency (cycles) | Iteration |  Initiation Interval  | Trip |          |
        |      Loop Name     |   min   |   max   |  Latency  |  achieved |   target  | Count| Pipelined|
        +--------------------+---------+---------+-----------+-----------+-----------+------+----------+
        |- Loop 1            |        8|        8|          1|          -|          -|     8|        no|
        |- VITIS_LOOP_368_3  |        ?|        ?|  124 ~ 140|          -|          -|     ?|        no|
        +--------------------+---------+---------+-----------+-----------+-----------+------+----------+



================================================================
== Utilization Estimates
================================================================
* Summary: 
+---------------------+---------+------+---------+---------+-----+
|         Name        | BRAM_18K|  DSP |    FF   |   LUT   | URAM|
+---------------------+---------+------+---------+---------+-----+
|DSP                  |        -|     -|        -|        -|    -|
|Expression           |        -|     -|        0|      356|    -|
|FIFO                 |        -|     -|        -|        -|    -|
|Instance             |        2|     -|     2055|    18070|    -|
|Memory               |        0|     -|        8|        1|    0|
|Multiplexer          |        -|     -|        -|      437|    -|
|Register             |        -|     -|      245|        -|    -|
+---------------------+---------+------+---------+---------+-----+
|Total                |        2|     0|     2308|    18864|    0|
+---------------------+---------+------+---------+---------+-----+
|Available SLR        |     1344|  3072|   864000|   432000|  320|
+---------------------+---------+------+---------+---------+-----+
|Utilization SLR (%)  |       ~0|     0|       ~0|        4|    0|
+---------------------+---------+------+---------+---------+-----+
|Available            |     4032|  9216|  2592000|  1296000|  960|
+---------------------+---------+------+---------+---------+-----+
|Utilization (%)      |       ~0|     0|       ~0|        1|    0|
+---------------------+---------+------+---------+---------+-----+

+ Detail: 
    * Instance: 
    +-----------------------------------------------------+------------------------------------------+---------+----+------+-------+-----+
    |                       Instance                      |                  Module                  | BRAM_18K| DSP|  FF  |  LUT  | URAM|
    +-----------------------------------------------------+------------------------------------------+---------+----+------+-------+-----+
    |grp_KeccakF1600_StatePermute_fu_164                  |KeccakF1600_StatePermute                  |        2|   0|  1633|  16899|    0|
    |grp_shake_absorb_1_Pipeline_VITIS_LOOP_12_1_fu_187   |shake_absorb_1_Pipeline_VITIS_LOOP_12_1   |        0|   0|    75|    314|    0|
    |grp_shake_absorb_1_Pipeline_VITIS_LOOP_369_4_fu_143  |shake_absorb_1_Pipeline_VITIS_LOOP_369_4  |        0|   0|   137|    349|    0|
    |grp_shake_absorb_1_Pipeline_VITIS_LOOP_376_5_fu_154  |shake_absorb_1_Pipeline_VITIS_LOOP_376_5  |        0|   0|   137|    331|    0|
    |grp_shake_absorb_1_Pipeline_VITIS_LOOP_383_6_fu_172  |shake_absorb_1_Pipeline_VITIS_LOOP_383_6  |        0|   0|     6|     48|    0|
    |grp_shake_absorb_1_Pipeline_VITIS_LOOP_385_7_fu_177  |shake_absorb_1_Pipeline_VITIS_LOOP_385_7  |        0|   0|    67|    129|    0|
    +-----------------------------------------------------+------------------------------------------+---------+----+------+-------+-----+
    |Total                                                |                                          |        2|   0|  2055|  18070|    0|
    +-----------------------------------------------------+------------------------------------------+---------+----+------+-------+-----+

    * DSP: 
    N/A

    * Memory: 
    +-------+--------------------------------+---------+---+----+-----+------+-----+------+-------------+
    | Memory|             Module             | BRAM_18K| FF| LUT| URAM| Words| Bits| Banks| W*Bits*Banks|
    +-------+--------------------------------+---------+---+----+-----+------+-----+------+-------------+
    |t_U    |shake_absorb_1_t_RAM_AUTO_1R1W  |        0|  8|   1|    0|     8|    8|     1|           64|
    +-------+--------------------------------+---------+---+----+-----+------+-----+------+-------------+
    |Total  |                                |        0|  8|   1|    0|     8|    8|     1|           64|
    +-------+--------------------------------+---------+---+----+-----+------+-----+------+-------------+

    * FIFO: 
    N/A

    * Expression: 
    +--------------------------+----------+----+---+----+------------+------------+
    |       Variable Name      | Operation| DSP| FF| LUT| Bitwidth P0| Bitwidth P1|
    +--------------------------+----------+----+---+----+------------+------------+
    |add_ln13_2_fu_313_p2      |         +|   0|  0|  14|           7|           7|
    |add_ln371_fu_274_p2       |         +|   0|  0|  71|          64|          64|
    |add_ln388_fu_361_p2       |         +|   0|  0|  17|          10|          10|
    |empty_127_fu_216_p2       |         +|   0|  0|  12|           4|           1|
    |sub_ln340_fu_339_p2       |         -|   0|  0|  16|           9|           9|
    |sub_ln368_fu_279_p2       |         -|   0|  0|  71|          64|          64|
    |exitcond9415_fu_210_p2    |      icmp|   0|  0|   9|           4|           5|
    |icmp_ln346_fu_227_p2      |      icmp|   0|  0|  11|           9|           8|
    |icmp_ln368_fu_269_p2      |      icmp|   0|  0|  29|          64|          64|
    |icmp_ln382_fu_327_p2      |      icmp|   0|  0|  29|          64|          64|
    |select_ln368_1_fu_232_p3  |    select|   0|  0|   8|           1|           8|
    |select_ln368_fu_240_p3    |    select|   0|  0|   5|           1|           5|
    |xor_ln387_fu_351_p2       |       xor|   0|  0|  64|          64|          64|
    +--------------------------+----------+----+---+----+------------+------------+
    |Total                     |          |   0|  0| 356|         365|         373|
    +--------------------------+----------+----+---+----+------------+------------+

    * Multiplexer: 
    +-------------------------------------+----+-----------+-----+-----------+
    |                 Name                | LUT| Input Size| Bits| Total Bits|
    +-------------------------------------+----+-----------+-----+-----------+
    |ap_NS_fsm                            |  65|         14|    1|         14|
    |ap_phi_mux_this_pos_3_phi_fu_137_p4  |   9|          2|   10|         20|
    |ap_return                            |   9|          2|   10|         20|
    |empty_fu_76                          |   9|          2|    4|          8|
    |idx98_fu_88                          |   9|          2|   64|        128|
    |mlen_assign_fu_92                    |   9|          2|   64|        128|
    |seedbuf_address0                     |  20|          4|    7|         28|
    |seedbuf_address1                     |  14|          3|    7|         21|
    |seedbuf_ce0                          |  20|          4|    1|          4|
    |seedbuf_ce1                          |  14|          3|    1|          3|
    |t_address0                           |  26|          5|    3|         15|
    |t_ce0                                |  26|          5|    1|          5|
    |t_d0                                 |  20|          4|    8|         32|
    |t_we0                                |  20|          4|    1|          4|
    |this_pos_3_reg_134                   |   9|          2|   10|         20|
    |this_s_address0                      |  31|          6|    5|         30|
    |this_s_address1                      |  20|          4|    5|         20|
    |this_s_ce0                           |  26|          5|    1|          5|
    |this_s_ce1                           |  20|          4|    1|          4|
    |this_s_d0                            |  26|          5|   64|        320|
    |this_s_we0                           |  26|          5|    1|          5|
    |this_s_we1                           |   9|          2|    1|          2|
    +-------------------------------------+----+-----------+-----+-----------+
    |Total                                | 437|         89|  270|        836|
    +-------------------------------------+----+-----------+-----+-----------+

    * Register: 
    +------------------------------------------------------------------+----+----+-----+-----------+
    |                               Name                               | FF | LUT| Bits| Const Bits|
    +------------------------------------------------------------------+----+----+-----+-----------+
    |add_ln13_2_reg_449                                                |   7|   0|    7|          0|
    |ap_CS_fsm                                                         |  13|   0|   13|          0|
    |ap_return_preg                                                    |  10|   0|   10|          0|
    |div_reg_443                                                       |   5|   0|    5|          0|
    |empty_fu_76                                                       |   4|   0|    4|          0|
    |grp_KeccakF1600_StatePermute_fu_164_ap_start_reg                  |   1|   0|    1|          0|
    |grp_shake_absorb_1_Pipeline_VITIS_LOOP_12_1_fu_187_ap_start_reg   |   1|   0|    1|          0|
    |grp_shake_absorb_1_Pipeline_VITIS_LOOP_369_4_fu_143_ap_start_reg  |   1|   0|    1|          0|
    |grp_shake_absorb_1_Pipeline_VITIS_LOOP_376_5_fu_154_ap_start_reg  |   1|   0|    1|          0|
    |grp_shake_absorb_1_Pipeline_VITIS_LOOP_383_6_fu_172_ap_start_reg  |   1|   0|    1|          0|
    |grp_shake_absorb_1_Pipeline_VITIS_LOOP_385_7_fu_177_ap_start_reg  |   1|   0|    1|          0|
    |icmp_ln382_reg_460                                                |   1|   0|    1|          0|
    |idx98_fu_88                                                       |  64|   0|   64|          0|
    |m_cast_reg_390                                                    |   6|   0|    7|          1|
    |mlen_assign_fu_92                                                 |  64|   0|   64|          0|
    |select_ln368_1_reg_412                                            |   1|   0|   64|         63|
    |select_ln368_reg_419                                              |   1|   0|    5|          4|
    |sub_ln340_reg_470                                                 |   9|   0|    9|          0|
    |this_pos_3_reg_134                                                |  10|   0|   10|          0|
    |this_s_addr_reg_476                                               |   5|   0|    5|          0|
    |trunc_ln340_1_reg_432                                             |   9|   0|    9|          0|
    |trunc_ln340_2_reg_437                                             |   8|   0|    8|          0|
    |trunc_ln340_reg_424                                               |   7|   0|    7|          0|
    |trunc_ln379_reg_455                                               |   7|   0|    7|          0|
    |zext_ln13_18_reg_464                                              |   8|   0|   10|          2|
    +------------------------------------------------------------------+----+----+-----+-----------+
    |Total                                                             | 245|   0|  315|         70|
    +------------------------------------------------------------------+----+----+-----+-----------+



================================================================
== Interface
================================================================
* Summary: 
+------------------+-----+-----+------------+----------------+--------------+
|     RTL Ports    | Dir | Bits|  Protocol  |  Source Object |    C Type    |
+------------------+-----+-----+------------+----------------+--------------+
|ap_clk            |   in|    1|  ap_ctrl_hs|  shake_absorb.1|  return value|
|ap_rst            |   in|    1|  ap_ctrl_hs|  shake_absorb.1|  return value|
|ap_start          |   in|    1|  ap_ctrl_hs|  shake_absorb.1|  return value|
|ap_done           |  out|    1|  ap_ctrl_hs|  shake_absorb.1|  return value|
|ap_idle           |  out|    1|  ap_ctrl_hs|  shake_absorb.1|  return value|
|ap_ready          |  out|    1|  ap_ctrl_hs|  shake_absorb.1|  return value|
|ap_return         |  out|   10|  ap_ctrl_hs|  shake_absorb.1|  return value|
|this_s_address0   |  out|    5|   ap_memory|          this_s|         array|
|this_s_ce0        |  out|    1|   ap_memory|          this_s|         array|
|this_s_we0        |  out|    1|   ap_memory|          this_s|         array|
|this_s_d0         |  out|   64|   ap_memory|          this_s|         array|
|this_s_q0         |   in|   64|   ap_memory|          this_s|         array|
|this_s_address1   |  out|    5|   ap_memory|          this_s|         array|
|this_s_ce1        |  out|    1|   ap_memory|          this_s|         array|
|this_s_we1        |  out|    1|   ap_memory|          this_s|         array|
|this_s_d1         |  out|   64|   ap_memory|          this_s|         array|
|this_s_q1         |   in|   64|   ap_memory|          this_s|         array|
|mode              |   in|    9|     ap_none|            mode|        scalar|
|seedbuf_address0  |  out|    7|   ap_memory|         seedbuf|         array|
|seedbuf_ce0       |  out|    1|   ap_memory|         seedbuf|         array|
|seedbuf_q0        |   in|    8|   ap_memory|         seedbuf|         array|
|seedbuf_address1  |  out|    7|   ap_memory|         seedbuf|         array|
|seedbuf_ce1       |  out|    1|   ap_memory|         seedbuf|         array|
|seedbuf_q1        |   in|    8|   ap_memory|         seedbuf|         array|
|m                 |   in|    6|     ap_none|               m|        scalar|
+------------------+-----+-----+------------+----------------+--------------+

