

================================================================
== Vitis HLS Report for 'array_io'
================================================================
* Date:           Tue Oct 11 19:32:56 2022

* Version:        2022.1 (Build 3526262 on Mon Apr 18 15:48:16 MDT 2022)
* Project:        array_io_prj
* Solution:       solution4 (Vivado IP Flow Target)
* Product family: zynq
* Target device:  xc7z020-clg400-1


================================================================
== Performance Estimates
================================================================
+ Timing: 
    * Summary: 
    +--------+----------+----------+------------+
    |  Clock |  Target  | Estimated| Uncertainty|
    +--------+----------+----------+------------+
    |ap_clk  |  10.00 ns|  6.231 ns|     2.70 ns|
    +--------+----------+----------+------------+

+ Latency: 
    * Summary: 
    +---------+---------+-----------+-----------+-----+-----+---------+
    |  Latency (cycles) |   Latency (absolute)  |  Interval | Pipeline|
    |   min   |   max   |    min    |    max    | min | max |   Type  |
    +---------+---------+-----------+-----------+-----+-----+---------+
    |        1|        1|  10.000 ns|  10.000 ns|    2|    2|       no|
    +---------+---------+-----------+-----------+-----+-----+---------+

    + Detail: 
        * Instance: 
        N/A

        * Loop: 
        N/A

============================================================
+ Verbose Summary: Synthesis Manager
============================================================
InlineROM: 1
ExposeGlobal: 0
============================================================
+ Verbose Summary: CDFG Model
============================================================
IsTopModel: 1
ResetActiveHigh: 1
IsCombinational: 0
IsDatapathOnly: 0
HasWiredReturn: 1
HasMFsm: 0
HasVarLatency: 1
IsPipeline: 0
IsRtlPipelined: 0
IsInstanceOverlapped: 0
IsDontTouch: 0
HasImplIP: 0
IsGatedGlobalClock: 0


============================================================
+ Verbose Summary: Schedule
============================================================
* Number of FSM states : 2
* Pipeline : 0
* Dataflow Pipeline: 0

* FSM state transitions: 
1 --> 2 
2 --> 

* FSM state operations: 

State 1 <SV = 0> <Delay = 6.23>
ST_1 : Operation 3 [1/1] (0.00ns)   --->   "%acc_0_load = load i32 %acc_0" [array_io.c:67]   --->   Operation 3 'load' 'acc_0_load' <Predicate = true> <Delay = 0.00>
ST_1 : Operation 4 [1/1] (0.00ns)   --->   "%d_i_0_read = read i16 @_ssdm_op_Read.ap_auto.i16P0A, i16 %d_i_0" [array_io.c:67]   --->   Operation 4 'read' 'd_i_0_read' <Predicate = true> <Delay = 0.00>
ST_1 : Operation 5 [1/1] (0.00ns)   --->   "%trunc_ln67 = trunc i32 %acc_0_load" [array_io.c:67]   --->   Operation 5 'trunc' 'trunc_ln67' <Predicate = true> <Delay = 0.00>
ST_1 : Operation 6 [1/1] (2.07ns)   --->   "%add_ln69 = add i16 %d_i_0_read, i16 %trunc_ln67" [array_io.c:69]   --->   Operation 6 'add' 'add_ln69' <Predicate = true> <Delay = 2.07> <CoreInst = "Adder">   --->   Core 1 'Adder' <Latency = 0> <II = 1> <Delay = 2.07> <FuncUnit> <Opcode : 'add' 'sub'> <InPorts = 2> <OutPorts = 1>
ST_1 : Operation 7 [1/1] (0.00ns)   --->   "%write_ln69 = write void @_ssdm_op_Write.ap_auto.volatile.i16P0A, i16 %d_o_0, i16 %add_ln69" [array_io.c:69]   --->   Operation 7 'write' 'write_ln69' <Predicate = true> <Delay = 0.00>
ST_1 : Operation 8 [1/1] (0.00ns)   --->   "%acc_1_load = load i32 %acc_1" [array_io.c:67]   --->   Operation 8 'load' 'acc_1_load' <Predicate = true> <Delay = 0.00>
ST_1 : Operation 9 [1/1] (0.00ns)   --->   "%d_i_1_read = read i16 @_ssdm_op_Read.ap_auto.i16P0A, i16 %d_i_1" [array_io.c:67]   --->   Operation 9 'read' 'd_i_1_read' <Predicate = true> <Delay = 0.00>
ST_1 : Operation 10 [1/1] (0.00ns)   --->   "%trunc_ln67_1 = trunc i32 %acc_1_load" [array_io.c:67]   --->   Operation 10 'trunc' 'trunc_ln67_1' <Predicate = true> <Delay = 0.00>
ST_1 : Operation 11 [1/1] (2.07ns)   --->   "%add_ln69_1 = add i16 %d_i_1_read, i16 %trunc_ln67_1" [array_io.c:69]   --->   Operation 11 'add' 'add_ln69_1' <Predicate = true> <Delay = 2.07> <CoreInst = "Adder">   --->   Core 1 'Adder' <Latency = 0> <II = 1> <Delay = 2.07> <FuncUnit> <Opcode : 'add' 'sub'> <InPorts = 2> <OutPorts = 1>
ST_1 : Operation 12 [1/1] (0.00ns)   --->   "%write_ln69 = write void @_ssdm_op_Write.ap_auto.volatile.i16P0A, i16 %d_o_1, i16 %add_ln69_1" [array_io.c:69]   --->   Operation 12 'write' 'write_ln69' <Predicate = true> <Delay = 0.00>
ST_1 : Operation 13 [1/1] (0.00ns)   --->   "%acc_2_load = load i32 %acc_2" [array_io.c:67]   --->   Operation 13 'load' 'acc_2_load' <Predicate = true> <Delay = 0.00>
ST_1 : Operation 14 [1/1] (0.00ns)   --->   "%d_i_2_read = read i16 @_ssdm_op_Read.ap_auto.i16P0A, i16 %d_i_2" [array_io.c:67]   --->   Operation 14 'read' 'd_i_2_read' <Predicate = true> <Delay = 0.00>
ST_1 : Operation 15 [1/1] (0.00ns)   --->   "%trunc_ln67_2 = trunc i32 %acc_2_load" [array_io.c:67]   --->   Operation 15 'trunc' 'trunc_ln67_2' <Predicate = true> <Delay = 0.00>
ST_1 : Operation 16 [1/1] (2.07ns)   --->   "%add_ln69_2 = add i16 %d_i_2_read, i16 %trunc_ln67_2" [array_io.c:69]   --->   Operation 16 'add' 'add_ln69_2' <Predicate = true> <Delay = 2.07> <CoreInst = "Adder">   --->   Core 1 'Adder' <Latency = 0> <II = 1> <Delay = 2.07> <FuncUnit> <Opcode : 'add' 'sub'> <InPorts = 2> <OutPorts = 1>
ST_1 : Operation 17 [1/1] (0.00ns)   --->   "%write_ln69 = write void @_ssdm_op_Write.ap_auto.volatile.i16P0A, i16 %d_o_2, i16 %add_ln69_2" [array_io.c:69]   --->   Operation 17 'write' 'write_ln69' <Predicate = true> <Delay = 0.00>
ST_1 : Operation 18 [1/1] (0.00ns)   --->   "%acc_3_load = load i32 %acc_3" [array_io.c:67]   --->   Operation 18 'load' 'acc_3_load' <Predicate = true> <Delay = 0.00>
ST_1 : Operation 19 [1/1] (0.00ns)   --->   "%d_i_3_read = read i16 @_ssdm_op_Read.ap_auto.i16P0A, i16 %d_i_3" [array_io.c:67]   --->   Operation 19 'read' 'd_i_3_read' <Predicate = true> <Delay = 0.00>
ST_1 : Operation 20 [1/1] (0.00ns)   --->   "%trunc_ln67_3 = trunc i32 %acc_3_load" [array_io.c:67]   --->   Operation 20 'trunc' 'trunc_ln67_3' <Predicate = true> <Delay = 0.00>
ST_1 : Operation 21 [1/1] (2.07ns)   --->   "%add_ln69_3 = add i16 %d_i_3_read, i16 %trunc_ln67_3" [array_io.c:69]   --->   Operation 21 'add' 'add_ln69_3' <Predicate = true> <Delay = 2.07> <CoreInst = "Adder">   --->   Core 1 'Adder' <Latency = 0> <II = 1> <Delay = 2.07> <FuncUnit> <Opcode : 'add' 'sub'> <InPorts = 2> <OutPorts = 1>
ST_1 : Operation 22 [1/1] (0.00ns)   --->   "%write_ln69 = write void @_ssdm_op_Write.ap_auto.volatile.i16P0A, i16 %d_o_3, i16 %add_ln69_3" [array_io.c:69]   --->   Operation 22 'write' 'write_ln69' <Predicate = true> <Delay = 0.00>
ST_1 : Operation 23 [1/1] (0.00ns)   --->   "%acc_4_load = load i32 %acc_4" [array_io.c:67]   --->   Operation 23 'load' 'acc_4_load' <Predicate = true> <Delay = 0.00>
ST_1 : Operation 24 [1/1] (0.00ns)   --->   "%d_i_4_read = read i16 @_ssdm_op_Read.ap_auto.i16P0A, i16 %d_i_4" [array_io.c:67]   --->   Operation 24 'read' 'd_i_4_read' <Predicate = true> <Delay = 0.00>
ST_1 : Operation 25 [1/1] (0.00ns)   --->   "%trunc_ln67_4 = trunc i32 %acc_4_load" [array_io.c:67]   --->   Operation 25 'trunc' 'trunc_ln67_4' <Predicate = true> <Delay = 0.00>
ST_1 : Operation 26 [1/1] (2.07ns)   --->   "%add_ln69_4 = add i16 %d_i_4_read, i16 %trunc_ln67_4" [array_io.c:69]   --->   Operation 26 'add' 'add_ln69_4' <Predicate = true> <Delay = 2.07> <CoreInst = "Adder">   --->   Core 1 'Adder' <Latency = 0> <II = 1> <Delay = 2.07> <FuncUnit> <Opcode : 'add' 'sub'> <InPorts = 2> <OutPorts = 1>
ST_1 : Operation 27 [1/1] (0.00ns)   --->   "%write_ln69 = write void @_ssdm_op_Write.ap_auto.volatile.i16P0A, i16 %d_o_4, i16 %add_ln69_4" [array_io.c:69]   --->   Operation 27 'write' 'write_ln69' <Predicate = true> <Delay = 0.00>
ST_1 : Operation 28 [1/1] (0.00ns)   --->   "%acc_5_load = load i32 %acc_5" [array_io.c:67]   --->   Operation 28 'load' 'acc_5_load' <Predicate = true> <Delay = 0.00>
ST_1 : Operation 29 [1/1] (0.00ns)   --->   "%d_i_5_read = read i16 @_ssdm_op_Read.ap_auto.i16P0A, i16 %d_i_5" [array_io.c:67]   --->   Operation 29 'read' 'd_i_5_read' <Predicate = true> <Delay = 0.00>
ST_1 : Operation 30 [1/1] (0.00ns)   --->   "%trunc_ln67_5 = trunc i32 %acc_5_load" [array_io.c:67]   --->   Operation 30 'trunc' 'trunc_ln67_5' <Predicate = true> <Delay = 0.00>
ST_1 : Operation 31 [1/1] (2.07ns)   --->   "%add_ln69_5 = add i16 %d_i_5_read, i16 %trunc_ln67_5" [array_io.c:69]   --->   Operation 31 'add' 'add_ln69_5' <Predicate = true> <Delay = 2.07> <CoreInst = "Adder">   --->   Core 1 'Adder' <Latency = 0> <II = 1> <Delay = 2.07> <FuncUnit> <Opcode : 'add' 'sub'> <InPorts = 2> <OutPorts = 1>
ST_1 : Operation 32 [1/1] (0.00ns)   --->   "%write_ln69 = write void @_ssdm_op_Write.ap_auto.volatile.i16P0A, i16 %d_o_5, i16 %add_ln69_5" [array_io.c:69]   --->   Operation 32 'write' 'write_ln69' <Predicate = true> <Delay = 0.00>
ST_1 : Operation 33 [1/1] (0.00ns)   --->   "%acc_6_load = load i32 %acc_6" [array_io.c:67]   --->   Operation 33 'load' 'acc_6_load' <Predicate = true> <Delay = 0.00>
ST_1 : Operation 34 [1/1] (0.00ns)   --->   "%d_i_6_read = read i16 @_ssdm_op_Read.ap_auto.i16P0A, i16 %d_i_6" [array_io.c:67]   --->   Operation 34 'read' 'd_i_6_read' <Predicate = true> <Delay = 0.00>
ST_1 : Operation 35 [1/1] (0.00ns)   --->   "%trunc_ln67_6 = trunc i32 %acc_6_load" [array_io.c:67]   --->   Operation 35 'trunc' 'trunc_ln67_6' <Predicate = true> <Delay = 0.00>
ST_1 : Operation 36 [1/1] (2.07ns)   --->   "%add_ln69_6 = add i16 %d_i_6_read, i16 %trunc_ln67_6" [array_io.c:69]   --->   Operation 36 'add' 'add_ln69_6' <Predicate = true> <Delay = 2.07> <CoreInst = "Adder">   --->   Core 1 'Adder' <Latency = 0> <II = 1> <Delay = 2.07> <FuncUnit> <Opcode : 'add' 'sub'> <InPorts = 2> <OutPorts = 1>
ST_1 : Operation 37 [1/1] (0.00ns)   --->   "%write_ln69 = write void @_ssdm_op_Write.ap_auto.volatile.i16P0A, i16 %d_o_6, i16 %add_ln69_6" [array_io.c:69]   --->   Operation 37 'write' 'write_ln69' <Predicate = true> <Delay = 0.00>
ST_1 : Operation 38 [1/1] (0.00ns)   --->   "%acc_7_load = load i32 %acc_7" [array_io.c:67]   --->   Operation 38 'load' 'acc_7_load' <Predicate = true> <Delay = 0.00>
ST_1 : Operation 39 [1/1] (0.00ns)   --->   "%d_i_7_read = read i16 @_ssdm_op_Read.ap_auto.i16P0A, i16 %d_i_7" [array_io.c:67]   --->   Operation 39 'read' 'd_i_7_read' <Predicate = true> <Delay = 0.00>
ST_1 : Operation 40 [1/1] (0.00ns)   --->   "%trunc_ln67_7 = trunc i32 %acc_7_load" [array_io.c:67]   --->   Operation 40 'trunc' 'trunc_ln67_7' <Predicate = true> <Delay = 0.00>
ST_1 : Operation 41 [1/1] (2.07ns)   --->   "%add_ln69_7 = add i16 %d_i_7_read, i16 %trunc_ln67_7" [array_io.c:69]   --->   Operation 41 'add' 'add_ln69_7' <Predicate = true> <Delay = 2.07> <CoreInst = "Adder">   --->   Core 1 'Adder' <Latency = 0> <II = 1> <Delay = 2.07> <FuncUnit> <Opcode : 'add' 'sub'> <InPorts = 2> <OutPorts = 1>
ST_1 : Operation 42 [1/1] (0.00ns)   --->   "%write_ln69 = write void @_ssdm_op_Write.ap_auto.volatile.i16P0A, i16 %d_o_7, i16 %add_ln69_7" [array_io.c:69]   --->   Operation 42 'write' 'write_ln69' <Predicate = true> <Delay = 0.00>
ST_1 : Operation 43 [1/1] (0.00ns)   --->   "%d_i_8_read = read i16 @_ssdm_op_Read.ap_auto.i16P0A, i16 %d_i_8" [array_io.c:67]   --->   Operation 43 'read' 'd_i_8_read' <Predicate = true> <Delay = 0.00>
ST_1 : Operation 44 [1/1] (0.00ns)   --->   "%sext_ln69 = sext i16 %d_i_8_read" [array_io.c:69]   --->   Operation 44 'sext' 'sext_ln69' <Predicate = true> <Delay = 0.00>
ST_1 : Operation 45 [1/1] (2.07ns)   --->   "%add_ln69_8 = add i16 %d_i_8_read, i16 %add_ln69" [array_io.c:69]   --->   Operation 45 'add' 'add_ln69_8' <Predicate = true> <Delay = 2.07> <CoreInst = "Adder">   --->   Core 1 'Adder' <Latency = 0> <II = 1> <Delay = 2.07> <FuncUnit> <Opcode : 'add' 'sub'> <InPorts = 2> <OutPorts = 1>
ST_1 : Operation 46 [1/1] (0.00ns)   --->   "%write_ln69 = write void @_ssdm_op_Write.ap_auto.volatile.i16P0A, i16 %d_o_8, i16 %add_ln69_8" [array_io.c:69]   --->   Operation 46 'write' 'write_ln69' <Predicate = true> <Delay = 0.00>
ST_1 : Operation 47 [1/1] (0.00ns)   --->   "%d_i_9_read = read i16 @_ssdm_op_Read.ap_auto.i16P0A, i16 %d_i_9" [array_io.c:67]   --->   Operation 47 'read' 'd_i_9_read' <Predicate = true> <Delay = 0.00>
ST_1 : Operation 48 [1/1] (0.00ns)   --->   "%sext_ln69_1 = sext i16 %d_i_9_read" [array_io.c:69]   --->   Operation 48 'sext' 'sext_ln69_1' <Predicate = true> <Delay = 0.00>
ST_1 : Operation 49 [1/1] (2.07ns)   --->   "%add_ln69_9 = add i16 %d_i_9_read, i16 %add_ln69_1" [array_io.c:69]   --->   Operation 49 'add' 'add_ln69_9' <Predicate = true> <Delay = 2.07> <CoreInst = "Adder">   --->   Core 1 'Adder' <Latency = 0> <II = 1> <Delay = 2.07> <FuncUnit> <Opcode : 'add' 'sub'> <InPorts = 2> <OutPorts = 1>
ST_1 : Operation 50 [1/1] (0.00ns)   --->   "%write_ln69 = write void @_ssdm_op_Write.ap_auto.volatile.i16P0A, i16 %d_o_9, i16 %add_ln69_9" [array_io.c:69]   --->   Operation 50 'write' 'write_ln69' <Predicate = true> <Delay = 0.00>
ST_1 : Operation 51 [1/1] (0.00ns)   --->   "%d_i_10_read = read i16 @_ssdm_op_Read.ap_auto.i16P0A, i16 %d_i_10" [array_io.c:67]   --->   Operation 51 'read' 'd_i_10_read' <Predicate = true> <Delay = 0.00>
ST_1 : Operation 52 [1/1] (0.00ns)   --->   "%sext_ln69_2 = sext i16 %d_i_10_read" [array_io.c:69]   --->   Operation 52 'sext' 'sext_ln69_2' <Predicate = true> <Delay = 0.00>
ST_1 : Operation 53 [1/1] (2.07ns)   --->   "%add_ln69_10 = add i16 %d_i_10_read, i16 %add_ln69_2" [array_io.c:69]   --->   Operation 53 'add' 'add_ln69_10' <Predicate = true> <Delay = 2.07> <CoreInst = "Adder">   --->   Core 1 'Adder' <Latency = 0> <II = 1> <Delay = 2.07> <FuncUnit> <Opcode : 'add' 'sub'> <InPorts = 2> <OutPorts = 1>
ST_1 : Operation 54 [1/1] (0.00ns)   --->   "%write_ln69 = write void @_ssdm_op_Write.ap_auto.volatile.i16P0A, i16 %d_o_10, i16 %add_ln69_10" [array_io.c:69]   --->   Operation 54 'write' 'write_ln69' <Predicate = true> <Delay = 0.00>
ST_1 : Operation 55 [1/1] (0.00ns)   --->   "%d_i_11_read = read i16 @_ssdm_op_Read.ap_auto.i16P0A, i16 %d_i_11" [array_io.c:67]   --->   Operation 55 'read' 'd_i_11_read' <Predicate = true> <Delay = 0.00>
ST_1 : Operation 56 [1/1] (0.00ns)   --->   "%sext_ln69_3 = sext i16 %d_i_11_read" [array_io.c:69]   --->   Operation 56 'sext' 'sext_ln69_3' <Predicate = true> <Delay = 0.00>
ST_1 : Operation 57 [1/1] (2.07ns)   --->   "%add_ln69_11 = add i16 %d_i_11_read, i16 %add_ln69_3" [array_io.c:69]   --->   Operation 57 'add' 'add_ln69_11' <Predicate = true> <Delay = 2.07> <CoreInst = "Adder">   --->   Core 1 'Adder' <Latency = 0> <II = 1> <Delay = 2.07> <FuncUnit> <Opcode : 'add' 'sub'> <InPorts = 2> <OutPorts = 1>
ST_1 : Operation 58 [1/1] (0.00ns)   --->   "%write_ln69 = write void @_ssdm_op_Write.ap_auto.volatile.i16P0A, i16 %d_o_11, i16 %add_ln69_11" [array_io.c:69]   --->   Operation 58 'write' 'write_ln69' <Predicate = true> <Delay = 0.00>
ST_1 : Operation 59 [1/1] (0.00ns)   --->   "%d_i_12_read = read i16 @_ssdm_op_Read.ap_auto.i16P0A, i16 %d_i_12" [array_io.c:67]   --->   Operation 59 'read' 'd_i_12_read' <Predicate = true> <Delay = 0.00>
ST_1 : Operation 60 [1/1] (0.00ns)   --->   "%sext_ln69_4 = sext i16 %d_i_12_read" [array_io.c:69]   --->   Operation 60 'sext' 'sext_ln69_4' <Predicate = true> <Delay = 0.00>
ST_1 : Operation 61 [1/1] (2.07ns)   --->   "%add_ln69_12 = add i16 %d_i_12_read, i16 %add_ln69_4" [array_io.c:69]   --->   Operation 61 'add' 'add_ln69_12' <Predicate = true> <Delay = 2.07> <CoreInst = "Adder">   --->   Core 1 'Adder' <Latency = 0> <II = 1> <Delay = 2.07> <FuncUnit> <Opcode : 'add' 'sub'> <InPorts = 2> <OutPorts = 1>
ST_1 : Operation 62 [1/1] (0.00ns)   --->   "%write_ln69 = write void @_ssdm_op_Write.ap_auto.volatile.i16P0A, i16 %d_o_12, i16 %add_ln69_12" [array_io.c:69]   --->   Operation 62 'write' 'write_ln69' <Predicate = true> <Delay = 0.00>
ST_1 : Operation 63 [1/1] (0.00ns)   --->   "%d_i_13_read = read i16 @_ssdm_op_Read.ap_auto.i16P0A, i16 %d_i_13" [array_io.c:67]   --->   Operation 63 'read' 'd_i_13_read' <Predicate = true> <Delay = 0.00>
ST_1 : Operation 64 [1/1] (0.00ns)   --->   "%sext_ln69_5 = sext i16 %d_i_13_read" [array_io.c:69]   --->   Operation 64 'sext' 'sext_ln69_5' <Predicate = true> <Delay = 0.00>
ST_1 : Operation 65 [1/1] (2.07ns)   --->   "%add_ln69_13 = add i16 %d_i_13_read, i16 %add_ln69_5" [array_io.c:69]   --->   Operation 65 'add' 'add_ln69_13' <Predicate = true> <Delay = 2.07> <CoreInst = "Adder">   --->   Core 1 'Adder' <Latency = 0> <II = 1> <Delay = 2.07> <FuncUnit> <Opcode : 'add' 'sub'> <InPorts = 2> <OutPorts = 1>
ST_1 : Operation 66 [1/1] (0.00ns)   --->   "%write_ln69 = write void @_ssdm_op_Write.ap_auto.volatile.i16P0A, i16 %d_o_13, i16 %add_ln69_13" [array_io.c:69]   --->   Operation 66 'write' 'write_ln69' <Predicate = true> <Delay = 0.00>
ST_1 : Operation 67 [1/1] (0.00ns)   --->   "%d_i_14_read = read i16 @_ssdm_op_Read.ap_auto.i16P0A, i16 %d_i_14" [array_io.c:67]   --->   Operation 67 'read' 'd_i_14_read' <Predicate = true> <Delay = 0.00>
ST_1 : Operation 68 [1/1] (0.00ns)   --->   "%sext_ln69_6 = sext i16 %d_i_14_read" [array_io.c:69]   --->   Operation 68 'sext' 'sext_ln69_6' <Predicate = true> <Delay = 0.00>
ST_1 : Operation 69 [1/1] (2.07ns)   --->   "%add_ln69_14 = add i16 %d_i_14_read, i16 %add_ln69_6" [array_io.c:69]   --->   Operation 69 'add' 'add_ln69_14' <Predicate = true> <Delay = 2.07> <CoreInst = "Adder">   --->   Core 1 'Adder' <Latency = 0> <II = 1> <Delay = 2.07> <FuncUnit> <Opcode : 'add' 'sub'> <InPorts = 2> <OutPorts = 1>
ST_1 : Operation 70 [1/1] (0.00ns)   --->   "%write_ln69 = write void @_ssdm_op_Write.ap_auto.volatile.i16P0A, i16 %d_o_14, i16 %add_ln69_14" [array_io.c:69]   --->   Operation 70 'write' 'write_ln69' <Predicate = true> <Delay = 0.00>
ST_1 : Operation 71 [1/1] (0.00ns)   --->   "%d_i_15_read = read i16 @_ssdm_op_Read.ap_auto.i16P0A, i16 %d_i_15" [array_io.c:67]   --->   Operation 71 'read' 'd_i_15_read' <Predicate = true> <Delay = 0.00>
ST_1 : Operation 72 [1/1] (0.00ns)   --->   "%sext_ln69_7 = sext i16 %d_i_15_read" [array_io.c:69]   --->   Operation 72 'sext' 'sext_ln69_7' <Predicate = true> <Delay = 0.00>
ST_1 : Operation 73 [1/1] (2.07ns)   --->   "%add_ln69_15 = add i16 %d_i_15_read, i16 %add_ln69_7" [array_io.c:69]   --->   Operation 73 'add' 'add_ln69_15' <Predicate = true> <Delay = 2.07> <CoreInst = "Adder">   --->   Core 1 'Adder' <Latency = 0> <II = 1> <Delay = 2.07> <FuncUnit> <Opcode : 'add' 'sub'> <InPorts = 2> <OutPorts = 1>
ST_1 : Operation 74 [1/1] (0.00ns)   --->   "%write_ln69 = write void @_ssdm_op_Write.ap_auto.volatile.i16P0A, i16 %d_o_15, i16 %add_ln69_15" [array_io.c:69]   --->   Operation 74 'write' 'write_ln69' <Predicate = true> <Delay = 0.00>
ST_1 : Operation 75 [1/1] (0.00ns)   --->   "%d_i_16_read = read i16 @_ssdm_op_Read.ap_auto.i16P0A, i16 %d_i_16" [array_io.c:67]   --->   Operation 75 'read' 'd_i_16_read' <Predicate = true> <Delay = 0.00>
ST_1 : Operation 76 [1/1] (0.00ns)   --->   "%sext_ln69_8 = sext i16 %d_i_16_read" [array_io.c:69]   --->   Operation 76 'sext' 'sext_ln69_8' <Predicate = true> <Delay = 0.00>
ST_1 : Operation 77 [1/1] (2.07ns)   --->   "%add_ln69_16 = add i16 %d_i_16_read, i16 %add_ln69_8" [array_io.c:69]   --->   Operation 77 'add' 'add_ln69_16' <Predicate = true> <Delay = 2.07> <CoreInst = "Adder">   --->   Core 1 'Adder' <Latency = 0> <II = 1> <Delay = 2.07> <FuncUnit> <Opcode : 'add' 'sub'> <InPorts = 2> <OutPorts = 1>
ST_1 : Operation 78 [1/1] (0.00ns)   --->   "%write_ln69 = write void @_ssdm_op_Write.ap_auto.volatile.i16P0A, i16 %d_o_16, i16 %add_ln69_16" [array_io.c:69]   --->   Operation 78 'write' 'write_ln69' <Predicate = true> <Delay = 0.00>
ST_1 : Operation 79 [1/1] (0.00ns)   --->   "%d_i_17_read = read i16 @_ssdm_op_Read.ap_auto.i16P0A, i16 %d_i_17" [array_io.c:67]   --->   Operation 79 'read' 'd_i_17_read' <Predicate = true> <Delay = 0.00>
ST_1 : Operation 80 [1/1] (0.00ns)   --->   "%sext_ln69_9 = sext i16 %d_i_17_read" [array_io.c:69]   --->   Operation 80 'sext' 'sext_ln69_9' <Predicate = true> <Delay = 0.00>
ST_1 : Operation 81 [1/1] (2.07ns)   --->   "%add_ln69_17 = add i16 %d_i_17_read, i16 %add_ln69_9" [array_io.c:69]   --->   Operation 81 'add' 'add_ln69_17' <Predicate = true> <Delay = 2.07> <CoreInst = "Adder">   --->   Core 1 'Adder' <Latency = 0> <II = 1> <Delay = 2.07> <FuncUnit> <Opcode : 'add' 'sub'> <InPorts = 2> <OutPorts = 1>
ST_1 : Operation 82 [1/1] (0.00ns)   --->   "%write_ln69 = write void @_ssdm_op_Write.ap_auto.volatile.i16P0A, i16 %d_o_17, i16 %add_ln69_17" [array_io.c:69]   --->   Operation 82 'write' 'write_ln69' <Predicate = true> <Delay = 0.00>
ST_1 : Operation 83 [1/1] (0.00ns)   --->   "%d_i_18_read = read i16 @_ssdm_op_Read.ap_auto.i16P0A, i16 %d_i_18" [array_io.c:67]   --->   Operation 83 'read' 'd_i_18_read' <Predicate = true> <Delay = 0.00>
ST_1 : Operation 84 [1/1] (0.00ns)   --->   "%sext_ln69_10 = sext i16 %d_i_18_read" [array_io.c:69]   --->   Operation 84 'sext' 'sext_ln69_10' <Predicate = true> <Delay = 0.00>
ST_1 : Operation 85 [1/1] (2.07ns)   --->   "%add_ln69_18 = add i16 %d_i_18_read, i16 %add_ln69_10" [array_io.c:69]   --->   Operation 85 'add' 'add_ln69_18' <Predicate = true> <Delay = 2.07> <CoreInst = "Adder">   --->   Core 1 'Adder' <Latency = 0> <II = 1> <Delay = 2.07> <FuncUnit> <Opcode : 'add' 'sub'> <InPorts = 2> <OutPorts = 1>
ST_1 : Operation 86 [1/1] (0.00ns)   --->   "%write_ln69 = write void @_ssdm_op_Write.ap_auto.volatile.i16P0A, i16 %d_o_18, i16 %add_ln69_18" [array_io.c:69]   --->   Operation 86 'write' 'write_ln69' <Predicate = true> <Delay = 0.00>
ST_1 : Operation 87 [1/1] (0.00ns)   --->   "%d_i_19_read = read i16 @_ssdm_op_Read.ap_auto.i16P0A, i16 %d_i_19" [array_io.c:67]   --->   Operation 87 'read' 'd_i_19_read' <Predicate = true> <Delay = 0.00>
ST_1 : Operation 88 [1/1] (0.00ns)   --->   "%sext_ln69_11 = sext i16 %d_i_19_read" [array_io.c:69]   --->   Operation 88 'sext' 'sext_ln69_11' <Predicate = true> <Delay = 0.00>
ST_1 : Operation 89 [1/1] (2.07ns)   --->   "%add_ln69_19 = add i16 %d_i_19_read, i16 %add_ln69_11" [array_io.c:69]   --->   Operation 89 'add' 'add_ln69_19' <Predicate = true> <Delay = 2.07> <CoreInst = "Adder">   --->   Core 1 'Adder' <Latency = 0> <II = 1> <Delay = 2.07> <FuncUnit> <Opcode : 'add' 'sub'> <InPorts = 2> <OutPorts = 1>
ST_1 : Operation 90 [1/1] (0.00ns)   --->   "%write_ln69 = write void @_ssdm_op_Write.ap_auto.volatile.i16P0A, i16 %d_o_19, i16 %add_ln69_19" [array_io.c:69]   --->   Operation 90 'write' 'write_ln69' <Predicate = true> <Delay = 0.00>
ST_1 : Operation 91 [1/1] (0.00ns)   --->   "%d_i_20_read = read i16 @_ssdm_op_Read.ap_auto.i16P0A, i16 %d_i_20" [array_io.c:67]   --->   Operation 91 'read' 'd_i_20_read' <Predicate = true> <Delay = 0.00>
ST_1 : Operation 92 [1/1] (0.00ns)   --->   "%sext_ln69_12 = sext i16 %d_i_20_read" [array_io.c:69]   --->   Operation 92 'sext' 'sext_ln69_12' <Predicate = true> <Delay = 0.00>
ST_1 : Operation 93 [1/1] (2.07ns)   --->   "%add_ln69_20 = add i16 %d_i_20_read, i16 %add_ln69_12" [array_io.c:69]   --->   Operation 93 'add' 'add_ln69_20' <Predicate = true> <Delay = 2.07> <CoreInst = "Adder">   --->   Core 1 'Adder' <Latency = 0> <II = 1> <Delay = 2.07> <FuncUnit> <Opcode : 'add' 'sub'> <InPorts = 2> <OutPorts = 1>
ST_1 : Operation 94 [1/1] (0.00ns)   --->   "%write_ln69 = write void @_ssdm_op_Write.ap_auto.volatile.i16P0A, i16 %d_o_20, i16 %add_ln69_20" [array_io.c:69]   --->   Operation 94 'write' 'write_ln69' <Predicate = true> <Delay = 0.00>
ST_1 : Operation 95 [1/1] (0.00ns)   --->   "%d_i_21_read = read i16 @_ssdm_op_Read.ap_auto.i16P0A, i16 %d_i_21" [array_io.c:67]   --->   Operation 95 'read' 'd_i_21_read' <Predicate = true> <Delay = 0.00>
ST_1 : Operation 96 [1/1] (0.00ns)   --->   "%sext_ln69_13 = sext i16 %d_i_21_read" [array_io.c:69]   --->   Operation 96 'sext' 'sext_ln69_13' <Predicate = true> <Delay = 0.00>
ST_1 : Operation 97 [1/1] (2.07ns)   --->   "%add_ln69_21 = add i16 %d_i_21_read, i16 %add_ln69_13" [array_io.c:69]   --->   Operation 97 'add' 'add_ln69_21' <Predicate = true> <Delay = 2.07> <CoreInst = "Adder">   --->   Core 1 'Adder' <Latency = 0> <II = 1> <Delay = 2.07> <FuncUnit> <Opcode : 'add' 'sub'> <InPorts = 2> <OutPorts = 1>
ST_1 : Operation 98 [1/1] (0.00ns)   --->   "%write_ln69 = write void @_ssdm_op_Write.ap_auto.volatile.i16P0A, i16 %d_o_21, i16 %add_ln69_21" [array_io.c:69]   --->   Operation 98 'write' 'write_ln69' <Predicate = true> <Delay = 0.00>
ST_1 : Operation 99 [1/1] (0.00ns)   --->   "%d_i_22_read = read i16 @_ssdm_op_Read.ap_auto.i16P0A, i16 %d_i_22" [array_io.c:67]   --->   Operation 99 'read' 'd_i_22_read' <Predicate = true> <Delay = 0.00>
ST_1 : Operation 100 [1/1] (0.00ns)   --->   "%sext_ln69_14 = sext i16 %d_i_22_read" [array_io.c:69]   --->   Operation 100 'sext' 'sext_ln69_14' <Predicate = true> <Delay = 0.00>
ST_1 : Operation 101 [1/1] (2.07ns)   --->   "%add_ln69_22 = add i16 %d_i_22_read, i16 %add_ln69_14" [array_io.c:69]   --->   Operation 101 'add' 'add_ln69_22' <Predicate = true> <Delay = 2.07> <CoreInst = "Adder">   --->   Core 1 'Adder' <Latency = 0> <II = 1> <Delay = 2.07> <FuncUnit> <Opcode : 'add' 'sub'> <InPorts = 2> <OutPorts = 1>
ST_1 : Operation 102 [1/1] (0.00ns)   --->   "%write_ln69 = write void @_ssdm_op_Write.ap_auto.volatile.i16P0A, i16 %d_o_22, i16 %add_ln69_22" [array_io.c:69]   --->   Operation 102 'write' 'write_ln69' <Predicate = true> <Delay = 0.00>
ST_1 : Operation 103 [1/1] (0.00ns)   --->   "%d_i_23_read = read i16 @_ssdm_op_Read.ap_auto.i16P0A, i16 %d_i_23" [array_io.c:67]   --->   Operation 103 'read' 'd_i_23_read' <Predicate = true> <Delay = 0.00>
ST_1 : Operation 104 [1/1] (0.00ns)   --->   "%sext_ln69_15 = sext i16 %d_i_23_read" [array_io.c:69]   --->   Operation 104 'sext' 'sext_ln69_15' <Predicate = true> <Delay = 0.00>
ST_1 : Operation 105 [1/1] (2.07ns)   --->   "%add_ln69_23 = add i16 %d_i_23_read, i16 %add_ln69_15" [array_io.c:69]   --->   Operation 105 'add' 'add_ln69_23' <Predicate = true> <Delay = 2.07> <CoreInst = "Adder">   --->   Core 1 'Adder' <Latency = 0> <II = 1> <Delay = 2.07> <FuncUnit> <Opcode : 'add' 'sub'> <InPorts = 2> <OutPorts = 1>
ST_1 : Operation 106 [1/1] (0.00ns)   --->   "%write_ln69 = write void @_ssdm_op_Write.ap_auto.volatile.i16P0A, i16 %d_o_23, i16 %add_ln69_23" [array_io.c:69]   --->   Operation 106 'write' 'write_ln69' <Predicate = true> <Delay = 0.00>
ST_1 : Operation 107 [1/1] (0.00ns)   --->   "%d_i_24_read = read i16 @_ssdm_op_Read.ap_auto.i16P0A, i16 %d_i_24" [array_io.c:67]   --->   Operation 107 'read' 'd_i_24_read' <Predicate = true> <Delay = 0.00>
ST_1 : Operation 108 [1/1] (0.00ns)   --->   "%sext_ln67_8 = sext i16 %d_i_24_read" [array_io.c:67]   --->   Operation 108 'sext' 'sext_ln67_8' <Predicate = true> <Delay = 0.00>
ST_1 : Operation 109 [1/1] (2.07ns)   --->   "%add_ln67_1 = add i17 %sext_ln69_8, i17 %sext_ln67_8" [array_io.c:67]   --->   Operation 109 'add' 'add_ln67_1' <Predicate = true> <Delay = 2.07> <CoreInst = "Adder">   --->   Core 1 'Adder' <Latency = 0> <II = 1> <Delay = 2.07> <FuncUnit> <Opcode : 'add' 'sub'> <InPorts = 2> <OutPorts = 1>
ST_1 : Operation 110 [1/1] (0.00ns)   --->   "%sext_ln67_9 = sext i17 %add_ln67_1" [array_io.c:67]   --->   Operation 110 'sext' 'sext_ln67_9' <Predicate = true> <Delay = 0.00>
ST_1 : Operation 111 [1/1] (2.10ns)   --->   "%add_ln67_2 = add i18 %sext_ln67_9, i18 %sext_ln69" [array_io.c:67]   --->   Operation 111 'add' 'add_ln67_2' <Predicate = true> <Delay = 2.10> <CoreInst = "Adder">   --->   Core 1 'Adder' <Latency = 0> <II = 1> <Delay = 2.10> <FuncUnit> <Opcode : 'add' 'sub'> <InPorts = 2> <OutPorts = 1>
ST_1 : Operation 112 [1/1] (0.00ns)   --->   "%d_i_25_read = read i16 @_ssdm_op_Read.ap_auto.i16P0A, i16 %d_i_25" [array_io.c:67]   --->   Operation 112 'read' 'd_i_25_read' <Predicate = true> <Delay = 0.00>
ST_1 : Operation 113 [1/1] (0.00ns)   --->   "%sext_ln67_11 = sext i16 %d_i_25_read" [array_io.c:67]   --->   Operation 113 'sext' 'sext_ln67_11' <Predicate = true> <Delay = 0.00>
ST_1 : Operation 114 [1/1] (2.07ns)   --->   "%add_ln67_5 = add i17 %sext_ln69_9, i17 %sext_ln67_11" [array_io.c:67]   --->   Operation 114 'add' 'add_ln67_5' <Predicate = true> <Delay = 2.07> <CoreInst = "Adder">   --->   Core 1 'Adder' <Latency = 0> <II = 1> <Delay = 2.07> <FuncUnit> <Opcode : 'add' 'sub'> <InPorts = 2> <OutPorts = 1>
ST_1 : Operation 115 [1/1] (0.00ns)   --->   "%sext_ln67_12 = sext i17 %add_ln67_5" [array_io.c:67]   --->   Operation 115 'sext' 'sext_ln67_12' <Predicate = true> <Delay = 0.00>
ST_1 : Operation 116 [1/1] (2.10ns)   --->   "%add_ln67_6 = add i18 %sext_ln67_12, i18 %sext_ln69_1" [array_io.c:67]   --->   Operation 116 'add' 'add_ln67_6' <Predicate = true> <Delay = 2.10> <CoreInst = "Adder">   --->   Core 1 'Adder' <Latency = 0> <II = 1> <Delay = 2.10> <FuncUnit> <Opcode : 'add' 'sub'> <InPorts = 2> <OutPorts = 1>
ST_1 : Operation 117 [1/1] (0.00ns)   --->   "%d_i_26_read = read i16 @_ssdm_op_Read.ap_auto.i16P0A, i16 %d_i_26" [array_io.c:67]   --->   Operation 117 'read' 'd_i_26_read' <Predicate = true> <Delay = 0.00>
ST_1 : Operation 118 [1/1] (0.00ns)   --->   "%sext_ln67_14 = sext i16 %d_i_26_read" [array_io.c:67]   --->   Operation 118 'sext' 'sext_ln67_14' <Predicate = true> <Delay = 0.00>
ST_1 : Operation 119 [1/1] (2.07ns)   --->   "%add_ln67_9 = add i17 %sext_ln69_10, i17 %sext_ln67_14" [array_io.c:67]   --->   Operation 119 'add' 'add_ln67_9' <Predicate = true> <Delay = 2.07> <CoreInst = "Adder">   --->   Core 1 'Adder' <Latency = 0> <II = 1> <Delay = 2.07> <FuncUnit> <Opcode : 'add' 'sub'> <InPorts = 2> <OutPorts = 1>
ST_1 : Operation 120 [1/1] (0.00ns)   --->   "%sext_ln67_15 = sext i17 %add_ln67_9" [array_io.c:67]   --->   Operation 120 'sext' 'sext_ln67_15' <Predicate = true> <Delay = 0.00>
ST_1 : Operation 121 [1/1] (2.10ns)   --->   "%add_ln67_10 = add i18 %sext_ln67_15, i18 %sext_ln69_2" [array_io.c:67]   --->   Operation 121 'add' 'add_ln67_10' <Predicate = true> <Delay = 2.10> <CoreInst = "Adder">   --->   Core 1 'Adder' <Latency = 0> <II = 1> <Delay = 2.10> <FuncUnit> <Opcode : 'add' 'sub'> <InPorts = 2> <OutPorts = 1>
ST_1 : Operation 122 [1/1] (0.00ns)   --->   "%d_i_27_read = read i16 @_ssdm_op_Read.ap_auto.i16P0A, i16 %d_i_27" [array_io.c:67]   --->   Operation 122 'read' 'd_i_27_read' <Predicate = true> <Delay = 0.00>
ST_1 : Operation 123 [1/1] (0.00ns)   --->   "%sext_ln67_17 = sext i16 %d_i_27_read" [array_io.c:67]   --->   Operation 123 'sext' 'sext_ln67_17' <Predicate = true> <Delay = 0.00>
ST_1 : Operation 124 [1/1] (2.07ns)   --->   "%add_ln67_13 = add i17 %sext_ln69_11, i17 %sext_ln67_17" [array_io.c:67]   --->   Operation 124 'add' 'add_ln67_13' <Predicate = true> <Delay = 2.07> <CoreInst = "Adder">   --->   Core 1 'Adder' <Latency = 0> <II = 1> <Delay = 2.07> <FuncUnit> <Opcode : 'add' 'sub'> <InPorts = 2> <OutPorts = 1>
ST_1 : Operation 125 [1/1] (0.00ns)   --->   "%sext_ln67_18 = sext i17 %add_ln67_13" [array_io.c:67]   --->   Operation 125 'sext' 'sext_ln67_18' <Predicate = true> <Delay = 0.00>
ST_1 : Operation 126 [1/1] (2.10ns)   --->   "%add_ln67_14 = add i18 %sext_ln67_18, i18 %sext_ln69_3" [array_io.c:67]   --->   Operation 126 'add' 'add_ln67_14' <Predicate = true> <Delay = 2.10> <CoreInst = "Adder">   --->   Core 1 'Adder' <Latency = 0> <II = 1> <Delay = 2.10> <FuncUnit> <Opcode : 'add' 'sub'> <InPorts = 2> <OutPorts = 1>
ST_1 : Operation 127 [1/1] (0.00ns)   --->   "%d_i_28_read = read i16 @_ssdm_op_Read.ap_auto.i16P0A, i16 %d_i_28" [array_io.c:67]   --->   Operation 127 'read' 'd_i_28_read' <Predicate = true> <Delay = 0.00>
ST_1 : Operation 128 [1/1] (0.00ns)   --->   "%sext_ln67_20 = sext i16 %d_i_28_read" [array_io.c:67]   --->   Operation 128 'sext' 'sext_ln67_20' <Predicate = true> <Delay = 0.00>
ST_1 : Operation 129 [1/1] (2.07ns)   --->   "%add_ln67_17 = add i17 %sext_ln69_12, i17 %sext_ln67_20" [array_io.c:67]   --->   Operation 129 'add' 'add_ln67_17' <Predicate = true> <Delay = 2.07> <CoreInst = "Adder">   --->   Core 1 'Adder' <Latency = 0> <II = 1> <Delay = 2.07> <FuncUnit> <Opcode : 'add' 'sub'> <InPorts = 2> <OutPorts = 1>
ST_1 : Operation 130 [1/1] (0.00ns)   --->   "%sext_ln67_21 = sext i17 %add_ln67_17" [array_io.c:67]   --->   Operation 130 'sext' 'sext_ln67_21' <Predicate = true> <Delay = 0.00>
ST_1 : Operation 131 [1/1] (2.10ns)   --->   "%add_ln67_18 = add i18 %sext_ln67_21, i18 %sext_ln69_4" [array_io.c:67]   --->   Operation 131 'add' 'add_ln67_18' <Predicate = true> <Delay = 2.10> <CoreInst = "Adder">   --->   Core 1 'Adder' <Latency = 0> <II = 1> <Delay = 2.10> <FuncUnit> <Opcode : 'add' 'sub'> <InPorts = 2> <OutPorts = 1>
ST_1 : Operation 132 [1/1] (0.00ns)   --->   "%d_i_29_read = read i16 @_ssdm_op_Read.ap_auto.i16P0A, i16 %d_i_29" [array_io.c:67]   --->   Operation 132 'read' 'd_i_29_read' <Predicate = true> <Delay = 0.00>
ST_1 : Operation 133 [1/1] (0.00ns)   --->   "%sext_ln67_23 = sext i16 %d_i_29_read" [array_io.c:67]   --->   Operation 133 'sext' 'sext_ln67_23' <Predicate = true> <Delay = 0.00>
ST_1 : Operation 134 [1/1] (2.07ns)   --->   "%add_ln67_21 = add i17 %sext_ln69_13, i17 %sext_ln67_23" [array_io.c:67]   --->   Operation 134 'add' 'add_ln67_21' <Predicate = true> <Delay = 2.07> <CoreInst = "Adder">   --->   Core 1 'Adder' <Latency = 0> <II = 1> <Delay = 2.07> <FuncUnit> <Opcode : 'add' 'sub'> <InPorts = 2> <OutPorts = 1>
ST_1 : Operation 135 [1/1] (0.00ns)   --->   "%sext_ln67_24 = sext i17 %add_ln67_21" [array_io.c:67]   --->   Operation 135 'sext' 'sext_ln67_24' <Predicate = true> <Delay = 0.00>
ST_1 : Operation 136 [1/1] (2.10ns)   --->   "%add_ln67_22 = add i18 %sext_ln67_24, i18 %sext_ln69_5" [array_io.c:67]   --->   Operation 136 'add' 'add_ln67_22' <Predicate = true> <Delay = 2.10> <CoreInst = "Adder">   --->   Core 1 'Adder' <Latency = 0> <II = 1> <Delay = 2.10> <FuncUnit> <Opcode : 'add' 'sub'> <InPorts = 2> <OutPorts = 1>
ST_1 : Operation 137 [1/1] (0.00ns)   --->   "%d_i_30_read = read i16 @_ssdm_op_Read.ap_auto.i16P0A, i16 %d_i_30" [array_io.c:67]   --->   Operation 137 'read' 'd_i_30_read' <Predicate = true> <Delay = 0.00>
ST_1 : Operation 138 [1/1] (0.00ns)   --->   "%sext_ln67_26 = sext i16 %d_i_30_read" [array_io.c:67]   --->   Operation 138 'sext' 'sext_ln67_26' <Predicate = true> <Delay = 0.00>
ST_1 : Operation 139 [1/1] (2.07ns)   --->   "%add_ln67_25 = add i17 %sext_ln69_14, i17 %sext_ln67_26" [array_io.c:67]   --->   Operation 139 'add' 'add_ln67_25' <Predicate = true> <Delay = 2.07> <CoreInst = "Adder">   --->   Core 1 'Adder' <Latency = 0> <II = 1> <Delay = 2.07> <FuncUnit> <Opcode : 'add' 'sub'> <InPorts = 2> <OutPorts = 1>
ST_1 : Operation 140 [1/1] (0.00ns)   --->   "%sext_ln67_27 = sext i17 %add_ln67_25" [array_io.c:67]   --->   Operation 140 'sext' 'sext_ln67_27' <Predicate = true> <Delay = 0.00>
ST_1 : Operation 141 [1/1] (2.10ns)   --->   "%add_ln67_26 = add i18 %sext_ln67_27, i18 %sext_ln69_6" [array_io.c:67]   --->   Operation 141 'add' 'add_ln67_26' <Predicate = true> <Delay = 2.10> <CoreInst = "Adder">   --->   Core 1 'Adder' <Latency = 0> <II = 1> <Delay = 2.10> <FuncUnit> <Opcode : 'add' 'sub'> <InPorts = 2> <OutPorts = 1>
ST_1 : Operation 142 [1/1] (0.00ns)   --->   "%d_i_31_read = read i16 @_ssdm_op_Read.ap_auto.i16P0A, i16 %d_i_31" [array_io.c:67]   --->   Operation 142 'read' 'd_i_31_read' <Predicate = true> <Delay = 0.00>
ST_1 : Operation 143 [1/1] (0.00ns)   --->   "%sext_ln67_29 = sext i16 %d_i_31_read" [array_io.c:67]   --->   Operation 143 'sext' 'sext_ln67_29' <Predicate = true> <Delay = 0.00>
ST_1 : Operation 144 [1/1] (2.07ns)   --->   "%add_ln67_29 = add i17 %sext_ln69_15, i17 %sext_ln67_29" [array_io.c:67]   --->   Operation 144 'add' 'add_ln67_29' <Predicate = true> <Delay = 2.07> <CoreInst = "Adder">   --->   Core 1 'Adder' <Latency = 0> <II = 1> <Delay = 2.07> <FuncUnit> <Opcode : 'add' 'sub'> <InPorts = 2> <OutPorts = 1>
ST_1 : Operation 145 [1/1] (0.00ns)   --->   "%sext_ln67_30 = sext i17 %add_ln67_29" [array_io.c:67]   --->   Operation 145 'sext' 'sext_ln67_30' <Predicate = true> <Delay = 0.00>
ST_1 : Operation 146 [1/1] (2.10ns)   --->   "%add_ln67_30 = add i18 %sext_ln67_30, i18 %sext_ln69_7" [array_io.c:67]   --->   Operation 146 'add' 'add_ln67_30' <Predicate = true> <Delay = 2.10> <CoreInst = "Adder">   --->   Core 1 'Adder' <Latency = 0> <II = 1> <Delay = 2.10> <FuncUnit> <Opcode : 'add' 'sub'> <InPorts = 2> <OutPorts = 1>

State 2 <SV = 1> <Delay = 4.37>
ST_2 : Operation 147 [1/1] (0.00ns)   --->   "%spectopmodule_ln57 = spectopmodule void @_ssdm_op_SpecTopModule, void @empty_1" [array_io.c:57]   --->   Operation 147 'spectopmodule' 'spectopmodule_ln57' <Predicate = true> <Delay = 0.00>
ST_2 : Operation 148 [1/1] (0.00ns)   --->   "%specbitsmap_ln0 = specbitsmap void @_ssdm_op_SpecBitsMap, i16 %d_o_0"   --->   Operation 148 'specbitsmap' 'specbitsmap_ln0' <Predicate = true> <Delay = 0.00>
ST_2 : Operation 149 [1/1] (0.00ns)   --->   "%specinterface_ln0 = specinterface void @_ssdm_op_SpecInterface, i16 %d_o_0, void @empty, i32 0, i32 0, void @empty_0, i32 0, i32 0, void @empty_0, void @empty_0, void @empty_0, i32 0, i32 0, i32 0, i32 0, void @empty_0, void @empty_0, i32 4294967295, i32 0"   --->   Operation 149 'specinterface' 'specinterface_ln0' <Predicate = true> <Delay = 0.00>
ST_2 : Operation 150 [1/1] (0.00ns)   --->   "%specbitsmap_ln0 = specbitsmap void @_ssdm_op_SpecBitsMap, i16 %d_o_1"   --->   Operation 150 'specbitsmap' 'specbitsmap_ln0' <Predicate = true> <Delay = 0.00>
ST_2 : Operation 151 [1/1] (0.00ns)   --->   "%specinterface_ln0 = specinterface void @_ssdm_op_SpecInterface, i16 %d_o_1, void @empty, i32 0, i32 0, void @empty_0, i32 0, i32 0, void @empty_0, void @empty_0, void @empty_0, i32 0, i32 0, i32 0, i32 0, void @empty_0, void @empty_0, i32 4294967295, i32 0"   --->   Operation 151 'specinterface' 'specinterface_ln0' <Predicate = true> <Delay = 0.00>
ST_2 : Operation 152 [1/1] (0.00ns)   --->   "%specbitsmap_ln0 = specbitsmap void @_ssdm_op_SpecBitsMap, i16 %d_o_2"   --->   Operation 152 'specbitsmap' 'specbitsmap_ln0' <Predicate = true> <Delay = 0.00>
ST_2 : Operation 153 [1/1] (0.00ns)   --->   "%specinterface_ln0 = specinterface void @_ssdm_op_SpecInterface, i16 %d_o_2, void @empty, i32 0, i32 0, void @empty_0, i32 0, i32 0, void @empty_0, void @empty_0, void @empty_0, i32 0, i32 0, i32 0, i32 0, void @empty_0, void @empty_0, i32 4294967295, i32 0"   --->   Operation 153 'specinterface' 'specinterface_ln0' <Predicate = true> <Delay = 0.00>
ST_2 : Operation 154 [1/1] (0.00ns)   --->   "%specbitsmap_ln0 = specbitsmap void @_ssdm_op_SpecBitsMap, i16 %d_o_3"   --->   Operation 154 'specbitsmap' 'specbitsmap_ln0' <Predicate = true> <Delay = 0.00>
ST_2 : Operation 155 [1/1] (0.00ns)   --->   "%specinterface_ln0 = specinterface void @_ssdm_op_SpecInterface, i16 %d_o_3, void @empty, i32 0, i32 0, void @empty_0, i32 0, i32 0, void @empty_0, void @empty_0, void @empty_0, i32 0, i32 0, i32 0, i32 0, void @empty_0, void @empty_0, i32 4294967295, i32 0"   --->   Operation 155 'specinterface' 'specinterface_ln0' <Predicate = true> <Delay = 0.00>
ST_2 : Operation 156 [1/1] (0.00ns)   --->   "%specbitsmap_ln0 = specbitsmap void @_ssdm_op_SpecBitsMap, i16 %d_o_4"   --->   Operation 156 'specbitsmap' 'specbitsmap_ln0' <Predicate = true> <Delay = 0.00>
ST_2 : Operation 157 [1/1] (0.00ns)   --->   "%specinterface_ln0 = specinterface void @_ssdm_op_SpecInterface, i16 %d_o_4, void @empty, i32 0, i32 0, void @empty_0, i32 0, i32 0, void @empty_0, void @empty_0, void @empty_0, i32 0, i32 0, i32 0, i32 0, void @empty_0, void @empty_0, i32 4294967295, i32 0"   --->   Operation 157 'specinterface' 'specinterface_ln0' <Predicate = true> <Delay = 0.00>
ST_2 : Operation 158 [1/1] (0.00ns)   --->   "%specbitsmap_ln0 = specbitsmap void @_ssdm_op_SpecBitsMap, i16 %d_o_5"   --->   Operation 158 'specbitsmap' 'specbitsmap_ln0' <Predicate = true> <Delay = 0.00>
ST_2 : Operation 159 [1/1] (0.00ns)   --->   "%specinterface_ln0 = specinterface void @_ssdm_op_SpecInterface, i16 %d_o_5, void @empty, i32 0, i32 0, void @empty_0, i32 0, i32 0, void @empty_0, void @empty_0, void @empty_0, i32 0, i32 0, i32 0, i32 0, void @empty_0, void @empty_0, i32 4294967295, i32 0"   --->   Operation 159 'specinterface' 'specinterface_ln0' <Predicate = true> <Delay = 0.00>
ST_2 : Operation 160 [1/1] (0.00ns)   --->   "%specbitsmap_ln0 = specbitsmap void @_ssdm_op_SpecBitsMap, i16 %d_o_6"   --->   Operation 160 'specbitsmap' 'specbitsmap_ln0' <Predicate = true> <Delay = 0.00>
ST_2 : Operation 161 [1/1] (0.00ns)   --->   "%specinterface_ln0 = specinterface void @_ssdm_op_SpecInterface, i16 %d_o_6, void @empty, i32 0, i32 0, void @empty_0, i32 0, i32 0, void @empty_0, void @empty_0, void @empty_0, i32 0, i32 0, i32 0, i32 0, void @empty_0, void @empty_0, i32 4294967295, i32 0"   --->   Operation 161 'specinterface' 'specinterface_ln0' <Predicate = true> <Delay = 0.00>
ST_2 : Operation 162 [1/1] (0.00ns)   --->   "%specbitsmap_ln0 = specbitsmap void @_ssdm_op_SpecBitsMap, i16 %d_o_7"   --->   Operation 162 'specbitsmap' 'specbitsmap_ln0' <Predicate = true> <Delay = 0.00>
ST_2 : Operation 163 [1/1] (0.00ns)   --->   "%specinterface_ln0 = specinterface void @_ssdm_op_SpecInterface, i16 %d_o_7, void @empty, i32 0, i32 0, void @empty_0, i32 0, i32 0, void @empty_0, void @empty_0, void @empty_0, i32 0, i32 0, i32 0, i32 0, void @empty_0, void @empty_0, i32 4294967295, i32 0"   --->   Operation 163 'specinterface' 'specinterface_ln0' <Predicate = true> <Delay = 0.00>
ST_2 : Operation 164 [1/1] (0.00ns)   --->   "%specbitsmap_ln0 = specbitsmap void @_ssdm_op_SpecBitsMap, i16 %d_o_8"   --->   Operation 164 'specbitsmap' 'specbitsmap_ln0' <Predicate = true> <Delay = 0.00>
ST_2 : Operation 165 [1/1] (0.00ns)   --->   "%specinterface_ln0 = specinterface void @_ssdm_op_SpecInterface, i16 %d_o_8, void @empty, i32 0, i32 0, void @empty_0, i32 0, i32 0, void @empty_0, void @empty_0, void @empty_0, i32 0, i32 0, i32 0, i32 0, void @empty_0, void @empty_0, i32 4294967295, i32 0"   --->   Operation 165 'specinterface' 'specinterface_ln0' <Predicate = true> <Delay = 0.00>
ST_2 : Operation 166 [1/1] (0.00ns)   --->   "%specbitsmap_ln0 = specbitsmap void @_ssdm_op_SpecBitsMap, i16 %d_o_9"   --->   Operation 166 'specbitsmap' 'specbitsmap_ln0' <Predicate = true> <Delay = 0.00>
ST_2 : Operation 167 [1/1] (0.00ns)   --->   "%specinterface_ln0 = specinterface void @_ssdm_op_SpecInterface, i16 %d_o_9, void @empty, i32 0, i32 0, void @empty_0, i32 0, i32 0, void @empty_0, void @empty_0, void @empty_0, i32 0, i32 0, i32 0, i32 0, void @empty_0, void @empty_0, i32 4294967295, i32 0"   --->   Operation 167 'specinterface' 'specinterface_ln0' <Predicate = true> <Delay = 0.00>
ST_2 : Operation 168 [1/1] (0.00ns)   --->   "%specbitsmap_ln0 = specbitsmap void @_ssdm_op_SpecBitsMap, i16 %d_o_10"   --->   Operation 168 'specbitsmap' 'specbitsmap_ln0' <Predicate = true> <Delay = 0.00>
ST_2 : Operation 169 [1/1] (0.00ns)   --->   "%specinterface_ln0 = specinterface void @_ssdm_op_SpecInterface, i16 %d_o_10, void @empty, i32 0, i32 0, void @empty_0, i32 0, i32 0, void @empty_0, void @empty_0, void @empty_0, i32 0, i32 0, i32 0, i32 0, void @empty_0, void @empty_0, i32 4294967295, i32 0"   --->   Operation 169 'specinterface' 'specinterface_ln0' <Predicate = true> <Delay = 0.00>
ST_2 : Operation 170 [1/1] (0.00ns)   --->   "%specbitsmap_ln0 = specbitsmap void @_ssdm_op_SpecBitsMap, i16 %d_o_11"   --->   Operation 170 'specbitsmap' 'specbitsmap_ln0' <Predicate = true> <Delay = 0.00>
ST_2 : Operation 171 [1/1] (0.00ns)   --->   "%specinterface_ln0 = specinterface void @_ssdm_op_SpecInterface, i16 %d_o_11, void @empty, i32 0, i32 0, void @empty_0, i32 0, i32 0, void @empty_0, void @empty_0, void @empty_0, i32 0, i32 0, i32 0, i32 0, void @empty_0, void @empty_0, i32 4294967295, i32 0"   --->   Operation 171 'specinterface' 'specinterface_ln0' <Predicate = true> <Delay = 0.00>
ST_2 : Operation 172 [1/1] (0.00ns)   --->   "%specbitsmap_ln0 = specbitsmap void @_ssdm_op_SpecBitsMap, i16 %d_o_12"   --->   Operation 172 'specbitsmap' 'specbitsmap_ln0' <Predicate = true> <Delay = 0.00>
ST_2 : Operation 173 [1/1] (0.00ns)   --->   "%specinterface_ln0 = specinterface void @_ssdm_op_SpecInterface, i16 %d_o_12, void @empty, i32 0, i32 0, void @empty_0, i32 0, i32 0, void @empty_0, void @empty_0, void @empty_0, i32 0, i32 0, i32 0, i32 0, void @empty_0, void @empty_0, i32 4294967295, i32 0"   --->   Operation 173 'specinterface' 'specinterface_ln0' <Predicate = true> <Delay = 0.00>
ST_2 : Operation 174 [1/1] (0.00ns)   --->   "%specbitsmap_ln0 = specbitsmap void @_ssdm_op_SpecBitsMap, i16 %d_o_13"   --->   Operation 174 'specbitsmap' 'specbitsmap_ln0' <Predicate = true> <Delay = 0.00>
ST_2 : Operation 175 [1/1] (0.00ns)   --->   "%specinterface_ln0 = specinterface void @_ssdm_op_SpecInterface, i16 %d_o_13, void @empty, i32 0, i32 0, void @empty_0, i32 0, i32 0, void @empty_0, void @empty_0, void @empty_0, i32 0, i32 0, i32 0, i32 0, void @empty_0, void @empty_0, i32 4294967295, i32 0"   --->   Operation 175 'specinterface' 'specinterface_ln0' <Predicate = true> <Delay = 0.00>
ST_2 : Operation 176 [1/1] (0.00ns)   --->   "%specbitsmap_ln0 = specbitsmap void @_ssdm_op_SpecBitsMap, i16 %d_o_14"   --->   Operation 176 'specbitsmap' 'specbitsmap_ln0' <Predicate = true> <Delay = 0.00>
ST_2 : Operation 177 [1/1] (0.00ns)   --->   "%specinterface_ln0 = specinterface void @_ssdm_op_SpecInterface, i16 %d_o_14, void @empty, i32 0, i32 0, void @empty_0, i32 0, i32 0, void @empty_0, void @empty_0, void @empty_0, i32 0, i32 0, i32 0, i32 0, void @empty_0, void @empty_0, i32 4294967295, i32 0"   --->   Operation 177 'specinterface' 'specinterface_ln0' <Predicate = true> <Delay = 0.00>
ST_2 : Operation 178 [1/1] (0.00ns)   --->   "%specbitsmap_ln0 = specbitsmap void @_ssdm_op_SpecBitsMap, i16 %d_o_15"   --->   Operation 178 'specbitsmap' 'specbitsmap_ln0' <Predicate = true> <Delay = 0.00>
ST_2 : Operation 179 [1/1] (0.00ns)   --->   "%specinterface_ln0 = specinterface void @_ssdm_op_SpecInterface, i16 %d_o_15, void @empty, i32 0, i32 0, void @empty_0, i32 0, i32 0, void @empty_0, void @empty_0, void @empty_0, i32 0, i32 0, i32 0, i32 0, void @empty_0, void @empty_0, i32 4294967295, i32 0"   --->   Operation 179 'specinterface' 'specinterface_ln0' <Predicate = true> <Delay = 0.00>
ST_2 : Operation 180 [1/1] (0.00ns)   --->   "%specbitsmap_ln0 = specbitsmap void @_ssdm_op_SpecBitsMap, i16 %d_o_16"   --->   Operation 180 'specbitsmap' 'specbitsmap_ln0' <Predicate = true> <Delay = 0.00>
ST_2 : Operation 181 [1/1] (0.00ns)   --->   "%specinterface_ln0 = specinterface void @_ssdm_op_SpecInterface, i16 %d_o_16, void @empty, i32 0, i32 0, void @empty_0, i32 0, i32 0, void @empty_0, void @empty_0, void @empty_0, i32 0, i32 0, i32 0, i32 0, void @empty_0, void @empty_0, i32 4294967295, i32 0"   --->   Operation 181 'specinterface' 'specinterface_ln0' <Predicate = true> <Delay = 0.00>
ST_2 : Operation 182 [1/1] (0.00ns)   --->   "%specbitsmap_ln0 = specbitsmap void @_ssdm_op_SpecBitsMap, i16 %d_o_17"   --->   Operation 182 'specbitsmap' 'specbitsmap_ln0' <Predicate = true> <Delay = 0.00>
ST_2 : Operation 183 [1/1] (0.00ns)   --->   "%specinterface_ln0 = specinterface void @_ssdm_op_SpecInterface, i16 %d_o_17, void @empty, i32 0, i32 0, void @empty_0, i32 0, i32 0, void @empty_0, void @empty_0, void @empty_0, i32 0, i32 0, i32 0, i32 0, void @empty_0, void @empty_0, i32 4294967295, i32 0"   --->   Operation 183 'specinterface' 'specinterface_ln0' <Predicate = true> <Delay = 0.00>
ST_2 : Operation 184 [1/1] (0.00ns)   --->   "%specbitsmap_ln0 = specbitsmap void @_ssdm_op_SpecBitsMap, i16 %d_o_18"   --->   Operation 184 'specbitsmap' 'specbitsmap_ln0' <Predicate = true> <Delay = 0.00>
ST_2 : Operation 185 [1/1] (0.00ns)   --->   "%specinterface_ln0 = specinterface void @_ssdm_op_SpecInterface, i16 %d_o_18, void @empty, i32 0, i32 0, void @empty_0, i32 0, i32 0, void @empty_0, void @empty_0, void @empty_0, i32 0, i32 0, i32 0, i32 0, void @empty_0, void @empty_0, i32 4294967295, i32 0"   --->   Operation 185 'specinterface' 'specinterface_ln0' <Predicate = true> <Delay = 0.00>
ST_2 : Operation 186 [1/1] (0.00ns)   --->   "%specbitsmap_ln0 = specbitsmap void @_ssdm_op_SpecBitsMap, i16 %d_o_19"   --->   Operation 186 'specbitsmap' 'specbitsmap_ln0' <Predicate = true> <Delay = 0.00>
ST_2 : Operation 187 [1/1] (0.00ns)   --->   "%specinterface_ln0 = specinterface void @_ssdm_op_SpecInterface, i16 %d_o_19, void @empty, i32 0, i32 0, void @empty_0, i32 0, i32 0, void @empty_0, void @empty_0, void @empty_0, i32 0, i32 0, i32 0, i32 0, void @empty_0, void @empty_0, i32 4294967295, i32 0"   --->   Operation 187 'specinterface' 'specinterface_ln0' <Predicate = true> <Delay = 0.00>
ST_2 : Operation 188 [1/1] (0.00ns)   --->   "%specbitsmap_ln0 = specbitsmap void @_ssdm_op_SpecBitsMap, i16 %d_o_20"   --->   Operation 188 'specbitsmap' 'specbitsmap_ln0' <Predicate = true> <Delay = 0.00>
ST_2 : Operation 189 [1/1] (0.00ns)   --->   "%specinterface_ln0 = specinterface void @_ssdm_op_SpecInterface, i16 %d_o_20, void @empty, i32 0, i32 0, void @empty_0, i32 0, i32 0, void @empty_0, void @empty_0, void @empty_0, i32 0, i32 0, i32 0, i32 0, void @empty_0, void @empty_0, i32 4294967295, i32 0"   --->   Operation 189 'specinterface' 'specinterface_ln0' <Predicate = true> <Delay = 0.00>
ST_2 : Operation 190 [1/1] (0.00ns)   --->   "%specbitsmap_ln0 = specbitsmap void @_ssdm_op_SpecBitsMap, i16 %d_o_21"   --->   Operation 190 'specbitsmap' 'specbitsmap_ln0' <Predicate = true> <Delay = 0.00>
ST_2 : Operation 191 [1/1] (0.00ns)   --->   "%specinterface_ln0 = specinterface void @_ssdm_op_SpecInterface, i16 %d_o_21, void @empty, i32 0, i32 0, void @empty_0, i32 0, i32 0, void @empty_0, void @empty_0, void @empty_0, i32 0, i32 0, i32 0, i32 0, void @empty_0, void @empty_0, i32 4294967295, i32 0"   --->   Operation 191 'specinterface' 'specinterface_ln0' <Predicate = true> <Delay = 0.00>
ST_2 : Operation 192 [1/1] (0.00ns)   --->   "%specbitsmap_ln0 = specbitsmap void @_ssdm_op_SpecBitsMap, i16 %d_o_22"   --->   Operation 192 'specbitsmap' 'specbitsmap_ln0' <Predicate = true> <Delay = 0.00>
ST_2 : Operation 193 [1/1] (0.00ns)   --->   "%specinterface_ln0 = specinterface void @_ssdm_op_SpecInterface, i16 %d_o_22, void @empty, i32 0, i32 0, void @empty_0, i32 0, i32 0, void @empty_0, void @empty_0, void @empty_0, i32 0, i32 0, i32 0, i32 0, void @empty_0, void @empty_0, i32 4294967295, i32 0"   --->   Operation 193 'specinterface' 'specinterface_ln0' <Predicate = true> <Delay = 0.00>
ST_2 : Operation 194 [1/1] (0.00ns)   --->   "%specbitsmap_ln0 = specbitsmap void @_ssdm_op_SpecBitsMap, i16 %d_o_23"   --->   Operation 194 'specbitsmap' 'specbitsmap_ln0' <Predicate = true> <Delay = 0.00>
ST_2 : Operation 195 [1/1] (0.00ns)   --->   "%specinterface_ln0 = specinterface void @_ssdm_op_SpecInterface, i16 %d_o_23, void @empty, i32 0, i32 0, void @empty_0, i32 0, i32 0, void @empty_0, void @empty_0, void @empty_0, i32 0, i32 0, i32 0, i32 0, void @empty_0, void @empty_0, i32 4294967295, i32 0"   --->   Operation 195 'specinterface' 'specinterface_ln0' <Predicate = true> <Delay = 0.00>
ST_2 : Operation 196 [1/1] (0.00ns)   --->   "%specbitsmap_ln0 = specbitsmap void @_ssdm_op_SpecBitsMap, i16 %d_o_24"   --->   Operation 196 'specbitsmap' 'specbitsmap_ln0' <Predicate = true> <Delay = 0.00>
ST_2 : Operation 197 [1/1] (0.00ns)   --->   "%specinterface_ln0 = specinterface void @_ssdm_op_SpecInterface, i16 %d_o_24, void @empty, i32 0, i32 0, void @empty_0, i32 0, i32 0, void @empty_0, void @empty_0, void @empty_0, i32 0, i32 0, i32 0, i32 0, void @empty_0, void @empty_0, i32 4294967295, i32 0"   --->   Operation 197 'specinterface' 'specinterface_ln0' <Predicate = true> <Delay = 0.00>
ST_2 : Operation 198 [1/1] (0.00ns)   --->   "%specbitsmap_ln0 = specbitsmap void @_ssdm_op_SpecBitsMap, i16 %d_o_25"   --->   Operation 198 'specbitsmap' 'specbitsmap_ln0' <Predicate = true> <Delay = 0.00>
ST_2 : Operation 199 [1/1] (0.00ns)   --->   "%specinterface_ln0 = specinterface void @_ssdm_op_SpecInterface, i16 %d_o_25, void @empty, i32 0, i32 0, void @empty_0, i32 0, i32 0, void @empty_0, void @empty_0, void @empty_0, i32 0, i32 0, i32 0, i32 0, void @empty_0, void @empty_0, i32 4294967295, i32 0"   --->   Operation 199 'specinterface' 'specinterface_ln0' <Predicate = true> <Delay = 0.00>
ST_2 : Operation 200 [1/1] (0.00ns)   --->   "%specbitsmap_ln0 = specbitsmap void @_ssdm_op_SpecBitsMap, i16 %d_o_26"   --->   Operation 200 'specbitsmap' 'specbitsmap_ln0' <Predicate = true> <Delay = 0.00>
ST_2 : Operation 201 [1/1] (0.00ns)   --->   "%specinterface_ln0 = specinterface void @_ssdm_op_SpecInterface, i16 %d_o_26, void @empty, i32 0, i32 0, void @empty_0, i32 0, i32 0, void @empty_0, void @empty_0, void @empty_0, i32 0, i32 0, i32 0, i32 0, void @empty_0, void @empty_0, i32 4294967295, i32 0"   --->   Operation 201 'specinterface' 'specinterface_ln0' <Predicate = true> <Delay = 0.00>
ST_2 : Operation 202 [1/1] (0.00ns)   --->   "%specbitsmap_ln0 = specbitsmap void @_ssdm_op_SpecBitsMap, i16 %d_o_27"   --->   Operation 202 'specbitsmap' 'specbitsmap_ln0' <Predicate = true> <Delay = 0.00>
ST_2 : Operation 203 [1/1] (0.00ns)   --->   "%specinterface_ln0 = specinterface void @_ssdm_op_SpecInterface, i16 %d_o_27, void @empty, i32 0, i32 0, void @empty_0, i32 0, i32 0, void @empty_0, void @empty_0, void @empty_0, i32 0, i32 0, i32 0, i32 0, void @empty_0, void @empty_0, i32 4294967295, i32 0"   --->   Operation 203 'specinterface' 'specinterface_ln0' <Predicate = true> <Delay = 0.00>
ST_2 : Operation 204 [1/1] (0.00ns)   --->   "%specbitsmap_ln0 = specbitsmap void @_ssdm_op_SpecBitsMap, i16 %d_o_28"   --->   Operation 204 'specbitsmap' 'specbitsmap_ln0' <Predicate = true> <Delay = 0.00>
ST_2 : Operation 205 [1/1] (0.00ns)   --->   "%specinterface_ln0 = specinterface void @_ssdm_op_SpecInterface, i16 %d_o_28, void @empty, i32 0, i32 0, void @empty_0, i32 0, i32 0, void @empty_0, void @empty_0, void @empty_0, i32 0, i32 0, i32 0, i32 0, void @empty_0, void @empty_0, i32 4294967295, i32 0"   --->   Operation 205 'specinterface' 'specinterface_ln0' <Predicate = true> <Delay = 0.00>
ST_2 : Operation 206 [1/1] (0.00ns)   --->   "%specbitsmap_ln0 = specbitsmap void @_ssdm_op_SpecBitsMap, i16 %d_o_29"   --->   Operation 206 'specbitsmap' 'specbitsmap_ln0' <Predicate = true> <Delay = 0.00>
ST_2 : Operation 207 [1/1] (0.00ns)   --->   "%specinterface_ln0 = specinterface void @_ssdm_op_SpecInterface, i16 %d_o_29, void @empty, i32 0, i32 0, void @empty_0, i32 0, i32 0, void @empty_0, void @empty_0, void @empty_0, i32 0, i32 0, i32 0, i32 0, void @empty_0, void @empty_0, i32 4294967295, i32 0"   --->   Operation 207 'specinterface' 'specinterface_ln0' <Predicate = true> <Delay = 0.00>
ST_2 : Operation 208 [1/1] (0.00ns)   --->   "%specbitsmap_ln0 = specbitsmap void @_ssdm_op_SpecBitsMap, i16 %d_o_30"   --->   Operation 208 'specbitsmap' 'specbitsmap_ln0' <Predicate = true> <Delay = 0.00>
ST_2 : Operation 209 [1/1] (0.00ns)   --->   "%specinterface_ln0 = specinterface void @_ssdm_op_SpecInterface, i16 %d_o_30, void @empty, i32 0, i32 0, void @empty_0, i32 0, i32 0, void @empty_0, void @empty_0, void @empty_0, i32 0, i32 0, i32 0, i32 0, void @empty_0, void @empty_0, i32 4294967295, i32 0"   --->   Operation 209 'specinterface' 'specinterface_ln0' <Predicate = true> <Delay = 0.00>
ST_2 : Operation 210 [1/1] (0.00ns)   --->   "%specbitsmap_ln0 = specbitsmap void @_ssdm_op_SpecBitsMap, i16 %d_o_31"   --->   Operation 210 'specbitsmap' 'specbitsmap_ln0' <Predicate = true> <Delay = 0.00>
ST_2 : Operation 211 [1/1] (0.00ns)   --->   "%specinterface_ln0 = specinterface void @_ssdm_op_SpecInterface, i16 %d_o_31, void @empty, i32 0, i32 0, void @empty_0, i32 0, i32 0, void @empty_0, void @empty_0, void @empty_0, i32 0, i32 0, i32 0, i32 0, void @empty_0, void @empty_0, i32 4294967295, i32 0"   --->   Operation 211 'specinterface' 'specinterface_ln0' <Predicate = true> <Delay = 0.00>
ST_2 : Operation 212 [1/1] (0.00ns)   --->   "%specbitsmap_ln0 = specbitsmap void @_ssdm_op_SpecBitsMap, i16 %d_i_0"   --->   Operation 212 'specbitsmap' 'specbitsmap_ln0' <Predicate = true> <Delay = 0.00>
ST_2 : Operation 213 [1/1] (0.00ns)   --->   "%specinterface_ln0 = specinterface void @_ssdm_op_SpecInterface, i16 %d_i_0, void @empty, i32 0, i32 0, void @empty_0, i32 0, i32 0, void @empty_0, void @empty_0, void @empty_0, i32 0, i32 0, i32 0, i32 0, void @empty_0, void @empty_0, i32 4294967295, i32 0"   --->   Operation 213 'specinterface' 'specinterface_ln0' <Predicate = true> <Delay = 0.00>
ST_2 : Operation 214 [1/1] (0.00ns)   --->   "%specbitsmap_ln0 = specbitsmap void @_ssdm_op_SpecBitsMap, i16 %d_i_1"   --->   Operation 214 'specbitsmap' 'specbitsmap_ln0' <Predicate = true> <Delay = 0.00>
ST_2 : Operation 215 [1/1] (0.00ns)   --->   "%specinterface_ln0 = specinterface void @_ssdm_op_SpecInterface, i16 %d_i_1, void @empty, i32 0, i32 0, void @empty_0, i32 0, i32 0, void @empty_0, void @empty_0, void @empty_0, i32 0, i32 0, i32 0, i32 0, void @empty_0, void @empty_0, i32 4294967295, i32 0"   --->   Operation 215 'specinterface' 'specinterface_ln0' <Predicate = true> <Delay = 0.00>
ST_2 : Operation 216 [1/1] (0.00ns)   --->   "%specbitsmap_ln0 = specbitsmap void @_ssdm_op_SpecBitsMap, i16 %d_i_2"   --->   Operation 216 'specbitsmap' 'specbitsmap_ln0' <Predicate = true> <Delay = 0.00>
ST_2 : Operation 217 [1/1] (0.00ns)   --->   "%specinterface_ln0 = specinterface void @_ssdm_op_SpecInterface, i16 %d_i_2, void @empty, i32 0, i32 0, void @empty_0, i32 0, i32 0, void @empty_0, void @empty_0, void @empty_0, i32 0, i32 0, i32 0, i32 0, void @empty_0, void @empty_0, i32 4294967295, i32 0"   --->   Operation 217 'specinterface' 'specinterface_ln0' <Predicate = true> <Delay = 0.00>
ST_2 : Operation 218 [1/1] (0.00ns)   --->   "%specbitsmap_ln0 = specbitsmap void @_ssdm_op_SpecBitsMap, i16 %d_i_3"   --->   Operation 218 'specbitsmap' 'specbitsmap_ln0' <Predicate = true> <Delay = 0.00>
ST_2 : Operation 219 [1/1] (0.00ns)   --->   "%specinterface_ln0 = specinterface void @_ssdm_op_SpecInterface, i16 %d_i_3, void @empty, i32 0, i32 0, void @empty_0, i32 0, i32 0, void @empty_0, void @empty_0, void @empty_0, i32 0, i32 0, i32 0, i32 0, void @empty_0, void @empty_0, i32 4294967295, i32 0"   --->   Operation 219 'specinterface' 'specinterface_ln0' <Predicate = true> <Delay = 0.00>
ST_2 : Operation 220 [1/1] (0.00ns)   --->   "%specbitsmap_ln0 = specbitsmap void @_ssdm_op_SpecBitsMap, i16 %d_i_4"   --->   Operation 220 'specbitsmap' 'specbitsmap_ln0' <Predicate = true> <Delay = 0.00>
ST_2 : Operation 221 [1/1] (0.00ns)   --->   "%specinterface_ln0 = specinterface void @_ssdm_op_SpecInterface, i16 %d_i_4, void @empty, i32 0, i32 0, void @empty_0, i32 0, i32 0, void @empty_0, void @empty_0, void @empty_0, i32 0, i32 0, i32 0, i32 0, void @empty_0, void @empty_0, i32 4294967295, i32 0"   --->   Operation 221 'specinterface' 'specinterface_ln0' <Predicate = true> <Delay = 0.00>
ST_2 : Operation 222 [1/1] (0.00ns)   --->   "%specbitsmap_ln0 = specbitsmap void @_ssdm_op_SpecBitsMap, i16 %d_i_5"   --->   Operation 222 'specbitsmap' 'specbitsmap_ln0' <Predicate = true> <Delay = 0.00>
ST_2 : Operation 223 [1/1] (0.00ns)   --->   "%specinterface_ln0 = specinterface void @_ssdm_op_SpecInterface, i16 %d_i_5, void @empty, i32 0, i32 0, void @empty_0, i32 0, i32 0, void @empty_0, void @empty_0, void @empty_0, i32 0, i32 0, i32 0, i32 0, void @empty_0, void @empty_0, i32 4294967295, i32 0"   --->   Operation 223 'specinterface' 'specinterface_ln0' <Predicate = true> <Delay = 0.00>
ST_2 : Operation 224 [1/1] (0.00ns)   --->   "%specbitsmap_ln0 = specbitsmap void @_ssdm_op_SpecBitsMap, i16 %d_i_6"   --->   Operation 224 'specbitsmap' 'specbitsmap_ln0' <Predicate = true> <Delay = 0.00>
ST_2 : Operation 225 [1/1] (0.00ns)   --->   "%specinterface_ln0 = specinterface void @_ssdm_op_SpecInterface, i16 %d_i_6, void @empty, i32 0, i32 0, void @empty_0, i32 0, i32 0, void @empty_0, void @empty_0, void @empty_0, i32 0, i32 0, i32 0, i32 0, void @empty_0, void @empty_0, i32 4294967295, i32 0"   --->   Operation 225 'specinterface' 'specinterface_ln0' <Predicate = true> <Delay = 0.00>
ST_2 : Operation 226 [1/1] (0.00ns)   --->   "%specbitsmap_ln0 = specbitsmap void @_ssdm_op_SpecBitsMap, i16 %d_i_7"   --->   Operation 226 'specbitsmap' 'specbitsmap_ln0' <Predicate = true> <Delay = 0.00>
ST_2 : Operation 227 [1/1] (0.00ns)   --->   "%specinterface_ln0 = specinterface void @_ssdm_op_SpecInterface, i16 %d_i_7, void @empty, i32 0, i32 0, void @empty_0, i32 0, i32 0, void @empty_0, void @empty_0, void @empty_0, i32 0, i32 0, i32 0, i32 0, void @empty_0, void @empty_0, i32 4294967295, i32 0"   --->   Operation 227 'specinterface' 'specinterface_ln0' <Predicate = true> <Delay = 0.00>
ST_2 : Operation 228 [1/1] (0.00ns)   --->   "%specbitsmap_ln0 = specbitsmap void @_ssdm_op_SpecBitsMap, i16 %d_i_8"   --->   Operation 228 'specbitsmap' 'specbitsmap_ln0' <Predicate = true> <Delay = 0.00>
ST_2 : Operation 229 [1/1] (0.00ns)   --->   "%specinterface_ln0 = specinterface void @_ssdm_op_SpecInterface, i16 %d_i_8, void @empty, i32 0, i32 0, void @empty_0, i32 0, i32 0, void @empty_0, void @empty_0, void @empty_0, i32 0, i32 0, i32 0, i32 0, void @empty_0, void @empty_0, i32 4294967295, i32 0"   --->   Operation 229 'specinterface' 'specinterface_ln0' <Predicate = true> <Delay = 0.00>
ST_2 : Operation 230 [1/1] (0.00ns)   --->   "%specbitsmap_ln0 = specbitsmap void @_ssdm_op_SpecBitsMap, i16 %d_i_9"   --->   Operation 230 'specbitsmap' 'specbitsmap_ln0' <Predicate = true> <Delay = 0.00>
ST_2 : Operation 231 [1/1] (0.00ns)   --->   "%specinterface_ln0 = specinterface void @_ssdm_op_SpecInterface, i16 %d_i_9, void @empty, i32 0, i32 0, void @empty_0, i32 0, i32 0, void @empty_0, void @empty_0, void @empty_0, i32 0, i32 0, i32 0, i32 0, void @empty_0, void @empty_0, i32 4294967295, i32 0"   --->   Operation 231 'specinterface' 'specinterface_ln0' <Predicate = true> <Delay = 0.00>
ST_2 : Operation 232 [1/1] (0.00ns)   --->   "%specbitsmap_ln0 = specbitsmap void @_ssdm_op_SpecBitsMap, i16 %d_i_10"   --->   Operation 232 'specbitsmap' 'specbitsmap_ln0' <Predicate = true> <Delay = 0.00>
ST_2 : Operation 233 [1/1] (0.00ns)   --->   "%specinterface_ln0 = specinterface void @_ssdm_op_SpecInterface, i16 %d_i_10, void @empty, i32 0, i32 0, void @empty_0, i32 0, i32 0, void @empty_0, void @empty_0, void @empty_0, i32 0, i32 0, i32 0, i32 0, void @empty_0, void @empty_0, i32 4294967295, i32 0"   --->   Operation 233 'specinterface' 'specinterface_ln0' <Predicate = true> <Delay = 0.00>
ST_2 : Operation 234 [1/1] (0.00ns)   --->   "%specbitsmap_ln0 = specbitsmap void @_ssdm_op_SpecBitsMap, i16 %d_i_11"   --->   Operation 234 'specbitsmap' 'specbitsmap_ln0' <Predicate = true> <Delay = 0.00>
ST_2 : Operation 235 [1/1] (0.00ns)   --->   "%specinterface_ln0 = specinterface void @_ssdm_op_SpecInterface, i16 %d_i_11, void @empty, i32 0, i32 0, void @empty_0, i32 0, i32 0, void @empty_0, void @empty_0, void @empty_0, i32 0, i32 0, i32 0, i32 0, void @empty_0, void @empty_0, i32 4294967295, i32 0"   --->   Operation 235 'specinterface' 'specinterface_ln0' <Predicate = true> <Delay = 0.00>
ST_2 : Operation 236 [1/1] (0.00ns)   --->   "%specbitsmap_ln0 = specbitsmap void @_ssdm_op_SpecBitsMap, i16 %d_i_12"   --->   Operation 236 'specbitsmap' 'specbitsmap_ln0' <Predicate = true> <Delay = 0.00>
ST_2 : Operation 237 [1/1] (0.00ns)   --->   "%specinterface_ln0 = specinterface void @_ssdm_op_SpecInterface, i16 %d_i_12, void @empty, i32 0, i32 0, void @empty_0, i32 0, i32 0, void @empty_0, void @empty_0, void @empty_0, i32 0, i32 0, i32 0, i32 0, void @empty_0, void @empty_0, i32 4294967295, i32 0"   --->   Operation 237 'specinterface' 'specinterface_ln0' <Predicate = true> <Delay = 0.00>
ST_2 : Operation 238 [1/1] (0.00ns)   --->   "%specbitsmap_ln0 = specbitsmap void @_ssdm_op_SpecBitsMap, i16 %d_i_13"   --->   Operation 238 'specbitsmap' 'specbitsmap_ln0' <Predicate = true> <Delay = 0.00>
ST_2 : Operation 239 [1/1] (0.00ns)   --->   "%specinterface_ln0 = specinterface void @_ssdm_op_SpecInterface, i16 %d_i_13, void @empty, i32 0, i32 0, void @empty_0, i32 0, i32 0, void @empty_0, void @empty_0, void @empty_0, i32 0, i32 0, i32 0, i32 0, void @empty_0, void @empty_0, i32 4294967295, i32 0"   --->   Operation 239 'specinterface' 'specinterface_ln0' <Predicate = true> <Delay = 0.00>
ST_2 : Operation 240 [1/1] (0.00ns)   --->   "%specbitsmap_ln0 = specbitsmap void @_ssdm_op_SpecBitsMap, i16 %d_i_14"   --->   Operation 240 'specbitsmap' 'specbitsmap_ln0' <Predicate = true> <Delay = 0.00>
ST_2 : Operation 241 [1/1] (0.00ns)   --->   "%specinterface_ln0 = specinterface void @_ssdm_op_SpecInterface, i16 %d_i_14, void @empty, i32 0, i32 0, void @empty_0, i32 0, i32 0, void @empty_0, void @empty_0, void @empty_0, i32 0, i32 0, i32 0, i32 0, void @empty_0, void @empty_0, i32 4294967295, i32 0"   --->   Operation 241 'specinterface' 'specinterface_ln0' <Predicate = true> <Delay = 0.00>
ST_2 : Operation 242 [1/1] (0.00ns)   --->   "%specbitsmap_ln0 = specbitsmap void @_ssdm_op_SpecBitsMap, i16 %d_i_15"   --->   Operation 242 'specbitsmap' 'specbitsmap_ln0' <Predicate = true> <Delay = 0.00>
ST_2 : Operation 243 [1/1] (0.00ns)   --->   "%specinterface_ln0 = specinterface void @_ssdm_op_SpecInterface, i16 %d_i_15, void @empty, i32 0, i32 0, void @empty_0, i32 0, i32 0, void @empty_0, void @empty_0, void @empty_0, i32 0, i32 0, i32 0, i32 0, void @empty_0, void @empty_0, i32 4294967295, i32 0"   --->   Operation 243 'specinterface' 'specinterface_ln0' <Predicate = true> <Delay = 0.00>
ST_2 : Operation 244 [1/1] (0.00ns)   --->   "%specbitsmap_ln0 = specbitsmap void @_ssdm_op_SpecBitsMap, i16 %d_i_16"   --->   Operation 244 'specbitsmap' 'specbitsmap_ln0' <Predicate = true> <Delay = 0.00>
ST_2 : Operation 245 [1/1] (0.00ns)   --->   "%specinterface_ln0 = specinterface void @_ssdm_op_SpecInterface, i16 %d_i_16, void @empty, i32 0, i32 0, void @empty_0, i32 0, i32 0, void @empty_0, void @empty_0, void @empty_0, i32 0, i32 0, i32 0, i32 0, void @empty_0, void @empty_0, i32 4294967295, i32 0"   --->   Operation 245 'specinterface' 'specinterface_ln0' <Predicate = true> <Delay = 0.00>
ST_2 : Operation 246 [1/1] (0.00ns)   --->   "%specbitsmap_ln0 = specbitsmap void @_ssdm_op_SpecBitsMap, i16 %d_i_17"   --->   Operation 246 'specbitsmap' 'specbitsmap_ln0' <Predicate = true> <Delay = 0.00>
ST_2 : Operation 247 [1/1] (0.00ns)   --->   "%specinterface_ln0 = specinterface void @_ssdm_op_SpecInterface, i16 %d_i_17, void @empty, i32 0, i32 0, void @empty_0, i32 0, i32 0, void @empty_0, void @empty_0, void @empty_0, i32 0, i32 0, i32 0, i32 0, void @empty_0, void @empty_0, i32 4294967295, i32 0"   --->   Operation 247 'specinterface' 'specinterface_ln0' <Predicate = true> <Delay = 0.00>
ST_2 : Operation 248 [1/1] (0.00ns)   --->   "%specbitsmap_ln0 = specbitsmap void @_ssdm_op_SpecBitsMap, i16 %d_i_18"   --->   Operation 248 'specbitsmap' 'specbitsmap_ln0' <Predicate = true> <Delay = 0.00>
ST_2 : Operation 249 [1/1] (0.00ns)   --->   "%specinterface_ln0 = specinterface void @_ssdm_op_SpecInterface, i16 %d_i_18, void @empty, i32 0, i32 0, void @empty_0, i32 0, i32 0, void @empty_0, void @empty_0, void @empty_0, i32 0, i32 0, i32 0, i32 0, void @empty_0, void @empty_0, i32 4294967295, i32 0"   --->   Operation 249 'specinterface' 'specinterface_ln0' <Predicate = true> <Delay = 0.00>
ST_2 : Operation 250 [1/1] (0.00ns)   --->   "%specbitsmap_ln0 = specbitsmap void @_ssdm_op_SpecBitsMap, i16 %d_i_19"   --->   Operation 250 'specbitsmap' 'specbitsmap_ln0' <Predicate = true> <Delay = 0.00>
ST_2 : Operation 251 [1/1] (0.00ns)   --->   "%specinterface_ln0 = specinterface void @_ssdm_op_SpecInterface, i16 %d_i_19, void @empty, i32 0, i32 0, void @empty_0, i32 0, i32 0, void @empty_0, void @empty_0, void @empty_0, i32 0, i32 0, i32 0, i32 0, void @empty_0, void @empty_0, i32 4294967295, i32 0"   --->   Operation 251 'specinterface' 'specinterface_ln0' <Predicate = true> <Delay = 0.00>
ST_2 : Operation 252 [1/1] (0.00ns)   --->   "%specbitsmap_ln0 = specbitsmap void @_ssdm_op_SpecBitsMap, i16 %d_i_20"   --->   Operation 252 'specbitsmap' 'specbitsmap_ln0' <Predicate = true> <Delay = 0.00>
ST_2 : Operation 253 [1/1] (0.00ns)   --->   "%specinterface_ln0 = specinterface void @_ssdm_op_SpecInterface, i16 %d_i_20, void @empty, i32 0, i32 0, void @empty_0, i32 0, i32 0, void @empty_0, void @empty_0, void @empty_0, i32 0, i32 0, i32 0, i32 0, void @empty_0, void @empty_0, i32 4294967295, i32 0"   --->   Operation 253 'specinterface' 'specinterface_ln0' <Predicate = true> <Delay = 0.00>
ST_2 : Operation 254 [1/1] (0.00ns)   --->   "%specbitsmap_ln0 = specbitsmap void @_ssdm_op_SpecBitsMap, i16 %d_i_21"   --->   Operation 254 'specbitsmap' 'specbitsmap_ln0' <Predicate = true> <Delay = 0.00>
ST_2 : Operation 255 [1/1] (0.00ns)   --->   "%specinterface_ln0 = specinterface void @_ssdm_op_SpecInterface, i16 %d_i_21, void @empty, i32 0, i32 0, void @empty_0, i32 0, i32 0, void @empty_0, void @empty_0, void @empty_0, i32 0, i32 0, i32 0, i32 0, void @empty_0, void @empty_0, i32 4294967295, i32 0"   --->   Operation 255 'specinterface' 'specinterface_ln0' <Predicate = true> <Delay = 0.00>
ST_2 : Operation 256 [1/1] (0.00ns)   --->   "%specbitsmap_ln0 = specbitsmap void @_ssdm_op_SpecBitsMap, i16 %d_i_22"   --->   Operation 256 'specbitsmap' 'specbitsmap_ln0' <Predicate = true> <Delay = 0.00>
ST_2 : Operation 257 [1/1] (0.00ns)   --->   "%specinterface_ln0 = specinterface void @_ssdm_op_SpecInterface, i16 %d_i_22, void @empty, i32 0, i32 0, void @empty_0, i32 0, i32 0, void @empty_0, void @empty_0, void @empty_0, i32 0, i32 0, i32 0, i32 0, void @empty_0, void @empty_0, i32 4294967295, i32 0"   --->   Operation 257 'specinterface' 'specinterface_ln0' <Predicate = true> <Delay = 0.00>
ST_2 : Operation 258 [1/1] (0.00ns)   --->   "%specbitsmap_ln0 = specbitsmap void @_ssdm_op_SpecBitsMap, i16 %d_i_23"   --->   Operation 258 'specbitsmap' 'specbitsmap_ln0' <Predicate = true> <Delay = 0.00>
ST_2 : Operation 259 [1/1] (0.00ns)   --->   "%specinterface_ln0 = specinterface void @_ssdm_op_SpecInterface, i16 %d_i_23, void @empty, i32 0, i32 0, void @empty_0, i32 0, i32 0, void @empty_0, void @empty_0, void @empty_0, i32 0, i32 0, i32 0, i32 0, void @empty_0, void @empty_0, i32 4294967295, i32 0"   --->   Operation 259 'specinterface' 'specinterface_ln0' <Predicate = true> <Delay = 0.00>
ST_2 : Operation 260 [1/1] (0.00ns)   --->   "%specbitsmap_ln0 = specbitsmap void @_ssdm_op_SpecBitsMap, i16 %d_i_24"   --->   Operation 260 'specbitsmap' 'specbitsmap_ln0' <Predicate = true> <Delay = 0.00>
ST_2 : Operation 261 [1/1] (0.00ns)   --->   "%specinterface_ln0 = specinterface void @_ssdm_op_SpecInterface, i16 %d_i_24, void @empty, i32 0, i32 0, void @empty_0, i32 0, i32 0, void @empty_0, void @empty_0, void @empty_0, i32 0, i32 0, i32 0, i32 0, void @empty_0, void @empty_0, i32 4294967295, i32 0"   --->   Operation 261 'specinterface' 'specinterface_ln0' <Predicate = true> <Delay = 0.00>
ST_2 : Operation 262 [1/1] (0.00ns)   --->   "%specbitsmap_ln0 = specbitsmap void @_ssdm_op_SpecBitsMap, i16 %d_i_25"   --->   Operation 262 'specbitsmap' 'specbitsmap_ln0' <Predicate = true> <Delay = 0.00>
ST_2 : Operation 263 [1/1] (0.00ns)   --->   "%specinterface_ln0 = specinterface void @_ssdm_op_SpecInterface, i16 %d_i_25, void @empty, i32 0, i32 0, void @empty_0, i32 0, i32 0, void @empty_0, void @empty_0, void @empty_0, i32 0, i32 0, i32 0, i32 0, void @empty_0, void @empty_0, i32 4294967295, i32 0"   --->   Operation 263 'specinterface' 'specinterface_ln0' <Predicate = true> <Delay = 0.00>
ST_2 : Operation 264 [1/1] (0.00ns)   --->   "%specbitsmap_ln0 = specbitsmap void @_ssdm_op_SpecBitsMap, i16 %d_i_26"   --->   Operation 264 'specbitsmap' 'specbitsmap_ln0' <Predicate = true> <Delay = 0.00>
ST_2 : Operation 265 [1/1] (0.00ns)   --->   "%specinterface_ln0 = specinterface void @_ssdm_op_SpecInterface, i16 %d_i_26, void @empty, i32 0, i32 0, void @empty_0, i32 0, i32 0, void @empty_0, void @empty_0, void @empty_0, i32 0, i32 0, i32 0, i32 0, void @empty_0, void @empty_0, i32 4294967295, i32 0"   --->   Operation 265 'specinterface' 'specinterface_ln0' <Predicate = true> <Delay = 0.00>
ST_2 : Operation 266 [1/1] (0.00ns)   --->   "%specbitsmap_ln0 = specbitsmap void @_ssdm_op_SpecBitsMap, i16 %d_i_27"   --->   Operation 266 'specbitsmap' 'specbitsmap_ln0' <Predicate = true> <Delay = 0.00>
ST_2 : Operation 267 [1/1] (0.00ns)   --->   "%specinterface_ln0 = specinterface void @_ssdm_op_SpecInterface, i16 %d_i_27, void @empty, i32 0, i32 0, void @empty_0, i32 0, i32 0, void @empty_0, void @empty_0, void @empty_0, i32 0, i32 0, i32 0, i32 0, void @empty_0, void @empty_0, i32 4294967295, i32 0"   --->   Operation 267 'specinterface' 'specinterface_ln0' <Predicate = true> <Delay = 0.00>
ST_2 : Operation 268 [1/1] (0.00ns)   --->   "%specbitsmap_ln0 = specbitsmap void @_ssdm_op_SpecBitsMap, i16 %d_i_28"   --->   Operation 268 'specbitsmap' 'specbitsmap_ln0' <Predicate = true> <Delay = 0.00>
ST_2 : Operation 269 [1/1] (0.00ns)   --->   "%specinterface_ln0 = specinterface void @_ssdm_op_SpecInterface, i16 %d_i_28, void @empty, i32 0, i32 0, void @empty_0, i32 0, i32 0, void @empty_0, void @empty_0, void @empty_0, i32 0, i32 0, i32 0, i32 0, void @empty_0, void @empty_0, i32 4294967295, i32 0"   --->   Operation 269 'specinterface' 'specinterface_ln0' <Predicate = true> <Delay = 0.00>
ST_2 : Operation 270 [1/1] (0.00ns)   --->   "%specbitsmap_ln0 = specbitsmap void @_ssdm_op_SpecBitsMap, i16 %d_i_29"   --->   Operation 270 'specbitsmap' 'specbitsmap_ln0' <Predicate = true> <Delay = 0.00>
ST_2 : Operation 271 [1/1] (0.00ns)   --->   "%specinterface_ln0 = specinterface void @_ssdm_op_SpecInterface, i16 %d_i_29, void @empty, i32 0, i32 0, void @empty_0, i32 0, i32 0, void @empty_0, void @empty_0, void @empty_0, i32 0, i32 0, i32 0, i32 0, void @empty_0, void @empty_0, i32 4294967295, i32 0"   --->   Operation 271 'specinterface' 'specinterface_ln0' <Predicate = true> <Delay = 0.00>
ST_2 : Operation 272 [1/1] (0.00ns)   --->   "%specbitsmap_ln0 = specbitsmap void @_ssdm_op_SpecBitsMap, i16 %d_i_30"   --->   Operation 272 'specbitsmap' 'specbitsmap_ln0' <Predicate = true> <Delay = 0.00>
ST_2 : Operation 273 [1/1] (0.00ns)   --->   "%specinterface_ln0 = specinterface void @_ssdm_op_SpecInterface, i16 %d_i_30, void @empty, i32 0, i32 0, void @empty_0, i32 0, i32 0, void @empty_0, void @empty_0, void @empty_0, i32 0, i32 0, i32 0, i32 0, void @empty_0, void @empty_0, i32 4294967295, i32 0"   --->   Operation 273 'specinterface' 'specinterface_ln0' <Predicate = true> <Delay = 0.00>
ST_2 : Operation 274 [1/1] (0.00ns)   --->   "%specbitsmap_ln0 = specbitsmap void @_ssdm_op_SpecBitsMap, i16 %d_i_31"   --->   Operation 274 'specbitsmap' 'specbitsmap_ln0' <Predicate = true> <Delay = 0.00>
ST_2 : Operation 275 [1/1] (0.00ns)   --->   "%specinterface_ln0 = specinterface void @_ssdm_op_SpecInterface, i16 %d_i_31, void @empty, i32 0, i32 0, void @empty_0, i32 0, i32 0, void @empty_0, void @empty_0, void @empty_0, i32 0, i32 0, i32 0, i32 0, void @empty_0, void @empty_0, i32 4294967295, i32 0"   --->   Operation 275 'specinterface' 'specinterface_ln0' <Predicate = true> <Delay = 0.00>
ST_2 : Operation 276 [1/1] (0.00ns)   --->   "%sext_ln67 = sext i16 %d_i_0_read" [array_io.c:67]   --->   Operation 276 'sext' 'sext_ln67' <Predicate = true> <Delay = 0.00>
ST_2 : Operation 277 [1/1] (0.00ns)   --->   "%sext_ln67_1 = sext i16 %d_i_1_read" [array_io.c:67]   --->   Operation 277 'sext' 'sext_ln67_1' <Predicate = true> <Delay = 0.00>
ST_2 : Operation 278 [1/1] (0.00ns)   --->   "%sext_ln67_2 = sext i16 %d_i_2_read" [array_io.c:67]   --->   Operation 278 'sext' 'sext_ln67_2' <Predicate = true> <Delay = 0.00>
ST_2 : Operation 279 [1/1] (0.00ns)   --->   "%sext_ln67_3 = sext i16 %d_i_3_read" [array_io.c:67]   --->   Operation 279 'sext' 'sext_ln67_3' <Predicate = true> <Delay = 0.00>
ST_2 : Operation 280 [1/1] (0.00ns)   --->   "%sext_ln67_4 = sext i16 %d_i_4_read" [array_io.c:67]   --->   Operation 280 'sext' 'sext_ln67_4' <Predicate = true> <Delay = 0.00>
ST_2 : Operation 281 [1/1] (0.00ns)   --->   "%sext_ln67_5 = sext i16 %d_i_5_read" [array_io.c:67]   --->   Operation 281 'sext' 'sext_ln67_5' <Predicate = true> <Delay = 0.00>
ST_2 : Operation 282 [1/1] (0.00ns)   --->   "%sext_ln67_6 = sext i16 %d_i_6_read" [array_io.c:67]   --->   Operation 282 'sext' 'sext_ln67_6' <Predicate = true> <Delay = 0.00>
ST_2 : Operation 283 [1/1] (0.00ns)   --->   "%sext_ln67_7 = sext i16 %d_i_7_read" [array_io.c:67]   --->   Operation 283 'sext' 'sext_ln67_7' <Predicate = true> <Delay = 0.00>
ST_2 : Operation 284 [1/1] (0.00ns) (grouped into TernaryAdder)   --->   "%add_ln67 = add i32 %acc_0_load, i32 %sext_ln67" [array_io.c:67]   --->   Operation 284 'add' 'add_ln67' <Predicate = true> <Delay = 0.00> <CoreInst = "TAddSub">   --->   Core 10 'TAddSub' <Latency = 0> <II = 1> <Delay = 2.18> <IPBlock> <Opcode : 'add' 'sub'> <InPorts = 3> <OutPorts = 1> <Sync> <CReg>
ST_2 : Operation 285 [1/1] (0.00ns)   --->   "%sext_ln67_10 = sext i18 %add_ln67_2" [array_io.c:67]   --->   Operation 285 'sext' 'sext_ln67_10' <Predicate = true> <Delay = 0.00>
ST_2 : Operation 286 [1/1] (4.37ns) (root node of TernaryAdder)   --->   "%temp = add i32 %sext_ln67_10, i32 %add_ln67" [array_io.c:67]   --->   Operation 286 'add' 'temp' <Predicate = true> <Delay = 4.37> <CoreInst = "TAddSub">   --->   Core 10 'TAddSub' <Latency = 0> <II = 1> <Delay = 2.18> <IPBlock> <Opcode : 'add' 'sub'> <InPorts = 3> <OutPorts = 1> <Sync> <CReg>
ST_2 : Operation 287 [1/1] (0.00ns)   --->   "%store_ln68 = store i32 %temp, i32 %acc_0" [array_io.c:68]   --->   Operation 287 'store' 'store_ln68' <Predicate = true> <Delay = 0.00>
ST_2 : Operation 288 [1/1] (2.07ns)   --->   "%add_ln69_24 = add i16 %d_i_24_read, i16 %add_ln69_16" [array_io.c:69]   --->   Operation 288 'add' 'add_ln69_24' <Predicate = true> <Delay = 2.07> <CoreInst = "Adder">   --->   Core 1 'Adder' <Latency = 0> <II = 1> <Delay = 2.07> <FuncUnit> <Opcode : 'add' 'sub'> <InPorts = 2> <OutPorts = 1>
ST_2 : Operation 289 [1/1] (0.00ns)   --->   "%write_ln69 = write void @_ssdm_op_Write.ap_auto.volatile.i16P0A, i16 %d_o_24, i16 %add_ln69_24" [array_io.c:69]   --->   Operation 289 'write' 'write_ln69' <Predicate = true> <Delay = 0.00>
ST_2 : Operation 290 [1/1] (0.00ns) (grouped into TernaryAdder)   --->   "%add_ln67_4 = add i32 %acc_1_load, i32 %sext_ln67_1" [array_io.c:67]   --->   Operation 290 'add' 'add_ln67_4' <Predicate = true> <Delay = 0.00> <CoreInst = "TAddSub">   --->   Core 10 'TAddSub' <Latency = 0> <II = 1> <Delay = 2.18> <IPBlock> <Opcode : 'add' 'sub'> <InPorts = 3> <OutPorts = 1> <Sync> <CReg>
ST_2 : Operation 291 [1/1] (0.00ns)   --->   "%sext_ln67_13 = sext i18 %add_ln67_6" [array_io.c:67]   --->   Operation 291 'sext' 'sext_ln67_13' <Predicate = true> <Delay = 0.00>
ST_2 : Operation 292 [1/1] (4.37ns) (root node of TernaryAdder)   --->   "%temp_1 = add i32 %sext_ln67_13, i32 %add_ln67_4" [array_io.c:67]   --->   Operation 292 'add' 'temp_1' <Predicate = true> <Delay = 4.37> <CoreInst = "TAddSub">   --->   Core 10 'TAddSub' <Latency = 0> <II = 1> <Delay = 2.18> <IPBlock> <Opcode : 'add' 'sub'> <InPorts = 3> <OutPorts = 1> <Sync> <CReg>
ST_2 : Operation 293 [1/1] (0.00ns)   --->   "%store_ln68 = store i32 %temp_1, i32 %acc_1" [array_io.c:68]   --->   Operation 293 'store' 'store_ln68' <Predicate = true> <Delay = 0.00>
ST_2 : Operation 294 [1/1] (2.07ns)   --->   "%add_ln69_25 = add i16 %d_i_25_read, i16 %add_ln69_17" [array_io.c:69]   --->   Operation 294 'add' 'add_ln69_25' <Predicate = true> <Delay = 2.07> <CoreInst = "Adder">   --->   Core 1 'Adder' <Latency = 0> <II = 1> <Delay = 2.07> <FuncUnit> <Opcode : 'add' 'sub'> <InPorts = 2> <OutPorts = 1>
ST_2 : Operation 295 [1/1] (0.00ns)   --->   "%write_ln69 = write void @_ssdm_op_Write.ap_auto.volatile.i16P0A, i16 %d_o_25, i16 %add_ln69_25" [array_io.c:69]   --->   Operation 295 'write' 'write_ln69' <Predicate = true> <Delay = 0.00>
ST_2 : Operation 296 [1/1] (0.00ns) (grouped into TernaryAdder)   --->   "%add_ln67_8 = add i32 %acc_2_load, i32 %sext_ln67_2" [array_io.c:67]   --->   Operation 296 'add' 'add_ln67_8' <Predicate = true> <Delay = 0.00> <CoreInst = "TAddSub">   --->   Core 10 'TAddSub' <Latency = 0> <II = 1> <Delay = 2.18> <IPBlock> <Opcode : 'add' 'sub'> <InPorts = 3> <OutPorts = 1> <Sync> <CReg>
ST_2 : Operation 297 [1/1] (0.00ns)   --->   "%sext_ln67_16 = sext i18 %add_ln67_10" [array_io.c:67]   --->   Operation 297 'sext' 'sext_ln67_16' <Predicate = true> <Delay = 0.00>
ST_2 : Operation 298 [1/1] (4.37ns) (root node of TernaryAdder)   --->   "%temp_2 = add i32 %sext_ln67_16, i32 %add_ln67_8" [array_io.c:67]   --->   Operation 298 'add' 'temp_2' <Predicate = true> <Delay = 4.37> <CoreInst = "TAddSub">   --->   Core 10 'TAddSub' <Latency = 0> <II = 1> <Delay = 2.18> <IPBlock> <Opcode : 'add' 'sub'> <InPorts = 3> <OutPorts = 1> <Sync> <CReg>
ST_2 : Operation 299 [1/1] (0.00ns)   --->   "%store_ln68 = store i32 %temp_2, i32 %acc_2" [array_io.c:68]   --->   Operation 299 'store' 'store_ln68' <Predicate = true> <Delay = 0.00>
ST_2 : Operation 300 [1/1] (2.07ns)   --->   "%add_ln69_26 = add i16 %d_i_26_read, i16 %add_ln69_18" [array_io.c:69]   --->   Operation 300 'add' 'add_ln69_26' <Predicate = true> <Delay = 2.07> <CoreInst = "Adder">   --->   Core 1 'Adder' <Latency = 0> <II = 1> <Delay = 2.07> <FuncUnit> <Opcode : 'add' 'sub'> <InPorts = 2> <OutPorts = 1>
ST_2 : Operation 301 [1/1] (0.00ns)   --->   "%write_ln69 = write void @_ssdm_op_Write.ap_auto.volatile.i16P0A, i16 %d_o_26, i16 %add_ln69_26" [array_io.c:69]   --->   Operation 301 'write' 'write_ln69' <Predicate = true> <Delay = 0.00>
ST_2 : Operation 302 [1/1] (0.00ns) (grouped into TernaryAdder)   --->   "%add_ln67_12 = add i32 %acc_3_load, i32 %sext_ln67_3" [array_io.c:67]   --->   Operation 302 'add' 'add_ln67_12' <Predicate = true> <Delay = 0.00> <CoreInst = "TAddSub">   --->   Core 10 'TAddSub' <Latency = 0> <II = 1> <Delay = 2.18> <IPBlock> <Opcode : 'add' 'sub'> <InPorts = 3> <OutPorts = 1> <Sync> <CReg>
ST_2 : Operation 303 [1/1] (0.00ns)   --->   "%sext_ln67_19 = sext i18 %add_ln67_14" [array_io.c:67]   --->   Operation 303 'sext' 'sext_ln67_19' <Predicate = true> <Delay = 0.00>
ST_2 : Operation 304 [1/1] (4.37ns) (root node of TernaryAdder)   --->   "%temp_3 = add i32 %sext_ln67_19, i32 %add_ln67_12" [array_io.c:67]   --->   Operation 304 'add' 'temp_3' <Predicate = true> <Delay = 4.37> <CoreInst = "TAddSub">   --->   Core 10 'TAddSub' <Latency = 0> <II = 1> <Delay = 2.18> <IPBlock> <Opcode : 'add' 'sub'> <InPorts = 3> <OutPorts = 1> <Sync> <CReg>
ST_2 : Operation 305 [1/1] (0.00ns)   --->   "%store_ln68 = store i32 %temp_3, i32 %acc_3" [array_io.c:68]   --->   Operation 305 'store' 'store_ln68' <Predicate = true> <Delay = 0.00>
ST_2 : Operation 306 [1/1] (2.07ns)   --->   "%add_ln69_27 = add i16 %d_i_27_read, i16 %add_ln69_19" [array_io.c:69]   --->   Operation 306 'add' 'add_ln69_27' <Predicate = true> <Delay = 2.07> <CoreInst = "Adder">   --->   Core 1 'Adder' <Latency = 0> <II = 1> <Delay = 2.07> <FuncUnit> <Opcode : 'add' 'sub'> <InPorts = 2> <OutPorts = 1>
ST_2 : Operation 307 [1/1] (0.00ns)   --->   "%write_ln69 = write void @_ssdm_op_Write.ap_auto.volatile.i16P0A, i16 %d_o_27, i16 %add_ln69_27" [array_io.c:69]   --->   Operation 307 'write' 'write_ln69' <Predicate = true> <Delay = 0.00>
ST_2 : Operation 308 [1/1] (0.00ns) (grouped into TernaryAdder)   --->   "%add_ln67_16 = add i32 %acc_4_load, i32 %sext_ln67_4" [array_io.c:67]   --->   Operation 308 'add' 'add_ln67_16' <Predicate = true> <Delay = 0.00> <CoreInst = "TAddSub">   --->   Core 10 'TAddSub' <Latency = 0> <II = 1> <Delay = 2.18> <IPBlock> <Opcode : 'add' 'sub'> <InPorts = 3> <OutPorts = 1> <Sync> <CReg>
ST_2 : Operation 309 [1/1] (0.00ns)   --->   "%sext_ln67_22 = sext i18 %add_ln67_18" [array_io.c:67]   --->   Operation 309 'sext' 'sext_ln67_22' <Predicate = true> <Delay = 0.00>
ST_2 : Operation 310 [1/1] (4.37ns) (root node of TernaryAdder)   --->   "%temp_4 = add i32 %sext_ln67_22, i32 %add_ln67_16" [array_io.c:67]   --->   Operation 310 'add' 'temp_4' <Predicate = true> <Delay = 4.37> <CoreInst = "TAddSub">   --->   Core 10 'TAddSub' <Latency = 0> <II = 1> <Delay = 2.18> <IPBlock> <Opcode : 'add' 'sub'> <InPorts = 3> <OutPorts = 1> <Sync> <CReg>
ST_2 : Operation 311 [1/1] (0.00ns)   --->   "%store_ln68 = store i32 %temp_4, i32 %acc_4" [array_io.c:68]   --->   Operation 311 'store' 'store_ln68' <Predicate = true> <Delay = 0.00>
ST_2 : Operation 312 [1/1] (2.07ns)   --->   "%add_ln69_28 = add i16 %d_i_28_read, i16 %add_ln69_20" [array_io.c:69]   --->   Operation 312 'add' 'add_ln69_28' <Predicate = true> <Delay = 2.07> <CoreInst = "Adder">   --->   Core 1 'Adder' <Latency = 0> <II = 1> <Delay = 2.07> <FuncUnit> <Opcode : 'add' 'sub'> <InPorts = 2> <OutPorts = 1>
ST_2 : Operation 313 [1/1] (0.00ns)   --->   "%write_ln69 = write void @_ssdm_op_Write.ap_auto.volatile.i16P0A, i16 %d_o_28, i16 %add_ln69_28" [array_io.c:69]   --->   Operation 313 'write' 'write_ln69' <Predicate = true> <Delay = 0.00>
ST_2 : Operation 314 [1/1] (0.00ns) (grouped into TernaryAdder)   --->   "%add_ln67_20 = add i32 %acc_5_load, i32 %sext_ln67_5" [array_io.c:67]   --->   Operation 314 'add' 'add_ln67_20' <Predicate = true> <Delay = 0.00> <CoreInst = "TAddSub">   --->   Core 10 'TAddSub' <Latency = 0> <II = 1> <Delay = 2.18> <IPBlock> <Opcode : 'add' 'sub'> <InPorts = 3> <OutPorts = 1> <Sync> <CReg>
ST_2 : Operation 315 [1/1] (0.00ns)   --->   "%sext_ln67_25 = sext i18 %add_ln67_22" [array_io.c:67]   --->   Operation 315 'sext' 'sext_ln67_25' <Predicate = true> <Delay = 0.00>
ST_2 : Operation 316 [1/1] (4.37ns) (root node of TernaryAdder)   --->   "%temp_5 = add i32 %sext_ln67_25, i32 %add_ln67_20" [array_io.c:67]   --->   Operation 316 'add' 'temp_5' <Predicate = true> <Delay = 4.37> <CoreInst = "TAddSub">   --->   Core 10 'TAddSub' <Latency = 0> <II = 1> <Delay = 2.18> <IPBlock> <Opcode : 'add' 'sub'> <InPorts = 3> <OutPorts = 1> <Sync> <CReg>
ST_2 : Operation 317 [1/1] (0.00ns)   --->   "%store_ln68 = store i32 %temp_5, i32 %acc_5" [array_io.c:68]   --->   Operation 317 'store' 'store_ln68' <Predicate = true> <Delay = 0.00>
ST_2 : Operation 318 [1/1] (2.07ns)   --->   "%add_ln69_29 = add i16 %d_i_29_read, i16 %add_ln69_21" [array_io.c:69]   --->   Operation 318 'add' 'add_ln69_29' <Predicate = true> <Delay = 2.07> <CoreInst = "Adder">   --->   Core 1 'Adder' <Latency = 0> <II = 1> <Delay = 2.07> <FuncUnit> <Opcode : 'add' 'sub'> <InPorts = 2> <OutPorts = 1>
ST_2 : Operation 319 [1/1] (0.00ns)   --->   "%write_ln69 = write void @_ssdm_op_Write.ap_auto.volatile.i16P0A, i16 %d_o_29, i16 %add_ln69_29" [array_io.c:69]   --->   Operation 319 'write' 'write_ln69' <Predicate = true> <Delay = 0.00>
ST_2 : Operation 320 [1/1] (0.00ns) (grouped into TernaryAdder)   --->   "%add_ln67_24 = add i32 %acc_6_load, i32 %sext_ln67_6" [array_io.c:67]   --->   Operation 320 'add' 'add_ln67_24' <Predicate = true> <Delay = 0.00> <CoreInst = "TAddSub">   --->   Core 10 'TAddSub' <Latency = 0> <II = 1> <Delay = 2.18> <IPBlock> <Opcode : 'add' 'sub'> <InPorts = 3> <OutPorts = 1> <Sync> <CReg>
ST_2 : Operation 321 [1/1] (0.00ns)   --->   "%sext_ln67_28 = sext i18 %add_ln67_26" [array_io.c:67]   --->   Operation 321 'sext' 'sext_ln67_28' <Predicate = true> <Delay = 0.00>
ST_2 : Operation 322 [1/1] (4.37ns) (root node of TernaryAdder)   --->   "%temp_6 = add i32 %sext_ln67_28, i32 %add_ln67_24" [array_io.c:67]   --->   Operation 322 'add' 'temp_6' <Predicate = true> <Delay = 4.37> <CoreInst = "TAddSub">   --->   Core 10 'TAddSub' <Latency = 0> <II = 1> <Delay = 2.18> <IPBlock> <Opcode : 'add' 'sub'> <InPorts = 3> <OutPorts = 1> <Sync> <CReg>
ST_2 : Operation 323 [1/1] (0.00ns)   --->   "%store_ln68 = store i32 %temp_6, i32 %acc_6" [array_io.c:68]   --->   Operation 323 'store' 'store_ln68' <Predicate = true> <Delay = 0.00>
ST_2 : Operation 324 [1/1] (2.07ns)   --->   "%add_ln69_30 = add i16 %d_i_30_read, i16 %add_ln69_22" [array_io.c:69]   --->   Operation 324 'add' 'add_ln69_30' <Predicate = true> <Delay = 2.07> <CoreInst = "Adder">   --->   Core 1 'Adder' <Latency = 0> <II = 1> <Delay = 2.07> <FuncUnit> <Opcode : 'add' 'sub'> <InPorts = 2> <OutPorts = 1>
ST_2 : Operation 325 [1/1] (0.00ns)   --->   "%write_ln69 = write void @_ssdm_op_Write.ap_auto.volatile.i16P0A, i16 %d_o_30, i16 %add_ln69_30" [array_io.c:69]   --->   Operation 325 'write' 'write_ln69' <Predicate = true> <Delay = 0.00>
ST_2 : Operation 326 [1/1] (0.00ns) (grouped into TernaryAdder)   --->   "%add_ln67_28 = add i32 %acc_7_load, i32 %sext_ln67_7" [array_io.c:67]   --->   Operation 326 'add' 'add_ln67_28' <Predicate = true> <Delay = 0.00> <CoreInst = "TAddSub">   --->   Core 10 'TAddSub' <Latency = 0> <II = 1> <Delay = 2.18> <IPBlock> <Opcode : 'add' 'sub'> <InPorts = 3> <OutPorts = 1> <Sync> <CReg>
ST_2 : Operation 327 [1/1] (0.00ns)   --->   "%sext_ln67_31 = sext i18 %add_ln67_30" [array_io.c:67]   --->   Operation 327 'sext' 'sext_ln67_31' <Predicate = true> <Delay = 0.00>
ST_2 : Operation 328 [1/1] (4.37ns) (root node of TernaryAdder)   --->   "%temp_7 = add i32 %sext_ln67_31, i32 %add_ln67_28" [array_io.c:67]   --->   Operation 328 'add' 'temp_7' <Predicate = true> <Delay = 4.37> <CoreInst = "TAddSub">   --->   Core 10 'TAddSub' <Latency = 0> <II = 1> <Delay = 2.18> <IPBlock> <Opcode : 'add' 'sub'> <InPorts = 3> <OutPorts = 1> <Sync> <CReg>
ST_2 : Operation 329 [1/1] (0.00ns)   --->   "%store_ln68 = store i32 %temp_7, i32 %acc_7" [array_io.c:68]   --->   Operation 329 'store' 'store_ln68' <Predicate = true> <Delay = 0.00>
ST_2 : Operation 330 [1/1] (2.07ns)   --->   "%add_ln69_31 = add i16 %d_i_31_read, i16 %add_ln69_23" [array_io.c:69]   --->   Operation 330 'add' 'add_ln69_31' <Predicate = true> <Delay = 2.07> <CoreInst = "Adder">   --->   Core 1 'Adder' <Latency = 0> <II = 1> <Delay = 2.07> <FuncUnit> <Opcode : 'add' 'sub'> <InPorts = 2> <OutPorts = 1>
ST_2 : Operation 331 [1/1] (0.00ns)   --->   "%write_ln69 = write void @_ssdm_op_Write.ap_auto.volatile.i16P0A, i16 %d_o_31, i16 %add_ln69_31" [array_io.c:69]   --->   Operation 331 'write' 'write_ln69' <Predicate = true> <Delay = 0.00>
ST_2 : Operation 332 [1/1] (0.00ns)   --->   "%ret_ln71 = ret" [array_io.c:71]   --->   Operation 332 'ret' 'ret_ln71' <Predicate = true> <Delay = 0.00>


============================================================
+ Verbose Summary: Timing violations
============================================================
Target clock period: 10ns, clock uncertainty: 2.7ns.

 <State 1>: 6.23ns
The critical path consists of the following:
	'load' operation ('acc_0_load', array_io.c:67) on static variable 'acc_0' [202]  (0 ns)
	'add' operation ('add_ln69', array_io.c:69) [206]  (2.08 ns)
	'add' operation ('add_ln69_8', array_io.c:69) [252]  (2.08 ns)
	'add' operation ('add_ln69_16', array_io.c:69) [284]  (2.08 ns)

 <State 2>: 4.37ns
The critical path consists of the following:
	'add' operation ('add_ln67', array_io.c:67) [316]  (0 ns)
	'add' operation ('temp', array_io.c:67) [321]  (4.37 ns)


============================================================
+ Verbose Summary: Binding
============================================================
N/A
* FSMD analyzer results:
  - Output states:
 - Input state : 
  - Chain level:
	State 1
	State 2


============================================================
+ Verbose Summary: Datapath Resource usage 
============================================================
N/A
