

================================================================
== Vivado HLS Report for 'Loop_Xpose_Col_Outer'
================================================================
* Date:           Fri Oct 14 19:15:06 2022

* Version:        2020.1 (Build 2897737 on Wed May 27 20:21:37 MDT 2020)
* Project:        dct_prj
* Solution:       solution6
* Product family: virtexuplus
* Target device:  xcvu9p-flgb2104-1-e


================================================================
== Performance Estimates
================================================================
+ Timing: 
    * Summary: 
    +--------+---------+----------+------------+
    |  Clock |  Target | Estimated| Uncertainty|
    +--------+---------+----------+------------+
    |ap_clk  | 8.00 ns | 3.149 ns |   1.00 ns  |
    +--------+---------+----------+------------+

+ Latency: 
    * Summary: 
    +---------+---------+----------+----------+-----+-----+---------+
    |  Latency (cycles) |  Latency (absolute) |  Interval | Pipeline|
    |   min   |   max   |    min   |    max   | min | max |   Type  |
    +---------+---------+----------+----------+-----+-----+---------+
    |       66|       66| 0.528 us | 0.528 us |   66|   66|   none  |
    +---------+---------+----------+----------+-----+-----+---------+

    + Detail: 
        * Instance: 
        N/A

        * Loop: 
        +---------------------------------------------+---------+---------+----------+-----------+-----------+------+----------+
        |                                             |  Latency (cycles) | Iteration|  Initiation Interval  | Trip |          |
        |                  Loop Name                  |   min   |   max   |  Latency |  achieved |   target  | Count| Pipelined|
        +---------------------------------------------+---------+---------+----------+-----------+-----------+------+----------+
        |- Xpose_Col_Outer_Loop_Xpose_Col_Inner_Loop  |       64|       64|         2|          1|          1|    64|    yes   |
        +---------------------------------------------+---------+---------+----------+-----------+-----------+------+----------+



================================================================
== Utilization Estimates
================================================================
* Summary: 
+---------------------+---------+-------+---------+---------+-----+
|         Name        | BRAM_18K| DSP48E|    FF   |   LUT   | URAM|
+---------------------+---------+-------+---------+---------+-----+
|DSP                  |        -|      -|        -|        -|    -|
|Expression           |        -|      -|        0|      105|    -|
|FIFO                 |        -|      -|        -|        -|    -|
|Instance             |        -|      -|        -|        -|    -|
|Memory               |        -|      -|        -|        -|    -|
|Multiplexer          |        -|      -|        -|       81|    -|
|Register             |        -|      -|       30|        -|    -|
+---------------------+---------+-------+---------+---------+-----+
|Total                |        0|      0|       30|      186|    0|
+---------------------+---------+-------+---------+---------+-----+
|Available SLR        |     1440|   2280|   788160|   394080|  320|
+---------------------+---------+-------+---------+---------+-----+
|Utilization SLR (%)  |        0|      0|    ~0   |    ~0   |    0|
+---------------------+---------+-------+---------+---------+-----+
|Available            |     4320|   6840|  2364480|  1182240|  960|
+---------------------+---------+-------+---------+---------+-----+
|Utilization (%)      |        0|      0|    ~0   |    ~0   |    0|
+---------------------+---------+-------+---------+---------+-----+

+ Detail: 
    * Instance: 
    N/A

    * DSP48E: 
    N/A

    * Memory: 
    N/A

    * FIFO: 
    N/A

    * Expression: 
    +-------------------------+----------+-------+---+----+------------+------------+
    |      Variable Name      | Operation| DSP48E| FF| LUT| Bitwidth P0| Bitwidth P1|
    +-------------------------+----------+-------+---+----+------------+------------+
    |add_ln92_fu_112_p2       |     +    |      0|  0|  15|           7|           1|
    |add_ln95_1_fu_193_p2     |     +    |      0|  0|  15|           8|           8|
    |add_ln95_fu_162_p2       |     +    |      0|  0|  15|           8|           8|
    |i_fu_173_p2              |     +    |      0|  0|  12|           4|           1|
    |j_fu_118_p2              |     +    |      0|  0|  12|           4|           1|
    |icmp_ln92_fu_106_p2      |   icmp   |      0|  0|  11|           7|           8|
    |icmp_ln94_fu_124_p2      |   icmp   |      0|  0|  11|           4|           5|
    |ap_block_state1          |    or    |      0|  0|   2|           1|           1|
    |select_ln95_1_fu_138_p3  |  select  |      0|  0|   4|           1|           4|
    |select_ln95_fu_130_p3    |  select  |      0|  0|   4|           1|           1|
    |ap_enable_pp0            |    xor   |      0|  0|   2|           1|           2|
    |ap_enable_reg_pp0_iter1  |    xor   |      0|  0|   2|           2|           1|
    +-------------------------+----------+-------+---+----+------------+------------+
    |Total                    |          |      0|  0| 105|          48|          41|
    +-------------------------+----------+-------+---+----+------------+------------+

    * Multiplexer: 
    +-------------------------------+----+-----------+-----+-----------+
    |              Name             | LUT| Input Size| Bits| Total Bits|
    +-------------------------------+----+-----------+-----+-----------+
    |ap_NS_fsm                      |  21|          4|    1|          4|
    |ap_done                        |   9|          2|    1|          2|
    |ap_enable_reg_pp0_iter1        |  15|          3|    1|          3|
    |ap_phi_mux_j_1_i_phi_fu_88_p4  |   9|          2|    4|          8|
    |i_3_i_reg_95                   |   9|          2|    4|          8|
    |indvar_flatten_reg_73          |   9|          2|    7|         14|
    |j_1_i_reg_84                   |   9|          2|    4|          8|
    +-------------------------------+----+-----------+-----+-----------+
    |Total                          |  81|         17|   22|         47|
    +-------------------------------+----+-----------+-----+-----------+

    * Register: 
    +-------------------------+---+----+-----+-----------+
    |           Name          | FF| LUT| Bits| Const Bits|
    +-------------------------+---+----+-----+-----------+
    |ap_CS_fsm                |  3|   0|    3|          0|
    |ap_done_reg              |  1|   0|    1|          0|
    |ap_enable_reg_pp0_iter0  |  1|   0|    1|          0|
    |ap_enable_reg_pp0_iter1  |  1|   0|    1|          0|
    |i_3_i_reg_95             |  4|   0|    4|          0|
    |icmp_ln92_reg_204        |  1|   0|    1|          0|
    |indvar_flatten_reg_73    |  7|   0|    7|          0|
    |j_1_i_reg_84             |  4|   0|    4|          0|
    |select_ln95_1_reg_218    |  4|   0|    4|          0|
    |select_ln95_reg_213      |  4|   0|    4|          0|
    +-------------------------+---+----+-----+-----------+
    |Total                    | 30|   0|   30|          0|
    +-------------------------+---+----+-----+-----------+



================================================================
== Interface
================================================================
* Summary: 
+-----------------------+-----+-----+------------+----------------------+--------------+
|       RTL Ports       | Dir | Bits|  Protocol  |     Source Object    |    C Type    |
+-----------------------+-----+-----+------------+----------------------+--------------+
|ap_clk                 |  in |    1| ap_ctrl_hs | Loop_Xpose_Col_Outer | return value |
|ap_rst                 |  in |    1| ap_ctrl_hs | Loop_Xpose_Col_Outer | return value |
|ap_start               |  in |    1| ap_ctrl_hs | Loop_Xpose_Col_Outer | return value |
|ap_done                | out |    1| ap_ctrl_hs | Loop_Xpose_Col_Outer | return value |
|ap_continue            |  in |    1| ap_ctrl_hs | Loop_Xpose_Col_Outer | return value |
|ap_idle                | out |    1| ap_ctrl_hs | Loop_Xpose_Col_Outer | return value |
|ap_ready               | out |    1| ap_ctrl_hs | Loop_Xpose_Col_Outer | return value |
|col_outbuf_i_address0  | out |    6|  ap_memory |     col_outbuf_i     |     array    |
|col_outbuf_i_ce0       | out |    1|  ap_memory |     col_outbuf_i     |     array    |
|col_outbuf_i_q0        |  in |   16|  ap_memory |     col_outbuf_i     |     array    |
|buf_2d_out_address0    | out |    6|  ap_memory |      buf_2d_out      |     array    |
|buf_2d_out_ce0         | out |    1|  ap_memory |      buf_2d_out      |     array    |
|buf_2d_out_we0         | out |    1|  ap_memory |      buf_2d_out      |     array    |
|buf_2d_out_d0          | out |   16|  ap_memory |      buf_2d_out      |     array    |
+-----------------------+-----+-----+------------+----------------------+--------------+

============================================================
+ Verbose Summary: Synthesis Manager
============================================================
InlineROM: 1
ExposeGlobal: 0
============================================================
+ Verbose Summary: CDFG Model
============================================================
IsTopModel: 0
ResetActiveHigh: 1
IsCombinational: 2
IsDatapathOnly: 0
HasWiredReturn: 1
HasMFsm: 0
HasVarLatency: 1
IsPipeline: 0
IsRtlPipelined: 0
IsInstanceOverlapped: 0
IsDontTouch: 0
HasImplIP: 0
IsGatedGlobalClock: 0

+ Individual pipeline summary: 
  * Pipeline-0: initiation interval (II) = 1, depth = 2


============================================================
+ Verbose Summary: Schedule
============================================================
* Number of FSM states : 4
* Pipeline : 1
  Pipeline-0 : II = 1, D = 2, States = { 2 3 }
* Dataflow Pipeline: 0

* FSM state transitions: 
1 --> 2 
2 --> 4 3 
3 --> 2 
4 --> 

* FSM state operations: 

State 1 <SV = 0> <Delay = 0.73>
ST_1 : Operation 5 [1/1] (0.73ns)   --->   "br label %0"   --->   Operation 5 'br' <Predicate = true> <Delay = 0.73>

State 2 <SV = 1> <Delay = 3.14>
ST_2 : Operation 6 [1/1] (0.00ns)   --->   "%indvar_flatten = phi i7 [ 0, %newFuncRoot ], [ %add_ln92, %Xpose_Col_Inner_Loop ]" [dct.cpp:92->dct.cpp:130]   --->   Operation 6 'phi' 'indvar_flatten' <Predicate = true> <Delay = 0.00>
ST_2 : Operation 7 [1/1] (0.00ns)   --->   "%j_1_i = phi i4 [ 0, %newFuncRoot ], [ %select_ln95_1, %Xpose_Col_Inner_Loop ]" [dct.cpp:95->dct.cpp:130]   --->   Operation 7 'phi' 'j_1_i' <Predicate = true> <Delay = 0.00>
ST_2 : Operation 8 [1/1] (0.00ns)   --->   "%i_3_i = phi i4 [ 0, %newFuncRoot ], [ %i, %Xpose_Col_Inner_Loop ]"   --->   Operation 8 'phi' 'i_3_i' <Predicate = true> <Delay = 0.00>
ST_2 : Operation 9 [1/1] (0.71ns)   --->   "%icmp_ln92 = icmp eq i7 %indvar_flatten, -64" [dct.cpp:92->dct.cpp:130]   --->   Operation 9 'icmp' 'icmp_ln92' <Predicate = true> <Delay = 0.71> <Core = "Cmp">   --->   Core 25 'Cmp' <Latency = 0> <II = 1> <Delay = 0.72> <FuncUnit> <Opcode : 'icmp'> <InPorts = 2> <OutPorts = 1>
ST_2 : Operation 10 [1/1] (0.85ns)   --->   "%add_ln92 = add i7 %indvar_flatten, 1" [dct.cpp:92->dct.cpp:130]   --->   Operation 10 'add' 'add_ln92' <Predicate = true> <Delay = 0.85> <Core = "AddSub">   --->   Core 14 'AddSub' <Latency = 0> <II = 1> <Delay = 0.80> <FuncUnit> <Opcode : 'add' 'sub'> <InPorts = 2> <OutPorts = 1>
ST_2 : Operation 11 [1/1] (0.00ns)   --->   "br i1 %icmp_ln92, label %dct_2d.exit.exitStub, label %Xpose_Col_Inner_Loop" [dct.cpp:92->dct.cpp:130]   --->   Operation 11 'br' <Predicate = true> <Delay = 0.00>
ST_2 : Operation 12 [1/1] (0.80ns)   --->   "%j = add i4 %j_1_i, 1" [dct.cpp:92->dct.cpp:130]   --->   Operation 12 'add' 'j' <Predicate = (!icmp_ln92)> <Delay = 0.80> <Core = "AddSub">   --->   Core 14 'AddSub' <Latency = 0> <II = 1> <Delay = 0.80> <FuncUnit> <Opcode : 'add' 'sub'> <InPorts = 2> <OutPorts = 1>
ST_2 : Operation 13 [1/1] (0.72ns)   --->   "%icmp_ln94 = icmp eq i4 %i_3_i, -8" [dct.cpp:94->dct.cpp:130]   --->   Operation 13 'icmp' 'icmp_ln94' <Predicate = (!icmp_ln92)> <Delay = 0.72> <Core = "Cmp">   --->   Core 25 'Cmp' <Latency = 0> <II = 1> <Delay = 0.72> <FuncUnit> <Opcode : 'icmp'> <InPorts = 2> <OutPorts = 1>
ST_2 : Operation 14 [1/1] (0.18ns)   --->   "%select_ln95 = select i1 %icmp_ln94, i4 0, i4 %i_3_i" [dct.cpp:95->dct.cpp:130]   --->   Operation 14 'select' 'select_ln95' <Predicate = (!icmp_ln92)> <Delay = 0.18> <Core = "Sel">   --->   Core 26 'Sel' <Latency = 0> <II = 1> <Delay = 0.18> <FuncUnit> <Opcode : 'select'> <InPorts = 3> <OutPorts = 1>
ST_2 : Operation 15 [1/1] (0.18ns)   --->   "%select_ln95_1 = select i1 %icmp_ln94, i4 %j, i4 %j_1_i" [dct.cpp:95->dct.cpp:130]   --->   Operation 15 'select' 'select_ln95_1' <Predicate = (!icmp_ln92)> <Delay = 0.18> <Core = "Sel">   --->   Core 26 'Sel' <Latency = 0> <II = 1> <Delay = 0.18> <FuncUnit> <Opcode : 'select'> <InPorts = 3> <OutPorts = 1>
ST_2 : Operation 16 [1/1] (0.00ns)   --->   "%zext_ln95 = zext i4 %select_ln95_1 to i8" [dct.cpp:95->dct.cpp:130]   --->   Operation 16 'zext' 'zext_ln95' <Predicate = (!icmp_ln92)> <Delay = 0.00>
ST_2 : Operation 17 [1/1] (0.00ns)   --->   "%tmp_3 = call i7 @_ssdm_op_BitConcatenate.i7.i4.i3(i4 %select_ln95, i3 0)" [dct.cpp:95->dct.cpp:130]   --->   Operation 17 'bitconcatenate' 'tmp_3' <Predicate = (!icmp_ln92)> <Delay = 0.00>
ST_2 : Operation 18 [1/1] (0.00ns)   --->   "%zext_ln95_3 = zext i7 %tmp_3 to i8" [dct.cpp:95->dct.cpp:130]   --->   Operation 18 'zext' 'zext_ln95_3' <Predicate = (!icmp_ln92)> <Delay = 0.00>
ST_2 : Operation 19 [1/1] (0.85ns)   --->   "%add_ln95 = add i8 %zext_ln95, %zext_ln95_3" [dct.cpp:95->dct.cpp:130]   --->   Operation 19 'add' 'add_ln95' <Predicate = (!icmp_ln92)> <Delay = 0.85> <Core = "AddSub">   --->   Core 14 'AddSub' <Latency = 0> <II = 1> <Delay = 0.80> <FuncUnit> <Opcode : 'add' 'sub'> <InPorts = 2> <OutPorts = 1>
ST_2 : Operation 20 [1/1] (0.00ns)   --->   "%zext_ln95_4 = zext i8 %add_ln95 to i64" [dct.cpp:95->dct.cpp:130]   --->   Operation 20 'zext' 'zext_ln95_4' <Predicate = (!icmp_ln92)> <Delay = 0.00>
ST_2 : Operation 21 [1/1] (0.00ns)   --->   "%col_outbuf_i_addr = getelementptr [64 x i16]* %col_outbuf_i, i64 0, i64 %zext_ln95_4" [dct.cpp:95->dct.cpp:130]   --->   Operation 21 'getelementptr' 'col_outbuf_i_addr' <Predicate = (!icmp_ln92)> <Delay = 0.00>
ST_2 : Operation 22 [2/2] (1.29ns)   --->   "%col_outbuf_i_load = load i16* %col_outbuf_i_addr, align 2" [dct.cpp:95->dct.cpp:130]   --->   Operation 22 'load' 'col_outbuf_i_load' <Predicate = (!icmp_ln92)> <Delay = 1.29> <Core = "RAM">   --->   Core 37 'RAM' <Latency = 1> <II = 1> <Delay = 1.29> <Storage> <Opcode : 'load' 'store'> <Ports = 2> <Width = 16> <Depth = 64> <RAM>
ST_2 : Operation 23 [1/1] (0.80ns)   --->   "%i = add i4 %select_ln95, 1" [dct.cpp:94->dct.cpp:130]   --->   Operation 23 'add' 'i' <Predicate = (!icmp_ln92)> <Delay = 0.80> <Core = "AddSub">   --->   Core 14 'AddSub' <Latency = 0> <II = 1> <Delay = 0.80> <FuncUnit> <Opcode : 'add' 'sub'> <InPorts = 2> <OutPorts = 1>

State 3 <SV = 2> <Delay = 2.59>
ST_3 : Operation 24 [1/1] (0.00ns)   --->   "call void (...)* @_ssdm_op_SpecLoopName([42 x i8]* @Xpose_Col_Outer_Loop)"   --->   Operation 24 'specloopname' <Predicate = (!icmp_ln92)> <Delay = 0.00>
ST_3 : Operation 25 [1/1] (0.00ns)   --->   "%empty = call i32 (...)* @_ssdm_op_SpecLoopTripCount(i64 64, i64 64, i64 64) nounwind"   --->   Operation 25 'speclooptripcount' 'empty' <Predicate = (!icmp_ln92)> <Delay = 0.00>
ST_3 : Operation 26 [1/1] (0.00ns)   --->   "%tmp = call i7 @_ssdm_op_BitConcatenate.i7.i4.i3(i4 %select_ln95_1, i3 0)" [dct.cpp:95->dct.cpp:130]   --->   Operation 26 'bitconcatenate' 'tmp' <Predicate = (!icmp_ln92)> <Delay = 0.00>
ST_3 : Operation 27 [1/1] (0.00ns)   --->   "%zext_ln95_1 = zext i7 %tmp to i8" [dct.cpp:95->dct.cpp:130]   --->   Operation 27 'zext' 'zext_ln95_1' <Predicate = (!icmp_ln92)> <Delay = 0.00>
ST_3 : Operation 28 [1/1] (0.00ns)   --->   "call void (...)* @_ssdm_op_SpecLoopName([21 x i8]* @p_str9) nounwind" [dct.cpp:95->dct.cpp:130]   --->   Operation 28 'specloopname' <Predicate = (!icmp_ln92)> <Delay = 0.00>
ST_3 : Operation 29 [1/1] (0.00ns)   --->   "%tmp_6 = call i32 (...)* @_ssdm_op_SpecRegionBegin([21 x i8]* @p_str9) nounwind" [dct.cpp:95->dct.cpp:130]   --->   Operation 29 'specregionbegin' 'tmp_6' <Predicate = (!icmp_ln92)> <Delay = 0.00>
ST_3 : Operation 30 [1/1] (0.00ns)   --->   "call void (...)* @_ssdm_op_SpecPipeline(i32 -1, i32 1, i32 1, i32 0, [1 x i8]* @p_str1) nounwind" [dct.cpp:95->dct.cpp:130]   --->   Operation 30 'specpipeline' <Predicate = (!icmp_ln92)> <Delay = 0.00>
ST_3 : Operation 31 [1/1] (0.00ns)   --->   "%zext_ln95_2 = zext i4 %select_ln95 to i8" [dct.cpp:95->dct.cpp:130]   --->   Operation 31 'zext' 'zext_ln95_2' <Predicate = (!icmp_ln92)> <Delay = 0.00>
ST_3 : Operation 32 [1/1] (0.85ns)   --->   "%add_ln95_1 = add i8 %zext_ln95_2, %zext_ln95_1" [dct.cpp:95->dct.cpp:130]   --->   Operation 32 'add' 'add_ln95_1' <Predicate = (!icmp_ln92)> <Delay = 0.85> <Core = "AddSub">   --->   Core 14 'AddSub' <Latency = 0> <II = 1> <Delay = 0.80> <FuncUnit> <Opcode : 'add' 'sub'> <InPorts = 2> <OutPorts = 1>
ST_3 : Operation 33 [1/1] (0.00ns)   --->   "%zext_ln95_5 = zext i8 %add_ln95_1 to i64" [dct.cpp:95->dct.cpp:130]   --->   Operation 33 'zext' 'zext_ln95_5' <Predicate = (!icmp_ln92)> <Delay = 0.00>
ST_3 : Operation 34 [1/1] (0.00ns)   --->   "%buf_2d_out_addr = getelementptr [64 x i16]* %buf_2d_out, i64 0, i64 %zext_ln95_5" [dct.cpp:95->dct.cpp:130]   --->   Operation 34 'getelementptr' 'buf_2d_out_addr' <Predicate = (!icmp_ln92)> <Delay = 0.00>
ST_3 : Operation 35 [1/2] (1.29ns)   --->   "%col_outbuf_i_load = load i16* %col_outbuf_i_addr, align 2" [dct.cpp:95->dct.cpp:130]   --->   Operation 35 'load' 'col_outbuf_i_load' <Predicate = (!icmp_ln92)> <Delay = 1.29> <Core = "RAM">   --->   Core 37 'RAM' <Latency = 1> <II = 1> <Delay = 1.29> <Storage> <Opcode : 'load' 'store'> <Ports = 2> <Width = 16> <Depth = 64> <RAM>
ST_3 : Operation 36 [1/1] (1.29ns)   --->   "store i16 %col_outbuf_i_load, i16* %buf_2d_out_addr, align 2" [dct.cpp:95->dct.cpp:130]   --->   Operation 36 'store' <Predicate = (!icmp_ln92)> <Delay = 1.29> <Core = "RAM">   --->   Core 37 'RAM' <Latency = 1> <II = 1> <Delay = 1.29> <Storage> <Opcode : 'load' 'store'> <Ports = 2> <Width = 16> <Depth = 64> <RAM>
ST_3 : Operation 37 [1/1] (0.00ns)   --->   "%empty_15 = call i32 (...)* @_ssdm_op_SpecRegionEnd([21 x i8]* @p_str9, i32 %tmp_6) nounwind" [dct.cpp:95->dct.cpp:130]   --->   Operation 37 'specregionend' 'empty_15' <Predicate = (!icmp_ln92)> <Delay = 0.00>
ST_3 : Operation 38 [1/1] (0.00ns)   --->   "br label %0"   --->   Operation 38 'br' <Predicate = (!icmp_ln92)> <Delay = 0.00>

State 4 <SV = 2> <Delay = 0.00>
ST_4 : Operation 39 [1/1] (0.00ns)   --->   "ret void"   --->   Operation 39 'ret' <Predicate = true> <Delay = 0.00>


============================================================
+ Verbose Summary: Binding
============================================================
STG Binding: 
---------------- STG Properties BEGIN ----------------
- Is combinational: 0
- Is one-state seq: 0
- Is datapath-only: 0
- Is pipelined: 0
- Is top level: 0
Port [ Return ] is wired: 1; IO mode=ap_ctrl_hs:ce=0
Port [ col_outbuf_i]:  wired=1; compound=1; hidden=0; nouse=0; global=0; static=0; extern=0; dir=0; type=1; pingpong=1; private_global=0; MemPort=[13]; IO mode=ap_memory:ce=0
Port [ buf_2d_out]:  wired=1; compound=1; hidden=0; nouse=0; global=0; static=0; extern=0; dir=1; type=1; pingpong=1; private_global=0; MemPort=[03]; IO mode=ap_memory:ce=0
---------------- STG Properties END ------------------

---------------- Datapath Model BEGIN ----------------

<LifeTime>
<method=bitvector/>
br_ln0            (br               ) [ 01110]
indvar_flatten    (phi              ) [ 00100]
j_1_i             (phi              ) [ 00100]
i_3_i             (phi              ) [ 00100]
icmp_ln92         (icmp             ) [ 00110]
add_ln92          (add              ) [ 01110]
br_ln92           (br               ) [ 00000]
j                 (add              ) [ 00000]
icmp_ln94         (icmp             ) [ 00000]
select_ln95       (select           ) [ 00110]
select_ln95_1     (select           ) [ 01110]
zext_ln95         (zext             ) [ 00000]
tmp_3             (bitconcatenate   ) [ 00000]
zext_ln95_3       (zext             ) [ 00000]
add_ln95          (add              ) [ 00000]
zext_ln95_4       (zext             ) [ 00000]
col_outbuf_i_addr (getelementptr    ) [ 00110]
i                 (add              ) [ 01110]
specloopname_ln0  (specloopname     ) [ 00000]
empty             (speclooptripcount) [ 00000]
tmp               (bitconcatenate   ) [ 00000]
zext_ln95_1       (zext             ) [ 00000]
specloopname_ln95 (specloopname     ) [ 00000]
tmp_6             (specregionbegin  ) [ 00000]
specpipeline_ln95 (specpipeline     ) [ 00000]
zext_ln95_2       (zext             ) [ 00000]
add_ln95_1        (add              ) [ 00000]
zext_ln95_5       (zext             ) [ 00000]
buf_2d_out_addr   (getelementptr    ) [ 00000]
col_outbuf_i_load (load             ) [ 00000]
store_ln95        (store            ) [ 00000]
empty_15          (specregionend    ) [ 00000]
br_ln0            (br               ) [ 01110]
ret_ln0           (ret              ) [ 00000]
</LifeTime>

<model>

<comp_list>
<comp id="0" class="1000" name="col_outbuf_i">
<pin_list>
<pin id="1" dir="1" index="0" bw="1" slack="0"/>
</pin_list>
<bind>
<StgValue><ssdm name="col_outbuf_i"/><MemPortTyVec>1 3 </MemPortTyVec>
</StgValue>
</bind>
</comp>

<comp id="2" class="1000" name="buf_2d_out">
<pin_list>
<pin id="3" dir="1" index="0" bw="1" slack="0"/>
</pin_list>
<bind>
<StgValue><ssdm name="buf_2d_out"/><MemPortTyVec>0 3 </MemPortTyVec>
</StgValue>
</bind>
</comp>

<comp id="4" class="1001" name="const_4">
<pin_list>
<pin id="5" dir="1" index="0" bw="1" slack="1"/>
</pin_list>
<bind>
<StgValue><ssdm name=""/></StgValue>
</bind>
</comp>

<comp id="6" class="1001" name="const_6">
<pin_list>
<pin id="7" dir="1" index="0" bw="1" slack="0"/>
</pin_list>
<bind>
<StgValue><ssdm name=""/></StgValue>
</bind>
</comp>

<comp id="8" class="1001" name="const_8">
<pin_list>
<pin id="9" dir="1" index="0" bw="1" slack="0"/>
</pin_list>
<bind>
<StgValue><ssdm name=""/></StgValue>
</bind>
</comp>

<comp id="10" class="1001" name="const_10">
<pin_list>
<pin id="11" dir="1" index="0" bw="1" slack="0"/>
</pin_list>
<bind>
<StgValue><ssdm name=""/></StgValue>
</bind>
</comp>

<comp id="12" class="1001" name="const_12">
<pin_list>
<pin id="13" dir="1" index="0" bw="1" slack="0"/>
</pin_list>
<bind>
<StgValue><ssdm name=""/></StgValue>
</bind>
</comp>

<comp id="14" class="1001" name="const_14">
<pin_list>
<pin id="15" dir="1" index="0" bw="1" slack="0"/>
</pin_list>
<bind>
<StgValue><ssdm name=""/></StgValue>
</bind>
</comp>

<comp id="16" class="1001" name="const_16">
<pin_list>
<pin id="17" dir="1" index="0" bw="1" slack="0"/>
</pin_list>
<bind>
<StgValue><ssdm name="_ssdm_op_BitConcatenate.i7.i4.i3"/></StgValue>
</bind>
</comp>

<comp id="18" class="1001" name="const_18">
<pin_list>
<pin id="19" dir="1" index="0" bw="1" slack="0"/>
</pin_list>
<bind>
<StgValue><ssdm name=""/></StgValue>
</bind>
</comp>

<comp id="20" class="1001" name="const_20">
<pin_list>
<pin id="21" dir="1" index="0" bw="1" slack="0"/>
</pin_list>
<bind>
<StgValue><ssdm name=""/></StgValue>
</bind>
</comp>

<comp id="22" class="1001" name="const_22">
<pin_list>
<pin id="23" dir="1" index="0" bw="1" slack="2147483647"/>
</pin_list>
<bind>
<StgValue><ssdm name="_ssdm_op_SpecLoopName"/></StgValue>
</bind>
</comp>

<comp id="24" class="1001" name="const_24">
<pin_list>
<pin id="25" dir="1" index="0" bw="1" slack="2147483647"/>
</pin_list>
<bind>
<StgValue><ssdm name="Xpose_Col_Outer_Loop"/></StgValue>
</bind>
</comp>

<comp id="26" class="1001" name="const_26">
<pin_list>
<pin id="27" dir="1" index="0" bw="1" slack="2147483647"/>
</pin_list>
<bind>
<StgValue><ssdm name="_ssdm_op_SpecLoopTripCount"/></StgValue>
</bind>
</comp>

<comp id="28" class="1001" name="const_28">
<pin_list>
<pin id="29" dir="1" index="0" bw="1" slack="2147483647"/>
</pin_list>
<bind>
<StgValue><ssdm name=""/></StgValue>
</bind>
</comp>

<comp id="30" class="1001" name="const_30">
<pin_list>
<pin id="31" dir="1" index="0" bw="1" slack="2147483647"/>
</pin_list>
<bind>
<StgValue><ssdm name="p_str9"/></StgValue>
</bind>
</comp>

<comp id="32" class="1001" name="const_32">
<pin_list>
<pin id="33" dir="1" index="0" bw="1" slack="2147483647"/>
</pin_list>
<bind>
<StgValue><ssdm name="_ssdm_op_SpecRegionBegin"/></StgValue>
</bind>
</comp>

<comp id="34" class="1001" name="const_34">
<pin_list>
<pin id="35" dir="1" index="0" bw="1" slack="2147483647"/>
</pin_list>
<bind>
<StgValue><ssdm name="_ssdm_op_SpecPipeline"/></StgValue>
</bind>
</comp>

<comp id="36" class="1001" name="const_36">
<pin_list>
<pin id="37" dir="1" index="0" bw="1" slack="2147483647"/>
</pin_list>
<bind>
<StgValue><ssdm name=""/></StgValue>
</bind>
</comp>

<comp id="38" class="1001" name="const_38">
<pin_list>
<pin id="39" dir="1" index="0" bw="1" slack="2147483647"/>
</pin_list>
<bind>
<StgValue><ssdm name=""/></StgValue>
</bind>
</comp>

<comp id="40" class="1001" name="const_40">
<pin_list>
<pin id="41" dir="1" index="0" bw="1" slack="2147483647"/>
</pin_list>
<bind>
<StgValue><ssdm name=""/></StgValue>
</bind>
</comp>

<comp id="42" class="1001" name="const_42">
<pin_list>
<pin id="43" dir="1" index="0" bw="1" slack="2147483647"/>
</pin_list>
<bind>
<StgValue><ssdm name="p_str1"/></StgValue>
</bind>
</comp>

<comp id="44" class="1001" name="const_44">
<pin_list>
<pin id="45" dir="1" index="0" bw="1" slack="2147483647"/>
</pin_list>
<bind>
<StgValue><ssdm name="_ssdm_op_SpecRegionEnd"/></StgValue>
</bind>
</comp>

<comp id="46" class="1004" name="col_outbuf_i_addr_gep_fu_46">
<pin_list>
<pin id="47" dir="0" index="0" bw="16" slack="0"/>
<pin id="48" dir="0" index="1" bw="1" slack="0"/>
<pin id="49" dir="0" index="2" bw="8" slack="0"/>
<pin id="50" dir="1" index="3" bw="6" slack="0"/>
</pin_list>
<bind>
<opcode="getelementptr(29) " fcode="getelementptr"/>
<opset="col_outbuf_i_addr/2 "/>
</bind>
</comp>

<comp id="53" class="1004" name="grp_access_fu_53">
<pin_list>
<pin id="54" dir="0" index="0" bw="6" slack="0"/>
<pin id="55" dir="0" index="1" bw="16" slack="2147483647"/>
<pin id="56" dir="0" index="2" bw="0" slack="2147483647"/>
<pin id="57" dir="1" index="3" bw="16" slack="0"/>
</pin_list>
<bind>
<opcode="load(27) " fcode="load"/>
<opset="col_outbuf_i_load/2 "/>
</bind>
</comp>

<comp id="59" class="1004" name="buf_2d_out_addr_gep_fu_59">
<pin_list>
<pin id="60" dir="0" index="0" bw="16" slack="0"/>
<pin id="61" dir="0" index="1" bw="1" slack="0"/>
<pin id="62" dir="0" index="2" bw="8" slack="0"/>
<pin id="63" dir="1" index="3" bw="6" slack="0"/>
</pin_list>
<bind>
<opcode="getelementptr(29) " fcode="getelementptr"/>
<opset="buf_2d_out_addr/3 "/>
</bind>
</comp>

<comp id="66" class="1004" name="store_ln95_access_fu_66">
<pin_list>
<pin id="67" dir="0" index="0" bw="6" slack="0"/>
<pin id="68" dir="0" index="1" bw="16" slack="0"/>
<pin id="69" dir="0" index="2" bw="0" slack="2147483647"/>
<pin id="70" dir="1" index="3" bw="16" slack="2147483647"/>
</pin_list>
<bind>
<opcode="store(28) " fcode="store"/>
<opset="store_ln95/3 "/>
</bind>
</comp>

<comp id="73" class="1005" name="indvar_flatten_reg_73">
<pin_list>
<pin id="74" dir="0" index="0" bw="7" slack="1"/>
<pin id="75" dir="1" index="1" bw="7" slack="1"/>
</pin_list>
<bind>
<opset="indvar_flatten (phireg) "/>
</bind>
</comp>

<comp id="77" class="1004" name="indvar_flatten_phi_fu_77">
<pin_list>
<pin id="78" dir="0" index="0" bw="1" slack="1"/>
<pin id="79" dir="0" index="1" bw="0" slack="2147483647"/>
<pin id="80" dir="0" index="2" bw="7" slack="0"/>
<pin id="81" dir="0" index="3" bw="0" slack="2147483647"/>
<pin id="82" dir="1" index="4" bw="7" slack="0"/>
</pin_list>
<bind>
<opcode="phi(47) " fcode="phi"/>
<opset="indvar_flatten/2 "/>
</bind>
</comp>

<comp id="84" class="1005" name="j_1_i_reg_84">
<pin_list>
<pin id="85" dir="0" index="0" bw="4" slack="1"/>
<pin id="86" dir="1" index="1" bw="4" slack="1"/>
</pin_list>
<bind>
<opset="j_1_i (phireg) "/>
</bind>
</comp>

<comp id="88" class="1004" name="j_1_i_phi_fu_88">
<pin_list>
<pin id="89" dir="0" index="0" bw="1" slack="1"/>
<pin id="90" dir="0" index="1" bw="0" slack="2147483647"/>
<pin id="91" dir="0" index="2" bw="4" slack="0"/>
<pin id="92" dir="0" index="3" bw="0" slack="2147483647"/>
<pin id="93" dir="1" index="4" bw="4" slack="0"/>
</pin_list>
<bind>
<opcode="phi(47) " fcode="phi"/>
<opset="j_1_i/2 "/>
</bind>
</comp>

<comp id="95" class="1005" name="i_3_i_reg_95">
<pin_list>
<pin id="96" dir="0" index="0" bw="4" slack="1"/>
<pin id="97" dir="1" index="1" bw="4" slack="1"/>
</pin_list>
<bind>
<opset="i_3_i (phireg) "/>
</bind>
</comp>

<comp id="99" class="1004" name="i_3_i_phi_fu_99">
<pin_list>
<pin id="100" dir="0" index="0" bw="1" slack="1"/>
<pin id="101" dir="0" index="1" bw="0" slack="2147483647"/>
<pin id="102" dir="0" index="2" bw="4" slack="0"/>
<pin id="103" dir="0" index="3" bw="0" slack="2147483647"/>
<pin id="104" dir="1" index="4" bw="4" slack="0"/>
</pin_list>
<bind>
<opcode="phi(47) " fcode="phi"/>
<opset="i_3_i/2 "/>
</bind>
</comp>

<comp id="106" class="1004" name="icmp_ln92_fu_106">
<pin_list>
<pin id="107" dir="0" index="0" bw="7" slack="0"/>
<pin id="108" dir="0" index="1" bw="7" slack="0"/>
<pin id="109" dir="1" index="2" bw="1" slack="1"/>
</pin_list>
<bind>
<opcode="icmp(45) " fcode="icmp"/>
<opset="icmp_ln92/2 "/>
</bind>
</comp>

<comp id="112" class="1004" name="add_ln92_fu_112">
<pin_list>
<pin id="113" dir="0" index="0" bw="7" slack="0"/>
<pin id="114" dir="0" index="1" bw="1" slack="0"/>
<pin id="115" dir="1" index="2" bw="7" slack="0"/>
</pin_list>
<bind>
<opcode="add(8) " fcode="add"/>
<opset="add_ln92/2 "/>
</bind>
</comp>

<comp id="118" class="1004" name="j_fu_118">
<pin_list>
<pin id="119" dir="0" index="0" bw="4" slack="0"/>
<pin id="120" dir="0" index="1" bw="1" slack="0"/>
<pin id="121" dir="1" index="2" bw="4" slack="0"/>
</pin_list>
<bind>
<opcode="add(8) " fcode="add"/>
<opset="j/2 "/>
</bind>
</comp>

<comp id="124" class="1004" name="icmp_ln94_fu_124">
<pin_list>
<pin id="125" dir="0" index="0" bw="4" slack="0"/>
<pin id="126" dir="0" index="1" bw="4" slack="0"/>
<pin id="127" dir="1" index="2" bw="1" slack="0"/>
</pin_list>
<bind>
<opcode="icmp(45) " fcode="icmp"/>
<opset="icmp_ln94/2 "/>
</bind>
</comp>

<comp id="130" class="1004" name="select_ln95_fu_130">
<pin_list>
<pin id="131" dir="0" index="0" bw="1" slack="0"/>
<pin id="132" dir="0" index="1" bw="4" slack="0"/>
<pin id="133" dir="0" index="2" bw="4" slack="0"/>
<pin id="134" dir="1" index="3" bw="4" slack="0"/>
</pin_list>
<bind>
<opcode="select(49) " fcode="select"/>
<opset="select_ln95/2 "/>
</bind>
</comp>

<comp id="138" class="1004" name="select_ln95_1_fu_138">
<pin_list>
<pin id="139" dir="0" index="0" bw="1" slack="0"/>
<pin id="140" dir="0" index="1" bw="4" slack="0"/>
<pin id="141" dir="0" index="2" bw="4" slack="0"/>
<pin id="142" dir="1" index="3" bw="4" slack="0"/>
</pin_list>
<bind>
<opcode="select(49) " fcode="select"/>
<opset="select_ln95_1/2 "/>
</bind>
</comp>

<comp id="146" class="1004" name="zext_ln95_fu_146">
<pin_list>
<pin id="147" dir="0" index="0" bw="4" slack="0"/>
<pin id="148" dir="1" index="1" bw="8" slack="0"/>
</pin_list>
<bind>
<opcode="zext(34) " fcode="zext"/>
<opset="zext_ln95/2 "/>
</bind>
</comp>

<comp id="150" class="1004" name="tmp_3_fu_150">
<pin_list>
<pin id="151" dir="0" index="0" bw="7" slack="0"/>
<pin id="152" dir="0" index="1" bw="4" slack="0"/>
<pin id="153" dir="0" index="2" bw="1" slack="0"/>
<pin id="154" dir="1" index="3" bw="7" slack="0"/>
</pin_list>
<bind>
<opcode="bitconcatenate(1004) " fcode="bitconcatenate"/>
<opset="tmp_3/2 "/>
</bind>
</comp>

<comp id="158" class="1004" name="zext_ln95_3_fu_158">
<pin_list>
<pin id="159" dir="0" index="0" bw="7" slack="0"/>
<pin id="160" dir="1" index="1" bw="8" slack="0"/>
</pin_list>
<bind>
<opcode="zext(34) " fcode="zext"/>
<opset="zext_ln95_3/2 "/>
</bind>
</comp>

<comp id="162" class="1004" name="add_ln95_fu_162">
<pin_list>
<pin id="163" dir="0" index="0" bw="4" slack="0"/>
<pin id="164" dir="0" index="1" bw="7" slack="0"/>
<pin id="165" dir="1" index="2" bw="8" slack="0"/>
</pin_list>
<bind>
<opcode="add(8) " fcode="add"/>
<opset="add_ln95/2 "/>
</bind>
</comp>

<comp id="168" class="1004" name="zext_ln95_4_fu_168">
<pin_list>
<pin id="169" dir="0" index="0" bw="8" slack="0"/>
<pin id="170" dir="1" index="1" bw="64" slack="0"/>
</pin_list>
<bind>
<opcode="zext(34) " fcode="zext"/>
<opset="zext_ln95_4/2 "/>
</bind>
</comp>

<comp id="173" class="1004" name="i_fu_173">
<pin_list>
<pin id="174" dir="0" index="0" bw="4" slack="0"/>
<pin id="175" dir="0" index="1" bw="1" slack="0"/>
<pin id="176" dir="1" index="2" bw="4" slack="0"/>
</pin_list>
<bind>
<opcode="add(8) " fcode="add"/>
<opset="i/2 "/>
</bind>
</comp>

<comp id="179" class="1004" name="tmp_fu_179">
<pin_list>
<pin id="180" dir="0" index="0" bw="7" slack="0"/>
<pin id="181" dir="0" index="1" bw="4" slack="1"/>
<pin id="182" dir="0" index="2" bw="1" slack="0"/>
<pin id="183" dir="1" index="3" bw="7" slack="0"/>
</pin_list>
<bind>
<opcode="bitconcatenate(1004) " fcode="bitconcatenate"/>
<opset="tmp/3 "/>
</bind>
</comp>

<comp id="186" class="1004" name="zext_ln95_1_fu_186">
<pin_list>
<pin id="187" dir="0" index="0" bw="7" slack="0"/>
<pin id="188" dir="1" index="1" bw="8" slack="0"/>
</pin_list>
<bind>
<opcode="zext(34) " fcode="zext"/>
<opset="zext_ln95_1/3 "/>
</bind>
</comp>

<comp id="190" class="1004" name="zext_ln95_2_fu_190">
<pin_list>
<pin id="191" dir="0" index="0" bw="4" slack="1"/>
<pin id="192" dir="1" index="1" bw="8" slack="0"/>
</pin_list>
<bind>
<opcode="zext(34) " fcode="zext"/>
<opset="zext_ln95_2/3 "/>
</bind>
</comp>

<comp id="193" class="1004" name="add_ln95_1_fu_193">
<pin_list>
<pin id="194" dir="0" index="0" bw="4" slack="0"/>
<pin id="195" dir="0" index="1" bw="7" slack="0"/>
<pin id="196" dir="1" index="2" bw="8" slack="0"/>
</pin_list>
<bind>
<opcode="add(8) " fcode="add"/>
<opset="add_ln95_1/3 "/>
</bind>
</comp>

<comp id="199" class="1004" name="zext_ln95_5_fu_199">
<pin_list>
<pin id="200" dir="0" index="0" bw="8" slack="0"/>
<pin id="201" dir="1" index="1" bw="64" slack="0"/>
</pin_list>
<bind>
<opcode="zext(34) " fcode="zext"/>
<opset="zext_ln95_5/3 "/>
</bind>
</comp>

<comp id="204" class="1005" name="icmp_ln92_reg_204">
<pin_list>
<pin id="205" dir="0" index="0" bw="1" slack="1"/>
<pin id="206" dir="1" index="1" bw="1" slack="2147483647"/>
</pin_list>
<bind>
<opset="icmp_ln92 "/>
</bind>
</comp>

<comp id="208" class="1005" name="add_ln92_reg_208">
<pin_list>
<pin id="209" dir="0" index="0" bw="7" slack="0"/>
<pin id="210" dir="1" index="1" bw="7" slack="0"/>
</pin_list>
<bind>
<opset="add_ln92 "/>
</bind>
</comp>

<comp id="213" class="1005" name="select_ln95_reg_213">
<pin_list>
<pin id="214" dir="0" index="0" bw="4" slack="1"/>
<pin id="215" dir="1" index="1" bw="4" slack="1"/>
</pin_list>
<bind>
<opset="select_ln95 "/>
</bind>
</comp>

<comp id="218" class="1005" name="select_ln95_1_reg_218">
<pin_list>
<pin id="219" dir="0" index="0" bw="4" slack="0"/>
<pin id="220" dir="1" index="1" bw="4" slack="0"/>
</pin_list>
<bind>
<opset="select_ln95_1 "/>
</bind>
</comp>

<comp id="224" class="1005" name="col_outbuf_i_addr_reg_224">
<pin_list>
<pin id="225" dir="0" index="0" bw="6" slack="1"/>
<pin id="226" dir="1" index="1" bw="6" slack="1"/>
</pin_list>
<bind>
<opset="col_outbuf_i_addr "/>
</bind>
</comp>

<comp id="229" class="1005" name="i_reg_229">
<pin_list>
<pin id="230" dir="0" index="0" bw="4" slack="0"/>
<pin id="231" dir="1" index="1" bw="4" slack="0"/>
</pin_list>
<bind>
<opset="i "/>
</bind>
</comp>

</comp_list>

<net_list>
<net id="51"><net_src comp="0" pin="0"/><net_sink comp="46" pin=0"/></net>

<net id="52"><net_src comp="20" pin="0"/><net_sink comp="46" pin=1"/></net>

<net id="58"><net_src comp="46" pin="3"/><net_sink comp="53" pin=0"/></net>

<net id="64"><net_src comp="2" pin="0"/><net_sink comp="59" pin=0"/></net>

<net id="65"><net_src comp="20" pin="0"/><net_sink comp="59" pin=1"/></net>

<net id="71"><net_src comp="53" pin="3"/><net_sink comp="66" pin=1"/></net>

<net id="72"><net_src comp="59" pin="3"/><net_sink comp="66" pin=0"/></net>

<net id="76"><net_src comp="4" pin="0"/><net_sink comp="73" pin=0"/></net>

<net id="83"><net_src comp="73" pin="1"/><net_sink comp="77" pin=0"/></net>

<net id="87"><net_src comp="6" pin="0"/><net_sink comp="84" pin=0"/></net>

<net id="94"><net_src comp="84" pin="1"/><net_sink comp="88" pin=0"/></net>

<net id="98"><net_src comp="6" pin="0"/><net_sink comp="95" pin=0"/></net>

<net id="105"><net_src comp="95" pin="1"/><net_sink comp="99" pin=0"/></net>

<net id="110"><net_src comp="77" pin="4"/><net_sink comp="106" pin=0"/></net>

<net id="111"><net_src comp="8" pin="0"/><net_sink comp="106" pin=1"/></net>

<net id="116"><net_src comp="77" pin="4"/><net_sink comp="112" pin=0"/></net>

<net id="117"><net_src comp="10" pin="0"/><net_sink comp="112" pin=1"/></net>

<net id="122"><net_src comp="88" pin="4"/><net_sink comp="118" pin=0"/></net>

<net id="123"><net_src comp="12" pin="0"/><net_sink comp="118" pin=1"/></net>

<net id="128"><net_src comp="99" pin="4"/><net_sink comp="124" pin=0"/></net>

<net id="129"><net_src comp="14" pin="0"/><net_sink comp="124" pin=1"/></net>

<net id="135"><net_src comp="124" pin="2"/><net_sink comp="130" pin=0"/></net>

<net id="136"><net_src comp="6" pin="0"/><net_sink comp="130" pin=1"/></net>

<net id="137"><net_src comp="99" pin="4"/><net_sink comp="130" pin=2"/></net>

<net id="143"><net_src comp="124" pin="2"/><net_sink comp="138" pin=0"/></net>

<net id="144"><net_src comp="118" pin="2"/><net_sink comp="138" pin=1"/></net>

<net id="145"><net_src comp="88" pin="4"/><net_sink comp="138" pin=2"/></net>

<net id="149"><net_src comp="138" pin="3"/><net_sink comp="146" pin=0"/></net>

<net id="155"><net_src comp="16" pin="0"/><net_sink comp="150" pin=0"/></net>

<net id="156"><net_src comp="130" pin="3"/><net_sink comp="150" pin=1"/></net>

<net id="157"><net_src comp="18" pin="0"/><net_sink comp="150" pin=2"/></net>

<net id="161"><net_src comp="150" pin="3"/><net_sink comp="158" pin=0"/></net>

<net id="166"><net_src comp="146" pin="1"/><net_sink comp="162" pin=0"/></net>

<net id="167"><net_src comp="158" pin="1"/><net_sink comp="162" pin=1"/></net>

<net id="171"><net_src comp="162" pin="2"/><net_sink comp="168" pin=0"/></net>

<net id="172"><net_src comp="168" pin="1"/><net_sink comp="46" pin=2"/></net>

<net id="177"><net_src comp="130" pin="3"/><net_sink comp="173" pin=0"/></net>

<net id="178"><net_src comp="12" pin="0"/><net_sink comp="173" pin=1"/></net>

<net id="184"><net_src comp="16" pin="0"/><net_sink comp="179" pin=0"/></net>

<net id="185"><net_src comp="18" pin="0"/><net_sink comp="179" pin=2"/></net>

<net id="189"><net_src comp="179" pin="3"/><net_sink comp="186" pin=0"/></net>

<net id="197"><net_src comp="190" pin="1"/><net_sink comp="193" pin=0"/></net>

<net id="198"><net_src comp="186" pin="1"/><net_sink comp="193" pin=1"/></net>

<net id="202"><net_src comp="193" pin="2"/><net_sink comp="199" pin=0"/></net>

<net id="203"><net_src comp="199" pin="1"/><net_sink comp="59" pin=2"/></net>

<net id="207"><net_src comp="106" pin="2"/><net_sink comp="204" pin=0"/></net>

<net id="211"><net_src comp="112" pin="2"/><net_sink comp="208" pin=0"/></net>

<net id="212"><net_src comp="208" pin="1"/><net_sink comp="77" pin=2"/></net>

<net id="216"><net_src comp="130" pin="3"/><net_sink comp="213" pin=0"/></net>

<net id="217"><net_src comp="213" pin="1"/><net_sink comp="190" pin=0"/></net>

<net id="221"><net_src comp="138" pin="3"/><net_sink comp="218" pin=0"/></net>

<net id="222"><net_src comp="218" pin="1"/><net_sink comp="88" pin=2"/></net>

<net id="223"><net_src comp="218" pin="1"/><net_sink comp="179" pin=1"/></net>

<net id="227"><net_src comp="46" pin="3"/><net_sink comp="224" pin=0"/></net>

<net id="228"><net_src comp="224" pin="1"/><net_sink comp="53" pin=0"/></net>

<net id="232"><net_src comp="173" pin="2"/><net_sink comp="229" pin=0"/></net>

<net id="233"><net_src comp="229" pin="1"/><net_sink comp="99" pin=2"/></net>

</net_list>

</model> 
---------------- Datapath Model END ------------------

* FSMD analyzer results:
  - Output states:
	Port: buf_2d_out | {3 }
 - Input state : 
	Port: Loop_Xpose_Col_Outer : col_outbuf_i | {2 3 }
  - Chain level:
	State 1
	State 2
		icmp_ln92 : 1
		add_ln92 : 1
		br_ln92 : 2
		j : 1
		icmp_ln94 : 1
		select_ln95 : 2
		select_ln95_1 : 2
		zext_ln95 : 3
		tmp_3 : 3
		zext_ln95_3 : 4
		add_ln95 : 5
		zext_ln95_4 : 6
		col_outbuf_i_addr : 7
		col_outbuf_i_load : 8
		i : 3
	State 3
		zext_ln95_1 : 1
		add_ln95_1 : 2
		zext_ln95_5 : 3
		buf_2d_out_addr : 4
		store_ln95 : 5
		empty_15 : 1
	State 4


============================================================
+ Verbose Summary: Datapath Resource usage 
============================================================

* Functional unit list:
|----------|----------------------|---------|---------|
| Operation|    Functional Unit   |    FF   |   LUT   |
|----------|----------------------|---------|---------|
|          |    add_ln92_fu_112   |    0    |    15   |
|          |       j_fu_118       |    0    |    12   |
|    add   |    add_ln95_fu_162   |    0    |    15   |
|          |       i_fu_173       |    0    |    12   |
|          |   add_ln95_1_fu_193  |    0    |    15   |
|----------|----------------------|---------|---------|
|   icmp   |   icmp_ln92_fu_106   |    0    |    11   |
|          |   icmp_ln94_fu_124   |    0    |    9    |
|----------|----------------------|---------|---------|
|  select  |  select_ln95_fu_130  |    0    |    4    |
|          | select_ln95_1_fu_138 |    0    |    4    |
|----------|----------------------|---------|---------|
|          |   zext_ln95_fu_146   |    0    |    0    |
|          |  zext_ln95_3_fu_158  |    0    |    0    |
|   zext   |  zext_ln95_4_fu_168  |    0    |    0    |
|          |  zext_ln95_1_fu_186  |    0    |    0    |
|          |  zext_ln95_2_fu_190  |    0    |    0    |
|          |  zext_ln95_5_fu_199  |    0    |    0    |
|----------|----------------------|---------|---------|
|bitconcatenate|     tmp_3_fu_150     |    0    |    0    |
|          |      tmp_fu_179      |    0    |    0    |
|----------|----------------------|---------|---------|
|   Total  |                      |    0    |    97   |
|----------|----------------------|---------|---------|

Memories:
N/A

* Register list:
+-------------------------+--------+
|                         |   FF   |
+-------------------------+--------+
|     add_ln92_reg_208    |    7   |
|col_outbuf_i_addr_reg_224|    6   |
|       i_3_i_reg_95      |    4   |
|        i_reg_229        |    4   |
|    icmp_ln92_reg_204    |    1   |
|  indvar_flatten_reg_73  |    7   |
|       j_1_i_reg_84      |    4   |
|  select_ln95_1_reg_218  |    4   |
|   select_ln95_reg_213   |    4   |
+-------------------------+--------+
|          Total          |   41   |
+-------------------------+--------+

* Multiplexer (MUX) list: 
|------------------|------|------|------|--------||---------||---------|
|       Comp       |  Pin | Size |  BW  | S x BW ||  Delay  ||   LUT   |
|------------------|------|------|------|--------||---------||---------|
| grp_access_fu_53 |  p0  |   2  |   6  |   12   ||    9    |
|------------------|------|------|------|--------||---------||---------|
|       Total      |      |      |      |   12   ||  0.736  ||    9    |
|------------------|------|------|------|--------||---------||---------|



* Summary:
+-----------+--------+--------+--------+
|           |  Delay |   FF   |   LUT  |
+-----------+--------+--------+--------+
|  Function |    -   |    0   |   97   |
|   Memory  |    -   |    -   |    -   |
|Multiplexer|    0   |    -   |    9   |
|  Register |    -   |   41   |    -   |
+-----------+--------+--------+--------+
|   Total   |    0   |   41   |   106  |
+-----------+--------+--------+--------+
