

================================================================
== Vitis HLS Report for 'dpu_keygen_Pipeline_VITIS_LOOP_62_8'
================================================================
* Date:           Thu Dec 29 12:32:43 2022

* Version:        2022.1 (Build 3526262 on Mon Apr 18 15:48:16 MDT 2022)
* Project:        HLS_final_vitis
* Solution:       solution2 (Vivado IP Flow Target)
* Product family: virtexuplus
* Target device:  xcvu11p-flga2577-1-e


================================================================
== Performance Estimates
================================================================
+ Timing: 
    * Summary: 
    +--------+----------+----------+------------+
    |  Clock |  Target  | Estimated| Uncertainty|
    +--------+----------+----------+------------+
    |ap_clk  |  10.00 ns|  2.027 ns|     2.70 ns|
    +--------+----------+----------+------------+

+ Latency: 
    * Summary: 
    +---------+---------+----------+----------+-----+-----+---------+
    |  Latency (cycles) |  Latency (absolute) |  Interval | Pipeline|
    |   min   |   max   |    min   |    max   | min | max |   Type  |
    +---------+---------+----------+----------+-----+-----+---------+
    |       50|       50|  0.500 us|  0.500 us|   50|   50|       no|
    +---------+---------+----------+----------+-----+-----+---------+

    + Detail: 
        * Instance: 
        N/A

        * Loop: 
        +-------------------+---------+---------+----------+-----------+-----------+------+----------+
        |                   |  Latency (cycles) | Iteration|  Initiation Interval  | Trip |          |
        |     Loop Name     |   min   |   max   |  Latency |  achieved |   target  | Count| Pipelined|
        +-------------------+---------+---------+----------+-----------+-----------+------+----------+
        |- VITIS_LOOP_62_8  |       48|       48|         2|          1|          1|    48|       yes|
        +-------------------+---------+---------+----------+-----------+-----------+------+----------+

============================================================
+ Verbose Summary: Synthesis Manager
============================================================
InlineROM: 1
ExposeGlobal: 0
============================================================
+ Verbose Summary: CDFG Model
============================================================
IsTopModel: 0
ResetActiveHigh: 1
IsCombinational: 0
IsDatapathOnly: 0
HasWiredReturn: 1
HasMFsm: 2
HasVarLatency: 1
IsPipeline: 0
IsRtlPipelined: 0
IsInstanceOverlapped: 0
IsDontTouch: 0
HasImplIP: 0
IsGatedGlobalClock: 0

+ Individual pipeline summary: 
  * Pipeline-0: initiation interval (II) = 1, depth = 2


============================================================
+ Verbose Summary: Schedule
============================================================
* Number of FSM states : 2
* Pipeline : 1
  Pipeline-0 : II = 1, D = 2, States = { 1 2 }
* Dataflow Pipeline: 0

* FSM state transitions: 
1 --> 2 
2 --> 

* FSM state operations: 

State 1 <SV = 0> <Delay = 1.30>
ST_1 : Operation 5 [1/1] (0.00ns)   --->   "%k = alloca i32 1"   --->   Operation 5 'alloca' 'k' <Predicate = true> <Delay = 0.00>
ST_1 : Operation 6 [1/1] (0.00ns)   --->   "%specinterface_ln0 = specinterface void @_ssdm_op_SpecInterface, i8 %sk, void @empty_69, i32 0, i32 0, void @empty_70, i32 4294967295, i32 0, void @empty_70, void @empty_70, void @empty_70, i32 0, i32 0, i32 0, i32 0, void @empty_70, void @empty_70, i32 4294967295, i32 0"   --->   Operation 6 'specinterface' 'specinterface_ln0' <Predicate = true> <Delay = 0.00>
ST_1 : Operation 7 [1/1] (0.46ns)   --->   "%store_ln0 = store i6 0, i6 %k"   --->   Operation 7 'store' 'store_ln0' <Predicate = true> <Delay = 0.46>
ST_1 : Operation 8 [1/1] (0.00ns)   --->   "%br_ln0 = br void %for.inc90"   --->   Operation 8 'br' 'br_ln0' <Predicate = true> <Delay = 0.00>
ST_1 : Operation 9 [1/1] (0.00ns)   --->   "%k_1 = load i6 %k" [HLS_Final_vitis_src/wrapper.cpp:62]   --->   Operation 9 'load' 'k_1' <Predicate = true> <Delay = 0.00>
ST_1 : Operation 10 [1/1] (0.00ns)   --->   "%specpipeline_ln0 = specpipeline void @_ssdm_op_SpecPipeline, i32 4294967295, i32 0, i32 1, i32 0, void @p_str"   --->   Operation 10 'specpipeline' 'specpipeline_ln0' <Predicate = true> <Delay = 0.00>
ST_1 : Operation 11 [1/1] (0.71ns)   --->   "%icmp_ln62 = icmp_eq  i6 %k_1, i6 48" [HLS_Final_vitis_src/wrapper.cpp:62]   --->   Operation 11 'icmp' 'icmp_ln62' <Predicate = true> <Delay = 0.71> <CoreInst = "Cmp">   --->   Core 9 'Cmp' <Latency = 0> <II = 1> <Delay = 0.71> <FuncUnit> <Opcode : 'icmp'> <InPorts = 2> <OutPorts = 1>
ST_1 : Operation 12 [1/1] (0.00ns)   --->   "%speclooptripcount_ln0 = speclooptripcount void @_ssdm_op_SpecLoopTripCount, i64 48, i64 48, i64 48"   --->   Operation 12 'speclooptripcount' 'speclooptripcount_ln0' <Predicate = true> <Delay = 0.00>
ST_1 : Operation 13 [1/1] (0.84ns)   --->   "%add_ln62 = add i6 %k_1, i6 1" [HLS_Final_vitis_src/wrapper.cpp:62]   --->   Operation 13 'add' 'add_ln62' <Predicate = true> <Delay = 0.84> <CoreInst = "Adder">   --->   Core 1 'Adder' <Latency = 0> <II = 1> <Delay = 0.84> <FuncUnit> <Opcode : 'add' 'sub'> <InPorts = 2> <OutPorts = 1>
ST_1 : Operation 14 [1/1] (0.00ns)   --->   "%br_ln62 = br i1 %icmp_ln62, void %for.inc90.split, void %for.end92.exitStub" [HLS_Final_vitis_src/wrapper.cpp:62]   --->   Operation 14 'br' 'br_ln62' <Predicate = true> <Delay = 0.00>
ST_1 : Operation 15 [1/1] (0.00ns)   --->   "%k_9_cast38 = zext i6 %k_1" [HLS_Final_vitis_src/wrapper.cpp:62]   --->   Operation 15 'zext' 'k_9_cast38' <Predicate = (!icmp_ln62)> <Delay = 0.00>
ST_1 : Operation 16 [1/1] (0.00ns)   --->   "%tr_addr = getelementptr i8 %tr, i64 0, i64 %k_9_cast38" [HLS_Final_vitis_src/wrapper.cpp:62]   --->   Operation 16 'getelementptr' 'tr_addr' <Predicate = (!icmp_ln62)> <Delay = 0.00>
ST_1 : Operation 17 [2/2] (0.73ns)   --->   "%tr_load = load i6 %tr_addr" [HLS_Final_vitis_src/wrapper.cpp:62]   --->   Operation 17 'load' 'tr_load' <Predicate = (!icmp_ln62)> <Delay = 0.73> <CoreInst = "RAM">   --->   Core 83 'RAM' <Latency = 1> <II = 1> <Delay = 0.73> <Storage> <Opcode : 'load' 'store'> <Ports = 2> <Width = 8> <Depth = 48> <RAM>
ST_1 : Operation 18 [1/1] (0.46ns)   --->   "%store_ln62 = store i6 %add_ln62, i6 %k" [HLS_Final_vitis_src/wrapper.cpp:62]   --->   Operation 18 'store' 'store_ln62' <Predicate = (!icmp_ln62)> <Delay = 0.46>
ST_1 : Operation 26 [1/1] (0.00ns)   --->   "%ret_ln0 = ret"   --->   Operation 26 'ret' 'ret_ln0' <Predicate = (icmp_ln62)> <Delay = 0.00>

State 2 <SV = 1> <Delay = 2.02>
ST_2 : Operation 19 [1/1] (0.00ns)   --->   "%specloopname_ln62 = specloopname void @_ssdm_op_SpecLoopName, void @empty_71" [HLS_Final_vitis_src/wrapper.cpp:62]   --->   Operation 19 'specloopname' 'specloopname_ln62' <Predicate = true> <Delay = 0.00>
ST_2 : Operation 20 [1/2] (0.73ns)   --->   "%tr_load = load i6 %tr_addr" [HLS_Final_vitis_src/wrapper.cpp:62]   --->   Operation 20 'load' 'tr_load' <Predicate = true> <Delay = 0.73> <CoreInst = "RAM">   --->   Core 83 'RAM' <Latency = 1> <II = 1> <Delay = 0.73> <Storage> <Opcode : 'load' 'store'> <Ports = 2> <Width = 8> <Depth = 48> <RAM>
ST_2 : Operation 21 [1/1] (0.00ns)   --->   "%zext_ln62_cast = bitconcatenate i7 @_ssdm_op_BitConcatenate.i7.i1.i6, i1 1, i6 %k_1" [HLS_Final_vitis_src/wrapper.cpp:62]   --->   Operation 21 'bitconcatenate' 'zext_ln62_cast' <Predicate = true> <Delay = 0.00>
ST_2 : Operation 22 [1/1] (0.00ns)   --->   "%zext_ln62 = zext i7 %zext_ln62_cast" [HLS_Final_vitis_src/wrapper.cpp:62]   --->   Operation 22 'zext' 'zext_ln62' <Predicate = true> <Delay = 0.00>
ST_2 : Operation 23 [1/1] (0.00ns)   --->   "%sk_addr_2 = getelementptr i8 %sk, i64 0, i64 %zext_ln62" [HLS_Final_vitis_src/wrapper.cpp:62]   --->   Operation 23 'getelementptr' 'sk_addr_2' <Predicate = true> <Delay = 0.00>
ST_2 : Operation 24 [1/1] (1.29ns)   --->   "%store_ln62 = store i8 %tr_load, i12 %sk_addr_2" [HLS_Final_vitis_src/wrapper.cpp:62]   --->   Operation 24 'store' 'store_ln62' <Predicate = true> <Delay = 1.29> <CoreInst = "RAM">   --->   Core 83 'RAM' <Latency = 1> <II = 1> <Delay = 1.29> <Storage> <Opcode : 'load' 'store'> <Ports = 2> <Width = 8> <Depth = 4016> <RAM>
ST_2 : Operation 25 [1/1] (0.00ns)   --->   "%br_ln62 = br void %for.inc90" [HLS_Final_vitis_src/wrapper.cpp:62]   --->   Operation 25 'br' 'br_ln62' <Predicate = true> <Delay = 0.00>


============================================================
+ Verbose Summary: Binding
============================================================
STG Binding: 
---------------- STG Properties BEGIN ----------------
- Is combinational: 0
- Is one-state seq: 0
- Is datapath-only: 0
- Is pipelined: 0
- Is top level: 0
Port [ Return ] is wired: 1; IO mode=ap_ctrl_hs:ce=0
Port [ tr]:  wired=1; compound=1; hidden=0; nouse=0; global=0; static=0; extern=0; dir=0; type=1; pingpong=0; private_global=0; MemPort=[13]; IO mode=ap_memory:ce=0
Port [ sk]:  wired=1; compound=1; hidden=0; nouse=0; global=0; static=0; extern=0; dir=1; type=1; pingpong=0; private_global=0; MemPort=[03]; IO mode=ap_memory:ce=0
---------------- STG Properties END ------------------

---------------- Datapath Model BEGIN ----------------

<LifeTime>
<method=bitvector/>
k                     (alloca           ) [ 010]
specinterface_ln0     (specinterface    ) [ 000]
store_ln0             (store            ) [ 000]
br_ln0                (br               ) [ 000]
k_1                   (load             ) [ 011]
specpipeline_ln0      (specpipeline     ) [ 000]
icmp_ln62             (icmp             ) [ 010]
speclooptripcount_ln0 (speclooptripcount) [ 000]
add_ln62              (add              ) [ 000]
br_ln62               (br               ) [ 000]
k_9_cast38            (zext             ) [ 000]
tr_addr               (getelementptr    ) [ 011]
store_ln62            (store            ) [ 000]
specloopname_ln62     (specloopname     ) [ 000]
tr_load               (load             ) [ 000]
zext_ln62_cast        (bitconcatenate   ) [ 000]
zext_ln62             (zext             ) [ 000]
sk_addr_2             (getelementptr    ) [ 000]
store_ln62            (store            ) [ 000]
br_ln62               (br               ) [ 000]
ret_ln0               (ret              ) [ 000]
</LifeTime>

<model>

<comp_list>
<comp id="0" class="1000" name="tr">
<pin_list>
<pin id="1" dir="1" index="0" bw="1" slack="0"/>
</pin_list>
<bind>
<StgValue><ssdm name="tr"/><MemPortTyVec>1 3 </MemPortTyVec>
</StgValue>
</bind>
</comp>

<comp id="2" class="1000" name="sk">
<pin_list>
<pin id="3" dir="1" index="0" bw="1" slack="0"/>
</pin_list>
<bind>
<StgValue><ssdm name="sk"/><MemPortTyVec>0 3 </MemPortTyVec>
</StgValue>
</bind>
</comp>

<comp id="4" class="1001" name="const_4">
<pin_list>
<pin id="5" dir="1" index="0" bw="1" slack="0"/>
</pin_list>
<bind>
<StgValue><ssdm name=""/></StgValue>
</bind>
</comp>

<comp id="6" class="1001" name="const_6">
<pin_list>
<pin id="7" dir="1" index="0" bw="1" slack="2147483647"/>
</pin_list>
<bind>
<StgValue><ssdm name="_ssdm_op_SpecInterface"/></StgValue>
</bind>
</comp>

<comp id="8" class="1001" name="const_8">
<pin_list>
<pin id="9" dir="1" index="0" bw="1" slack="2147483647"/>
</pin_list>
<bind>
<StgValue><ssdm name="empty_69"/></StgValue>
</bind>
</comp>

<comp id="10" class="1001" name="const_10">
<pin_list>
<pin id="11" dir="1" index="0" bw="1" slack="2147483647"/>
</pin_list>
<bind>
<StgValue><ssdm name=""/></StgValue>
</bind>
</comp>

<comp id="12" class="1001" name="const_12">
<pin_list>
<pin id="13" dir="1" index="0" bw="1" slack="2147483647"/>
</pin_list>
<bind>
<StgValue><ssdm name="empty_70"/></StgValue>
</bind>
</comp>

<comp id="14" class="1001" name="const_14">
<pin_list>
<pin id="15" dir="1" index="0" bw="1" slack="2147483647"/>
</pin_list>
<bind>
<StgValue><ssdm name=""/></StgValue>
</bind>
</comp>

<comp id="16" class="1001" name="const_16">
<pin_list>
<pin id="17" dir="1" index="0" bw="1" slack="0"/>
</pin_list>
<bind>
<StgValue><ssdm name=""/></StgValue>
</bind>
</comp>

<comp id="18" class="1001" name="const_18">
<pin_list>
<pin id="19" dir="1" index="0" bw="1" slack="2147483647"/>
</pin_list>
<bind>
<StgValue><ssdm name="_ssdm_op_SpecPipeline"/></StgValue>
</bind>
</comp>

<comp id="20" class="1001" name="const_20">
<pin_list>
<pin id="21" dir="1" index="0" bw="1" slack="2147483647"/>
</pin_list>
<bind>
<StgValue><ssdm name="p_str"/></StgValue>
</bind>
</comp>

<comp id="22" class="1001" name="const_22">
<pin_list>
<pin id="23" dir="1" index="0" bw="1" slack="0"/>
</pin_list>
<bind>
<StgValue><ssdm name=""/></StgValue>
</bind>
</comp>

<comp id="24" class="1001" name="const_24">
<pin_list>
<pin id="25" dir="1" index="0" bw="1" slack="2147483647"/>
</pin_list>
<bind>
<StgValue><ssdm name="_ssdm_op_SpecLoopTripCount"/></StgValue>
</bind>
</comp>

<comp id="26" class="1001" name="const_26">
<pin_list>
<pin id="27" dir="1" index="0" bw="1" slack="2147483647"/>
</pin_list>
<bind>
<StgValue><ssdm name=""/></StgValue>
</bind>
</comp>

<comp id="28" class="1001" name="const_28">
<pin_list>
<pin id="29" dir="1" index="0" bw="1" slack="0"/>
</pin_list>
<bind>
<StgValue><ssdm name=""/></StgValue>
</bind>
</comp>

<comp id="30" class="1001" name="const_30">
<pin_list>
<pin id="31" dir="1" index="0" bw="1" slack="0"/>
</pin_list>
<bind>
<StgValue><ssdm name=""/></StgValue>
</bind>
</comp>

<comp id="32" class="1001" name="const_32">
<pin_list>
<pin id="33" dir="1" index="0" bw="1" slack="2147483647"/>
</pin_list>
<bind>
<StgValue><ssdm name="_ssdm_op_SpecLoopName"/></StgValue>
</bind>
</comp>

<comp id="34" class="1001" name="const_34">
<pin_list>
<pin id="35" dir="1" index="0" bw="1" slack="2147483647"/>
</pin_list>
<bind>
<StgValue><ssdm name="empty_71"/></StgValue>
</bind>
</comp>

<comp id="36" class="1001" name="const_36">
<pin_list>
<pin id="37" dir="1" index="0" bw="1" slack="0"/>
</pin_list>
<bind>
<StgValue><ssdm name="_ssdm_op_BitConcatenate.i7.i1.i6"/></StgValue>
</bind>
</comp>

<comp id="38" class="1001" name="const_38">
<pin_list>
<pin id="39" dir="1" index="0" bw="1" slack="0"/>
</pin_list>
<bind>
<StgValue><ssdm name=""/></StgValue>
</bind>
</comp>

<comp id="40" class="1004" name="k_fu_40">
<pin_list>
<pin id="41" dir="0" index="0" bw="1" slack="0"/>
<pin id="42" dir="1" index="1" bw="6" slack="0"/>
</pin_list>
<bind>
<opcode="alloca(26) " fcode="alloca"/>
<opset="k/1 "/>
</bind>
</comp>

<comp id="44" class="1004" name="tr_addr_gep_fu_44">
<pin_list>
<pin id="45" dir="0" index="0" bw="8" slack="0"/>
<pin id="46" dir="0" index="1" bw="1" slack="0"/>
<pin id="47" dir="0" index="2" bw="6" slack="0"/>
<pin id="48" dir="1" index="3" bw="6" slack="0"/>
</pin_list>
<bind>
<opcode="getelementptr(29) " fcode="getelementptr"/>
<opset="tr_addr/1 "/>
</bind>
</comp>

<comp id="51" class="1004" name="grp_access_fu_51">
<pin_list>
<pin id="52" dir="0" index="0" bw="6" slack="0"/>
<pin id="53" dir="0" index="1" bw="8" slack="2147483647"/>
<pin id="54" dir="0" index="2" bw="0" slack="2147483647"/>
<pin id="55" dir="1" index="3" bw="8" slack="0"/>
</pin_list>
<bind>
<opcode="load(27) " fcode="load"/>
<opset="tr_load/1 "/>
</bind>
</comp>

<comp id="57" class="1004" name="sk_addr_2_gep_fu_57">
<pin_list>
<pin id="58" dir="0" index="0" bw="8" slack="0"/>
<pin id="59" dir="0" index="1" bw="1" slack="0"/>
<pin id="60" dir="0" index="2" bw="7" slack="0"/>
<pin id="61" dir="1" index="3" bw="12" slack="0"/>
</pin_list>
<bind>
<opcode="getelementptr(29) " fcode="getelementptr"/>
<opset="sk_addr_2/2 "/>
</bind>
</comp>

<comp id="64" class="1004" name="store_ln62_access_fu_64">
<pin_list>
<pin id="65" dir="0" index="0" bw="12" slack="0"/>
<pin id="66" dir="0" index="1" bw="8" slack="0"/>
<pin id="67" dir="0" index="2" bw="0" slack="2147483647"/>
<pin id="68" dir="1" index="3" bw="8" slack="2147483647"/>
</pin_list>
<bind>
<opcode="store(28) " fcode="store"/>
<opset="store_ln62/2 "/>
</bind>
</comp>

<comp id="71" class="1004" name="store_ln0_store_fu_71">
<pin_list>
<pin id="72" dir="0" index="0" bw="1" slack="0"/>
<pin id="73" dir="0" index="1" bw="6" slack="0"/>
<pin id="74" dir="1" index="2" bw="0" slack="2147483647"/>
</pin_list>
<bind>
<opcode="store(28) " fcode="store"/>
<opset="store_ln0/1 "/>
</bind>
</comp>

<comp id="76" class="1004" name="k_1_load_fu_76">
<pin_list>
<pin id="77" dir="0" index="0" bw="6" slack="0"/>
<pin id="78" dir="1" index="1" bw="6" slack="0"/>
</pin_list>
<bind>
<opcode="load(27) " fcode="load"/>
<opset="k_1/1 "/>
</bind>
</comp>

<comp id="79" class="1004" name="icmp_ln62_fu_79">
<pin_list>
<pin id="80" dir="0" index="0" bw="6" slack="0"/>
<pin id="81" dir="0" index="1" bw="5" slack="0"/>
<pin id="82" dir="1" index="2" bw="1" slack="2147483647"/>
</pin_list>
<bind>
<opcode="icmp(45) " fcode="icmp"/>
<opset="icmp_ln62/1 "/>
</bind>
</comp>

<comp id="85" class="1004" name="add_ln62_fu_85">
<pin_list>
<pin id="86" dir="0" index="0" bw="6" slack="0"/>
<pin id="87" dir="0" index="1" bw="1" slack="0"/>
<pin id="88" dir="1" index="2" bw="6" slack="0"/>
</pin_list>
<bind>
<opcode="add(8) " fcode="add"/>
<opset="add_ln62/1 "/>
</bind>
</comp>

<comp id="91" class="1004" name="k_9_cast38_fu_91">
<pin_list>
<pin id="92" dir="0" index="0" bw="6" slack="0"/>
<pin id="93" dir="1" index="1" bw="64" slack="0"/>
</pin_list>
<bind>
<opcode="zext(34) " fcode="zext"/>
<opset="k_9_cast38/1 "/>
</bind>
</comp>

<comp id="96" class="1004" name="store_ln62_store_fu_96">
<pin_list>
<pin id="97" dir="0" index="0" bw="6" slack="0"/>
<pin id="98" dir="0" index="1" bw="6" slack="0"/>
<pin id="99" dir="1" index="2" bw="0" slack="2147483647"/>
</pin_list>
<bind>
<opcode="store(28) " fcode="store"/>
<opset="store_ln62/1 "/>
</bind>
</comp>

<comp id="101" class="1004" name="zext_ln62_cast_fu_101">
<pin_list>
<pin id="102" dir="0" index="0" bw="7" slack="0"/>
<pin id="103" dir="0" index="1" bw="1" slack="0"/>
<pin id="104" dir="0" index="2" bw="6" slack="1"/>
<pin id="105" dir="1" index="3" bw="7" slack="0"/>
</pin_list>
<bind>
<opcode="bitconcatenate(1004) " fcode="bitconcatenate"/>
<opset="zext_ln62_cast/2 "/>
</bind>
</comp>

<comp id="108" class="1004" name="zext_ln62_fu_108">
<pin_list>
<pin id="109" dir="0" index="0" bw="7" slack="0"/>
<pin id="110" dir="1" index="1" bw="64" slack="0"/>
</pin_list>
<bind>
<opcode="zext(34) " fcode="zext"/>
<opset="zext_ln62/2 "/>
</bind>
</comp>

<comp id="113" class="1005" name="k_reg_113">
<pin_list>
<pin id="114" dir="0" index="0" bw="6" slack="0"/>
<pin id="115" dir="1" index="1" bw="6" slack="0"/>
</pin_list>
<bind>
<opset="k "/>
</bind>
</comp>

<comp id="120" class="1005" name="k_1_reg_120">
<pin_list>
<pin id="121" dir="0" index="0" bw="6" slack="1"/>
<pin id="122" dir="1" index="1" bw="6" slack="1"/>
</pin_list>
<bind>
<opset="k_1 "/>
</bind>
</comp>

<comp id="128" class="1005" name="tr_addr_reg_128">
<pin_list>
<pin id="129" dir="0" index="0" bw="6" slack="1"/>
<pin id="130" dir="1" index="1" bw="6" slack="1"/>
</pin_list>
<bind>
<opset="tr_addr "/>
</bind>
</comp>

</comp_list>

<net_list>
<net id="43"><net_src comp="4" pin="0"/><net_sink comp="40" pin=0"/></net>

<net id="49"><net_src comp="0" pin="0"/><net_sink comp="44" pin=0"/></net>

<net id="50"><net_src comp="30" pin="0"/><net_sink comp="44" pin=1"/></net>

<net id="56"><net_src comp="44" pin="3"/><net_sink comp="51" pin=0"/></net>

<net id="62"><net_src comp="2" pin="0"/><net_sink comp="57" pin=0"/></net>

<net id="63"><net_src comp="30" pin="0"/><net_sink comp="57" pin=1"/></net>

<net id="69"><net_src comp="51" pin="3"/><net_sink comp="64" pin=1"/></net>

<net id="70"><net_src comp="57" pin="3"/><net_sink comp="64" pin=0"/></net>

<net id="75"><net_src comp="16" pin="0"/><net_sink comp="71" pin=0"/></net>

<net id="83"><net_src comp="76" pin="1"/><net_sink comp="79" pin=0"/></net>

<net id="84"><net_src comp="22" pin="0"/><net_sink comp="79" pin=1"/></net>

<net id="89"><net_src comp="76" pin="1"/><net_sink comp="85" pin=0"/></net>

<net id="90"><net_src comp="28" pin="0"/><net_sink comp="85" pin=1"/></net>

<net id="94"><net_src comp="76" pin="1"/><net_sink comp="91" pin=0"/></net>

<net id="95"><net_src comp="91" pin="1"/><net_sink comp="44" pin=2"/></net>

<net id="100"><net_src comp="85" pin="2"/><net_sink comp="96" pin=0"/></net>

<net id="106"><net_src comp="36" pin="0"/><net_sink comp="101" pin=0"/></net>

<net id="107"><net_src comp="38" pin="0"/><net_sink comp="101" pin=1"/></net>

<net id="111"><net_src comp="101" pin="3"/><net_sink comp="108" pin=0"/></net>

<net id="112"><net_src comp="108" pin="1"/><net_sink comp="57" pin=2"/></net>

<net id="116"><net_src comp="40" pin="1"/><net_sink comp="113" pin=0"/></net>

<net id="117"><net_src comp="113" pin="1"/><net_sink comp="71" pin=1"/></net>

<net id="118"><net_src comp="113" pin="1"/><net_sink comp="76" pin=0"/></net>

<net id="119"><net_src comp="113" pin="1"/><net_sink comp="96" pin=1"/></net>

<net id="123"><net_src comp="76" pin="1"/><net_sink comp="120" pin=0"/></net>

<net id="124"><net_src comp="120" pin="1"/><net_sink comp="101" pin=2"/></net>

<net id="131"><net_src comp="44" pin="3"/><net_sink comp="128" pin=0"/></net>

<net id="132"><net_src comp="128" pin="1"/><net_sink comp="51" pin=0"/></net>

</net_list>

</model> 
---------------- Datapath Model END ------------------

* FSMD analyzer results:
  - Output states:
	Port: sk | {2 }
 - Input state : 
	Port: dpu_keygen_Pipeline_VITIS_LOOP_62_8 : tr | {1 2 }
  - Chain level:
	State 1
		store_ln0 : 1
		k_1 : 1
		icmp_ln62 : 2
		add_ln62 : 2
		br_ln62 : 3
		k_9_cast38 : 2
		tr_addr : 3
		tr_load : 4
		store_ln62 : 3
	State 2
		zext_ln62 : 1
		sk_addr_2 : 2
		store_ln62 : 3


============================================================
+ Verbose Summary: Datapath Resource usage 
============================================================

* Functional unit list:
|----------|-----------------------|---------|---------|
| Operation|    Functional Unit    |    FF   |   LUT   |
|----------|-----------------------|---------|---------|
|    add   |     add_ln62_fu_85    |    0    |    13   |
|----------|-----------------------|---------|---------|
|   icmp   |    icmp_ln62_fu_79    |    0    |    10   |
|----------|-----------------------|---------|---------|
|   zext   |    k_9_cast38_fu_91   |    0    |    0    |
|          |    zext_ln62_fu_108   |    0    |    0    |
|----------|-----------------------|---------|---------|
|bitconcatenate| zext_ln62_cast_fu_101 |    0    |    0    |
|----------|-----------------------|---------|---------|
|   Total  |                       |    0    |    23   |
|----------|-----------------------|---------|---------|

Memories:
N/A

* Register list:
+---------------+--------+
|               |   FF   |
+---------------+--------+
|  k_1_reg_120  |    6   |
|   k_reg_113   |    6   |
|tr_addr_reg_128|    6   |
+---------------+--------+
|     Total     |   18   |
+---------------+--------+

* Multiplexer (MUX) list: 
|------------------|------|------|------|--------||---------||---------|
|       Comp       |  Pin | Size |  BW  | S x BW ||  Delay  ||   LUT   |
|------------------|------|------|------|--------||---------||---------|
| grp_access_fu_51 |  p0  |   2  |   6  |   12   ||    9    |
|------------------|------|------|------|--------||---------||---------|
|       Total      |      |      |      |   12   ||   0.46  ||    9    |
|------------------|------|------|------|--------||---------||---------|



* Summary:
+-----------+--------+--------+--------+
|           |  Delay |   FF   |   LUT  |
+-----------+--------+--------+--------+
|  Function |    -   |    0   |   23   |
|   Memory  |    -   |    -   |    -   |
|Multiplexer|    0   |    -   |    9   |
|  Register |    -   |   18   |    -   |
+-----------+--------+--------+--------+
|   Total   |    0   |   18   |   32   |
+-----------+--------+--------+--------+
