

================================================================
== Vitis HLS Report for 'dpu_func_Pipeline_FUNC_NTT_LOOP4'
================================================================
* Date:           Thu Dec 29 12:37:23 2022

* Version:        2022.1 (Build 3526262 on Mon Apr 18 15:48:16 MDT 2022)
* Project:        HLS_final_vitis
* Solution:       solution2 (Vivado IP Flow Target)
* Product family: virtexuplus
* Target device:  xcvu11p-flga2577-1-e


================================================================
== Performance Estimates
================================================================
+ Timing: 
    * Summary: 
    +--------+----------+----------+------------+
    |  Clock |  Target  | Estimated| Uncertainty|
    +--------+----------+----------+------------+
    |ap_clk  |  10.00 ns|  7.121 ns|     2.70 ns|
    +--------+----------+----------+------------+

+ Latency: 
    * Summary: 
    +---------+---------+----------+----------+-----+-----+---------+
    |  Latency (cycles) |  Latency (absolute) |  Interval | Pipeline|
    |   min   |   max   |    min   |    max   | min | max |   Type  |
    +---------+---------+----------+----------+-----+-----+---------+
    |      167|      200|  1.670 us|  2.000 us|  167|  200|       no|
    +---------+---------+----------+----------+-----+-----+---------+

    + Detail: 
        * Instance: 
        +----------------------------+----------+---------+---------+-----------+-----------+-----+-----+---------+
        |                            |          |  Latency (cycles) |   Latency (absolute)  |  Interval | Pipeline|
        |          Instance          |  Module  |   min   |   max   |    min    |    max    | min | max |   Type  |
        +----------------------------+----------+---------+---------+-----------+-----------+-----+-----+---------+
        |grp_read_p1_fu_164          |read_p1   |        1|        1|  10.000 ns|  10.000 ns|    1|    1|      yes|
        |grp_read_p2_fu_171          |read_p2   |        1|        1|  10.000 ns|  10.000 ns|    1|    1|      yes|
        |grp_dpu_unit_fu_178         |dpu_unit  |       27|       27|   0.270 us|   0.270 us|    1|    1|      yes|
        |call_ln330_write_p3_fu_187  |write_p3  |        0|        0|       0 ns|       0 ns|    1|    1|      yes|
        +----------------------------+----------+---------+---------+-----------+-----------+-----+-----+---------+

        * Loop: 
        +------------------+---------+---------+----------+-----------+-----------+-------+----------+
        |                  |  Latency (cycles) | Iteration|  Initiation Interval  |  Trip |          |
        |     Loop Name    |   min   |   max   |  Latency |  achieved |   target  | Count | Pipelined|
        +------------------+---------+---------+----------+-----------+-----------+-------+----------+
        |- FUNC_NTT_LOOP4  |      165|      198|        34|         33|          1|  5 ~ 6|       yes|
        +------------------+---------+---------+----------+-----------+-----------+-------+----------+



================================================================
== Utilization Estimates
================================================================
* Summary: 
+---------------------+---------+------+---------+---------+-----+
|         Name        | BRAM_18K|  DSP |    FF   |   LUT   | URAM|
+---------------------+---------+------+---------+---------+-----+
|DSP                  |        -|     -|        -|        -|    -|
|Expression           |        -|     -|        0|       63|    -|
|FIFO                 |        -|     -|        -|        -|    -|
|Instance             |        -|     -|        4|       13|    -|
|Memory               |        -|     -|        -|        -|    -|
|Multiplexer          |        -|     -|        -|      293|    -|
|Register             |        -|     -|    49209|        -|    -|
+---------------------+---------+------+---------+---------+-----+
|Total                |        0|     0|    49213|      369|    0|
+---------------------+---------+------+---------+---------+-----+
|Available SLR        |     1344|  3072|   864000|   432000|  320|
+---------------------+---------+------+---------+---------+-----+
|Utilization SLR (%)  |        0|     0|        5|       ~0|    0|
+---------------------+---------+------+---------+---------+-----+
|Available            |     4032|  9216|  2592000|  1296000|  960|
+---------------------+---------+------+---------+---------+-----+
|Utilization (%)      |        0|     0|        1|       ~0|    0|
+---------------------+---------+------+---------+---------+-----+

+ Detail: 
    * Instance: 
    +----------------------------+----------+---------+----+---+----+-----+
    |          Instance          |  Module  | BRAM_18K| DSP| FF| LUT| URAM|
    +----------------------------+----------+---------+----+---+----+-----+
    |grp_read_p1_fu_164          |read_p1   |        0|   0|  2|   2|    0|
    |grp_read_p2_fu_171          |read_p2   |        0|   0|  2|   2|    0|
    |call_ln330_write_p3_fu_187  |write_p3  |        0|   0|  0|   9|    0|
    +----------------------------+----------+---------+----+---+----+-----+
    |Total                       |          |        0|   0|  4|  13|    0|
    +----------------------------+----------+---------+----+---+----+-----+

    * DSP: 
    N/A

    * Memory: 
    N/A

    * FIFO: 
    N/A

    * Expression: 
    +----------------------+----------+----+---+----+------------+------------+
    |     Variable Name    | Operation| DSP| FF| LUT| Bitwidth P0| Bitwidth P1|
    +----------------------+----------+----+---+----+------------+------------+
    |add_ln327_fu_246_p2   |         +|   0|  0|  14|           7|           7|
    |add_ln328_fu_262_p2   |         +|   0|  0|  14|           7|           7|
    |add_ln330_fu_257_p2   |         +|   0|  0|  15|           8|           8|
    |i_43_fu_229_p2        |         +|   0|  0|  10|           3|           1|
    |icmp_ln325_fu_223_p2  |      icmp|   0|  0|   8|           3|           3|
    |ap_enable_pp0         |       xor|   0|  0|   2|           1|           2|
    +----------------------+----------+----+---+----+------------+------------+
    |Total                 |          |   0|  0|  63|          29|          28|
    +----------------------+----------+----+---+----+------------+------------+

    * Multiplexer: 
    +-----------------------------+-----+-----------+------+-----------+
    |             Name            | LUT | Input Size| Bits | Total Bits|
    +-----------------------------+-----+-----------+------+-----------+
    |ap_NS_fsm                    |  154|         34|     1|         34|
    |ap_done_int                  |    9|          2|     1|          2|
    |ap_enable_reg_pp0_iter0      |    9|          2|     1|          2|
    |ap_enable_reg_pp0_iter0_reg  |    9|          2|     1|          2|
    |ap_enable_reg_pp0_iter1      |    9|          2|     1|          2|
    |ap_sig_allocacmp_i_42        |    9|          2|     3|          6|
    |i_fu_80                      |    9|          2|     3|          6|
    |this_0_address0              |   20|          4|     8|         32|
    |this_0_ce0                   |   20|          4|     1|          4|
    |this_0_we0                   |    9|          2|  1024|       2048|
    |this_1_22_fu_88              |    9|          2|  8192|      16384|
    |this_2_11_fu_84              |    9|          2|  8192|      16384|
    |this_3_23_fu_96              |    9|          2|  8192|      16384|
    |this_4_23_fu_92              |    9|          2|  8192|      16384|
    +-----------------------------+-----+-----------+------+-----------+
    |Total                        |  293|         64| 33812|      67674|
    +-----------------------------+-----+-----------+------+-----------+

    * Register: 
    +-----------------------------------------+------+----+------+-----------+
    |                   Name                  |  FF  | LUT| Bits | Const Bits|
    +-----------------------------------------+------+----+------+-----------+
    |add_ln330_reg_376                        |     8|   0|     8|          0|
    |ap_CS_fsm                                |    33|   0|    33|          0|
    |ap_done_reg                              |     1|   0|     1|          0|
    |ap_enable_reg_pp0_iter0_reg              |     1|   0|     1|          0|
    |ap_enable_reg_pp0_iter1                  |     1|   0|     1|          0|
    |call_ln330_write_p3_fu_187_ap_start_reg  |     1|   0|     1|          0|
    |call_ret6_reg_387                        |  8192|   0|  8192|          0|
    |call_ret_reg_381                         |  8192|   0|  8192|          0|
    |grp_read_p1_fu_164_ap_start_reg          |     1|   0|     1|          0|
    |grp_read_p2_fu_171_ap_start_reg          |     1|   0|     1|          0|
    |i_42_reg_361                             |     3|   0|     3|          0|
    |i_fu_80                                  |     3|   0|     3|          0|
    |icmp_ln325_reg_367                       |     1|   0|     1|          0|
    |this_1_22_fu_88                          |  8192|   0|  8192|          0|
    |this_2_11_fu_84                          |  8192|   0|  8192|          0|
    |this_3_23_fu_96                          |  8192|   0|  8192|          0|
    |this_4_23_fu_92                          |  8192|   0|  8192|          0|
    |zext_ln327_1_reg_371                     |     3|   0|     7|          4|
    +-----------------------------------------+------+----+------+-----------+
    |Total                                    | 49209|   0| 49213|          4|
    +-----------------------------------------+------+----+------+-----------+



================================================================
== Interface
================================================================
* Summary: 
+--------------------------------+-----+------+------------+----------------------------------+--------------+
|            RTL Ports           | Dir | Bits |  Protocol  |           Source Object          |    C Type    |
+--------------------------------+-----+------+------------+----------------------------------+--------------+
|ap_clk                          |   in|     1|  ap_ctrl_hs|  dpu_func_Pipeline_FUNC_NTT_LOOP4|  return value|
|ap_rst                          |   in|     1|  ap_ctrl_hs|  dpu_func_Pipeline_FUNC_NTT_LOOP4|  return value|
|ap_start                        |   in|     1|  ap_ctrl_hs|  dpu_func_Pipeline_FUNC_NTT_LOOP4|  return value|
|ap_done                         |  out|     1|  ap_ctrl_hs|  dpu_func_Pipeline_FUNC_NTT_LOOP4|  return value|
|ap_idle                         |  out|     1|  ap_ctrl_hs|  dpu_func_Pipeline_FUNC_NTT_LOOP4|  return value|
|ap_ready                        |  out|     1|  ap_ctrl_hs|  dpu_func_Pipeline_FUNC_NTT_LOOP4|  return value|
|grp_dpu_unit_fu_2638_p_din1     |  out|  8192|  ap_ctrl_hs|  dpu_func_Pipeline_FUNC_NTT_LOOP4|  return value|
|grp_dpu_unit_fu_2638_p_din2     |  out|  8192|  ap_ctrl_hs|  dpu_func_Pipeline_FUNC_NTT_LOOP4|  return value|
|grp_dpu_unit_fu_2638_p_din3     |  out|  8192|  ap_ctrl_hs|  dpu_func_Pipeline_FUNC_NTT_LOOP4|  return value|
|grp_dpu_unit_fu_2638_p_din4     |  out|     8|  ap_ctrl_hs|  dpu_func_Pipeline_FUNC_NTT_LOOP4|  return value|
|grp_dpu_unit_fu_2638_p_dout0_0  |   in|  8192|  ap_ctrl_hs|  dpu_func_Pipeline_FUNC_NTT_LOOP4|  return value|
|grp_dpu_unit_fu_2638_p_dout0_1  |   in|  8192|  ap_ctrl_hs|  dpu_func_Pipeline_FUNC_NTT_LOOP4|  return value|
|grp_dpu_unit_fu_2638_p_ce       |  out|     1|  ap_ctrl_hs|  dpu_func_Pipeline_FUNC_NTT_LOOP4|  return value|
|this_3_22_reload                |   in|  8192|     ap_none|                  this_3_22_reload|        scalar|
|this_4_22_reload                |   in|  8192|     ap_none|                  this_4_22_reload|        scalar|
|this_1_21_reload                |   in|  8192|     ap_none|                  this_1_21_reload|        scalar|
|call_ret39                      |   in|  8192|     ap_none|                        call_ret39|        scalar|
|trunc_ln52                      |   in|     3|     ap_none|                        trunc_ln52|        scalar|
|this_0_address0                 |  out|     8|   ap_memory|                            this_0|         array|
|this_0_ce0                      |  out|     1|   ap_memory|                            this_0|         array|
|this_0_we0                      |  out|  1024|   ap_memory|                            this_0|         array|
|this_0_d0                       |  out|  8192|   ap_memory|                            this_0|         array|
|this_0_q0                       |   in|  8192|   ap_memory|                            this_0|         array|
|addr1                           |   in|     8|     ap_none|                             addr1|        scalar|
|this_3_23_out                   |  out|  8192|      ap_vld|                     this_3_23_out|       pointer|
|this_3_23_out_ap_vld            |  out|     1|      ap_vld|                     this_3_23_out|       pointer|
|this_4_23_out                   |  out|  8192|      ap_vld|                     this_4_23_out|       pointer|
|this_4_23_out_ap_vld            |  out|     1|      ap_vld|                     this_4_23_out|       pointer|
|this_1_22_out                   |  out|  8192|      ap_vld|                     this_1_22_out|       pointer|
|this_1_22_out_ap_vld            |  out|     1|      ap_vld|                     this_1_22_out|       pointer|
|this_2_11_out                   |  out|  8192|      ap_vld|                     this_2_11_out|       pointer|
|this_2_11_out_ap_vld            |  out|     1|      ap_vld|                     this_2_11_out|       pointer|
+--------------------------------+-----+------+------------+----------------------------------+--------------+

============================================================
+ Verbose Summary: Synthesis Manager
============================================================
InlineROM: 1
ExposeGlobal: 0
============================================================
+ Verbose Summary: CDFG Model
============================================================
IsTopModel: 0
ResetActiveHigh: 1
IsCombinational: 2
IsDatapathOnly: 2
HasWiredReturn: 1
HasMFsm: 2
HasVarLatency: 1
IsPipeline: 0
IsRtlPipelined: 0
IsInstanceOverlapped: 0
IsDontTouch: 0
HasImplIP: 0
IsGatedGlobalClock: 0

+ Individual pipeline summary: 
  * Pipeline-0: initiation interval (II) = 33, depth = 34


============================================================
+ Verbose Summary: Schedule
============================================================
* Number of FSM states : 34
* Pipeline : 1
  Pipeline-0 : II = 33, D = 34, States = { 1 2 3 4 5 6 7 8 9 10 11 12 13 14 15 16 17 18 19 20 21 22 23 24 25 26 27 28 29 30 31 32 33 34 }
* Dataflow Pipeline: 0

* FSM state transitions: 
1 --> 2 
2 --> 3 
3 --> 4 
4 --> 5 
5 --> 6 
6 --> 7 
7 --> 8 
8 --> 9 
9 --> 10 
10 --> 11 
11 --> 12 
12 --> 13 
13 --> 14 
14 --> 15 
15 --> 16 
16 --> 17 
17 --> 18 
18 --> 19 
19 --> 20 
20 --> 21 
21 --> 22 
22 --> 23 
23 --> 24 
24 --> 25 
25 --> 26 
26 --> 27 
27 --> 28 
28 --> 29 
29 --> 30 
30 --> 31 
31 --> 32 
32 --> 33 
33 --> 34 
34 --> 

* FSM state operations: 

State 1 <SV = 0> <Delay = 1.17>
ST_1 : Operation 37 [1/1] (0.00ns)   --->   "%i = alloca i32 1"   --->   Operation 37 'alloca' 'i' <Predicate = true> <Delay = 0.00>
ST_1 : Operation 38 [1/1] (0.00ns)   --->   "%this_2_11 = alloca i32 1"   --->   Operation 38 'alloca' 'this_2_11' <Predicate = true> <Delay = 0.00>
ST_1 : Operation 39 [1/1] (0.00ns)   --->   "%this_1_22 = alloca i32 1"   --->   Operation 39 'alloca' 'this_1_22' <Predicate = true> <Delay = 0.00>
ST_1 : Operation 40 [1/1] (0.00ns)   --->   "%this_4_23 = alloca i32 1"   --->   Operation 40 'alloca' 'this_4_23' <Predicate = true> <Delay = 0.00>
ST_1 : Operation 41 [1/1] (0.00ns)   --->   "%this_3_23 = alloca i32 1"   --->   Operation 41 'alloca' 'this_3_23' <Predicate = true> <Delay = 0.00>
ST_1 : Operation 42 [1/1] (0.00ns)   --->   "%specbramwithbyteenable_ln0 = specbramwithbyteenable void @_ssdm_op_SpecBRAMWithByteEnable, i8192 %this_0"   --->   Operation 42 'specbramwithbyteenable' 'specbramwithbyteenable_ln0' <Predicate = true> <Delay = 0.00>
ST_1 : Operation 43 [1/1] (0.00ns)   --->   "%specmemcore_ln0 = specmemcore void @_ssdm_op_SpecMemCore, i8192 %this_0, i64 666, i64 210, i64 18446744073709551615"   --->   Operation 43 'specmemcore' 'specmemcore_ln0' <Predicate = true> <Delay = 0.00>
ST_1 : Operation 44 [1/1] (0.00ns)   --->   "%addr1_read = read i8 @_ssdm_op_Read.ap_auto.i8, i8 %addr1"   --->   Operation 44 'read' 'addr1_read' <Predicate = true> <Delay = 0.00>
ST_1 : Operation 45 [1/1] (0.00ns)   --->   "%trunc_ln52_read = read i3 @_ssdm_op_Read.ap_auto.i3, i3 %trunc_ln52"   --->   Operation 45 'read' 'trunc_ln52_read' <Predicate = true> <Delay = 0.00>
ST_1 : Operation 46 [1/1] (0.00ns)   --->   "%call_ret39_read = read i8192 @_ssdm_op_Read.ap_auto.i8192, i8192 %call_ret39"   --->   Operation 46 'read' 'call_ret39_read' <Predicate = true> <Delay = 0.00>
ST_1 : Operation 47 [1/1] (0.00ns)   --->   "%this_1_21_reload_read = read i8192 @_ssdm_op_Read.ap_auto.i8192, i8192 %this_1_21_reload"   --->   Operation 47 'read' 'this_1_21_reload_read' <Predicate = true> <Delay = 0.00>
ST_1 : Operation 48 [1/1] (0.00ns)   --->   "%this_4_22_reload_read = read i8192 @_ssdm_op_Read.ap_auto.i8192, i8192 %this_4_22_reload"   --->   Operation 48 'read' 'this_4_22_reload_read' <Predicate = true> <Delay = 0.00>
ST_1 : Operation 49 [1/1] (0.00ns)   --->   "%this_3_22_reload_read = read i8192 @_ssdm_op_Read.ap_auto.i8192, i8192 %this_3_22_reload"   --->   Operation 49 'read' 'this_3_22_reload_read' <Predicate = true> <Delay = 0.00>
ST_1 : Operation 50 [1/1] (0.46ns)   --->   "%store_ln0 = store i8192 %this_3_22_reload_read, i8192 %this_3_23"   --->   Operation 50 'store' 'store_ln0' <Predicate = true> <Delay = 0.46>
ST_1 : Operation 51 [1/1] (0.46ns)   --->   "%store_ln0 = store i8192 %this_4_22_reload_read, i8192 %this_4_23"   --->   Operation 51 'store' 'store_ln0' <Predicate = true> <Delay = 0.46>
ST_1 : Operation 52 [1/1] (0.46ns)   --->   "%store_ln0 = store i8192 %this_1_21_reload_read, i8192 %this_1_22"   --->   Operation 52 'store' 'store_ln0' <Predicate = true> <Delay = 0.46>
ST_1 : Operation 53 [1/1] (0.46ns)   --->   "%store_ln0 = store i8192 %call_ret39_read, i8192 %this_2_11"   --->   Operation 53 'store' 'store_ln0' <Predicate = true> <Delay = 0.46>
ST_1 : Operation 54 [1/1] (0.46ns)   --->   "%store_ln0 = store i3 0, i3 %i"   --->   Operation 54 'store' 'store_ln0' <Predicate = true> <Delay = 0.46>
ST_1 : Operation 55 [1/1] (0.00ns)   --->   "%br_ln0 = br void %for.inc324"   --->   Operation 55 'br' 'br_ln0' <Predicate = true> <Delay = 0.00>
ST_1 : Operation 56 [1/1] (0.00ns)   --->   "%i_42 = load i3 %i" [HLS_Final_vitis_src/dpu.cpp:325]   --->   Operation 56 'load' 'i_42' <Predicate = true> <Delay = 0.00>
ST_1 : Operation 57 [1/1] (0.00ns)   --->   "%specpipeline_ln0 = specpipeline void @_ssdm_op_SpecPipeline, i32 4294967295, i32 0, i32 1, i32 0, void @p_str"   --->   Operation 57 'specpipeline' 'specpipeline_ln0' <Predicate = true> <Delay = 0.00>
ST_1 : Operation 58 [1/1] (0.56ns)   --->   "%icmp_ln325 = icmp_eq  i3 %i_42, i3 %trunc_ln52_read" [HLS_Final_vitis_src/dpu.cpp:325]   --->   Operation 58 'icmp' 'icmp_ln325' <Predicate = true> <Delay = 0.56> <CoreInst = "Cmp">   --->   Core 9 'Cmp' <Latency = 0> <II = 1> <Delay = 0.56> <FuncUnit> <Opcode : 'icmp'> <InPorts = 2> <OutPorts = 1>
ST_1 : Operation 59 [1/1] (0.00ns)   --->   "%speclooptripcount_ln0 = speclooptripcount void @_ssdm_op_SpecLoopTripCount, i64 5, i64 6, i64 0"   --->   Operation 59 'speclooptripcount' 'speclooptripcount_ln0' <Predicate = true> <Delay = 0.00>
ST_1 : Operation 60 [1/1] (0.71ns)   --->   "%i_43 = add i3 %i_42, i3 1" [HLS_Final_vitis_src/dpu.cpp:325]   --->   Operation 60 'add' 'i_43' <Predicate = true> <Delay = 0.71> <CoreInst = "Adder">   --->   Core 1 'Adder' <Latency = 0> <II = 1> <Delay = 0.71> <FuncUnit> <Opcode : 'add' 'sub'> <InPorts = 2> <OutPorts = 1>
ST_1 : Operation 61 [1/1] (0.00ns)   --->   "%br_ln325 = br i1 %icmp_ln325, void %for.inc324.split, void %for.inc340.preheader.exitStub" [HLS_Final_vitis_src/dpu.cpp:325]   --->   Operation 61 'br' 'br_ln325' <Predicate = true> <Delay = 0.00>
ST_1 : Operation 62 [1/1] (0.46ns)   --->   "%store_ln325 = store i3 %i_43, i3 %i" [HLS_Final_vitis_src/dpu.cpp:325]   --->   Operation 62 'store' 'store_ln325' <Predicate = (!icmp_ln325)> <Delay = 0.46>
ST_1 : Operation 113 [1/1] (0.00ns)   --->   "%this_2_11_load = load i8192 %this_2_11"   --->   Operation 113 'load' 'this_2_11_load' <Predicate = (icmp_ln325)> <Delay = 0.00>
ST_1 : Operation 114 [1/1] (0.00ns)   --->   "%this_1_22_load = load i8192 %this_1_22"   --->   Operation 114 'load' 'this_1_22_load' <Predicate = (icmp_ln325)> <Delay = 0.00>
ST_1 : Operation 115 [1/1] (0.00ns)   --->   "%this_4_23_load = load i8192 %this_4_23"   --->   Operation 115 'load' 'this_4_23_load' <Predicate = (icmp_ln325)> <Delay = 0.00>
ST_1 : Operation 116 [1/1] (0.00ns)   --->   "%this_3_23_load = load i8192 %this_3_23"   --->   Operation 116 'load' 'this_3_23_load' <Predicate = (icmp_ln325)> <Delay = 0.00>
ST_1 : Operation 117 [1/1] (0.00ns)   --->   "%write_ln0 = write void @_ssdm_op_Write.ap_auto.i8192P0A, i8192 %this_3_23_out, i8192 %this_3_23_load"   --->   Operation 117 'write' 'write_ln0' <Predicate = (icmp_ln325)> <Delay = 0.00>
ST_1 : Operation 118 [1/1] (0.00ns)   --->   "%write_ln0 = write void @_ssdm_op_Write.ap_auto.i8192P0A, i8192 %this_4_23_out, i8192 %this_4_23_load"   --->   Operation 118 'write' 'write_ln0' <Predicate = (icmp_ln325)> <Delay = 0.00>
ST_1 : Operation 119 [1/1] (0.00ns)   --->   "%write_ln0 = write void @_ssdm_op_Write.ap_auto.i8192P0A, i8192 %this_1_22_out, i8192 %this_1_22_load"   --->   Operation 119 'write' 'write_ln0' <Predicate = (icmp_ln325)> <Delay = 0.00>
ST_1 : Operation 120 [1/1] (0.00ns)   --->   "%write_ln0 = write void @_ssdm_op_Write.ap_auto.i8192P0A, i8192 %this_2_11_out, i8192 %this_2_11_load"   --->   Operation 120 'write' 'write_ln0' <Predicate = (icmp_ln325)> <Delay = 0.00>
ST_1 : Operation 121 [1/1] (0.00ns)   --->   "%ret_ln0 = ret"   --->   Operation 121 'ret' 'ret_ln0' <Predicate = (icmp_ln325)> <Delay = 0.00>

State 2 <SV = 1> <Delay = 2.15>
ST_2 : Operation 63 [1/1] (0.00ns)   --->   "%zext_ln327 = zext i3 %i_42" [HLS_Final_vitis_src/dpu.cpp:327]   --->   Operation 63 'zext' 'zext_ln327' <Predicate = (!icmp_ln325)> <Delay = 0.00>
ST_2 : Operation 64 [1/1] (0.00ns)   --->   "%zext_ln327_1 = zext i3 %i_42" [HLS_Final_vitis_src/dpu.cpp:327]   --->   Operation 64 'zext' 'zext_ln327_1' <Predicate = (!icmp_ln325)> <Delay = 0.00>
ST_2 : Operation 65 [1/1] (0.85ns)   --->   "%add_ln327 = add i7 %zext_ln327_1, i7 82" [HLS_Final_vitis_src/dpu.cpp:327]   --->   Operation 65 'add' 'add_ln327' <Predicate = (!icmp_ln325)> <Delay = 0.85> <CoreInst = "Adder">   --->   Core 1 'Adder' <Latency = 0> <II = 1> <Delay = 0.85> <FuncUnit> <Opcode : 'add' 'sub'> <InPorts = 2> <OutPorts = 1>
ST_2 : Operation 66 [1/1] (0.00ns)   --->   "%zext_ln327_2 = zext i7 %add_ln327" [HLS_Final_vitis_src/dpu.cpp:327]   --->   Operation 66 'zext' 'zext_ln327_2' <Predicate = (!icmp_ln325)> <Delay = 0.00>
ST_2 : Operation 67 [2/2] (1.29ns)   --->   "%call_ret = call i8192 @read_p1, i8192 %this_0, i8 %zext_ln327_2" [HLS_Final_vitis_src/dpu.cpp:327]   --->   Operation 67 'call' 'call_ret' <Predicate = (!icmp_ln325)> <Delay = 1.29> <CoreType = "Generic">   --->   Core 0 '' <Latency = 0> <II = 1> <Delay = 1.00> <Generic> <Opcode : >
ST_2 : Operation 68 [1/1] (0.87ns)   --->   "%add_ln330 = add i8 %zext_ln327, i8 %addr1_read" [HLS_Final_vitis_src/dpu.cpp:330]   --->   Operation 68 'add' 'add_ln330' <Predicate = (!icmp_ln325)> <Delay = 0.87> <CoreInst = "Adder">   --->   Core 1 'Adder' <Latency = 0> <II = 1> <Delay = 0.87> <FuncUnit> <Opcode : 'add' 'sub'> <InPorts = 2> <OutPorts = 1>

State 3 <SV = 2> <Delay = 1.29>
ST_3 : Operation 69 [1/2] (1.29ns)   --->   "%call_ret = call i8192 @read_p1, i8192 %this_0, i8 %zext_ln327_2" [HLS_Final_vitis_src/dpu.cpp:327]   --->   Operation 69 'call' 'call_ret' <Predicate = (!icmp_ln325)> <Delay = 1.29> <CoreType = "Generic">   --->   Core 0 '' <Latency = 0> <II = 1> <Delay = 1.00> <Generic> <Opcode : >

State 4 <SV = 3> <Delay = 2.15>
ST_4 : Operation 70 [1/1] (0.85ns)   --->   "%add_ln328 = add i7 %zext_ln327_1, i7 76" [HLS_Final_vitis_src/dpu.cpp:328]   --->   Operation 70 'add' 'add_ln328' <Predicate = (!icmp_ln325)> <Delay = 0.85> <CoreInst = "Adder">   --->   Core 1 'Adder' <Latency = 0> <II = 1> <Delay = 0.85> <FuncUnit> <Opcode : 'add' 'sub'> <InPorts = 2> <OutPorts = 1>
ST_4 : Operation 71 [1/1] (0.00ns)   --->   "%zext_ln328 = zext i7 %add_ln328" [HLS_Final_vitis_src/dpu.cpp:328]   --->   Operation 71 'zext' 'zext_ln328' <Predicate = (!icmp_ln325)> <Delay = 0.00>
ST_4 : Operation 72 [2/2] (1.29ns)   --->   "%call_ret6 = call i8192 @read_p2, i8192 %this_0, i8 %zext_ln328" [HLS_Final_vitis_src/dpu.cpp:328]   --->   Operation 72 'call' 'call_ret6' <Predicate = (!icmp_ln325)> <Delay = 1.29> <CoreType = "Generic">   --->   Core 0 '' <Latency = 0> <II = 1> <Delay = 1.00> <Generic> <Opcode : >

State 5 <SV = 4> <Delay = 1.75>
ST_5 : Operation 73 [1/2] (1.29ns)   --->   "%call_ret6 = call i8192 @read_p2, i8192 %this_0, i8 %zext_ln328" [HLS_Final_vitis_src/dpu.cpp:328]   --->   Operation 73 'call' 'call_ret6' <Predicate = (!icmp_ln325)> <Delay = 1.29> <CoreType = "Generic">   --->   Core 0 '' <Latency = 0> <II = 1> <Delay = 1.00> <Generic> <Opcode : >
ST_5 : Operation 74 [1/1] (0.46ns)   --->   "%store_ln325 = store i8192 %call_ret6, i8192 %this_2_11" [HLS_Final_vitis_src/dpu.cpp:325]   --->   Operation 74 'store' 'store_ln325' <Predicate = (!icmp_ln325)> <Delay = 0.46>

State 6 <SV = 5> <Delay = 6.13>
ST_6 : Operation 75 [1/1] (0.00ns)   --->   "%this_4_23_load_1 = load i8192 %this_4_23" [HLS_Final_vitis_src/dpu.cpp:329]   --->   Operation 75 'load' 'this_4_23_load_1' <Predicate = (!icmp_ln325)> <Delay = 0.00>
ST_6 : Operation 76 [29/29] (6.13ns)   --->   "%call_ret7 = call i16384 @dpu_unit, i8192 %call_ret, i8192 %call_ret6, i8192 %this_4_23_load_1, i8 1" [HLS_Final_vitis_src/dpu.cpp:329]   --->   Operation 76 'call' 'call_ret7' <Predicate = (!icmp_ln325)> <Delay = 6.13> <CoreType = "Generic">   --->   Core 0 '' <Latency = 0> <II = 1> <Delay = 1.00> <Generic> <Opcode : >

State 7 <SV = 6> <Delay = 6.13>
ST_7 : Operation 77 [28/29] (6.13ns)   --->   "%call_ret7 = call i16384 @dpu_unit, i8192 %call_ret, i8192 %call_ret6, i8192 %this_4_23_load_1, i8 1" [HLS_Final_vitis_src/dpu.cpp:329]   --->   Operation 77 'call' 'call_ret7' <Predicate = (!icmp_ln325)> <Delay = 6.13> <CoreType = "Generic">   --->   Core 0 '' <Latency = 0> <II = 1> <Delay = 1.00> <Generic> <Opcode : >

State 8 <SV = 7> <Delay = 6.13>
ST_8 : Operation 78 [27/29] (6.13ns)   --->   "%call_ret7 = call i16384 @dpu_unit, i8192 %call_ret, i8192 %call_ret6, i8192 %this_4_23_load_1, i8 1" [HLS_Final_vitis_src/dpu.cpp:329]   --->   Operation 78 'call' 'call_ret7' <Predicate = (!icmp_ln325)> <Delay = 6.13> <CoreType = "Generic">   --->   Core 0 '' <Latency = 0> <II = 1> <Delay = 1.00> <Generic> <Opcode : >

State 9 <SV = 8> <Delay = 6.13>
ST_9 : Operation 79 [26/29] (6.13ns)   --->   "%call_ret7 = call i16384 @dpu_unit, i8192 %call_ret, i8192 %call_ret6, i8192 %this_4_23_load_1, i8 1" [HLS_Final_vitis_src/dpu.cpp:329]   --->   Operation 79 'call' 'call_ret7' <Predicate = (!icmp_ln325)> <Delay = 6.13> <CoreType = "Generic">   --->   Core 0 '' <Latency = 0> <II = 1> <Delay = 1.00> <Generic> <Opcode : >

State 10 <SV = 9> <Delay = 6.13>
ST_10 : Operation 80 [25/29] (6.13ns)   --->   "%call_ret7 = call i16384 @dpu_unit, i8192 %call_ret, i8192 %call_ret6, i8192 %this_4_23_load_1, i8 1" [HLS_Final_vitis_src/dpu.cpp:329]   --->   Operation 80 'call' 'call_ret7' <Predicate = (!icmp_ln325)> <Delay = 6.13> <CoreType = "Generic">   --->   Core 0 '' <Latency = 0> <II = 1> <Delay = 1.00> <Generic> <Opcode : >

State 11 <SV = 10> <Delay = 6.13>
ST_11 : Operation 81 [24/29] (6.13ns)   --->   "%call_ret7 = call i16384 @dpu_unit, i8192 %call_ret, i8192 %call_ret6, i8192 %this_4_23_load_1, i8 1" [HLS_Final_vitis_src/dpu.cpp:329]   --->   Operation 81 'call' 'call_ret7' <Predicate = (!icmp_ln325)> <Delay = 6.13> <CoreType = "Generic">   --->   Core 0 '' <Latency = 0> <II = 1> <Delay = 1.00> <Generic> <Opcode : >

State 12 <SV = 11> <Delay = 6.13>
ST_12 : Operation 82 [23/29] (6.13ns)   --->   "%call_ret7 = call i16384 @dpu_unit, i8192 %call_ret, i8192 %call_ret6, i8192 %this_4_23_load_1, i8 1" [HLS_Final_vitis_src/dpu.cpp:329]   --->   Operation 82 'call' 'call_ret7' <Predicate = (!icmp_ln325)> <Delay = 6.13> <CoreType = "Generic">   --->   Core 0 '' <Latency = 0> <II = 1> <Delay = 1.00> <Generic> <Opcode : >

State 13 <SV = 12> <Delay = 6.13>
ST_13 : Operation 83 [22/29] (6.13ns)   --->   "%call_ret7 = call i16384 @dpu_unit, i8192 %call_ret, i8192 %call_ret6, i8192 %this_4_23_load_1, i8 1" [HLS_Final_vitis_src/dpu.cpp:329]   --->   Operation 83 'call' 'call_ret7' <Predicate = (!icmp_ln325)> <Delay = 6.13> <CoreType = "Generic">   --->   Core 0 '' <Latency = 0> <II = 1> <Delay = 1.00> <Generic> <Opcode : >

State 14 <SV = 13> <Delay = 6.13>
ST_14 : Operation 84 [21/29] (6.13ns)   --->   "%call_ret7 = call i16384 @dpu_unit, i8192 %call_ret, i8192 %call_ret6, i8192 %this_4_23_load_1, i8 1" [HLS_Final_vitis_src/dpu.cpp:329]   --->   Operation 84 'call' 'call_ret7' <Predicate = (!icmp_ln325)> <Delay = 6.13> <CoreType = "Generic">   --->   Core 0 '' <Latency = 0> <II = 1> <Delay = 1.00> <Generic> <Opcode : >

State 15 <SV = 14> <Delay = 6.13>
ST_15 : Operation 85 [20/29] (6.13ns)   --->   "%call_ret7 = call i16384 @dpu_unit, i8192 %call_ret, i8192 %call_ret6, i8192 %this_4_23_load_1, i8 1" [HLS_Final_vitis_src/dpu.cpp:329]   --->   Operation 85 'call' 'call_ret7' <Predicate = (!icmp_ln325)> <Delay = 6.13> <CoreType = "Generic">   --->   Core 0 '' <Latency = 0> <II = 1> <Delay = 1.00> <Generic> <Opcode : >

State 16 <SV = 15> <Delay = 6.13>
ST_16 : Operation 86 [19/29] (6.13ns)   --->   "%call_ret7 = call i16384 @dpu_unit, i8192 %call_ret, i8192 %call_ret6, i8192 %this_4_23_load_1, i8 1" [HLS_Final_vitis_src/dpu.cpp:329]   --->   Operation 86 'call' 'call_ret7' <Predicate = (!icmp_ln325)> <Delay = 6.13> <CoreType = "Generic">   --->   Core 0 '' <Latency = 0> <II = 1> <Delay = 1.00> <Generic> <Opcode : >

State 17 <SV = 16> <Delay = 6.13>
ST_17 : Operation 87 [18/29] (6.13ns)   --->   "%call_ret7 = call i16384 @dpu_unit, i8192 %call_ret, i8192 %call_ret6, i8192 %this_4_23_load_1, i8 1" [HLS_Final_vitis_src/dpu.cpp:329]   --->   Operation 87 'call' 'call_ret7' <Predicate = (!icmp_ln325)> <Delay = 6.13> <CoreType = "Generic">   --->   Core 0 '' <Latency = 0> <II = 1> <Delay = 1.00> <Generic> <Opcode : >

State 18 <SV = 17> <Delay = 6.13>
ST_18 : Operation 88 [17/29] (6.13ns)   --->   "%call_ret7 = call i16384 @dpu_unit, i8192 %call_ret, i8192 %call_ret6, i8192 %this_4_23_load_1, i8 1" [HLS_Final_vitis_src/dpu.cpp:329]   --->   Operation 88 'call' 'call_ret7' <Predicate = (!icmp_ln325)> <Delay = 6.13> <CoreType = "Generic">   --->   Core 0 '' <Latency = 0> <II = 1> <Delay = 1.00> <Generic> <Opcode : >

State 19 <SV = 18> <Delay = 6.13>
ST_19 : Operation 89 [16/29] (6.13ns)   --->   "%call_ret7 = call i16384 @dpu_unit, i8192 %call_ret, i8192 %call_ret6, i8192 %this_4_23_load_1, i8 1" [HLS_Final_vitis_src/dpu.cpp:329]   --->   Operation 89 'call' 'call_ret7' <Predicate = (!icmp_ln325)> <Delay = 6.13> <CoreType = "Generic">   --->   Core 0 '' <Latency = 0> <II = 1> <Delay = 1.00> <Generic> <Opcode : >

State 20 <SV = 19> <Delay = 6.13>
ST_20 : Operation 90 [15/29] (6.13ns)   --->   "%call_ret7 = call i16384 @dpu_unit, i8192 %call_ret, i8192 %call_ret6, i8192 %this_4_23_load_1, i8 1" [HLS_Final_vitis_src/dpu.cpp:329]   --->   Operation 90 'call' 'call_ret7' <Predicate = (!icmp_ln325)> <Delay = 6.13> <CoreType = "Generic">   --->   Core 0 '' <Latency = 0> <II = 1> <Delay = 1.00> <Generic> <Opcode : >

State 21 <SV = 20> <Delay = 6.13>
ST_21 : Operation 91 [14/29] (6.13ns)   --->   "%call_ret7 = call i16384 @dpu_unit, i8192 %call_ret, i8192 %call_ret6, i8192 %this_4_23_load_1, i8 1" [HLS_Final_vitis_src/dpu.cpp:329]   --->   Operation 91 'call' 'call_ret7' <Predicate = (!icmp_ln325)> <Delay = 6.13> <CoreType = "Generic">   --->   Core 0 '' <Latency = 0> <II = 1> <Delay = 1.00> <Generic> <Opcode : >

State 22 <SV = 21> <Delay = 6.13>
ST_22 : Operation 92 [13/29] (6.13ns)   --->   "%call_ret7 = call i16384 @dpu_unit, i8192 %call_ret, i8192 %call_ret6, i8192 %this_4_23_load_1, i8 1" [HLS_Final_vitis_src/dpu.cpp:329]   --->   Operation 92 'call' 'call_ret7' <Predicate = (!icmp_ln325)> <Delay = 6.13> <CoreType = "Generic">   --->   Core 0 '' <Latency = 0> <II = 1> <Delay = 1.00> <Generic> <Opcode : >

State 23 <SV = 22> <Delay = 6.13>
ST_23 : Operation 93 [12/29] (6.13ns)   --->   "%call_ret7 = call i16384 @dpu_unit, i8192 %call_ret, i8192 %call_ret6, i8192 %this_4_23_load_1, i8 1" [HLS_Final_vitis_src/dpu.cpp:329]   --->   Operation 93 'call' 'call_ret7' <Predicate = (!icmp_ln325)> <Delay = 6.13> <CoreType = "Generic">   --->   Core 0 '' <Latency = 0> <II = 1> <Delay = 1.00> <Generic> <Opcode : >

State 24 <SV = 23> <Delay = 6.13>
ST_24 : Operation 94 [11/29] (6.13ns)   --->   "%call_ret7 = call i16384 @dpu_unit, i8192 %call_ret, i8192 %call_ret6, i8192 %this_4_23_load_1, i8 1" [HLS_Final_vitis_src/dpu.cpp:329]   --->   Operation 94 'call' 'call_ret7' <Predicate = (!icmp_ln325)> <Delay = 6.13> <CoreType = "Generic">   --->   Core 0 '' <Latency = 0> <II = 1> <Delay = 1.00> <Generic> <Opcode : >

State 25 <SV = 24> <Delay = 6.13>
ST_25 : Operation 95 [10/29] (6.13ns)   --->   "%call_ret7 = call i16384 @dpu_unit, i8192 %call_ret, i8192 %call_ret6, i8192 %this_4_23_load_1, i8 1" [HLS_Final_vitis_src/dpu.cpp:329]   --->   Operation 95 'call' 'call_ret7' <Predicate = (!icmp_ln325)> <Delay = 6.13> <CoreType = "Generic">   --->   Core 0 '' <Latency = 0> <II = 1> <Delay = 1.00> <Generic> <Opcode : >

State 26 <SV = 25> <Delay = 6.13>
ST_26 : Operation 96 [9/29] (6.13ns)   --->   "%call_ret7 = call i16384 @dpu_unit, i8192 %call_ret, i8192 %call_ret6, i8192 %this_4_23_load_1, i8 1" [HLS_Final_vitis_src/dpu.cpp:329]   --->   Operation 96 'call' 'call_ret7' <Predicate = (!icmp_ln325)> <Delay = 6.13> <CoreType = "Generic">   --->   Core 0 '' <Latency = 0> <II = 1> <Delay = 1.00> <Generic> <Opcode : >

State 27 <SV = 26> <Delay = 6.13>
ST_27 : Operation 97 [8/29] (6.13ns)   --->   "%call_ret7 = call i16384 @dpu_unit, i8192 %call_ret, i8192 %call_ret6, i8192 %this_4_23_load_1, i8 1" [HLS_Final_vitis_src/dpu.cpp:329]   --->   Operation 97 'call' 'call_ret7' <Predicate = (!icmp_ln325)> <Delay = 6.13> <CoreType = "Generic">   --->   Core 0 '' <Latency = 0> <II = 1> <Delay = 1.00> <Generic> <Opcode : >

State 28 <SV = 27> <Delay = 6.13>
ST_28 : Operation 98 [7/29] (6.13ns)   --->   "%call_ret7 = call i16384 @dpu_unit, i8192 %call_ret, i8192 %call_ret6, i8192 %this_4_23_load_1, i8 1" [HLS_Final_vitis_src/dpu.cpp:329]   --->   Operation 98 'call' 'call_ret7' <Predicate = (!icmp_ln325)> <Delay = 6.13> <CoreType = "Generic">   --->   Core 0 '' <Latency = 0> <II = 1> <Delay = 1.00> <Generic> <Opcode : >

State 29 <SV = 28> <Delay = 6.13>
ST_29 : Operation 99 [6/29] (6.13ns)   --->   "%call_ret7 = call i16384 @dpu_unit, i8192 %call_ret, i8192 %call_ret6, i8192 %this_4_23_load_1, i8 1" [HLS_Final_vitis_src/dpu.cpp:329]   --->   Operation 99 'call' 'call_ret7' <Predicate = (!icmp_ln325)> <Delay = 6.13> <CoreType = "Generic">   --->   Core 0 '' <Latency = 0> <II = 1> <Delay = 1.00> <Generic> <Opcode : >

State 30 <SV = 29> <Delay = 6.13>
ST_30 : Operation 100 [5/29] (6.13ns)   --->   "%call_ret7 = call i16384 @dpu_unit, i8192 %call_ret, i8192 %call_ret6, i8192 %this_4_23_load_1, i8 1" [HLS_Final_vitis_src/dpu.cpp:329]   --->   Operation 100 'call' 'call_ret7' <Predicate = (!icmp_ln325)> <Delay = 6.13> <CoreType = "Generic">   --->   Core 0 '' <Latency = 0> <II = 1> <Delay = 1.00> <Generic> <Opcode : >

State 31 <SV = 30> <Delay = 6.13>
ST_31 : Operation 101 [4/29] (6.13ns)   --->   "%call_ret7 = call i16384 @dpu_unit, i8192 %call_ret, i8192 %call_ret6, i8192 %this_4_23_load_1, i8 1" [HLS_Final_vitis_src/dpu.cpp:329]   --->   Operation 101 'call' 'call_ret7' <Predicate = (!icmp_ln325)> <Delay = 6.13> <CoreType = "Generic">   --->   Core 0 '' <Latency = 0> <II = 1> <Delay = 1.00> <Generic> <Opcode : >

State 32 <SV = 31> <Delay = 6.13>
ST_32 : Operation 102 [3/29] (6.13ns)   --->   "%call_ret7 = call i16384 @dpu_unit, i8192 %call_ret, i8192 %call_ret6, i8192 %this_4_23_load_1, i8 1" [HLS_Final_vitis_src/dpu.cpp:329]   --->   Operation 102 'call' 'call_ret7' <Predicate = (!icmp_ln325)> <Delay = 6.13> <CoreType = "Generic">   --->   Core 0 '' <Latency = 0> <II = 1> <Delay = 1.00> <Generic> <Opcode : >

State 33 <SV = 32> <Delay = 6.13>
ST_33 : Operation 103 [2/29] (6.13ns)   --->   "%call_ret7 = call i16384 @dpu_unit, i8192 %call_ret, i8192 %call_ret6, i8192 %this_4_23_load_1, i8 1" [HLS_Final_vitis_src/dpu.cpp:329]   --->   Operation 103 'call' 'call_ret7' <Predicate = (!icmp_ln325)> <Delay = 6.13> <CoreType = "Generic">   --->   Core 0 '' <Latency = 0> <II = 1> <Delay = 1.00> <Generic> <Opcode : >

State 34 <SV = 33> <Delay = 7.12>
ST_34 : Operation 104 [1/1] (0.00ns)   --->   "%specloopname_ln325 = specloopname void @_ssdm_op_SpecLoopName, void @empty_43" [HLS_Final_vitis_src/dpu.cpp:325]   --->   Operation 104 'specloopname' 'specloopname_ln325' <Predicate = true> <Delay = 0.00>
ST_34 : Operation 105 [1/29] (5.82ns)   --->   "%call_ret7 = call i16384 @dpu_unit, i8192 %call_ret, i8192 %call_ret6, i8192 %this_4_23_load_1, i8 1" [HLS_Final_vitis_src/dpu.cpp:329]   --->   Operation 105 'call' 'call_ret7' <Predicate = true> <Delay = 5.82> <CoreType = "Generic">   --->   Core 0 '' <Latency = 0> <II = 1> <Delay = 1.00> <Generic> <Opcode : >
ST_34 : Operation 106 [1/1] (0.00ns)   --->   "%this_3_ret = extractvalue i16384 %call_ret7" [HLS_Final_vitis_src/dpu.cpp:329]   --->   Operation 106 'extractvalue' 'this_3_ret' <Predicate = true> <Delay = 0.00>
ST_34 : Operation 107 [1/1] (0.00ns)   --->   "%this_4_ret = extractvalue i16384 %call_ret7" [HLS_Final_vitis_src/dpu.cpp:329]   --->   Operation 107 'extractvalue' 'this_4_ret' <Predicate = true> <Delay = 0.00>
ST_34 : Operation 108 [1/1] (1.29ns)   --->   "%call_ln330 = call void @write_p3, i8192 %this_0, i8192 %this_3_ret, i8 %add_ln330" [HLS_Final_vitis_src/dpu.cpp:330]   --->   Operation 108 'call' 'call_ln330' <Predicate = true> <Delay = 1.29> <CoreType = "Generic">   --->   Core 0 '' <Latency = 0> <II = 1> <Delay = 1.00> <Generic> <Opcode : >
ST_34 : Operation 109 [1/1] (0.46ns)   --->   "%store_ln325 = store i8192 %this_3_ret, i8192 %this_3_23" [HLS_Final_vitis_src/dpu.cpp:325]   --->   Operation 109 'store' 'store_ln325' <Predicate = true> <Delay = 0.46>
ST_34 : Operation 110 [1/1] (0.46ns)   --->   "%store_ln325 = store i8192 %this_4_ret, i8192 %this_4_23" [HLS_Final_vitis_src/dpu.cpp:325]   --->   Operation 110 'store' 'store_ln325' <Predicate = true> <Delay = 0.46>
ST_34 : Operation 111 [1/1] (0.46ns)   --->   "%store_ln325 = store i8192 %call_ret, i8192 %this_1_22" [HLS_Final_vitis_src/dpu.cpp:325]   --->   Operation 111 'store' 'store_ln325' <Predicate = true> <Delay = 0.46>
ST_34 : Operation 112 [1/1] (0.00ns)   --->   "%br_ln325 = br void %for.inc324" [HLS_Final_vitis_src/dpu.cpp:325]   --->   Operation 112 'br' 'br_ln325' <Predicate = true> <Delay = 0.00>


============================================================
+ Verbose Summary: Binding
============================================================
STG Binding: 
---------------- STG Properties BEGIN ----------------
- Is combinational: 0
- Is one-state seq: 0
- Is datapath-only: 0
- Is pipelined: 0
- Is top level: 0
Port [ Return ] is wired: 1; IO mode=ap_ctrl_hs:ce=0
Port [ this_3_22_reload]:  wired=1; compound=0; hidden=0; nouse=0; global=0; static=0; extern=0; dir=0; type=0; pingpong=0; private_global=0; IO mode=ap_none:ce=0
Port [ this_4_22_reload]:  wired=1; compound=0; hidden=0; nouse=0; global=0; static=0; extern=0; dir=0; type=0; pingpong=0; private_global=0; IO mode=ap_none:ce=0
Port [ this_1_21_reload]:  wired=1; compound=0; hidden=0; nouse=0; global=0; static=0; extern=0; dir=0; type=0; pingpong=0; private_global=0; IO mode=ap_none:ce=0
Port [ call_ret39]:  wired=1; compound=0; hidden=0; nouse=0; global=0; static=0; extern=0; dir=0; type=0; pingpong=0; private_global=0; IO mode=ap_none:ce=0
Port [ trunc_ln52]:  wired=1; compound=0; hidden=0; nouse=0; global=0; static=0; extern=0; dir=0; type=0; pingpong=0; private_global=0; IO mode=ap_none:ce=0
Port [ this_0]:  wired=1; compound=1; hidden=0; nouse=0; global=0; static=0; extern=0; dir=2; type=1; pingpong=0; private_global=0; MemPort=[23]; IO mode=ap_memory:ce=0
Port [ addr1]:  wired=1; compound=0; hidden=0; nouse=0; global=0; static=0; extern=0; dir=0; type=0; pingpong=0; private_global=0; IO mode=ap_none:ce=0
Port [ this_3_23_out]:  wired=1; compound=0; hidden=0; nouse=0; global=0; static=0; extern=0; dir=1; type=0; pingpong=0; private_global=0; IO mode=ap_vld:ce=0
Port [ this_4_23_out]:  wired=1; compound=0; hidden=0; nouse=0; global=0; static=0; extern=0; dir=1; type=0; pingpong=0; private_global=0; IO mode=ap_vld:ce=0
Port [ this_1_22_out]:  wired=1; compound=0; hidden=0; nouse=0; global=0; static=0; extern=0; dir=1; type=0; pingpong=0; private_global=0; IO mode=ap_vld:ce=0
Port [ this_2_11_out]:  wired=1; compound=0; hidden=0; nouse=0; global=0; static=0; extern=0; dir=1; type=0; pingpong=0; private_global=0; IO mode=ap_vld:ce=0
---------------- STG Properties END ------------------

---------------- Datapath Model BEGIN ----------------

<LifeTime>
<method=bitvector/>
i                          (alloca                ) [ 01000000000000000000000000000000000]
this_2_11                  (alloca                ) [ 01111100000000000000000000000000000]
this_1_22                  (alloca                ) [ 01111111111111111111111111111111111]
this_4_23                  (alloca                ) [ 01111111111111111111111111111111111]
this_3_23                  (alloca                ) [ 01111111111111111111111111111111111]
specbramwithbyteenable_ln0 (specbramwithbyteenable) [ 00000000000000000000000000000000000]
specmemcore_ln0            (specmemcore           ) [ 00000000000000000000000000000000000]
addr1_read                 (read                  ) [ 00100000000000000000000000000000000]
trunc_ln52_read            (read                  ) [ 00000000000000000000000000000000000]
call_ret39_read            (read                  ) [ 00000000000000000000000000000000000]
this_1_21_reload_read      (read                  ) [ 00000000000000000000000000000000000]
this_4_22_reload_read      (read                  ) [ 00000000000000000000000000000000000]
this_3_22_reload_read      (read                  ) [ 00000000000000000000000000000000000]
store_ln0                  (store                 ) [ 00000000000000000000000000000000000]
store_ln0                  (store                 ) [ 00000000000000000000000000000000000]
store_ln0                  (store                 ) [ 00000000000000000000000000000000000]
store_ln0                  (store                 ) [ 00000000000000000000000000000000000]
store_ln0                  (store                 ) [ 00000000000000000000000000000000000]
br_ln0                     (br                    ) [ 00000000000000000000000000000000000]
i_42                       (load                  ) [ 00100000000000000000000000000000000]
specpipeline_ln0           (specpipeline          ) [ 00000000000000000000000000000000000]
icmp_ln325                 (icmp                  ) [ 01111111111111111111111111111111110]
speclooptripcount_ln0      (speclooptripcount     ) [ 00000000000000000000000000000000000]
i_43                       (add                   ) [ 00000000000000000000000000000000000]
br_ln325                   (br                    ) [ 00000000000000000000000000000000000]
store_ln325                (store                 ) [ 00000000000000000000000000000000000]
zext_ln327                 (zext                  ) [ 00000000000000000000000000000000000]
zext_ln327_1               (zext                  ) [ 00011000000000000000000000000000000]
add_ln327                  (add                   ) [ 00000000000000000000000000000000000]
zext_ln327_2               (zext                  ) [ 00000000000000000000000000000000000]
add_ln330                  (add                   ) [ 01011111111111111111111111111111111]
call_ret                   (call                  ) [ 01001111111111111111111111111111111]
add_ln328                  (add                   ) [ 00000000000000000000000000000000000]
zext_ln328                 (zext                  ) [ 00000000000000000000000000000000000]
call_ret6                  (call                  ) [ 01000011111111111111111111111111111]
store_ln325                (store                 ) [ 00000000000000000000000000000000000]
this_4_23_load_1           (load                  ) [ 01000001111111111111111111111111111]
specloopname_ln325         (specloopname          ) [ 00000000000000000000000000000000000]
call_ret7                  (call                  ) [ 00000000000000000000000000000000000]
this_3_ret                 (extractvalue          ) [ 00000000000000000000000000000000000]
this_4_ret                 (extractvalue          ) [ 00000000000000000000000000000000000]
call_ln330                 (call                  ) [ 00000000000000000000000000000000000]
store_ln325                (store                 ) [ 00000000000000000000000000000000000]
store_ln325                (store                 ) [ 00000000000000000000000000000000000]
store_ln325                (store                 ) [ 00000000000000000000000000000000000]
br_ln325                   (br                    ) [ 00000000000000000000000000000000000]
this_2_11_load             (load                  ) [ 00000000000000000000000000000000000]
this_1_22_load             (load                  ) [ 00000000000000000000000000000000000]
this_4_23_load             (load                  ) [ 00000000000000000000000000000000000]
this_3_23_load             (load                  ) [ 00000000000000000000000000000000000]
write_ln0                  (write                 ) [ 00000000000000000000000000000000000]
write_ln0                  (write                 ) [ 00000000000000000000000000000000000]
write_ln0                  (write                 ) [ 00000000000000000000000000000000000]
write_ln0                  (write                 ) [ 00000000000000000000000000000000000]
ret_ln0                    (ret                   ) [ 00000000000000000000000000000000000]
</LifeTime>

<model>

<comp_list>
<comp id="0" class="1000" name="this_3_22_reload">
<pin_list>
<pin id="1" dir="1" index="0" bw="1" slack="0"/>
</pin_list>
<bind>
<StgValue><ssdm name="this_3_22_reload"/></StgValue>
</bind>
</comp>

<comp id="2" class="1000" name="this_4_22_reload">
<pin_list>
<pin id="3" dir="1" index="0" bw="1" slack="0"/>
</pin_list>
<bind>
<StgValue><ssdm name="this_4_22_reload"/></StgValue>
</bind>
</comp>

<comp id="4" class="1000" name="this_1_21_reload">
<pin_list>
<pin id="5" dir="1" index="0" bw="1" slack="0"/>
</pin_list>
<bind>
<StgValue><ssdm name="this_1_21_reload"/></StgValue>
</bind>
</comp>

<comp id="6" class="1000" name="call_ret39">
<pin_list>
<pin id="7" dir="1" index="0" bw="1" slack="0"/>
</pin_list>
<bind>
<StgValue><ssdm name="call_ret39"/></StgValue>
</bind>
</comp>

<comp id="8" class="1000" name="trunc_ln52">
<pin_list>
<pin id="9" dir="1" index="0" bw="1" slack="0"/>
</pin_list>
<bind>
<StgValue><ssdm name="trunc_ln52"/></StgValue>
</bind>
</comp>

<comp id="10" class="1000" name="this_0">
<pin_list>
<pin id="11" dir="1" index="0" bw="1" slack="0"/>
</pin_list>
<bind>
<StgValue><ssdm name="this_0"/><MemPortTyVec>2 3 </MemPortTyVec>
</StgValue>
</bind>
</comp>

<comp id="12" class="1000" name="addr1">
<pin_list>
<pin id="13" dir="1" index="0" bw="1" slack="0"/>
</pin_list>
<bind>
<StgValue><ssdm name="addr1"/></StgValue>
</bind>
</comp>

<comp id="14" class="1000" name="this_3_23_out">
<pin_list>
<pin id="15" dir="1" index="0" bw="1" slack="0"/>
</pin_list>
<bind>
<StgValue><ssdm name="this_3_23_out"/></StgValue>
</bind>
</comp>

<comp id="16" class="1000" name="this_4_23_out">
<pin_list>
<pin id="17" dir="1" index="0" bw="1" slack="0"/>
</pin_list>
<bind>
<StgValue><ssdm name="this_4_23_out"/></StgValue>
</bind>
</comp>

<comp id="18" class="1000" name="this_1_22_out">
<pin_list>
<pin id="19" dir="1" index="0" bw="1" slack="0"/>
</pin_list>
<bind>
<StgValue><ssdm name="this_1_22_out"/></StgValue>
</bind>
</comp>

<comp id="20" class="1000" name="this_2_11_out">
<pin_list>
<pin id="21" dir="1" index="0" bw="1" slack="0"/>
</pin_list>
<bind>
<StgValue><ssdm name="this_2_11_out"/></StgValue>
</bind>
</comp>

<comp id="22" class="1001" name="const_22">
<pin_list>
<pin id="23" dir="1" index="0" bw="1" slack="0"/>
</pin_list>
<bind>
<StgValue><ssdm name=""/></StgValue>
</bind>
</comp>

<comp id="24" class="1001" name="const_24">
<pin_list>
<pin id="25" dir="1" index="0" bw="1" slack="2147483647"/>
</pin_list>
<bind>
<StgValue><ssdm name="_ssdm_op_SpecBRAMWithByteEnable"/></StgValue>
</bind>
</comp>

<comp id="26" class="1001" name="const_26">
<pin_list>
<pin id="27" dir="1" index="0" bw="1" slack="2147483647"/>
</pin_list>
<bind>
<StgValue><ssdm name="_ssdm_op_SpecMemCore"/></StgValue>
</bind>
</comp>

<comp id="28" class="1001" name="const_28">
<pin_list>
<pin id="29" dir="1" index="0" bw="1" slack="2147483647"/>
</pin_list>
<bind>
<StgValue><ssdm name=""/></StgValue>
</bind>
</comp>

<comp id="30" class="1001" name="const_30">
<pin_list>
<pin id="31" dir="1" index="0" bw="1" slack="2147483647"/>
</pin_list>
<bind>
<StgValue><ssdm name=""/></StgValue>
</bind>
</comp>

<comp id="32" class="1001" name="const_32">
<pin_list>
<pin id="33" dir="1" index="0" bw="1" slack="2147483647"/>
</pin_list>
<bind>
<StgValue><ssdm name=""/></StgValue>
</bind>
</comp>

<comp id="34" class="1001" name="const_34">
<pin_list>
<pin id="35" dir="1" index="0" bw="1" slack="0"/>
</pin_list>
<bind>
<StgValue><ssdm name="_ssdm_op_Read.ap_auto.i8"/></StgValue>
</bind>
</comp>

<comp id="36" class="1001" name="const_36">
<pin_list>
<pin id="37" dir="1" index="0" bw="1" slack="0"/>
</pin_list>
<bind>
<StgValue><ssdm name="_ssdm_op_Read.ap_auto.i3"/></StgValue>
</bind>
</comp>

<comp id="38" class="1001" name="const_38">
<pin_list>
<pin id="39" dir="1" index="0" bw="1" slack="0"/>
</pin_list>
<bind>
<StgValue><ssdm name="_ssdm_op_Read.ap_auto.i8192"/></StgValue>
</bind>
</comp>

<comp id="40" class="1001" name="const_40">
<pin_list>
<pin id="41" dir="1" index="0" bw="1" slack="0"/>
</pin_list>
<bind>
<StgValue><ssdm name=""/></StgValue>
</bind>
</comp>

<comp id="42" class="1001" name="const_42">
<pin_list>
<pin id="43" dir="1" index="0" bw="1" slack="2147483647"/>
</pin_list>
<bind>
<StgValue><ssdm name="_ssdm_op_SpecPipeline"/></StgValue>
</bind>
</comp>

<comp id="44" class="1001" name="const_44">
<pin_list>
<pin id="45" dir="1" index="0" bw="1" slack="2147483647"/>
</pin_list>
<bind>
<StgValue><ssdm name=""/></StgValue>
</bind>
</comp>

<comp id="46" class="1001" name="const_46">
<pin_list>
<pin id="47" dir="1" index="0" bw="1" slack="2147483647"/>
</pin_list>
<bind>
<StgValue><ssdm name=""/></StgValue>
</bind>
</comp>

<comp id="48" class="1001" name="const_48">
<pin_list>
<pin id="49" dir="1" index="0" bw="1" slack="2147483647"/>
</pin_list>
<bind>
<StgValue><ssdm name="p_str"/></StgValue>
</bind>
</comp>

<comp id="50" class="1001" name="const_50">
<pin_list>
<pin id="51" dir="1" index="0" bw="1" slack="2147483647"/>
</pin_list>
<bind>
<StgValue><ssdm name="_ssdm_op_SpecLoopTripCount"/></StgValue>
</bind>
</comp>

<comp id="52" class="1001" name="const_52">
<pin_list>
<pin id="53" dir="1" index="0" bw="1" slack="2147483647"/>
</pin_list>
<bind>
<StgValue><ssdm name=""/></StgValue>
</bind>
</comp>

<comp id="54" class="1001" name="const_54">
<pin_list>
<pin id="55" dir="1" index="0" bw="1" slack="2147483647"/>
</pin_list>
<bind>
<StgValue><ssdm name=""/></StgValue>
</bind>
</comp>

<comp id="56" class="1001" name="const_56">
<pin_list>
<pin id="57" dir="1" index="0" bw="1" slack="2147483647"/>
</pin_list>
<bind>
<StgValue><ssdm name=""/></StgValue>
</bind>
</comp>

<comp id="58" class="1001" name="const_58">
<pin_list>
<pin id="59" dir="1" index="0" bw="1" slack="0"/>
</pin_list>
<bind>
<StgValue><ssdm name=""/></StgValue>
</bind>
</comp>

<comp id="60" class="1001" name="const_60">
<pin_list>
<pin id="61" dir="1" index="0" bw="1" slack="0"/>
</pin_list>
<bind>
<StgValue><ssdm name=""/></StgValue>
</bind>
</comp>

<comp id="62" class="1001" name="const_62">
<pin_list>
<pin id="63" dir="1" index="0" bw="1" slack="0"/>
</pin_list>
<bind>
<StgValue><ssdm name="read_p1"/></StgValue>
</bind>
</comp>

<comp id="64" class="1001" name="const_64">
<pin_list>
<pin id="65" dir="1" index="0" bw="1" slack="0"/>
</pin_list>
<bind>
<StgValue><ssdm name=""/></StgValue>
</bind>
</comp>

<comp id="66" class="1001" name="const_66">
<pin_list>
<pin id="67" dir="1" index="0" bw="1" slack="0"/>
</pin_list>
<bind>
<StgValue><ssdm name="read_p2"/></StgValue>
</bind>
</comp>

<comp id="68" class="1001" name="const_68">
<pin_list>
<pin id="69" dir="1" index="0" bw="1" slack="0"/>
</pin_list>
<bind>
<StgValue><ssdm name="dpu_unit"/></StgValue>
</bind>
</comp>

<comp id="70" class="1001" name="const_70">
<pin_list>
<pin id="71" dir="1" index="0" bw="1" slack="0"/>
</pin_list>
<bind>
<StgValue><ssdm name=""/></StgValue>
</bind>
</comp>

<comp id="72" class="1001" name="const_72">
<pin_list>
<pin id="73" dir="1" index="0" bw="1" slack="2147483647"/>
</pin_list>
<bind>
<StgValue><ssdm name="_ssdm_op_SpecLoopName"/></StgValue>
</bind>
</comp>

<comp id="74" class="1001" name="const_74">
<pin_list>
<pin id="75" dir="1" index="0" bw="1" slack="2147483647"/>
</pin_list>
<bind>
<StgValue><ssdm name="empty_43"/></StgValue>
</bind>
</comp>

<comp id="76" class="1001" name="const_76">
<pin_list>
<pin id="77" dir="1" index="0" bw="1" slack="0"/>
</pin_list>
<bind>
<StgValue><ssdm name="write_p3"/></StgValue>
</bind>
</comp>

<comp id="78" class="1001" name="const_78">
<pin_list>
<pin id="79" dir="1" index="0" bw="1" slack="0"/>
</pin_list>
<bind>
<StgValue><ssdm name="_ssdm_op_Write.ap_auto.i8192P0A"/></StgValue>
</bind>
</comp>

<comp id="80" class="1004" name="i_fu_80">
<pin_list>
<pin id="81" dir="0" index="0" bw="1" slack="0"/>
<pin id="82" dir="1" index="1" bw="3" slack="0"/>
</pin_list>
<bind>
<opcode="alloca(26) " fcode="alloca"/>
<opset="i/1 "/>
</bind>
</comp>

<comp id="84" class="1004" name="this_2_11_fu_84">
<pin_list>
<pin id="85" dir="0" index="0" bw="1" slack="0"/>
<pin id="86" dir="1" index="1" bw="8192" slack="0"/>
</pin_list>
<bind>
<opcode="alloca(26) " fcode="alloca"/>
<opset="this_2_11/1 "/>
</bind>
</comp>

<comp id="88" class="1004" name="this_1_22_fu_88">
<pin_list>
<pin id="89" dir="0" index="0" bw="1" slack="0"/>
<pin id="90" dir="1" index="1" bw="8192" slack="0"/>
</pin_list>
<bind>
<opcode="alloca(26) " fcode="alloca"/>
<opset="this_1_22/1 "/>
</bind>
</comp>

<comp id="92" class="1004" name="this_4_23_fu_92">
<pin_list>
<pin id="93" dir="0" index="0" bw="1" slack="0"/>
<pin id="94" dir="1" index="1" bw="8192" slack="0"/>
</pin_list>
<bind>
<opcode="alloca(26) " fcode="alloca"/>
<opset="this_4_23/1 "/>
</bind>
</comp>

<comp id="96" class="1004" name="this_3_23_fu_96">
<pin_list>
<pin id="97" dir="0" index="0" bw="1" slack="0"/>
<pin id="98" dir="1" index="1" bw="8192" slack="0"/>
</pin_list>
<bind>
<opcode="alloca(26) " fcode="alloca"/>
<opset="this_3_23/1 "/>
</bind>
</comp>

<comp id="100" class="1004" name="addr1_read_read_fu_100">
<pin_list>
<pin id="101" dir="0" index="0" bw="8" slack="0"/>
<pin id="102" dir="0" index="1" bw="8" slack="0"/>
<pin id="103" dir="1" index="2" bw="8" slack="1"/>
</pin_list>
<bind>
<opcode="read(1150) " fcode="read"/>
<opset="addr1_read/1 "/>
</bind>
</comp>

<comp id="106" class="1004" name="trunc_ln52_read_read_fu_106">
<pin_list>
<pin id="107" dir="0" index="0" bw="3" slack="0"/>
<pin id="108" dir="0" index="1" bw="3" slack="0"/>
<pin id="109" dir="1" index="2" bw="3" slack="0"/>
</pin_list>
<bind>
<opcode="read(1150) " fcode="read"/>
<opset="trunc_ln52_read/1 "/>
</bind>
</comp>

<comp id="112" class="1004" name="call_ret39_read_read_fu_112">
<pin_list>
<pin id="113" dir="0" index="0" bw="8192" slack="0"/>
<pin id="114" dir="0" index="1" bw="8192" slack="0"/>
<pin id="115" dir="1" index="2" bw="8192" slack="0"/>
</pin_list>
<bind>
<opcode="read(1150) " fcode="read"/>
<opset="call_ret39_read/1 "/>
</bind>
</comp>

<comp id="118" class="1004" name="this_1_21_reload_read_read_fu_118">
<pin_list>
<pin id="119" dir="0" index="0" bw="8192" slack="0"/>
<pin id="120" dir="0" index="1" bw="8192" slack="0"/>
<pin id="121" dir="1" index="2" bw="8192" slack="0"/>
</pin_list>
<bind>
<opcode="read(1150) " fcode="read"/>
<opset="this_1_21_reload_read/1 "/>
</bind>
</comp>

<comp id="124" class="1004" name="this_4_22_reload_read_read_fu_124">
<pin_list>
<pin id="125" dir="0" index="0" bw="8192" slack="0"/>
<pin id="126" dir="0" index="1" bw="8192" slack="0"/>
<pin id="127" dir="1" index="2" bw="8192" slack="0"/>
</pin_list>
<bind>
<opcode="read(1150) " fcode="read"/>
<opset="this_4_22_reload_read/1 "/>
</bind>
</comp>

<comp id="130" class="1004" name="this_3_22_reload_read_read_fu_130">
<pin_list>
<pin id="131" dir="0" index="0" bw="8192" slack="0"/>
<pin id="132" dir="0" index="1" bw="8192" slack="0"/>
<pin id="133" dir="1" index="2" bw="8192" slack="0"/>
</pin_list>
<bind>
<opcode="read(1150) " fcode="read"/>
<opset="this_3_22_reload_read/1 "/>
</bind>
</comp>

<comp id="136" class="1004" name="write_ln0_write_fu_136">
<pin_list>
<pin id="137" dir="0" index="0" bw="0" slack="0"/>
<pin id="138" dir="0" index="1" bw="8192" slack="0"/>
<pin id="139" dir="0" index="2" bw="8192" slack="0"/>
<pin id="140" dir="1" index="3" bw="0" slack="2147483647"/>
</pin_list>
<bind>
<opcode="write(1151) " fcode="write"/>
<opset="write_ln0/1 "/>
</bind>
</comp>

<comp id="143" class="1004" name="write_ln0_write_fu_143">
<pin_list>
<pin id="144" dir="0" index="0" bw="0" slack="0"/>
<pin id="145" dir="0" index="1" bw="8192" slack="0"/>
<pin id="146" dir="0" index="2" bw="8192" slack="0"/>
<pin id="147" dir="1" index="3" bw="0" slack="2147483647"/>
</pin_list>
<bind>
<opcode="write(1151) " fcode="write"/>
<opset="write_ln0/1 "/>
</bind>
</comp>

<comp id="150" class="1004" name="write_ln0_write_fu_150">
<pin_list>
<pin id="151" dir="0" index="0" bw="0" slack="0"/>
<pin id="152" dir="0" index="1" bw="8192" slack="0"/>
<pin id="153" dir="0" index="2" bw="8192" slack="0"/>
<pin id="154" dir="1" index="3" bw="0" slack="2147483647"/>
</pin_list>
<bind>
<opcode="write(1151) " fcode="write"/>
<opset="write_ln0/1 "/>
</bind>
</comp>

<comp id="157" class="1004" name="write_ln0_write_fu_157">
<pin_list>
<pin id="158" dir="0" index="0" bw="0" slack="0"/>
<pin id="159" dir="0" index="1" bw="8192" slack="0"/>
<pin id="160" dir="0" index="2" bw="8192" slack="0"/>
<pin id="161" dir="1" index="3" bw="0" slack="2147483647"/>
</pin_list>
<bind>
<opcode="write(1151) " fcode="write"/>
<opset="write_ln0/1 "/>
</bind>
</comp>

<comp id="164" class="1004" name="grp_read_p1_fu_164">
<pin_list>
<pin id="165" dir="0" index="0" bw="8192" slack="0"/>
<pin id="166" dir="0" index="1" bw="8192" slack="0"/>
<pin id="167" dir="0" index="2" bw="7" slack="0"/>
<pin id="168" dir="1" index="3" bw="8192" slack="3"/>
</pin_list>
<bind>
<opcode="call(48) " fcode="call"/>
<opset="call_ret/2 "/>
</bind>
</comp>

<comp id="171" class="1004" name="grp_read_p2_fu_171">
<pin_list>
<pin id="172" dir="0" index="0" bw="8192" slack="0"/>
<pin id="173" dir="0" index="1" bw="8192" slack="0"/>
<pin id="174" dir="0" index="2" bw="7" slack="0"/>
<pin id="175" dir="1" index="3" bw="8192" slack="0"/>
</pin_list>
<bind>
<opcode="call(48) " fcode="call"/>
<opset="call_ret6/4 "/>
</bind>
</comp>

<comp id="178" class="1004" name="grp_dpu_unit_fu_178">
<pin_list>
<pin id="179" dir="0" index="0" bw="16384" slack="0"/>
<pin id="180" dir="0" index="1" bw="8192" slack="3"/>
<pin id="181" dir="0" index="2" bw="8192" slack="1"/>
<pin id="182" dir="0" index="3" bw="8192" slack="0"/>
<pin id="183" dir="0" index="4" bw="1" slack="0"/>
<pin id="184" dir="1" index="5" bw="16384" slack="0"/>
</pin_list>
<bind>
<opcode="call(48) " fcode="call"/>
<opset="call_ret7/6 "/>
</bind>
</comp>

<comp id="187" class="1004" name="call_ln330_write_p3_fu_187">
<pin_list>
<pin id="188" dir="0" index="0" bw="0" slack="0"/>
<pin id="189" dir="0" index="1" bw="8192" slack="0"/>
<pin id="190" dir="0" index="2" bw="8192" slack="0"/>
<pin id="191" dir="0" index="3" bw="8" slack="32"/>
<pin id="192" dir="1" index="4" bw="0" slack="2147483647"/>
</pin_list>
<bind>
<opcode="call(48) " fcode="call"/>
<opset="call_ln330/34 "/>
</bind>
</comp>

<comp id="195" class="1004" name="store_ln0_store_fu_195">
<pin_list>
<pin id="196" dir="0" index="0" bw="8192" slack="0"/>
<pin id="197" dir="0" index="1" bw="8192" slack="0"/>
<pin id="198" dir="1" index="2" bw="0" slack="2147483647"/>
</pin_list>
<bind>
<opcode="store(28) " fcode="store"/>
<opset="store_ln0/1 "/>
</bind>
</comp>

<comp id="200" class="1004" name="store_ln0_store_fu_200">
<pin_list>
<pin id="201" dir="0" index="0" bw="8192" slack="0"/>
<pin id="202" dir="0" index="1" bw="8192" slack="0"/>
<pin id="203" dir="1" index="2" bw="0" slack="2147483647"/>
</pin_list>
<bind>
<opcode="store(28) " fcode="store"/>
<opset="store_ln0/1 "/>
</bind>
</comp>

<comp id="205" class="1004" name="store_ln0_store_fu_205">
<pin_list>
<pin id="206" dir="0" index="0" bw="8192" slack="0"/>
<pin id="207" dir="0" index="1" bw="8192" slack="0"/>
<pin id="208" dir="1" index="2" bw="0" slack="2147483647"/>
</pin_list>
<bind>
<opcode="store(28) " fcode="store"/>
<opset="store_ln0/1 "/>
</bind>
</comp>

<comp id="210" class="1004" name="store_ln0_store_fu_210">
<pin_list>
<pin id="211" dir="0" index="0" bw="8192" slack="0"/>
<pin id="212" dir="0" index="1" bw="8192" slack="0"/>
<pin id="213" dir="1" index="2" bw="0" slack="2147483647"/>
</pin_list>
<bind>
<opcode="store(28) " fcode="store"/>
<opset="store_ln0/1 "/>
</bind>
</comp>

<comp id="215" class="1004" name="store_ln0_store_fu_215">
<pin_list>
<pin id="216" dir="0" index="0" bw="1" slack="0"/>
<pin id="217" dir="0" index="1" bw="3" slack="0"/>
<pin id="218" dir="1" index="2" bw="0" slack="2147483647"/>
</pin_list>
<bind>
<opcode="store(28) " fcode="store"/>
<opset="store_ln0/1 "/>
</bind>
</comp>

<comp id="220" class="1004" name="i_42_load_fu_220">
<pin_list>
<pin id="221" dir="0" index="0" bw="3" slack="0"/>
<pin id="222" dir="1" index="1" bw="3" slack="0"/>
</pin_list>
<bind>
<opcode="load(27) " fcode="load"/>
<opset="i_42/1 "/>
</bind>
</comp>

<comp id="223" class="1004" name="icmp_ln325_fu_223">
<pin_list>
<pin id="224" dir="0" index="0" bw="3" slack="0"/>
<pin id="225" dir="0" index="1" bw="3" slack="0"/>
<pin id="226" dir="1" index="2" bw="1" slack="1"/>
</pin_list>
<bind>
<opcode="icmp(45) " fcode="icmp"/>
<opset="icmp_ln325/1 "/>
</bind>
</comp>

<comp id="229" class="1004" name="i_43_fu_229">
<pin_list>
<pin id="230" dir="0" index="0" bw="3" slack="0"/>
<pin id="231" dir="0" index="1" bw="1" slack="0"/>
<pin id="232" dir="1" index="2" bw="3" slack="0"/>
</pin_list>
<bind>
<opcode="add(8) " fcode="add"/>
<opset="i_43/1 "/>
</bind>
</comp>

<comp id="235" class="1004" name="store_ln325_store_fu_235">
<pin_list>
<pin id="236" dir="0" index="0" bw="3" slack="0"/>
<pin id="237" dir="0" index="1" bw="3" slack="0"/>
<pin id="238" dir="1" index="2" bw="0" slack="2147483647"/>
</pin_list>
<bind>
<opcode="store(28) " fcode="store"/>
<opset="store_ln325/1 "/>
</bind>
</comp>

<comp id="240" class="1004" name="zext_ln327_fu_240">
<pin_list>
<pin id="241" dir="0" index="0" bw="3" slack="1"/>
<pin id="242" dir="1" index="1" bw="8" slack="0"/>
</pin_list>
<bind>
<opcode="zext(34) " fcode="zext"/>
<opset="zext_ln327/2 "/>
</bind>
</comp>

<comp id="243" class="1004" name="zext_ln327_1_fu_243">
<pin_list>
<pin id="244" dir="0" index="0" bw="3" slack="1"/>
<pin id="245" dir="1" index="1" bw="7" slack="0"/>
</pin_list>
<bind>
<opcode="zext(34) " fcode="zext"/>
<opset="zext_ln327_1/2 "/>
</bind>
</comp>

<comp id="246" class="1004" name="add_ln327_fu_246">
<pin_list>
<pin id="247" dir="0" index="0" bw="3" slack="0"/>
<pin id="248" dir="0" index="1" bw="7" slack="0"/>
<pin id="249" dir="1" index="2" bw="7" slack="0"/>
</pin_list>
<bind>
<opcode="add(8) " fcode="add"/>
<opset="add_ln327/2 "/>
</bind>
</comp>

<comp id="252" class="1004" name="zext_ln327_2_fu_252">
<pin_list>
<pin id="253" dir="0" index="0" bw="7" slack="0"/>
<pin id="254" dir="1" index="1" bw="8" slack="0"/>
</pin_list>
<bind>
<opcode="zext(34) " fcode="zext"/>
<opset="zext_ln327_2/2 "/>
</bind>
</comp>

<comp id="257" class="1004" name="add_ln330_fu_257">
<pin_list>
<pin id="258" dir="0" index="0" bw="3" slack="0"/>
<pin id="259" dir="0" index="1" bw="8" slack="1"/>
<pin id="260" dir="1" index="2" bw="8" slack="32"/>
</pin_list>
<bind>
<opcode="add(8) " fcode="add"/>
<opset="add_ln330/2 "/>
</bind>
</comp>

<comp id="262" class="1004" name="add_ln328_fu_262">
<pin_list>
<pin id="263" dir="0" index="0" bw="3" slack="2"/>
<pin id="264" dir="0" index="1" bw="7" slack="0"/>
<pin id="265" dir="1" index="2" bw="7" slack="0"/>
</pin_list>
<bind>
<opcode="add(8) " fcode="add"/>
<opset="add_ln328/4 "/>
</bind>
</comp>

<comp id="267" class="1004" name="zext_ln328_fu_267">
<pin_list>
<pin id="268" dir="0" index="0" bw="7" slack="0"/>
<pin id="269" dir="1" index="1" bw="8" slack="0"/>
</pin_list>
<bind>
<opcode="zext(34) " fcode="zext"/>
<opset="zext_ln328/4 "/>
</bind>
</comp>

<comp id="272" class="1004" name="store_ln325_store_fu_272">
<pin_list>
<pin id="273" dir="0" index="0" bw="8192" slack="0"/>
<pin id="274" dir="0" index="1" bw="8192" slack="4"/>
<pin id="275" dir="1" index="2" bw="0" slack="2147483647"/>
</pin_list>
<bind>
<opcode="store(28) " fcode="store"/>
<opset="store_ln325/5 "/>
</bind>
</comp>

<comp id="277" class="1004" name="this_4_23_load_1_load_fu_277">
<pin_list>
<pin id="278" dir="0" index="0" bw="8192" slack="5"/>
<pin id="279" dir="1" index="1" bw="8192" slack="0"/>
</pin_list>
<bind>
<opcode="load(27) " fcode="load"/>
<opset="this_4_23_load_1/6 "/>
</bind>
</comp>

<comp id="281" class="1004" name="this_3_ret_fu_281">
<pin_list>
<pin id="282" dir="0" index="0" bw="16384" slack="0"/>
<pin id="283" dir="1" index="1" bw="8192" slack="0"/>
</pin_list>
<bind>
<opcode="extractvalue(56) " fcode="extractvalue"/>
<opset="this_3_ret/34 "/>
</bind>
</comp>

<comp id="286" class="1004" name="this_4_ret_fu_286">
<pin_list>
<pin id="287" dir="0" index="0" bw="16384" slack="0"/>
<pin id="288" dir="1" index="1" bw="8192" slack="0"/>
</pin_list>
<bind>
<opcode="extractvalue(56) " fcode="extractvalue"/>
<opset="this_4_ret/34 "/>
</bind>
</comp>

<comp id="290" class="1004" name="store_ln325_store_fu_290">
<pin_list>
<pin id="291" dir="0" index="0" bw="8192" slack="0"/>
<pin id="292" dir="0" index="1" bw="8192" slack="33"/>
<pin id="293" dir="1" index="2" bw="0" slack="2147483647"/>
</pin_list>
<bind>
<opcode="store(28) " fcode="store"/>
<opset="store_ln325/34 "/>
</bind>
</comp>

<comp id="295" class="1004" name="store_ln325_store_fu_295">
<pin_list>
<pin id="296" dir="0" index="0" bw="8192" slack="0"/>
<pin id="297" dir="0" index="1" bw="8192" slack="33"/>
<pin id="298" dir="1" index="2" bw="0" slack="2147483647"/>
</pin_list>
<bind>
<opcode="store(28) " fcode="store"/>
<opset="store_ln325/34 "/>
</bind>
</comp>

<comp id="300" class="1004" name="store_ln325_store_fu_300">
<pin_list>
<pin id="301" dir="0" index="0" bw="8192" slack="31"/>
<pin id="302" dir="0" index="1" bw="8192" slack="33"/>
<pin id="303" dir="1" index="2" bw="0" slack="2147483647"/>
</pin_list>
<bind>
<opcode="store(28) " fcode="store"/>
<opset="store_ln325/34 "/>
</bind>
</comp>

<comp id="304" class="1004" name="this_2_11_load_load_fu_304">
<pin_list>
<pin id="305" dir="0" index="0" bw="8192" slack="0"/>
<pin id="306" dir="1" index="1" bw="8192" slack="0"/>
</pin_list>
<bind>
<opcode="load(27) " fcode="load"/>
<opset="this_2_11_load/1 "/>
</bind>
</comp>

<comp id="308" class="1004" name="this_1_22_load_load_fu_308">
<pin_list>
<pin id="309" dir="0" index="0" bw="8192" slack="0"/>
<pin id="310" dir="1" index="1" bw="8192" slack="0"/>
</pin_list>
<bind>
<opcode="load(27) " fcode="load"/>
<opset="this_1_22_load/1 "/>
</bind>
</comp>

<comp id="312" class="1004" name="this_4_23_load_load_fu_312">
<pin_list>
<pin id="313" dir="0" index="0" bw="8192" slack="0"/>
<pin id="314" dir="1" index="1" bw="8192" slack="0"/>
</pin_list>
<bind>
<opcode="load(27) " fcode="load"/>
<opset="this_4_23_load/1 "/>
</bind>
</comp>

<comp id="316" class="1004" name="this_3_23_load_load_fu_316">
<pin_list>
<pin id="317" dir="0" index="0" bw="8192" slack="0"/>
<pin id="318" dir="1" index="1" bw="8192" slack="0"/>
</pin_list>
<bind>
<opcode="load(27) " fcode="load"/>
<opset="this_3_23_load/1 "/>
</bind>
</comp>

<comp id="320" class="1005" name="i_reg_320">
<pin_list>
<pin id="321" dir="0" index="0" bw="3" slack="0"/>
<pin id="322" dir="1" index="1" bw="3" slack="0"/>
</pin_list>
<bind>
<opset="i "/>
</bind>
</comp>

<comp id="327" class="1005" name="this_2_11_reg_327">
<pin_list>
<pin id="328" dir="0" index="0" bw="8192" slack="0"/>
<pin id="329" dir="1" index="1" bw="8192" slack="0"/>
</pin_list>
<bind>
<opset="this_2_11 "/>
</bind>
</comp>

<comp id="334" class="1005" name="this_1_22_reg_334">
<pin_list>
<pin id="335" dir="0" index="0" bw="8192" slack="0"/>
<pin id="336" dir="1" index="1" bw="8192" slack="0"/>
</pin_list>
<bind>
<opset="this_1_22 "/>
</bind>
</comp>

<comp id="341" class="1005" name="this_4_23_reg_341">
<pin_list>
<pin id="342" dir="0" index="0" bw="8192" slack="0"/>
<pin id="343" dir="1" index="1" bw="8192" slack="0"/>
</pin_list>
<bind>
<opset="this_4_23 "/>
</bind>
</comp>

<comp id="349" class="1005" name="this_3_23_reg_349">
<pin_list>
<pin id="350" dir="0" index="0" bw="8192" slack="0"/>
<pin id="351" dir="1" index="1" bw="8192" slack="0"/>
</pin_list>
<bind>
<opset="this_3_23 "/>
</bind>
</comp>

<comp id="356" class="1005" name="addr1_read_reg_356">
<pin_list>
<pin id="357" dir="0" index="0" bw="8" slack="1"/>
<pin id="358" dir="1" index="1" bw="8" slack="1"/>
</pin_list>
<bind>
<opset="addr1_read "/>
</bind>
</comp>

<comp id="361" class="1005" name="i_42_reg_361">
<pin_list>
<pin id="362" dir="0" index="0" bw="3" slack="1"/>
<pin id="363" dir="1" index="1" bw="3" slack="1"/>
</pin_list>
<bind>
<opset="i_42 "/>
</bind>
</comp>

<comp id="367" class="1005" name="icmp_ln325_reg_367">
<pin_list>
<pin id="368" dir="0" index="0" bw="1" slack="1"/>
<pin id="369" dir="1" index="1" bw="1" slack="2147483647"/>
</pin_list>
<bind>
<opset="icmp_ln325 "/>
</bind>
</comp>

<comp id="371" class="1005" name="zext_ln327_1_reg_371">
<pin_list>
<pin id="372" dir="0" index="0" bw="7" slack="2"/>
<pin id="373" dir="1" index="1" bw="7" slack="2"/>
</pin_list>
<bind>
<opset="zext_ln327_1 "/>
</bind>
</comp>

<comp id="376" class="1005" name="add_ln330_reg_376">
<pin_list>
<pin id="377" dir="0" index="0" bw="8" slack="32"/>
<pin id="378" dir="1" index="1" bw="8" slack="32"/>
</pin_list>
<bind>
<opset="add_ln330 "/>
</bind>
</comp>

<comp id="381" class="1005" name="call_ret_reg_381">
<pin_list>
<pin id="382" dir="0" index="0" bw="8192" slack="3"/>
<pin id="383" dir="1" index="1" bw="8192" slack="3"/>
</pin_list>
<bind>
<opset="call_ret "/>
</bind>
</comp>

<comp id="387" class="1005" name="call_ret6_reg_387">
<pin_list>
<pin id="388" dir="0" index="0" bw="8192" slack="1"/>
<pin id="389" dir="1" index="1" bw="8192" slack="1"/>
</pin_list>
<bind>
<opset="call_ret6 "/>
</bind>
</comp>

<comp id="392" class="1005" name="this_4_23_load_1_reg_392">
<pin_list>
<pin id="393" dir="0" index="0" bw="8192" slack="1"/>
<pin id="394" dir="1" index="1" bw="8192" slack="1"/>
</pin_list>
<bind>
<opset="this_4_23_load_1 "/>
</bind>
</comp>

</comp_list>

<net_list>
<net id="83"><net_src comp="22" pin="0"/><net_sink comp="80" pin=0"/></net>

<net id="87"><net_src comp="22" pin="0"/><net_sink comp="84" pin=0"/></net>

<net id="91"><net_src comp="22" pin="0"/><net_sink comp="88" pin=0"/></net>

<net id="95"><net_src comp="22" pin="0"/><net_sink comp="92" pin=0"/></net>

<net id="99"><net_src comp="22" pin="0"/><net_sink comp="96" pin=0"/></net>

<net id="104"><net_src comp="34" pin="0"/><net_sink comp="100" pin=0"/></net>

<net id="105"><net_src comp="12" pin="0"/><net_sink comp="100" pin=1"/></net>

<net id="110"><net_src comp="36" pin="0"/><net_sink comp="106" pin=0"/></net>

<net id="111"><net_src comp="8" pin="0"/><net_sink comp="106" pin=1"/></net>

<net id="116"><net_src comp="38" pin="0"/><net_sink comp="112" pin=0"/></net>

<net id="117"><net_src comp="6" pin="0"/><net_sink comp="112" pin=1"/></net>

<net id="122"><net_src comp="38" pin="0"/><net_sink comp="118" pin=0"/></net>

<net id="123"><net_src comp="4" pin="0"/><net_sink comp="118" pin=1"/></net>

<net id="128"><net_src comp="38" pin="0"/><net_sink comp="124" pin=0"/></net>

<net id="129"><net_src comp="2" pin="0"/><net_sink comp="124" pin=1"/></net>

<net id="134"><net_src comp="38" pin="0"/><net_sink comp="130" pin=0"/></net>

<net id="135"><net_src comp="0" pin="0"/><net_sink comp="130" pin=1"/></net>

<net id="141"><net_src comp="78" pin="0"/><net_sink comp="136" pin=0"/></net>

<net id="142"><net_src comp="14" pin="0"/><net_sink comp="136" pin=1"/></net>

<net id="148"><net_src comp="78" pin="0"/><net_sink comp="143" pin=0"/></net>

<net id="149"><net_src comp="16" pin="0"/><net_sink comp="143" pin=1"/></net>

<net id="155"><net_src comp="78" pin="0"/><net_sink comp="150" pin=0"/></net>

<net id="156"><net_src comp="18" pin="0"/><net_sink comp="150" pin=1"/></net>

<net id="162"><net_src comp="78" pin="0"/><net_sink comp="157" pin=0"/></net>

<net id="163"><net_src comp="20" pin="0"/><net_sink comp="157" pin=1"/></net>

<net id="169"><net_src comp="62" pin="0"/><net_sink comp="164" pin=0"/></net>

<net id="170"><net_src comp="10" pin="0"/><net_sink comp="164" pin=1"/></net>

<net id="176"><net_src comp="66" pin="0"/><net_sink comp="171" pin=0"/></net>

<net id="177"><net_src comp="10" pin="0"/><net_sink comp="171" pin=1"/></net>

<net id="185"><net_src comp="68" pin="0"/><net_sink comp="178" pin=0"/></net>

<net id="186"><net_src comp="70" pin="0"/><net_sink comp="178" pin=4"/></net>

<net id="193"><net_src comp="76" pin="0"/><net_sink comp="187" pin=0"/></net>

<net id="194"><net_src comp="10" pin="0"/><net_sink comp="187" pin=1"/></net>

<net id="199"><net_src comp="130" pin="2"/><net_sink comp="195" pin=0"/></net>

<net id="204"><net_src comp="124" pin="2"/><net_sink comp="200" pin=0"/></net>

<net id="209"><net_src comp="118" pin="2"/><net_sink comp="205" pin=0"/></net>

<net id="214"><net_src comp="112" pin="2"/><net_sink comp="210" pin=0"/></net>

<net id="219"><net_src comp="40" pin="0"/><net_sink comp="215" pin=0"/></net>

<net id="227"><net_src comp="220" pin="1"/><net_sink comp="223" pin=0"/></net>

<net id="228"><net_src comp="106" pin="2"/><net_sink comp="223" pin=1"/></net>

<net id="233"><net_src comp="220" pin="1"/><net_sink comp="229" pin=0"/></net>

<net id="234"><net_src comp="58" pin="0"/><net_sink comp="229" pin=1"/></net>

<net id="239"><net_src comp="229" pin="2"/><net_sink comp="235" pin=0"/></net>

<net id="250"><net_src comp="243" pin="1"/><net_sink comp="246" pin=0"/></net>

<net id="251"><net_src comp="60" pin="0"/><net_sink comp="246" pin=1"/></net>

<net id="255"><net_src comp="246" pin="2"/><net_sink comp="252" pin=0"/></net>

<net id="256"><net_src comp="252" pin="1"/><net_sink comp="164" pin=2"/></net>

<net id="261"><net_src comp="240" pin="1"/><net_sink comp="257" pin=0"/></net>

<net id="266"><net_src comp="64" pin="0"/><net_sink comp="262" pin=1"/></net>

<net id="270"><net_src comp="262" pin="2"/><net_sink comp="267" pin=0"/></net>

<net id="271"><net_src comp="267" pin="1"/><net_sink comp="171" pin=2"/></net>

<net id="276"><net_src comp="171" pin="3"/><net_sink comp="272" pin=0"/></net>

<net id="280"><net_src comp="277" pin="1"/><net_sink comp="178" pin=3"/></net>

<net id="284"><net_src comp="178" pin="5"/><net_sink comp="281" pin=0"/></net>

<net id="285"><net_src comp="281" pin="1"/><net_sink comp="187" pin=2"/></net>

<net id="289"><net_src comp="178" pin="5"/><net_sink comp="286" pin=0"/></net>

<net id="294"><net_src comp="281" pin="1"/><net_sink comp="290" pin=0"/></net>

<net id="299"><net_src comp="286" pin="1"/><net_sink comp="295" pin=0"/></net>

<net id="307"><net_src comp="304" pin="1"/><net_sink comp="157" pin=2"/></net>

<net id="311"><net_src comp="308" pin="1"/><net_sink comp="150" pin=2"/></net>

<net id="315"><net_src comp="312" pin="1"/><net_sink comp="143" pin=2"/></net>

<net id="319"><net_src comp="316" pin="1"/><net_sink comp="136" pin=2"/></net>

<net id="323"><net_src comp="80" pin="1"/><net_sink comp="320" pin=0"/></net>

<net id="324"><net_src comp="320" pin="1"/><net_sink comp="215" pin=1"/></net>

<net id="325"><net_src comp="320" pin="1"/><net_sink comp="220" pin=0"/></net>

<net id="326"><net_src comp="320" pin="1"/><net_sink comp="235" pin=1"/></net>

<net id="330"><net_src comp="84" pin="1"/><net_sink comp="327" pin=0"/></net>

<net id="331"><net_src comp="327" pin="1"/><net_sink comp="210" pin=1"/></net>

<net id="332"><net_src comp="327" pin="1"/><net_sink comp="272" pin=1"/></net>

<net id="333"><net_src comp="327" pin="1"/><net_sink comp="304" pin=0"/></net>

<net id="337"><net_src comp="88" pin="1"/><net_sink comp="334" pin=0"/></net>

<net id="338"><net_src comp="334" pin="1"/><net_sink comp="205" pin=1"/></net>

<net id="339"><net_src comp="334" pin="1"/><net_sink comp="300" pin=1"/></net>

<net id="340"><net_src comp="334" pin="1"/><net_sink comp="308" pin=0"/></net>

<net id="344"><net_src comp="92" pin="1"/><net_sink comp="341" pin=0"/></net>

<net id="345"><net_src comp="341" pin="1"/><net_sink comp="200" pin=1"/></net>

<net id="346"><net_src comp="341" pin="1"/><net_sink comp="277" pin=0"/></net>

<net id="347"><net_src comp="341" pin="1"/><net_sink comp="295" pin=1"/></net>

<net id="348"><net_src comp="341" pin="1"/><net_sink comp="312" pin=0"/></net>

<net id="352"><net_src comp="96" pin="1"/><net_sink comp="349" pin=0"/></net>

<net id="353"><net_src comp="349" pin="1"/><net_sink comp="195" pin=1"/></net>

<net id="354"><net_src comp="349" pin="1"/><net_sink comp="290" pin=1"/></net>

<net id="355"><net_src comp="349" pin="1"/><net_sink comp="316" pin=0"/></net>

<net id="359"><net_src comp="100" pin="2"/><net_sink comp="356" pin=0"/></net>

<net id="360"><net_src comp="356" pin="1"/><net_sink comp="257" pin=1"/></net>

<net id="364"><net_src comp="220" pin="1"/><net_sink comp="361" pin=0"/></net>

<net id="365"><net_src comp="361" pin="1"/><net_sink comp="240" pin=0"/></net>

<net id="366"><net_src comp="361" pin="1"/><net_sink comp="243" pin=0"/></net>

<net id="370"><net_src comp="223" pin="2"/><net_sink comp="367" pin=0"/></net>

<net id="374"><net_src comp="243" pin="1"/><net_sink comp="371" pin=0"/></net>

<net id="375"><net_src comp="371" pin="1"/><net_sink comp="262" pin=0"/></net>

<net id="379"><net_src comp="257" pin="2"/><net_sink comp="376" pin=0"/></net>

<net id="380"><net_src comp="376" pin="1"/><net_sink comp="187" pin=3"/></net>

<net id="384"><net_src comp="164" pin="3"/><net_sink comp="381" pin=0"/></net>

<net id="385"><net_src comp="381" pin="1"/><net_sink comp="178" pin=1"/></net>

<net id="386"><net_src comp="381" pin="1"/><net_sink comp="300" pin=0"/></net>

<net id="390"><net_src comp="171" pin="3"/><net_sink comp="387" pin=0"/></net>

<net id="391"><net_src comp="387" pin="1"/><net_sink comp="178" pin=2"/></net>

<net id="395"><net_src comp="277" pin="1"/><net_sink comp="392" pin=0"/></net>

<net id="396"><net_src comp="392" pin="1"/><net_sink comp="178" pin=3"/></net>

</net_list>

</model> 
---------------- Datapath Model END ------------------

* FSMD analyzer results:
  - Output states:
	Port: this_0 | {34 }
	Port: this_3_23_out | {1 }
	Port: this_4_23_out | {1 }
	Port: this_1_22_out | {1 }
	Port: this_2_11_out | {1 }
 - Input state : 
	Port: dpu_func_Pipeline_FUNC_NTT_LOOP4 : this_3_22_reload | {1 }
	Port: dpu_func_Pipeline_FUNC_NTT_LOOP4 : this_4_22_reload | {1 }
	Port: dpu_func_Pipeline_FUNC_NTT_LOOP4 : this_1_21_reload | {1 }
	Port: dpu_func_Pipeline_FUNC_NTT_LOOP4 : call_ret39 | {1 }
	Port: dpu_func_Pipeline_FUNC_NTT_LOOP4 : trunc_ln52 | {1 }
	Port: dpu_func_Pipeline_FUNC_NTT_LOOP4 : this_0 | {2 3 4 5 }
	Port: dpu_func_Pipeline_FUNC_NTT_LOOP4 : addr1 | {1 }
  - Chain level:
	State 1
		store_ln0 : 1
		i_42 : 1
		icmp_ln325 : 2
		i_43 : 2
		br_ln325 : 3
		store_ln325 : 3
		this_2_11_load : 1
		this_1_22_load : 1
		this_4_23_load : 1
		this_3_23_load : 1
		write_ln0 : 2
		write_ln0 : 2
		write_ln0 : 2
		write_ln0 : 2
	State 2
		add_ln327 : 1
		zext_ln327_2 : 2
		call_ret : 3
		add_ln330 : 1
	State 3
	State 4
		zext_ln328 : 1
		call_ret6 : 2
	State 5
		store_ln325 : 1
	State 6
		call_ret7 : 1
	State 7
	State 8
	State 9
	State 10
	State 11
	State 12
	State 13
	State 14
	State 15
	State 16
	State 17
	State 18
	State 19
	State 20
	State 21
	State 22
	State 23
	State 24
	State 25
	State 26
	State 27
	State 28
	State 29
	State 30
	State 31
	State 32
	State 33
	State 34
		this_3_ret : 1
		this_4_ret : 1
		call_ln330 : 2
		store_ln325 : 2
		store_ln325 : 2


============================================================
+ Verbose Summary: Datapath Resource usage 
============================================================

* Functional unit list:
|----------|-----------------------------------|---------|---------|---------|---------|
| Operation|          Functional Unit          |   DSP   |  Delay  |    FF   |   LUT   |
|----------|-----------------------------------|---------|---------|---------|---------|
|          |         grp_read_p1_fu_164        |    0    |   0.46  |    8    |    9    |
|   call   |         grp_read_p2_fu_171        |    0    |   0.46  |    8    |    9    |
|          |        grp_dpu_unit_fu_178        |   768   |    0    |  363711 |  465052 |
|          |     call_ln330_write_p3_fu_187    |    0    |    0    |    0    |    0    |
|----------|-----------------------------------|---------|---------|---------|---------|
|          |            i_43_fu_229            |    0    |    0    |    0    |    10   |
|    add   |          add_ln327_fu_246         |    0    |    0    |    0    |    14   |
|          |          add_ln330_fu_257         |    0    |    0    |    0    |    15   |
|          |          add_ln328_fu_262         |    0    |    0    |    0    |    14   |
|----------|-----------------------------------|---------|---------|---------|---------|
|   icmp   |         icmp_ln325_fu_223         |    0    |    0    |    0    |    8    |
|----------|-----------------------------------|---------|---------|---------|---------|
|          |       addr1_read_read_fu_100      |    0    |    0    |    0    |    0    |
|          |    trunc_ln52_read_read_fu_106    |    0    |    0    |    0    |    0    |
|   read   |    call_ret39_read_read_fu_112    |    0    |    0    |    0    |    0    |
|          | this_1_21_reload_read_read_fu_118 |    0    |    0    |    0    |    0    |
|          | this_4_22_reload_read_read_fu_124 |    0    |    0    |    0    |    0    |
|          | this_3_22_reload_read_read_fu_130 |    0    |    0    |    0    |    0    |
|----------|-----------------------------------|---------|---------|---------|---------|
|          |       write_ln0_write_fu_136      |    0    |    0    |    0    |    0    |
|   write  |       write_ln0_write_fu_143      |    0    |    0    |    0    |    0    |
|          |       write_ln0_write_fu_150      |    0    |    0    |    0    |    0    |
|          |       write_ln0_write_fu_157      |    0    |    0    |    0    |    0    |
|----------|-----------------------------------|---------|---------|---------|---------|
|          |         zext_ln327_fu_240         |    0    |    0    |    0    |    0    |
|   zext   |        zext_ln327_1_fu_243        |    0    |    0    |    0    |    0    |
|          |        zext_ln327_2_fu_252        |    0    |    0    |    0    |    0    |
|          |         zext_ln328_fu_267         |    0    |    0    |    0    |    0    |
|----------|-----------------------------------|---------|---------|---------|---------|
|extractvalue|         this_3_ret_fu_281         |    0    |    0    |    0    |    0    |
|          |         this_4_ret_fu_286         |    0    |    0    |    0    |    0    |
|----------|-----------------------------------|---------|---------|---------|---------|
|   Total  |                                   |   768   |   0.92  |  363727 |  465131 |
|----------|-----------------------------------|---------|---------|---------|---------|

Memories:
N/A

* Register list:
+------------------------+--------+
|                        |   FF   |
+------------------------+--------+
|    add_ln330_reg_376   |    8   |
|   addr1_read_reg_356   |    8   |
|    call_ret6_reg_387   |  8192  |
|    call_ret_reg_381    |  8192  |
|      i_42_reg_361      |    3   |
|        i_reg_320       |    3   |
|   icmp_ln325_reg_367   |    1   |
|    this_1_22_reg_334   |  8192  |
|    this_2_11_reg_327   |  8192  |
|    this_3_23_reg_349   |  8192  |
|this_4_23_load_1_reg_392|  8192  |
|    this_4_23_reg_341   |  8192  |
|  zext_ln327_1_reg_371  |    7   |
+------------------------+--------+
|          Total         |  57374 |
+------------------------+--------+

* Multiplexer (MUX) list: 
|---------------------|------|------|------|--------||---------||---------|
|         Comp        |  Pin | Size |  BW  | S x BW ||  Delay  ||   LUT   |
|---------------------|------|------|------|--------||---------||---------|
| grp_dpu_unit_fu_178 |  p3  |   2  | 8192 |  16384 ||    9    |
|---------------------|------|------|------|--------||---------||---------|
|        Total        |      |      |      |  16384 ||   0.46  ||    9    |
|---------------------|------|------|------|--------||---------||---------|



* Summary:
+-----------+--------+--------+--------+--------+
|           |   DSP  |  Delay |   FF   |   LUT  |
+-----------+--------+--------+--------+--------+
|  Function |   768  |    0   | 363727 | 465131 |
|   Memory  |    -   |    -   |    -   |    -   |
|Multiplexer|    -   |    0   |    -   |    9   |
|  Register |    -   |    -   |  57374 |    -   |
+-----------+--------+--------+--------+--------+
|   Total   |   768  |    1   | 421101 | 465140 |
+-----------+--------+--------+--------+--------+
