

================================================================
== Vitis HLS Report for 'dut_Pipeline_3'
================================================================
* Date:           Sat Nov 12 21:20:40 2022

* Version:        2022.1 (Build 3526262 on Mon Apr 18 15:48:16 MDT 2022)
* Project:        serialization.prj
* Solution:       solution1 (Vitis Kernel Flow Target)
* Product family: zynq
* Target device:  xc7z020-clg400-1


================================================================
== Performance Estimates
================================================================
+ Timing: 
    * Summary: 
    +--------+---------+----------+------------+
    |  Clock |  Target | Estimated| Uncertainty|
    +--------+---------+----------+------------+
    |ap_clk  |  7.00 ns|  5.354 ns|        0 ns|
    +--------+---------+----------+------------+

+ Latency: 
    * Summary: 
    +---------+---------+-----------+-----------+------+------+---------+
    |  Latency (cycles) |   Latency (absolute)  |   Interval  | Pipeline|
    |   min   |   max   |    min    |    max    |  min |  max |   Type  |
    +---------+---------+-----------+-----------+------+------+---------+
    |     8002|     8002|  56.014 us|  56.014 us|  8002|  8002|       no|
    +---------+---------+-----------+-----------+------+------+---------+

    + Detail: 
        * Instance: 
        N/A

        * Loop: 
        +----------+---------+---------+----------+-----------+-----------+------+----------+
        |          |  Latency (cycles) | Iteration|  Initiation Interval  | Trip |          |
        | Loop Name|   min   |   max   |  Latency |  achieved |   target  | Count| Pipelined|
        +----------+---------+---------+----------+-----------+-----------+------+----------+
        |- Loop 1  |     8000|     8000|         1|          1|          1|  8000|       yes|
        +----------+---------+---------+----------+-----------+-----------+------+----------+

============================================================
+ Verbose Summary: Synthesis Manager
============================================================
InlineROM: 1
ExposeGlobal: 0
============================================================
+ Verbose Summary: CDFG Model
============================================================
IsTopModel: 0
ResetActiveHigh: 1
IsCombinational: 0
IsDatapathOnly: 0
HasWiredReturn: 1
HasMFsm: 2
HasVarLatency: 1
IsPipeline: 0
IsRtlPipelined: 0
IsInstanceOverlapped: 0
IsDontTouch: 0
HasImplIP: 0
IsGatedGlobalClock: 0

+ Individual pipeline summary: 
  * Pipeline-0: initiation interval (II) = 1, depth = 1


============================================================
+ Verbose Summary: Schedule
============================================================
* Number of FSM states : 1
* Pipeline : 1
  Pipeline-0 : II = 1, D = 1, States = { 1 }
* Dataflow Pipeline: 0

* FSM state transitions: 
1 --> 

* FSM state operations: 

State 1 <SV = 0> <Delay = 5.35>
ST_1 : Operation 4 [1/1] (0.00ns)   --->   "%empty = alloca i32 1"   --->   Operation 4 'alloca' 'empty' <Predicate = true> <Delay = 0.00>
ST_1 : Operation 5 [1/1] (1.58ns)   --->   "%store_ln0 = store i13 0, i13 %empty"   --->   Operation 5 'store' 'store_ln0' <Predicate = true> <Delay = 1.58>
ST_1 : Operation 6 [1/1] (0.00ns)   --->   "%br_ln0 = br void %memset.loop16"   --->   Operation 6 'br' 'br_ln0' <Predicate = true> <Delay = 0.00>
ST_1 : Operation 7 [1/1] (0.00ns)   --->   "%p_load = load i13 %empty"   --->   Operation 7 'load' 'p_load' <Predicate = true> <Delay = 0.00>
ST_1 : Operation 8 [1/1] (0.00ns)   --->   "%specpipeline_ln0 = specpipeline void @_ssdm_op_SpecPipeline, i32 4294967295, i32 0, i32 1, i32 0, void @p_str"   --->   Operation 8 'specpipeline' 'specpipeline_ln0' <Predicate = true> <Delay = 0.00>
ST_1 : Operation 9 [1/1] (2.09ns)   --->   "%exitcond738 = icmp_eq  i13 %p_load, i13 8000"   --->   Operation 9 'icmp' 'exitcond738' <Predicate = true> <Delay = 2.09> <CoreInst = "Cmp">   --->   Core 9 'Cmp' <Latency = 0> <II = 1> <Delay = 2.09> <FuncUnit> <Opcode : 'icmp'> <InPorts = 2> <OutPorts = 1>
ST_1 : Operation 10 [1/1] (0.00ns)   --->   "%empty_33 = speclooptripcount i32 @_ssdm_op_SpecLoopTripCount, i64 8000, i64 8000, i64 8000"   --->   Operation 10 'speclooptripcount' 'empty_33' <Predicate = true> <Delay = 0.00>
ST_1 : Operation 11 [1/1] (1.67ns)   --->   "%empty_34 = add i13 %p_load, i13 1"   --->   Operation 11 'add' 'empty_34' <Predicate = true> <Delay = 1.67> <CoreInst = "Adder">   --->   Core 1 'Adder' <Latency = 0> <II = 1> <Delay = 1.67> <FuncUnit> <Opcode : 'add' 'sub'> <InPorts = 2> <OutPorts = 1>
ST_1 : Operation 12 [1/1] (0.00ns)   --->   "%br_ln0 = br i1 %exitcond738, void %memset.loop16.split, void %memset.loop14.preheader.exitStub"   --->   Operation 12 'br' 'br_ln0' <Predicate = true> <Delay = 0.00>
ST_1 : Operation 13 [1/1] (0.00ns)   --->   "%p_cast17 = zext i13 %p_load"   --->   Operation 13 'zext' 'p_cast17' <Predicate = (!exitcond738)> <Delay = 0.00>
ST_1 : Operation 14 [1/1] (0.00ns)   --->   "%double_1_addr = getelementptr i8 %double_1, i64 0, i64 %p_cast17"   --->   Operation 14 'getelementptr' 'double_1_addr' <Predicate = (!exitcond738)> <Delay = 0.00>
ST_1 : Operation 15 [1/1] (3.25ns)   --->   "%store_ln0 = store i8 0, i13 %double_1_addr"   --->   Operation 15 'store' 'store_ln0' <Predicate = (!exitcond738)> <Delay = 3.25> <CoreInst = "RAM">   --->   Core 82 'RAM' <Latency = 1> <II = 1> <Delay = 3.25> <Storage> <Opcode : 'load' 'store'> <Ports = 2> <Width = 8> <Depth = 8000> <RAM>
ST_1 : Operation 16 [1/1] (1.58ns)   --->   "%store_ln0 = store i13 %empty_34, i13 %empty"   --->   Operation 16 'store' 'store_ln0' <Predicate = (!exitcond738)> <Delay = 1.58>
ST_1 : Operation 17 [1/1] (0.00ns)   --->   "%br_ln0 = br void %memset.loop16"   --->   Operation 17 'br' 'br_ln0' <Predicate = (!exitcond738)> <Delay = 0.00>
ST_1 : Operation 18 [1/1] (0.00ns)   --->   "%ret_ln0 = ret"   --->   Operation 18 'ret' 'ret_ln0' <Predicate = (exitcond738)> <Delay = 0.00>


============================================================
+ Verbose Summary: Timing violations
============================================================
Target clock period: 7ns, clock uncertainty: 0ns.

 <State 1>: 5.35ns
The critical path consists of the following:
	'alloca' operation ('empty') [2]  (0 ns)
	'load' operation ('p_load') on local variable 'empty' [6]  (0 ns)
	'add' operation ('empty_34') [10]  (1.68 ns)
	'store' operation ('store_ln0') of variable 'empty_34' on local variable 'empty' [16]  (1.59 ns)
	blocking operation 2.09 ns on control path)


============================================================
+ Verbose Summary: Binding
============================================================
N/A
* FSMD analyzer results:
  - Output states:
 - Input state : 
  - Chain level:
	State 1


============================================================
+ Verbose Summary: Datapath Resource usage 
============================================================
N/A
