
*** Running vivado
    with args -log top_rst_zynq_ps_100M_0.vds -m64 -product Vivado -mode batch -messageDb vivado.pb -notrace -source top_rst_zynq_ps_100M_0.tcl


****** Vivado v2022.1 (64-bit)
  **** SW Build 3526262 on Mon Apr 18 15:47:01 MDT 2022
  **** IP Build 3524634 on Mon Apr 18 20:55:01 MDT 2022
    ** Copyright 1986-2022 Xilinx, Inc. All Rights Reserved.

source top_rst_zynq_ps_100M_0.tcl -notrace
INFO: [IP_Flow 19-234] Refreshing IP repositories
INFO: [IP_Flow 19-1700] Loaded user IP repository '/home/yhp/Documents/Class/111-1_HLS/course-lab_finn/course-lab_finn/FINN_v0.8_lab_packv2/finn/build/code_gen_ipgen_StreamingDataflowPartition_0_IODMA_0_oiqtyo8k/project_StreamingDataflowPartition_0_IODMA_0/sol1/impl/ip'.
INFO: [IP_Flow 19-1700] Loaded user IP repository '/home/yhp/Documents/Class/111-1_HLS/course-lab_finn/course-lab_finn/FINN_v0.8_lab_packv2/finn/build/vivado_stitch_proj_34mimd_p/ip'.
INFO: [IP_Flow 19-1700] Loaded user IP repository '/home/yhp/Documents/Class/111-1_HLS/course-lab_finn/course-lab_finn/FINN_v0.8_lab_packv2/finn/build/code_gen_ipgen_StreamingDataflowPartition_1_StreamingFIFO_0_hcs32cw6/project_StreamingDataflowPartition_1_StreamingFIFO_0/sol1/impl/verilog'.
INFO: [IP_Flow 19-1700] Loaded user IP repository '/home/yhp/Documents/Class/111-1_HLS/course-lab_finn/course-lab_finn/FINN_v0.8_lab_packv2/finn/build/code_gen_ipgen_StreamingDataflowPartition_1_Thresholding_Batch_0_2hkffz68/project_StreamingDataflowPartition_1_Thresholding_Batch_0/sol1/impl/ip'.
INFO: [IP_Flow 19-1700] Loaded user IP repository '/home/yhp/Documents/Class/111-1_HLS/course-lab_finn/course-lab_finn/FINN_v0.8_lab_packv2/finn/build/code_gen_ipgen_StreamingDataflowPartition_1_StreamingDataWidthConverter_Batch_0_eom2jd6l/project_StreamingDataflowPartition_1_StreamingDataWidthConverter_Batch_0/sol1/impl/ip'.
INFO: [IP_Flow 19-1700] Loaded user IP repository '/home/yhp/Documents/Class/111-1_HLS/course-lab_finn/course-lab_finn/FINN_v0.8_lab_packv2/finn/build/code_gen_ipgen_StreamingDataflowPartition_1_FMPadding_Batch_0_gbq1dprb/project_StreamingDataflowPartition_1_FMPadding_Batch_0/sol1/impl/ip'.
INFO: [IP_Flow 19-1700] Loaded user IP repository '/home/yhp/Documents/Class/111-1_HLS/course-lab_finn/course-lab_finn/FINN_v0.8_lab_packv2/finn/build/code_gen_ipgen_StreamingDataflowPartition_1_ConvolutionInputGenerator_0__mro12ar/project_StreamingDataflowPartition_1_ConvolutionInputGenerator_0/sol1/impl/ip'.
INFO: [IP_Flow 19-1700] Loaded user IP repository '/home/yhp/Documents/Class/111-1_HLS/course-lab_finn/course-lab_finn/FINN_v0.8_lab_packv2/finn/build/code_gen_ipgen_StreamingDataflowPartition_1_StreamingFIFO_1_loxhbvh9/project_StreamingDataflowPartition_1_StreamingFIFO_1/sol1/impl/verilog'.
INFO: [IP_Flow 19-1700] Loaded user IP repository '/home/yhp/Documents/Class/111-1_HLS/course-lab_finn/course-lab_finn/FINN_v0.8_lab_packv2/finn/build/code_gen_ipgen_StreamingDataflowPartition_1_MatrixVectorActivation_0_vdnuk9r7/project_StreamingDataflowPartition_1_MatrixVectorActivation_0/sol1/impl/ip'.
INFO: [IP_Flow 19-1700] Loaded user IP repository '/home/yhp/Documents/Class/111-1_HLS/course-lab_finn/course-lab_finn/FINN_v0.8_lab_packv2/finn/build/code_gen_ipgen_StreamingDataflowPartition_1_StreamingDataWidthConverter_Batch_1_ob1n6mhp/project_StreamingDataflowPartition_1_StreamingDataWidthConverter_Batch_1/sol1/impl/ip'.
INFO: [IP_Flow 19-1700] Loaded user IP repository '/home/yhp/Documents/Class/111-1_HLS/course-lab_finn/course-lab_finn/FINN_v0.8_lab_packv2/finn/build/code_gen_ipgen_StreamingDataflowPartition_1_DuplicateStreams_Batch_0_9_sre2py/project_StreamingDataflowPartition_1_DuplicateStreams_Batch_0/sol1/impl/ip'.
INFO: [IP_Flow 19-1700] Loaded user IP repository '/home/yhp/Documents/Class/111-1_HLS/course-lab_finn/course-lab_finn/FINN_v0.8_lab_packv2/finn/build/code_gen_ipgen_StreamingDataflowPartition_1_StreamingDataWidthConverter_Batch_2_knh2tqd9/project_StreamingDataflowPartition_1_StreamingDataWidthConverter_Batch_2/sol1/impl/ip'.
INFO: [IP_Flow 19-1700] Loaded user IP repository '/home/yhp/Documents/Class/111-1_HLS/course-lab_finn/course-lab_finn/FINN_v0.8_lab_packv2/finn/build/code_gen_ipgen_StreamingDataflowPartition_1_StreamingDataWidthConverter_Batch_3_u5lhz2x3/project_StreamingDataflowPartition_1_StreamingDataWidthConverter_Batch_3/sol1/impl/ip'.
INFO: [IP_Flow 19-1700] Loaded user IP repository '/home/yhp/Documents/Class/111-1_HLS/course-lab_finn/course-lab_finn/FINN_v0.8_lab_packv2/finn/build/code_gen_ipgen_StreamingDataflowPartition_1_FMPadding_Batch_1_qqqn_vm6/project_StreamingDataflowPartition_1_FMPadding_Batch_1/sol1/impl/ip'.
INFO: [IP_Flow 19-1700] Loaded user IP repository '/home/yhp/Documents/Class/111-1_HLS/course-lab_finn/course-lab_finn/FINN_v0.8_lab_packv2/finn/build/code_gen_ipgen_StreamingDataflowPartition_1_DownSampler_0_r2j3sq54/project_StreamingDataflowPartition_1_DownSampler_0/sol1/impl/ip'.
INFO: [IP_Flow 19-1700] Loaded user IP repository '/home/yhp/Documents/Class/111-1_HLS/course-lab_finn/course-lab_finn/FINN_v0.8_lab_packv2/finn/build/code_gen_ipgen_StreamingDataflowPartition_1_StreamingDataWidthConverter_Batch_4_f4t58ocd/project_StreamingDataflowPartition_1_StreamingDataWidthConverter_Batch_4/sol1/impl/ip'.
INFO: [IP_Flow 19-1700] Loaded user IP repository '/home/yhp/Documents/Class/111-1_HLS/course-lab_finn/course-lab_finn/FINN_v0.8_lab_packv2/finn/build/code_gen_ipgen_StreamingDataflowPartition_1_StreamingDataWidthConverter_Batch_5_91a9t9eb/project_StreamingDataflowPartition_1_StreamingDataWidthConverter_Batch_5/sol1/impl/ip'.
INFO: [IP_Flow 19-1700] Loaded user IP repository '/home/yhp/Documents/Class/111-1_HLS/course-lab_finn/course-lab_finn/FINN_v0.8_lab_packv2/finn/build/code_gen_ipgen_StreamingDataflowPartition_1_StreamingFIFO_2_byz3bu4g/project_StreamingDataflowPartition_1_StreamingFIFO_2/sol1/impl/verilog'.
INFO: [IP_Flow 19-1700] Loaded user IP repository '/home/yhp/Documents/Class/111-1_HLS/course-lab_finn/course-lab_finn/FINN_v0.8_lab_packv2/finn/build/code_gen_ipgen_StreamingDataflowPartition_1_ConvolutionInputGenerator_1_lf75f1t8/project_StreamingDataflowPartition_1_ConvolutionInputGenerator_1/sol1/impl/ip'.
INFO: [IP_Flow 19-1700] Loaded user IP repository '/home/yhp/Documents/Class/111-1_HLS/course-lab_finn/course-lab_finn/FINN_v0.8_lab_packv2/finn/build/code_gen_ipgen_StreamingDataflowPartition_1_StreamingFIFO_3_kq1f0fjr/project_StreamingDataflowPartition_1_StreamingFIFO_3/sol1/impl/verilog'.
INFO: [IP_Flow 19-1700] Loaded user IP repository '/home/yhp/Documents/Class/111-1_HLS/course-lab_finn/course-lab_finn/FINN_v0.8_lab_packv2/finn/build/code_gen_ipgen_StreamingDataflowPartition_1_MatrixVectorActivation_1_nwqll47l/project_StreamingDataflowPartition_1_MatrixVectorActivation_1/sol1/impl/ip'.
INFO: [IP_Flow 19-1700] Loaded user IP repository '/home/yhp/Documents/Class/111-1_HLS/course-lab_finn/course-lab_finn/FINN_v0.8_lab_packv2/finn/build/code_gen_ipgen_StreamingDataflowPartition_1_StreamingDataWidthConverter_Batch_6_z6jri9ly/project_StreamingDataflowPartition_1_StreamingDataWidthConverter_Batch_6/sol1/impl/ip'.
INFO: [IP_Flow 19-1700] Loaded user IP repository '/home/yhp/Documents/Class/111-1_HLS/course-lab_finn/course-lab_finn/FINN_v0.8_lab_packv2/finn/build/code_gen_ipgen_StreamingDataflowPartition_1_MatrixVectorActivation_2_4qgb6dm8/project_StreamingDataflowPartition_1_MatrixVectorActivation_2/sol1/impl/ip'.
INFO: [IP_Flow 19-1700] Loaded user IP repository '/home/yhp/Documents/Class/111-1_HLS/course-lab_finn/course-lab_finn/FINN_v0.8_lab_packv2/finn/build/code_gen_ipgen_StreamingDataflowPartition_1_StreamingDataWidthConverter_Batch_7_hf909l3a/project_StreamingDataflowPartition_1_StreamingDataWidthConverter_Batch_7/sol1/impl/ip'.
INFO: [IP_Flow 19-1700] Loaded user IP repository '/home/yhp/Documents/Class/111-1_HLS/course-lab_finn/course-lab_finn/FINN_v0.8_lab_packv2/finn/build/code_gen_ipgen_StreamingDataflowPartition_1_FMPadding_Batch_2_03wunw4v/project_StreamingDataflowPartition_1_FMPadding_Batch_2/sol1/impl/ip'.
INFO: [IP_Flow 19-1700] Loaded user IP repository '/home/yhp/Documents/Class/111-1_HLS/course-lab_finn/course-lab_finn/FINN_v0.8_lab_packv2/finn/build/code_gen_ipgen_StreamingDataflowPartition_1_StreamingDataWidthConverter_Batch_8_1zdrr6rx/project_StreamingDataflowPartition_1_StreamingDataWidthConverter_Batch_8/sol1/impl/ip'.
INFO: [IP_Flow 19-1700] Loaded user IP repository '/home/yhp/Documents/Class/111-1_HLS/course-lab_finn/course-lab_finn/FINN_v0.8_lab_packv2/finn/build/code_gen_ipgen_StreamingDataflowPartition_1_ConvolutionInputGenerator_2_smteaear/project_StreamingDataflowPartition_1_ConvolutionInputGenerator_2/sol1/impl/ip'.
INFO: [IP_Flow 19-1700] Loaded user IP repository '/home/yhp/Documents/Class/111-1_HLS/course-lab_finn/course-lab_finn/FINN_v0.8_lab_packv2/finn/build/code_gen_ipgen_StreamingDataflowPartition_1_StreamingFIFO_4_ew3gn8n0/project_StreamingDataflowPartition_1_StreamingFIFO_4/sol1/impl/verilog'.
INFO: [IP_Flow 19-1700] Loaded user IP repository '/home/yhp/Documents/Class/111-1_HLS/course-lab_finn/course-lab_finn/FINN_v0.8_lab_packv2/finn/build/code_gen_ipgen_StreamingDataflowPartition_1_MatrixVectorActivation_3_wjwc2wfb/project_StreamingDataflowPartition_1_MatrixVectorActivation_3/sol1/impl/ip'.
INFO: [IP_Flow 19-1700] Loaded user IP repository '/home/yhp/Documents/Class/111-1_HLS/course-lab_finn/course-lab_finn/FINN_v0.8_lab_packv2/finn/build/code_gen_ipgen_StreamingDataflowPartition_1_StreamingDataWidthConverter_Batch_9_r3pconos/project_StreamingDataflowPartition_1_StreamingDataWidthConverter_Batch_9/sol1/impl/ip'.
INFO: [IP_Flow 19-1700] Loaded user IP repository '/home/yhp/Documents/Class/111-1_HLS/course-lab_finn/course-lab_finn/FINN_v0.8_lab_packv2/finn/build/code_gen_ipgen_StreamingDataflowPartition_1_AddStreams_Batch_0_3bl8x49a/project_StreamingDataflowPartition_1_AddStreams_Batch_0/sol1/impl/ip'.
INFO: [IP_Flow 19-1700] Loaded user IP repository '/home/yhp/Documents/Class/111-1_HLS/course-lab_finn/course-lab_finn/FINN_v0.8_lab_packv2/finn/build/code_gen_ipgen_StreamingDataflowPartition_1_Thresholding_Batch_1_698mpms5/project_StreamingDataflowPartition_1_Thresholding_Batch_1/sol1/impl/ip'.
INFO: [IP_Flow 19-1700] Loaded user IP repository '/home/yhp/Documents/Class/111-1_HLS/course-lab_finn/course-lab_finn/FINN_v0.8_lab_packv2/finn/build/code_gen_ipgen_StreamingDataflowPartition_1_DuplicateStreams_Batch_1_9rtkilvk/project_StreamingDataflowPartition_1_DuplicateStreams_Batch_1/sol1/impl/ip'.
INFO: [IP_Flow 19-1700] Loaded user IP repository '/home/yhp/Documents/Class/111-1_HLS/course-lab_finn/course-lab_finn/FINN_v0.8_lab_packv2/finn/build/code_gen_ipgen_StreamingDataflowPartition_1_StreamingDataWidthConverter_Batch_10_qdgt6oru/project_StreamingDataflowPartition_1_StreamingDataWidthConverter_Batch_10/sol1/impl/ip'.
INFO: [IP_Flow 19-1700] Loaded user IP repository '/home/yhp/Documents/Class/111-1_HLS/course-lab_finn/course-lab_finn/FINN_v0.8_lab_packv2/finn/build/code_gen_ipgen_StreamingDataflowPartition_1_StreamingDataWidthConverter_Batch_11_lamhi9bj/project_StreamingDataflowPartition_1_StreamingDataWidthConverter_Batch_11/sol1/impl/ip'.
INFO: [IP_Flow 19-1700] Loaded user IP repository '/home/yhp/Documents/Class/111-1_HLS/course-lab_finn/course-lab_finn/FINN_v0.8_lab_packv2/finn/build/code_gen_ipgen_StreamingDataflowPartition_1_FMPadding_Batch_3_e3rqtzrk/project_StreamingDataflowPartition_1_FMPadding_Batch_3/sol1/impl/ip'.
INFO: [IP_Flow 19-1700] Loaded user IP repository '/home/yhp/Documents/Class/111-1_HLS/course-lab_finn/course-lab_finn/FINN_v0.8_lab_packv2/finn/build/code_gen_ipgen_StreamingDataflowPartition_1_DownSampler_1_8z6hksx3/project_StreamingDataflowPartition_1_DownSampler_1/sol1/impl/ip'.
INFO: [IP_Flow 19-1700] Loaded user IP repository '/home/yhp/Documents/Class/111-1_HLS/course-lab_finn/course-lab_finn/FINN_v0.8_lab_packv2/finn/build/code_gen_ipgen_StreamingDataflowPartition_1_StreamingDataWidthConverter_Batch_12_srt92uhw/project_StreamingDataflowPartition_1_StreamingDataWidthConverter_Batch_12/sol1/impl/ip'.
INFO: [IP_Flow 19-1700] Loaded user IP repository '/home/yhp/Documents/Class/111-1_HLS/course-lab_finn/course-lab_finn/FINN_v0.8_lab_packv2/finn/build/code_gen_ipgen_StreamingDataflowPartition_1_StreamingDataWidthConverter_Batch_13_38zv5cwd/project_StreamingDataflowPartition_1_StreamingDataWidthConverter_Batch_13/sol1/impl/ip'.
INFO: [IP_Flow 19-1700] Loaded user IP repository '/home/yhp/Documents/Class/111-1_HLS/course-lab_finn/course-lab_finn/FINN_v0.8_lab_packv2/finn/build/code_gen_ipgen_StreamingDataflowPartition_1_StreamingFIFO_5_b5podlbb/project_StreamingDataflowPartition_1_StreamingFIFO_5/sol1/impl/verilog'.
INFO: [IP_Flow 19-1700] Loaded user IP repository '/home/yhp/Documents/Class/111-1_HLS/course-lab_finn/course-lab_finn/FINN_v0.8_lab_packv2/finn/build/code_gen_ipgen_StreamingDataflowPartition_1_ConvolutionInputGenerator_3_thk_wy39/project_StreamingDataflowPartition_1_ConvolutionInputGenerator_3/sol1/impl/ip'.
INFO: [IP_Flow 19-1700] Loaded user IP repository '/home/yhp/Documents/Class/111-1_HLS/course-lab_finn/course-lab_finn/FINN_v0.8_lab_packv2/finn/build/code_gen_ipgen_StreamingDataflowPartition_1_StreamingFIFO_6_cswp0zqa/project_StreamingDataflowPartition_1_StreamingFIFO_6/sol1/impl/verilog'.
INFO: [IP_Flow 19-1700] Loaded user IP repository '/home/yhp/Documents/Class/111-1_HLS/course-lab_finn/course-lab_finn/FINN_v0.8_lab_packv2/finn/build/code_gen_ipgen_StreamingDataflowPartition_1_MatrixVectorActivation_4_l15czz7y/project_StreamingDataflowPartition_1_MatrixVectorActivation_4/sol1/impl/ip'.
INFO: [IP_Flow 19-1700] Loaded user IP repository '/home/yhp/Documents/Class/111-1_HLS/course-lab_finn/course-lab_finn/FINN_v0.8_lab_packv2/finn/build/code_gen_ipgen_StreamingDataflowPartition_1_StreamingDataWidthConverter_Batch_14_cg2ip7xl/project_StreamingDataflowPartition_1_StreamingDataWidthConverter_Batch_14/sol1/impl/ip'.
INFO: [IP_Flow 19-1700] Loaded user IP repository '/home/yhp/Documents/Class/111-1_HLS/course-lab_finn/course-lab_finn/FINN_v0.8_lab_packv2/finn/build/code_gen_ipgen_StreamingDataflowPartition_1_MatrixVectorActivation_5_pbhs87jk/project_StreamingDataflowPartition_1_MatrixVectorActivation_5/sol1/impl/ip'.
INFO: [IP_Flow 19-1700] Loaded user IP repository '/home/yhp/Documents/Class/111-1_HLS/course-lab_finn/course-lab_finn/FINN_v0.8_lab_packv2/finn/build/code_gen_ipgen_StreamingDataflowPartition_1_StreamingDataWidthConverter_Batch_15_odee9h53/project_StreamingDataflowPartition_1_StreamingDataWidthConverter_Batch_15/sol1/impl/ip'.
INFO: [IP_Flow 19-1700] Loaded user IP repository '/home/yhp/Documents/Class/111-1_HLS/course-lab_finn/course-lab_finn/FINN_v0.8_lab_packv2/finn/build/code_gen_ipgen_StreamingDataflowPartition_1_FMPadding_Batch_4_ggman5yj/project_StreamingDataflowPartition_1_FMPadding_Batch_4/sol1/impl/ip'.
INFO: [IP_Flow 19-1700] Loaded user IP repository '/home/yhp/Documents/Class/111-1_HLS/course-lab_finn/course-lab_finn/FINN_v0.8_lab_packv2/finn/build/code_gen_ipgen_StreamingDataflowPartition_1_StreamingDataWidthConverter_Batch_16_4h3m4ixc/project_StreamingDataflowPartition_1_StreamingDataWidthConverter_Batch_16/sol1/impl/ip'.
INFO: [IP_Flow 19-1700] Loaded user IP repository '/home/yhp/Documents/Class/111-1_HLS/course-lab_finn/course-lab_finn/FINN_v0.8_lab_packv2/finn/build/code_gen_ipgen_StreamingDataflowPartition_1_ConvolutionInputGenerator_4_i1je5cga/project_StreamingDataflowPartition_1_ConvolutionInputGenerator_4/sol1/impl/ip'.
INFO: [IP_Flow 19-1700] Loaded user IP repository '/home/yhp/Documents/Class/111-1_HLS/course-lab_finn/course-lab_finn/FINN_v0.8_lab_packv2/finn/build/code_gen_ipgen_StreamingDataflowPartition_1_StreamingFIFO_7_6_89_4fi/project_StreamingDataflowPartition_1_StreamingFIFO_7/sol1/impl/verilog'.
INFO: [IP_Flow 19-1700] Loaded user IP repository '/home/yhp/Documents/Class/111-1_HLS/course-lab_finn/course-lab_finn/FINN_v0.8_lab_packv2/finn/build/code_gen_ipgen_StreamingDataflowPartition_1_MatrixVectorActivation_6_ekgpc_6o/project_StreamingDataflowPartition_1_MatrixVectorActivation_6/sol1/impl/ip'.
INFO: [IP_Flow 19-1700] Loaded user IP repository '/home/yhp/Documents/Class/111-1_HLS/course-lab_finn/course-lab_finn/FINN_v0.8_lab_packv2/finn/build/code_gen_ipgen_StreamingDataflowPartition_1_AddStreams_Batch_1_t5om4ape/project_StreamingDataflowPartition_1_AddStreams_Batch_1/sol1/impl/ip'.
INFO: [IP_Flow 19-1700] Loaded user IP repository '/home/yhp/Documents/Class/111-1_HLS/course-lab_finn/course-lab_finn/FINN_v0.8_lab_packv2/finn/build/code_gen_ipgen_StreamingDataflowPartition_1_Thresholding_Batch_2_9xa49pc2/project_StreamingDataflowPartition_1_Thresholding_Batch_2/sol1/impl/ip'.
INFO: [IP_Flow 19-1700] Loaded user IP repository '/home/yhp/Documents/Class/111-1_HLS/course-lab_finn/course-lab_finn/FINN_v0.8_lab_packv2/finn/build/code_gen_ipgen_StreamingDataflowPartition_1_DuplicateStreams_Batch_2_hlbdou86/project_StreamingDataflowPartition_1_DuplicateStreams_Batch_2/sol1/impl/ip'.
INFO: [IP_Flow 19-1700] Loaded user IP repository '/home/yhp/Documents/Class/111-1_HLS/course-lab_finn/course-lab_finn/FINN_v0.8_lab_packv2/finn/build/code_gen_ipgen_StreamingDataflowPartition_1_StreamingDataWidthConverter_Batch_17_hwa1mncs/project_StreamingDataflowPartition_1_StreamingDataWidthConverter_Batch_17/sol1/impl/ip'.
INFO: [IP_Flow 19-1700] Loaded user IP repository '/home/yhp/Documents/Class/111-1_HLS/course-lab_finn/course-lab_finn/FINN_v0.8_lab_packv2/finn/build/code_gen_ipgen_StreamingDataflowPartition_1_StreamingDataWidthConverter_Batch_18_nryyabvx/project_StreamingDataflowPartition_1_StreamingDataWidthConverter_Batch_18/sol1/impl/ip'.
INFO: [IP_Flow 19-1700] Loaded user IP repository '/home/yhp/Documents/Class/111-1_HLS/course-lab_finn/course-lab_finn/FINN_v0.8_lab_packv2/finn/build/code_gen_ipgen_StreamingDataflowPartition_1_FMPadding_Batch_5_sarappc8/project_StreamingDataflowPartition_1_FMPadding_Batch_5/sol1/impl/ip'.
INFO: [IP_Flow 19-1700] Loaded user IP repository '/home/yhp/Documents/Class/111-1_HLS/course-lab_finn/course-lab_finn/FINN_v0.8_lab_packv2/finn/build/code_gen_ipgen_StreamingDataflowPartition_1_DownSampler_2_cqxf_ld5/project_StreamingDataflowPartition_1_DownSampler_2/sol1/impl/ip'.
INFO: [IP_Flow 19-1700] Loaded user IP repository '/home/yhp/Documents/Class/111-1_HLS/course-lab_finn/course-lab_finn/FINN_v0.8_lab_packv2/finn/build/code_gen_ipgen_StreamingDataflowPartition_1_StreamingDataWidthConverter_Batch_19_vczyxuxo/project_StreamingDataflowPartition_1_StreamingDataWidthConverter_Batch_19/sol1/impl/ip'.
INFO: [IP_Flow 19-1700] Loaded user IP repository '/home/yhp/Documents/Class/111-1_HLS/course-lab_finn/course-lab_finn/FINN_v0.8_lab_packv2/finn/build/code_gen_ipgen_StreamingDataflowPartition_1_StreamingDataWidthConverter_Batch_20_vt2w20tz/project_StreamingDataflowPartition_1_StreamingDataWidthConverter_Batch_20/sol1/impl/ip'.
INFO: [IP_Flow 19-1700] Loaded user IP repository '/home/yhp/Documents/Class/111-1_HLS/course-lab_finn/course-lab_finn/FINN_v0.8_lab_packv2/finn/build/code_gen_ipgen_StreamingDataflowPartition_1_StreamingFIFO_8_on_g_13e/project_StreamingDataflowPartition_1_StreamingFIFO_8/sol1/impl/verilog'.
INFO: [IP_Flow 19-1700] Loaded user IP repository '/home/yhp/Documents/Class/111-1_HLS/course-lab_finn/course-lab_finn/FINN_v0.8_lab_packv2/finn/build/code_gen_ipgen_StreamingDataflowPartition_1_ConvolutionInputGenerator_5_gao79p9m/project_StreamingDataflowPartition_1_ConvolutionInputGenerator_5/sol1/impl/ip'.
INFO: [IP_Flow 19-1700] Loaded user IP repository '/home/yhp/Documents/Class/111-1_HLS/course-lab_finn/course-lab_finn/FINN_v0.8_lab_packv2/finn/build/code_gen_ipgen_StreamingDataflowPartition_1_StreamingFIFO_9_tre5azv1/project_StreamingDataflowPartition_1_StreamingFIFO_9/sol1/impl/verilog'.
INFO: [IP_Flow 19-1700] Loaded user IP repository '/home/yhp/Documents/Class/111-1_HLS/course-lab_finn/course-lab_finn/FINN_v0.8_lab_packv2/finn/build/code_gen_ipgen_StreamingDataflowPartition_1_MatrixVectorActivation_7_kp0kdjm0/project_StreamingDataflowPartition_1_MatrixVectorActivation_7/sol1/impl/ip'.
INFO: [IP_Flow 19-1700] Loaded user IP repository '/home/yhp/Documents/Class/111-1_HLS/course-lab_finn/course-lab_finn/FINN_v0.8_lab_packv2/finn/build/code_gen_ipgen_StreamingDataflowPartition_1_MatrixVectorActivation_8_s_oyhrpk/project_StreamingDataflowPartition_1_MatrixVectorActivation_8/sol1/impl/ip'.
INFO: [IP_Flow 19-1700] Loaded user IP repository '/home/yhp/Documents/Class/111-1_HLS/course-lab_finn/course-lab_finn/FINN_v0.8_lab_packv2/finn/build/code_gen_ipgen_StreamingDataflowPartition_1_StreamingDataWidthConverter_Batch_21_yqsakz_2/project_StreamingDataflowPartition_1_StreamingDataWidthConverter_Batch_21/sol1/impl/ip'.
INFO: [IP_Flow 19-1700] Loaded user IP repository '/home/yhp/Documents/Class/111-1_HLS/course-lab_finn/course-lab_finn/FINN_v0.8_lab_packv2/finn/build/code_gen_ipgen_StreamingDataflowPartition_1_FMPadding_Batch_6_zdbku4yx/project_StreamingDataflowPartition_1_FMPadding_Batch_6/sol1/impl/ip'.
INFO: [IP_Flow 19-1700] Loaded user IP repository '/home/yhp/Documents/Class/111-1_HLS/course-lab_finn/course-lab_finn/FINN_v0.8_lab_packv2/finn/build/code_gen_ipgen_StreamingDataflowPartition_1_StreamingDataWidthConverter_Batch_22_cs33vp6x/project_StreamingDataflowPartition_1_StreamingDataWidthConverter_Batch_22/sol1/impl/ip'.
INFO: [IP_Flow 19-1700] Loaded user IP repository '/home/yhp/Documents/Class/111-1_HLS/course-lab_finn/course-lab_finn/FINN_v0.8_lab_packv2/finn/build/code_gen_ipgen_StreamingDataflowPartition_1_ConvolutionInputGenerator_6_e0ev0vtk/project_StreamingDataflowPartition_1_ConvolutionInputGenerator_6/sol1/impl/ip'.
INFO: [IP_Flow 19-1700] Loaded user IP repository '/home/yhp/Documents/Class/111-1_HLS/course-lab_finn/course-lab_finn/FINN_v0.8_lab_packv2/finn/build/code_gen_ipgen_StreamingDataflowPartition_1_StreamingFIFO_10_3ry6ovpz/project_StreamingDataflowPartition_1_StreamingFIFO_10/sol1/impl/verilog'.
INFO: [IP_Flow 19-1700] Loaded user IP repository '/home/yhp/Documents/Class/111-1_HLS/course-lab_finn/course-lab_finn/FINN_v0.8_lab_packv2/finn/build/code_gen_ipgen_StreamingDataflowPartition_1_MatrixVectorActivation_9_d2snx_yf/project_StreamingDataflowPartition_1_MatrixVectorActivation_9/sol1/impl/ip'.
INFO: [IP_Flow 19-1700] Loaded user IP repository '/home/yhp/Documents/Class/111-1_HLS/course-lab_finn/course-lab_finn/FINN_v0.8_lab_packv2/finn/build/code_gen_ipgen_StreamingDataflowPartition_1_AddStreams_Batch_2_wh3p7g75/project_StreamingDataflowPartition_1_AddStreams_Batch_2/sol1/impl/ip'.
INFO: [IP_Flow 19-1700] Loaded user IP repository '/home/yhp/Documents/Class/111-1_HLS/course-lab_finn/course-lab_finn/FINN_v0.8_lab_packv2/finn/build/code_gen_ipgen_StreamingDataflowPartition_1_Thresholding_Batch_3_iq93ev6e/project_StreamingDataflowPartition_1_Thresholding_Batch_3/sol1/impl/ip'.
INFO: [IP_Flow 19-1700] Loaded user IP repository '/home/yhp/Documents/Class/111-1_HLS/course-lab_finn/course-lab_finn/FINN_v0.8_lab_packv2/finn/build/code_gen_ipgen_StreamingDataflowPartition_1_StreamingFIFO_11__dm2iqtb/project_StreamingDataflowPartition_1_StreamingFIFO_11/sol1/impl/verilog'.
INFO: [IP_Flow 19-1700] Loaded user IP repository '/home/yhp/Documents/Class/111-1_HLS/course-lab_finn/course-lab_finn/FINN_v0.8_lab_packv2/finn/build/vivado_stitch_proj_607znna7/ip'.
INFO: [IP_Flow 19-1700] Loaded user IP repository '/home/yhp/Documents/Class/111-1_HLS/course-lab_finn/course-lab_finn/FINN_v0.8_lab_packv2/finn/finn-rtllib/memstream'.
INFO: [IP_Flow 19-1700] Loaded user IP repository '/home/yhp/Documents/Class/111-1_HLS/course-lab_finn/course-lab_finn/FINN_v0.8_lab_packv2/finn/build/code_gen_ipgen_StreamingDataflowPartition_2_IODMA_0_4kejk8bo/project_StreamingDataflowPartition_2_IODMA_0/sol1/impl/ip'.
INFO: [IP_Flow 19-1700] Loaded user IP repository '/home/yhp/Documents/Class/111-1_HLS/course-lab_finn/course-lab_finn/FINN_v0.8_lab_packv2/finn/build/vivado_stitch_proj_2e5siq3k/ip'.
INFO: [IP_Flow 19-2313] Loaded Vivado IP repository '/tool/Xilinx/Vivado/2022.1/data/ip'.
Command: synth_design -top top_rst_zynq_ps_100M_0 -part xc7z020clg400-1 -incremental_mode off -mode out_of_context
Starting synth_design
Attempting to get a license for feature 'Synthesis' and/or device 'xc7z020'
INFO: [Common 17-349] Got license for feature 'Synthesis' and/or device 'xc7z020'
INFO: [Device 21-403] Loading part xc7z020clg400-1
INFO: [Synth 8-7079] Multithreading enabled for synth_design using a maximum of 4 processes.
INFO: [Synth 8-7078] Launching helper process for spawning children vivado processes
INFO: [Synth 8-7075] Helper process launched with PID 2067060
WARNING: [Synth 8-9501] generate block is allowed only inside loop and conditional generate in SystemVerilog mode [/tool/Xilinx/Vivado/2022.1/data/ip/xpm/xpm_fifo/hdl/xpm_fifo.sv:4023]
---------------------------------------------------------------------------------
Starting RTL Elaboration : Time (s): cpu = 00:00:02 ; elapsed = 00:00:03 . Memory (MB): peak = 2938.211 ; gain = 0.000 ; free physical = 6347 ; free virtual = 34065
---------------------------------------------------------------------------------
INFO: [Synth 8-638] synthesizing module 'top_rst_zynq_ps_100M_0' [/home/yhp/Documents/Class/111-1_HLS/course-lab_finn/course-lab_finn/FINN_v0.8_lab_packv2/finn/build/vivado_zynq_proj_vbu_43za/finn_zynq_link.gen/sources_1/bd/top/ip/top_rst_zynq_ps_100M_0/synth/top_rst_zynq_ps_100M_0.vhd:74]
	Parameter C_FAMILY bound to: zynq - type: string 
	Parameter C_EXT_RST_WIDTH bound to: 4 - type: integer 
	Parameter C_AUX_RST_WIDTH bound to: 4 - type: integer 
	Parameter C_EXT_RESET_HIGH bound to: 1'b0 
	Parameter C_AUX_RESET_HIGH bound to: 1'b0 
	Parameter C_NUM_BUS_RST bound to: 1 - type: integer 
	Parameter C_NUM_PERP_RST bound to: 1 - type: integer 
	Parameter C_NUM_INTERCONNECT_ARESETN bound to: 1 - type: integer 
	Parameter C_NUM_PERP_ARESETN bound to: 1 - type: integer 
INFO: [Synth 8-3491] module 'proc_sys_reset' declared at '/home/yhp/Documents/Class/111-1_HLS/course-lab_finn/course-lab_finn/FINN_v0.8_lab_packv2/finn/build/vivado_zynq_proj_vbu_43za/finn_zynq_link.gen/sources_1/bd/top/ipshared/8842/hdl/proc_sys_reset_v5_0_vh_rfs.vhd:1264' bound to instance 'U0' of component 'proc_sys_reset' [/home/yhp/Documents/Class/111-1_HLS/course-lab_finn/course-lab_finn/FINN_v0.8_lab_packv2/finn/build/vivado_zynq_proj_vbu_43za/finn_zynq_link.gen/sources_1/bd/top/ip/top_rst_zynq_ps_100M_0/synth/top_rst_zynq_ps_100M_0.vhd:129]
INFO: [Synth 8-638] synthesizing module 'proc_sys_reset' [/home/yhp/Documents/Class/111-1_HLS/course-lab_finn/course-lab_finn/FINN_v0.8_lab_packv2/finn/build/vivado_zynq_proj_vbu_43za/finn_zynq_link.gen/sources_1/bd/top/ipshared/8842/hdl/proc_sys_reset_v5_0_vh_rfs.vhd:1323]
	Parameter INIT bound to: 1'b1 
INFO: [Synth 8-113] binding component instance 'FDRE_inst' to cell 'FDRE' [/home/yhp/Documents/Class/111-1_HLS/course-lab_finn/course-lab_finn/FINN_v0.8_lab_packv2/finn/build/vivado_zynq_proj_vbu_43za/finn_zynq_link.gen/sources_1/bd/top/ipshared/8842/hdl/proc_sys_reset_v5_0_vh_rfs.vhd:1392]
	Parameter INIT bound to: 1'b1 
INFO: [Synth 8-113] binding component instance 'FDRE_BSR' to cell 'FDRE' [/home/yhp/Documents/Class/111-1_HLS/course-lab_finn/course-lab_finn/FINN_v0.8_lab_packv2/finn/build/vivado_zynq_proj_vbu_43za/finn_zynq_link.gen/sources_1/bd/top/ipshared/8842/hdl/proc_sys_reset_v5_0_vh_rfs.vhd:1408]
	Parameter INIT bound to: 1'b0 
INFO: [Synth 8-113] binding component instance 'FDRE_BSR_N' to cell 'FDRE' [/home/yhp/Documents/Class/111-1_HLS/course-lab_finn/course-lab_finn/FINN_v0.8_lab_packv2/finn/build/vivado_zynq_proj_vbu_43za/finn_zynq_link.gen/sources_1/bd/top/ipshared/8842/hdl/proc_sys_reset_v5_0_vh_rfs.vhd:1434]
	Parameter INIT bound to: 1'b1 
INFO: [Synth 8-113] binding component instance 'FDRE_PER' to cell 'FDRE' [/home/yhp/Documents/Class/111-1_HLS/course-lab_finn/course-lab_finn/FINN_v0.8_lab_packv2/finn/build/vivado_zynq_proj_vbu_43za/finn_zynq_link.gen/sources_1/bd/top/ipshared/8842/hdl/proc_sys_reset_v5_0_vh_rfs.vhd:1457]
	Parameter INIT bound to: 1'b0 
INFO: [Synth 8-113] binding component instance 'FDRE_PER_N' to cell 'FDRE' [/home/yhp/Documents/Class/111-1_HLS/course-lab_finn/course-lab_finn/FINN_v0.8_lab_packv2/finn/build/vivado_zynq_proj_vbu_43za/finn_zynq_link.gen/sources_1/bd/top/ipshared/8842/hdl/proc_sys_reset_v5_0_vh_rfs.vhd:1481]
INFO: [Synth 8-638] synthesizing module 'lpf' [/home/yhp/Documents/Class/111-1_HLS/course-lab_finn/course-lab_finn/FINN_v0.8_lab_packv2/finn/build/vivado_zynq_proj_vbu_43za/finn_zynq_link.gen/sources_1/bd/top/ipshared/8842/hdl/proc_sys_reset_v5_0_vh_rfs.vhd:816]
INFO: [Synth 8-3491] module 'SRL16' declared at '/tool/Xilinx/Vivado/2022.1/scripts/rt/data/unisim_comp.v:105982' bound to instance 'POR_SRL_I' of component 'SRL16' [/home/yhp/Documents/Class/111-1_HLS/course-lab_finn/course-lab_finn/FINN_v0.8_lab_packv2/finn/build/vivado_zynq_proj_vbu_43za/finn_zynq_link.gen/sources_1/bd/top/ipshared/8842/hdl/proc_sys_reset_v5_0_vh_rfs.vhd:868]
INFO: [Synth 8-6157] synthesizing module 'SRL16' [/tool/Xilinx/Vivado/2022.1/scripts/rt/data/unisim_comp.v:105982]
INFO: [Synth 8-6155] done synthesizing module 'SRL16' (0#1) [/tool/Xilinx/Vivado/2022.1/scripts/rt/data/unisim_comp.v:105982]
INFO: [Synth 8-638] synthesizing module 'cdc_sync' [/home/yhp/Documents/Class/111-1_HLS/course-lab_finn/course-lab_finn/FINN_v0.8_lab_packv2/finn/build/vivado_zynq_proj_vbu_43za/finn_zynq_link.gen/sources_1/bd/top/ipshared/ef1e/hdl/lib_cdc_v1_0_rfs.vhd:106]
	Parameter INIT bound to: 1'b0 
INFO: [Synth 8-113] binding component instance 'CROSS_PLEVEL_IN2SCNDRY_IN_cdc_to' to cell 'FDR' [/home/yhp/Documents/Class/111-1_HLS/course-lab_finn/course-lab_finn/FINN_v0.8_lab_packv2/finn/build/vivado_zynq_proj_vbu_43za/finn_zynq_link.gen/sources_1/bd/top/ipshared/ef1e/hdl/lib_cdc_v1_0_rfs.vhd:514]
	Parameter INIT bound to: 1'b0 
INFO: [Synth 8-113] binding component instance 'CROSS_PLEVEL_IN2SCNDRY_s_level_out_d2' to cell 'FDR' [/home/yhp/Documents/Class/111-1_HLS/course-lab_finn/course-lab_finn/FINN_v0.8_lab_packv2/finn/build/vivado_zynq_proj_vbu_43za/finn_zynq_link.gen/sources_1/bd/top/ipshared/ef1e/hdl/lib_cdc_v1_0_rfs.vhd:545]
	Parameter INIT bound to: 1'b0 
INFO: [Synth 8-113] binding component instance 'CROSS_PLEVEL_IN2SCNDRY_s_level_out_d3' to cell 'FDR' [/home/yhp/Documents/Class/111-1_HLS/course-lab_finn/course-lab_finn/FINN_v0.8_lab_packv2/finn/build/vivado_zynq_proj_vbu_43za/finn_zynq_link.gen/sources_1/bd/top/ipshared/ef1e/hdl/lib_cdc_v1_0_rfs.vhd:554]
	Parameter INIT bound to: 1'b0 
INFO: [Synth 8-113] binding component instance 'CROSS_PLEVEL_IN2SCNDRY_s_level_out_d4' to cell 'FDR' [/home/yhp/Documents/Class/111-1_HLS/course-lab_finn/course-lab_finn/FINN_v0.8_lab_packv2/finn/build/vivado_zynq_proj_vbu_43za/finn_zynq_link.gen/sources_1/bd/top/ipshared/ef1e/hdl/lib_cdc_v1_0_rfs.vhd:564]
	Parameter INIT bound to: 1'b0 
INFO: [Synth 8-113] binding component instance 'CROSS_PLEVEL_IN2SCNDRY_s_level_out_d5' to cell 'FDR' [/home/yhp/Documents/Class/111-1_HLS/course-lab_finn/course-lab_finn/FINN_v0.8_lab_packv2/finn/build/vivado_zynq_proj_vbu_43za/finn_zynq_link.gen/sources_1/bd/top/ipshared/ef1e/hdl/lib_cdc_v1_0_rfs.vhd:574]
	Parameter INIT bound to: 1'b0 
INFO: [Synth 8-113] binding component instance 'CROSS_PLEVEL_IN2SCNDRY_s_level_out_d6' to cell 'FDR' [/home/yhp/Documents/Class/111-1_HLS/course-lab_finn/course-lab_finn/FINN_v0.8_lab_packv2/finn/build/vivado_zynq_proj_vbu_43za/finn_zynq_link.gen/sources_1/bd/top/ipshared/ef1e/hdl/lib_cdc_v1_0_rfs.vhd:584]
INFO: [Synth 8-256] done synthesizing module 'cdc_sync' (0#1) [/home/yhp/Documents/Class/111-1_HLS/course-lab_finn/course-lab_finn/FINN_v0.8_lab_packv2/finn/build/vivado_zynq_proj_vbu_43za/finn_zynq_link.gen/sources_1/bd/top/ipshared/ef1e/hdl/lib_cdc_v1_0_rfs.vhd:106]
INFO: [Synth 8-256] done synthesizing module 'lpf' (0#1) [/home/yhp/Documents/Class/111-1_HLS/course-lab_finn/course-lab_finn/FINN_v0.8_lab_packv2/finn/build/vivado_zynq_proj_vbu_43za/finn_zynq_link.gen/sources_1/bd/top/ipshared/8842/hdl/proc_sys_reset_v5_0_vh_rfs.vhd:816]
INFO: [Synth 8-638] synthesizing module 'sequence_psr' [/home/yhp/Documents/Class/111-1_HLS/course-lab_finn/course-lab_finn/FINN_v0.8_lab_packv2/finn/build/vivado_zynq_proj_vbu_43za/finn_zynq_link.gen/sources_1/bd/top/ipshared/8842/hdl/proc_sys_reset_v5_0_vh_rfs.vhd:301]
INFO: [Synth 8-638] synthesizing module 'upcnt_n' [/home/yhp/Documents/Class/111-1_HLS/course-lab_finn/course-lab_finn/FINN_v0.8_lab_packv2/finn/build/vivado_zynq_proj_vbu_43za/finn_zynq_link.gen/sources_1/bd/top/ipshared/8842/hdl/proc_sys_reset_v5_0_vh_rfs.vhd:125]
INFO: [Synth 8-256] done synthesizing module 'upcnt_n' (0#1) [/home/yhp/Documents/Class/111-1_HLS/course-lab_finn/course-lab_finn/FINN_v0.8_lab_packv2/finn/build/vivado_zynq_proj_vbu_43za/finn_zynq_link.gen/sources_1/bd/top/ipshared/8842/hdl/proc_sys_reset_v5_0_vh_rfs.vhd:125]
INFO: [Synth 8-256] done synthesizing module 'sequence_psr' (0#1) [/home/yhp/Documents/Class/111-1_HLS/course-lab_finn/course-lab_finn/FINN_v0.8_lab_packv2/finn/build/vivado_zynq_proj_vbu_43za/finn_zynq_link.gen/sources_1/bd/top/ipshared/8842/hdl/proc_sys_reset_v5_0_vh_rfs.vhd:301]
INFO: [Synth 8-256] done synthesizing module 'proc_sys_reset' (0#1) [/home/yhp/Documents/Class/111-1_HLS/course-lab_finn/course-lab_finn/FINN_v0.8_lab_packv2/finn/build/vivado_zynq_proj_vbu_43za/finn_zynq_link.gen/sources_1/bd/top/ipshared/8842/hdl/proc_sys_reset_v5_0_vh_rfs.vhd:1323]
INFO: [Synth 8-256] done synthesizing module 'top_rst_zynq_ps_100M_0' (0#1) [/home/yhp/Documents/Class/111-1_HLS/course-lab_finn/course-lab_finn/FINN_v0.8_lab_packv2/finn/build/vivado_zynq_proj_vbu_43za/finn_zynq_link.gen/sources_1/bd/top/ip/top_rst_zynq_ps_100M_0/synth/top_rst_zynq_ps_100M_0.vhd:74]
WARNING: [Synth 8-7129] Port prmry_aclk in module cdc_sync is either unconnected or has no load
WARNING: [Synth 8-7129] Port prmry_resetn in module cdc_sync is either unconnected or has no load
WARNING: [Synth 8-7129] Port prmry_vect_in[1] in module cdc_sync is either unconnected or has no load
WARNING: [Synth 8-7129] Port prmry_vect_in[0] in module cdc_sync is either unconnected or has no load
WARNING: [Synth 8-7129] Port scndry_resetn in module cdc_sync is either unconnected or has no load
---------------------------------------------------------------------------------
Finished RTL Elaboration : Time (s): cpu = 00:00:03 ; elapsed = 00:00:04 . Memory (MB): peak = 2938.211 ; gain = 0.000 ; free physical = 7441 ; free virtual = 35160
---------------------------------------------------------------------------------
---------------------------------------------------------------------------------
Start Handling Custom Attributes
---------------------------------------------------------------------------------
---------------------------------------------------------------------------------
Finished Handling Custom Attributes : Time (s): cpu = 00:00:03 ; elapsed = 00:00:04 . Memory (MB): peak = 2938.211 ; gain = 0.000 ; free physical = 7376 ; free virtual = 35095
---------------------------------------------------------------------------------
---------------------------------------------------------------------------------
Finished RTL Optimization Phase 1 : Time (s): cpu = 00:00:03 ; elapsed = 00:00:04 . Memory (MB): peak = 2938.211 ; gain = 0.000 ; free physical = 7376 ; free virtual = 35095
---------------------------------------------------------------------------------
Netlist sorting complete. Time (s): cpu = 00:00:00 ; elapsed = 00:00:00.01 . Memory (MB): peak = 2938.211 ; gain = 0.000 ; free physical = 7441 ; free virtual = 35160
INFO: [Netlist 29-17] Analyzing 13 Unisim elements for replacement
INFO: [Netlist 29-28] Unisim Transformation completed in 0 CPU seconds
INFO: [Project 1-570] Preparing netlist for logic optimization

Processing XDC Constraints
Initializing timing engine
Parsing XDC File [/home/yhp/Documents/Class/111-1_HLS/course-lab_finn/course-lab_finn/FINN_v0.8_lab_packv2/finn/build/vivado_zynq_proj_vbu_43za/finn_zynq_link.gen/sources_1/bd/top/ip/top_rst_zynq_ps_100M_0/top_rst_zynq_ps_100M_0_ooc.xdc] for cell 'U0'
Finished Parsing XDC File [/home/yhp/Documents/Class/111-1_HLS/course-lab_finn/course-lab_finn/FINN_v0.8_lab_packv2/finn/build/vivado_zynq_proj_vbu_43za/finn_zynq_link.gen/sources_1/bd/top/ip/top_rst_zynq_ps_100M_0/top_rst_zynq_ps_100M_0_ooc.xdc] for cell 'U0'
Parsing XDC File [/home/yhp/Documents/Class/111-1_HLS/course-lab_finn/course-lab_finn/FINN_v0.8_lab_packv2/finn/build/vivado_zynq_proj_vbu_43za/finn_zynq_link.gen/sources_1/bd/top/ip/top_rst_zynq_ps_100M_0/top_rst_zynq_ps_100M_0_board.xdc] for cell 'U0'
Finished Parsing XDC File [/home/yhp/Documents/Class/111-1_HLS/course-lab_finn/course-lab_finn/FINN_v0.8_lab_packv2/finn/build/vivado_zynq_proj_vbu_43za/finn_zynq_link.gen/sources_1/bd/top/ip/top_rst_zynq_ps_100M_0/top_rst_zynq_ps_100M_0_board.xdc] for cell 'U0'
Parsing XDC File [/home/yhp/Documents/Class/111-1_HLS/course-lab_finn/course-lab_finn/FINN_v0.8_lab_packv2/finn/build/vivado_zynq_proj_vbu_43za/finn_zynq_link.gen/sources_1/bd/top/ip/top_rst_zynq_ps_100M_0/top_rst_zynq_ps_100M_0.xdc] for cell 'U0'
Finished Parsing XDC File [/home/yhp/Documents/Class/111-1_HLS/course-lab_finn/course-lab_finn/FINN_v0.8_lab_packv2/finn/build/vivado_zynq_proj_vbu_43za/finn_zynq_link.gen/sources_1/bd/top/ip/top_rst_zynq_ps_100M_0/top_rst_zynq_ps_100M_0.xdc] for cell 'U0'
Parsing XDC File [/home/yhp/Documents/Class/111-1_HLS/course-lab_finn/course-lab_finn/FINN_v0.8_lab_packv2/finn/build/vivado_zynq_proj_vbu_43za/finn_zynq_link.runs/top_rst_zynq_ps_100M_0_synth_1/dont_touch.xdc]
Finished Parsing XDC File [/home/yhp/Documents/Class/111-1_HLS/course-lab_finn/course-lab_finn/FINN_v0.8_lab_packv2/finn/build/vivado_zynq_proj_vbu_43za/finn_zynq_link.runs/top_rst_zynq_ps_100M_0_synth_1/dont_touch.xdc]
Completed Processing XDC Constraints

Netlist sorting complete. Time (s): cpu = 00:00:00 ; elapsed = 00:00:00 . Memory (MB): peak = 3002.238 ; gain = 0.000 ; free physical = 7362 ; free virtual = 35081
INFO: [Project 1-111] Unisim Transformation Summary:
  A total of 13 instances were transformed.
  FDR => FDRE: 12 instances
  SRL16 => SRL16E: 1 instance 

Constraint Validation Runtime : Time (s): cpu = 00:00:00 ; elapsed = 00:00:00.01 . Memory (MB): peak = 3002.238 ; gain = 0.000 ; free physical = 7362 ; free virtual = 35081
INFO: [Designutils 20-5008] Incremental synthesis strategy off
---------------------------------------------------------------------------------
Finished Constraint Validation : Time (s): cpu = 00:00:07 ; elapsed = 00:00:08 . Memory (MB): peak = 3002.238 ; gain = 64.027 ; free physical = 7426 ; free virtual = 35144
---------------------------------------------------------------------------------
---------------------------------------------------------------------------------
Start Loading Part and Timing Information
---------------------------------------------------------------------------------
Loading part: xc7z020clg400-1
---------------------------------------------------------------------------------
Finished Loading Part and Timing Information : Time (s): cpu = 00:00:07 ; elapsed = 00:00:08 . Memory (MB): peak = 3002.238 ; gain = 64.027 ; free physical = 7426 ; free virtual = 35144
---------------------------------------------------------------------------------
---------------------------------------------------------------------------------
Start Applying 'set_property' XDC Constraints
---------------------------------------------------------------------------------
Applied set_property KEEP_HIERARCHY = SOFT for U0. (constraint file  /home/yhp/Documents/Class/111-1_HLS/course-lab_finn/course-lab_finn/FINN_v0.8_lab_packv2/finn/build/vivado_zynq_proj_vbu_43za/finn_zynq_link.runs/top_rst_zynq_ps_100M_0_synth_1/dont_touch.xdc, line 9).
---------------------------------------------------------------------------------
Finished applying 'set_property' XDC Constraints : Time (s): cpu = 00:00:07 ; elapsed = 00:00:08 . Memory (MB): peak = 3002.238 ; gain = 64.027 ; free physical = 7426 ; free virtual = 35144
---------------------------------------------------------------------------------
---------------------------------------------------------------------------------
Finished RTL Optimization Phase 2 : Time (s): cpu = 00:00:08 ; elapsed = 00:00:08 . Memory (MB): peak = 3002.238 ; gain = 64.027 ; free physical = 7420 ; free virtual = 35140
---------------------------------------------------------------------------------
---------------------------------------------------------------------------------
Start RTL Component Statistics 
---------------------------------------------------------------------------------
Detailed RTL Component Info : 
+---Adders : 
	   2 Input    6 Bit       Adders := 1     
+---Registers : 
	                6 Bit    Registers := 1     
	                3 Bit    Registers := 3     
	                1 Bit    Registers := 8     
+---Muxes : 
	   2 Input    6 Bit        Muxes := 1     
	   2 Input    1 Bit        Muxes := 1     
---------------------------------------------------------------------------------
Finished RTL Component Statistics 
---------------------------------------------------------------------------------
---------------------------------------------------------------------------------
Start Part Resource Summary
---------------------------------------------------------------------------------
Part Resources:
DSPs: 220 (col length:60)
BRAMs: 280 (col length: RAMB18 60 RAMB36 30)
---------------------------------------------------------------------------------
Finished Part Resource Summary
---------------------------------------------------------------------------------
---------------------------------------------------------------------------------
Start Cross Boundary and Area Optimization
---------------------------------------------------------------------------------
WARNING: [Synth 8-7080] Parallel synthesis criteria is not met
WARNING: [Synth 8-3332] Sequential element (EXT_LPF/ACTIVE_LOW_EXT.ACT_LO_EXT/GENERATE_LEVEL_P_S_CDC.SINGLE_BIT.CROSS_PLEVEL_IN2SCNDRY_s_level_out_d5) is unused and will be removed from module proc_sys_reset.
WARNING: [Synth 8-3332] Sequential element (EXT_LPF/ACTIVE_LOW_EXT.ACT_LO_EXT/GENERATE_LEVEL_P_S_CDC.SINGLE_BIT.CROSS_PLEVEL_IN2SCNDRY_s_level_out_d6) is unused and will be removed from module proc_sys_reset.
WARNING: [Synth 8-3332] Sequential element (EXT_LPF/ACTIVE_LOW_AUX.ACT_LO_AUX/GENERATE_LEVEL_P_S_CDC.SINGLE_BIT.CROSS_PLEVEL_IN2SCNDRY_s_level_out_d5) is unused and will be removed from module proc_sys_reset.
WARNING: [Synth 8-3332] Sequential element (EXT_LPF/ACTIVE_LOW_AUX.ACT_LO_AUX/GENERATE_LEVEL_P_S_CDC.SINGLE_BIT.CROSS_PLEVEL_IN2SCNDRY_s_level_out_d6) is unused and will be removed from module proc_sys_reset.
---------------------------------------------------------------------------------
Finished Cross Boundary and Area Optimization : Time (s): cpu = 00:00:08 ; elapsed = 00:00:09 . Memory (MB): peak = 3002.238 ; gain = 64.027 ; free physical = 7401 ; free virtual = 35124
---------------------------------------------------------------------------------
---------------------------------------------------------------------------------
Start Applying XDC Timing Constraints
---------------------------------------------------------------------------------
---------------------------------------------------------------------------------
Finished Applying XDC Timing Constraints : Time (s): cpu = 00:00:11 ; elapsed = 00:00:12 . Memory (MB): peak = 3002.238 ; gain = 64.027 ; free physical = 7288 ; free virtual = 35011
---------------------------------------------------------------------------------
---------------------------------------------------------------------------------
Start Timing Optimization
---------------------------------------------------------------------------------
---------------------------------------------------------------------------------
Finished Timing Optimization : Time (s): cpu = 00:00:11 ; elapsed = 00:00:12 . Memory (MB): peak = 3002.238 ; gain = 64.027 ; free physical = 7288 ; free virtual = 35011
---------------------------------------------------------------------------------
---------------------------------------------------------------------------------
Start Technology Mapping
---------------------------------------------------------------------------------
---------------------------------------------------------------------------------
Finished Technology Mapping : Time (s): cpu = 00:00:11 ; elapsed = 00:00:12 . Memory (MB): peak = 3002.238 ; gain = 64.027 ; free physical = 7280 ; free virtual = 35003
---------------------------------------------------------------------------------
---------------------------------------------------------------------------------
Start IO Insertion
---------------------------------------------------------------------------------
---------------------------------------------------------------------------------
Start Flattening Before IO Insertion
---------------------------------------------------------------------------------
---------------------------------------------------------------------------------
Finished Flattening Before IO Insertion
---------------------------------------------------------------------------------
---------------------------------------------------------------------------------
Start Final Netlist Cleanup
---------------------------------------------------------------------------------
---------------------------------------------------------------------------------
Finished Final Netlist Cleanup
---------------------------------------------------------------------------------
---------------------------------------------------------------------------------
Finished IO Insertion : Time (s): cpu = 00:00:13 ; elapsed = 00:00:14 . Memory (MB): peak = 3002.238 ; gain = 64.027 ; free physical = 7280 ; free virtual = 35003
---------------------------------------------------------------------------------
---------------------------------------------------------------------------------
Start Renaming Generated Instances
---------------------------------------------------------------------------------
---------------------------------------------------------------------------------
Finished Renaming Generated Instances : Time (s): cpu = 00:00:13 ; elapsed = 00:00:14 . Memory (MB): peak = 3002.238 ; gain = 64.027 ; free physical = 7280 ; free virtual = 35003
---------------------------------------------------------------------------------
---------------------------------------------------------------------------------
Start Rebuilding User Hierarchy
---------------------------------------------------------------------------------
---------------------------------------------------------------------------------
Finished Rebuilding User Hierarchy : Time (s): cpu = 00:00:13 ; elapsed = 00:00:14 . Memory (MB): peak = 3002.238 ; gain = 64.027 ; free physical = 7280 ; free virtual = 35003
---------------------------------------------------------------------------------
---------------------------------------------------------------------------------
Start Renaming Generated Ports
---------------------------------------------------------------------------------
---------------------------------------------------------------------------------
Finished Renaming Generated Ports : Time (s): cpu = 00:00:13 ; elapsed = 00:00:14 . Memory (MB): peak = 3002.238 ; gain = 64.027 ; free physical = 7280 ; free virtual = 35003
---------------------------------------------------------------------------------
---------------------------------------------------------------------------------
Start Handling Custom Attributes
---------------------------------------------------------------------------------
---------------------------------------------------------------------------------
Finished Handling Custom Attributes : Time (s): cpu = 00:00:13 ; elapsed = 00:00:14 . Memory (MB): peak = 3002.238 ; gain = 64.027 ; free physical = 7280 ; free virtual = 35003
---------------------------------------------------------------------------------
---------------------------------------------------------------------------------
Start Renaming Generated Nets
---------------------------------------------------------------------------------
---------------------------------------------------------------------------------
Finished Renaming Generated Nets : Time (s): cpu = 00:00:13 ; elapsed = 00:00:14 . Memory (MB): peak = 3002.238 ; gain = 64.027 ; free physical = 7280 ; free virtual = 35003
---------------------------------------------------------------------------------
---------------------------------------------------------------------------------
Start Writing Synthesis Report
---------------------------------------------------------------------------------

Report BlackBoxes: 
+-+--------------+----------+
| |BlackBox name |Instances |
+-+--------------+----------+
+-+--------------+----------+

Report Cell Usage: 
+------+------+------+
|      |Cell  |Count |
+------+------+------+
|1     |LUT1  |     5|
|2     |LUT2  |     9|
|3     |LUT3  |     1|
|4     |LUT4  |     6|
|5     |LUT5  |     3|
|6     |LUT6  |     1|
|7     |SRL16 |     1|
|8     |FDR   |     8|
|9     |FDRE  |    28|
|10    |FDSE  |     4|
+------+------+------+
---------------------------------------------------------------------------------
Finished Writing Synthesis Report : Time (s): cpu = 00:00:13 ; elapsed = 00:00:14 . Memory (MB): peak = 3002.238 ; gain = 64.027 ; free physical = 7280 ; free virtual = 35003
---------------------------------------------------------------------------------
Synthesis finished with 0 errors, 0 critical warnings and 5 warnings.
Synthesis Optimization Runtime : Time (s): cpu = 00:00:12 ; elapsed = 00:00:12 . Memory (MB): peak = 3002.238 ; gain = 0.000 ; free physical = 7337 ; free virtual = 35060
Synthesis Optimization Complete : Time (s): cpu = 00:00:13 ; elapsed = 00:00:14 . Memory (MB): peak = 3002.238 ; gain = 64.027 ; free physical = 7337 ; free virtual = 35060
INFO: [Project 1-571] Translating synthesized netlist
Netlist sorting complete. Time (s): cpu = 00:00:00 ; elapsed = 00:00:00 . Memory (MB): peak = 3002.238 ; gain = 0.000 ; free physical = 7333 ; free virtual = 35057
INFO: [Netlist 29-17] Analyzing 9 Unisim elements for replacement
INFO: [Netlist 29-28] Unisim Transformation completed in 0 CPU seconds
INFO: [Project 1-570] Preparing netlist for logic optimization
INFO: [Opt 31-138] Pushed 0 inverter(s) to 0 load pin(s).
Netlist sorting complete. Time (s): cpu = 00:00:00 ; elapsed = 00:00:00 . Memory (MB): peak = 3002.238 ; gain = 0.000 ; free physical = 7364 ; free virtual = 35087
INFO: [Project 1-111] Unisim Transformation Summary:
  A total of 9 instances were transformed.
  FDR => FDRE: 8 instances
  SRL16 => SRL16E: 1 instance 

Synth Design complete, checksum: e1400db2
INFO: [Common 17-83] Releasing license: Synthesis
124 Infos, 11 Warnings, 0 Critical Warnings and 0 Errors encountered.
synth_design completed successfully
synth_design: Time (s): cpu = 00:00:20 ; elapsed = 00:00:17 . Memory (MB): peak = 3002.238 ; gain = 64.031 ; free physical = 7569 ; free virtual = 35292
INFO: [Common 17-1381] The checkpoint '/home/yhp/Documents/Class/111-1_HLS/course-lab_finn/course-lab_finn/FINN_v0.8_lab_packv2/finn/build/vivado_zynq_proj_vbu_43za/finn_zynq_link.runs/top_rst_zynq_ps_100M_0_synth_1/top_rst_zynq_ps_100M_0.dcp' has been generated.
INFO: [Coretcl 2-1648] Added synthesis output to IP cache for IP top_rst_zynq_ps_100M_0, cache-ID = 3e769be0b73e4f4b
INFO: [Coretcl 2-1174] Renamed 6 cell refs.
INFO: [Common 17-1381] The checkpoint '/home/yhp/Documents/Class/111-1_HLS/course-lab_finn/course-lab_finn/FINN_v0.8_lab_packv2/finn/build/vivado_zynq_proj_vbu_43za/finn_zynq_link.runs/top_rst_zynq_ps_100M_0_synth_1/top_rst_zynq_ps_100M_0.dcp' has been generated.
INFO: [runtcl-4] Executing : report_utilization -file top_rst_zynq_ps_100M_0_utilization_synth.rpt -pb top_rst_zynq_ps_100M_0_utilization_synth.pb
INFO: [Common 17-206] Exiting Vivado at Wed Dec 28 15:14:32 2022...
