Copyright 1986-2022 Xilinx, Inc. All Rights Reserved.
-----------------------------------------------------------------------------------------------------------------------------------------------------------------------
| Tool Version : Vivado v.2022.1 (lin64) Build 3526262 Mon Apr 18 15:47:01 MDT 2022
| Date         : Wed Dec 28 09:49:17 2022
| Host         : finn_dev_yhp running 64-bit Ubuntu 18.04.5 LTS
| Command      : report_methodology -file top_wrapper_methodology_drc_routed.rpt -pb top_wrapper_methodology_drc_routed.pb -rpx top_wrapper_methodology_drc_routed.rpx
| Design       : top_wrapper
| Device       : xc7z020clg400-1
| Speed File   : -1
| Design State : Fully Routed
-----------------------------------------------------------------------------------------------------------------------------------------------------------------------

Report Methodology

Table of Contents
-----------------
1. REPORT SUMMARY
2. REPORT DETAILS

1. REPORT SUMMARY
-----------------
            Netlist: netlist
          Floorplan: design_1
      Design limits: <entire design considered>
             Max violations: <unlimited>
             Violations found: 1
+----------+----------+-------------------------------------------+------------+
| Rule     | Severity | Description                               | Violations |
+----------+----------+-------------------------------------------+------------+
| ULMTCS-2 | Warning  | Control Sets use limits require reduction | 1          |
+----------+----------+-------------------------------------------+------------+

2. REPORT DETAILS
-----------------
ULMTCS-2#1 Warning
Control Sets use limits require reduction  
This design uses 2069 control sets (vs. available limit of 13300, determined by 1 control set per CLB). This exceeds the control set use guideline of 15 percent. This is at a level where reduction is REQUIRED (see UG949). Use report_control_sets to get more details.
Related violations: <none>


