
*** Running vivado
    with args -log top_zynq_ps_0.vds -m64 -product Vivado -mode batch -messageDb vivado.pb -notrace -source top_zynq_ps_0.tcl


****** Vivado v2022.1 (64-bit)
  **** SW Build 3526262 on Mon Apr 18 15:47:01 MDT 2022
  **** IP Build 3524634 on Mon Apr 18 20:55:01 MDT 2022
    ** Copyright 1986-2022 Xilinx, Inc. All Rights Reserved.

source top_zynq_ps_0.tcl -notrace
INFO: [IP_Flow 19-234] Refreshing IP repositories
INFO: [IP_Flow 19-1700] Loaded user IP repository '/home/yhp/Documents/Class/111-1_HLS/course-lab_finn/course-lab_finn/FINN_v0.8_lab_packv2/finn/build/code_gen_ipgen_StreamingDataflowPartition_0_IODMA_0_dv1a4aj8/project_StreamingDataflowPartition_0_IODMA_0/sol1/impl/ip'.
INFO: [IP_Flow 19-1700] Loaded user IP repository '/home/yhp/Documents/Class/111-1_HLS/course-lab_finn/course-lab_finn/FINN_v0.8_lab_packv2/finn/build/vivado_stitch_proj_xmtqtbcz/ip'.
INFO: [IP_Flow 19-1700] Loaded user IP repository '/home/yhp/Documents/Class/111-1_HLS/course-lab_finn/course-lab_finn/FINN_v0.8_lab_packv2/finn/build/code_gen_ipgen_StreamingDataflowPartition_1_StreamingFIFO_0_ox2pk459/project_StreamingDataflowPartition_1_StreamingFIFO_0/sol1/impl/verilog'.
INFO: [IP_Flow 19-1700] Loaded user IP repository '/home/yhp/Documents/Class/111-1_HLS/course-lab_finn/course-lab_finn/FINN_v0.8_lab_packv2/finn/build/code_gen_ipgen_StreamingDataflowPartition_1_Thresholding_Batch_0_kvmr2e8y/project_StreamingDataflowPartition_1_Thresholding_Batch_0/sol1/impl/ip'.
INFO: [IP_Flow 19-1700] Loaded user IP repository '/home/yhp/Documents/Class/111-1_HLS/course-lab_finn/course-lab_finn/FINN_v0.8_lab_packv2/finn/build/code_gen_ipgen_StreamingDataflowPartition_1_StreamingDataWidthConverter_Batch_0_zr3oegt7/project_StreamingDataflowPartition_1_StreamingDataWidthConverter_Batch_0/sol1/impl/ip'.
INFO: [IP_Flow 19-1700] Loaded user IP repository '/home/yhp/Documents/Class/111-1_HLS/course-lab_finn/course-lab_finn/FINN_v0.8_lab_packv2/finn/build/code_gen_ipgen_StreamingDataflowPartition_1_FMPadding_Batch_0_vg4w36mn/project_StreamingDataflowPartition_1_FMPadding_Batch_0/sol1/impl/ip'.
INFO: [IP_Flow 19-1700] Loaded user IP repository '/home/yhp/Documents/Class/111-1_HLS/course-lab_finn/course-lab_finn/FINN_v0.8_lab_packv2/finn/build/code_gen_ipgen_StreamingDataflowPartition_1_StreamingDataWidthConverter_Batch_1_ahhxu966/project_StreamingDataflowPartition_1_StreamingDataWidthConverter_Batch_1/sol1/impl/ip'.
INFO: [IP_Flow 19-1700] Loaded user IP repository '/home/yhp/Documents/Class/111-1_HLS/course-lab_finn/course-lab_finn/FINN_v0.8_lab_packv2/finn/build/code_gen_ipgen_StreamingDataflowPartition_1_ConvolutionInputGenerator_0_rpd6ieuj/project_StreamingDataflowPartition_1_ConvolutionInputGenerator_0/sol1/impl/ip'.
INFO: [IP_Flow 19-1700] Loaded user IP repository '/home/yhp/Documents/Class/111-1_HLS/course-lab_finn/course-lab_finn/FINN_v0.8_lab_packv2/finn/build/code_gen_ipgen_StreamingDataflowPartition_1_StreamingFIFO_1_t3qi13oa/project_StreamingDataflowPartition_1_StreamingFIFO_1/sol1/impl/verilog'.
INFO: [IP_Flow 19-1700] Loaded user IP repository '/home/yhp/Documents/Class/111-1_HLS/course-lab_finn/course-lab_finn/FINN_v0.8_lab_packv2/finn/build/code_gen_ipgen_StreamingDataflowPartition_1_MatrixVectorActivation_0__g44zp2p/project_StreamingDataflowPartition_1_MatrixVectorActivation_0/sol1/impl/ip'.
INFO: [IP_Flow 19-1700] Loaded user IP repository '/home/yhp/Documents/Class/111-1_HLS/course-lab_finn/course-lab_finn/FINN_v0.8_lab_packv2/finn/build/code_gen_ipgen_StreamingDataflowPartition_1_DuplicateStreams_Batch_0_gdgkofn2/project_StreamingDataflowPartition_1_DuplicateStreams_Batch_0/sol1/impl/ip'.
INFO: [IP_Flow 19-1700] Loaded user IP repository '/home/yhp/Documents/Class/111-1_HLS/course-lab_finn/course-lab_finn/FINN_v0.8_lab_packv2/finn/build/code_gen_ipgen_StreamingDataflowPartition_1_StreamingDataWidthConverter_Batch_2_al__1n9n/project_StreamingDataflowPartition_1_StreamingDataWidthConverter_Batch_2/sol1/impl/ip'.
INFO: [IP_Flow 19-1700] Loaded user IP repository '/home/yhp/Documents/Class/111-1_HLS/course-lab_finn/course-lab_finn/FINN_v0.8_lab_packv2/finn/build/code_gen_ipgen_StreamingDataflowPartition_1_Thresholding_Batch_1_s7u1nm_n/project_StreamingDataflowPartition_1_Thresholding_Batch_1/sol1/impl/ip'.
INFO: [IP_Flow 19-1700] Loaded user IP repository '/home/yhp/Documents/Class/111-1_HLS/course-lab_finn/course-lab_finn/FINN_v0.8_lab_packv2/finn/build/code_gen_ipgen_StreamingDataflowPartition_1_FMPadding_Batch_1_wzee6kuu/project_StreamingDataflowPartition_1_FMPadding_Batch_1/sol1/impl/ip'.
INFO: [IP_Flow 19-1700] Loaded user IP repository '/home/yhp/Documents/Class/111-1_HLS/course-lab_finn/course-lab_finn/FINN_v0.8_lab_packv2/finn/build/code_gen_ipgen_StreamingDataflowPartition_1_StreamingDataWidthConverter_Batch_3_z6i5e_5a/project_StreamingDataflowPartition_1_StreamingDataWidthConverter_Batch_3/sol1/impl/ip'.
INFO: [IP_Flow 19-1700] Loaded user IP repository '/home/yhp/Documents/Class/111-1_HLS/course-lab_finn/course-lab_finn/FINN_v0.8_lab_packv2/finn/build/code_gen_ipgen_StreamingDataflowPartition_1_ConvolutionInputGenerator_1_wd4v_e5t/project_StreamingDataflowPartition_1_ConvolutionInputGenerator_1/sol1/impl/ip'.
INFO: [IP_Flow 19-1700] Loaded user IP repository '/home/yhp/Documents/Class/111-1_HLS/course-lab_finn/course-lab_finn/FINN_v0.8_lab_packv2/finn/build/code_gen_ipgen_StreamingDataflowPartition_1_StreamingFIFO_2_z_1vc6n2/project_StreamingDataflowPartition_1_StreamingFIFO_2/sol1/impl/verilog'.
INFO: [IP_Flow 19-1700] Loaded user IP repository '/home/yhp/Documents/Class/111-1_HLS/course-lab_finn/course-lab_finn/FINN_v0.8_lab_packv2/finn/build/code_gen_ipgen_StreamingDataflowPartition_1_MatrixVectorActivation_1_adoi5z1r/project_StreamingDataflowPartition_1_MatrixVectorActivation_1/sol1/impl/ip'.
INFO: [IP_Flow 19-1700] Loaded user IP repository '/home/yhp/Documents/Class/111-1_HLS/course-lab_finn/course-lab_finn/FINN_v0.8_lab_packv2/finn/build/code_gen_ipgen_StreamingDataflowPartition_1_StreamingDataWidthConverter_Batch_4_h2567p61/project_StreamingDataflowPartition_1_StreamingDataWidthConverter_Batch_4/sol1/impl/ip'.
INFO: [IP_Flow 19-1700] Loaded user IP repository '/home/yhp/Documents/Class/111-1_HLS/course-lab_finn/course-lab_finn/FINN_v0.8_lab_packv2/finn/build/code_gen_ipgen_StreamingDataflowPartition_1_FMPadding_Batch_2_o2bcwel3/project_StreamingDataflowPartition_1_FMPadding_Batch_2/sol1/impl/ip'.
INFO: [IP_Flow 19-1700] Loaded user IP repository '/home/yhp/Documents/Class/111-1_HLS/course-lab_finn/course-lab_finn/FINN_v0.8_lab_packv2/finn/build/code_gen_ipgen_StreamingDataflowPartition_1_StreamingDataWidthConverter_Batch_5_hpslnogs/project_StreamingDataflowPartition_1_StreamingDataWidthConverter_Batch_5/sol1/impl/ip'.
INFO: [IP_Flow 19-1700] Loaded user IP repository '/home/yhp/Documents/Class/111-1_HLS/course-lab_finn/course-lab_finn/FINN_v0.8_lab_packv2/finn/build/code_gen_ipgen_StreamingDataflowPartition_1_ConvolutionInputGenerator_2_yg7tpsxj/project_StreamingDataflowPartition_1_ConvolutionInputGenerator_2/sol1/impl/ip'.
INFO: [IP_Flow 19-1700] Loaded user IP repository '/home/yhp/Documents/Class/111-1_HLS/course-lab_finn/course-lab_finn/FINN_v0.8_lab_packv2/finn/build/code_gen_ipgen_StreamingDataflowPartition_1_StreamingFIFO_3_ojzlolg9/project_StreamingDataflowPartition_1_StreamingFIFO_3/sol1/impl/verilog'.
INFO: [IP_Flow 19-1700] Loaded user IP repository '/home/yhp/Documents/Class/111-1_HLS/course-lab_finn/course-lab_finn/FINN_v0.8_lab_packv2/finn/build/code_gen_ipgen_StreamingDataflowPartition_1_MatrixVectorActivation_2_30yphoi3/project_StreamingDataflowPartition_1_MatrixVectorActivation_2/sol1/impl/ip'.
INFO: [IP_Flow 19-1700] Loaded user IP repository '/home/yhp/Documents/Class/111-1_HLS/course-lab_finn/course-lab_finn/FINN_v0.8_lab_packv2/finn/build/code_gen_ipgen_StreamingDataflowPartition_1_AddStreams_Batch_0_f1fqz0f3/project_StreamingDataflowPartition_1_AddStreams_Batch_0/sol1/impl/ip'.
INFO: [IP_Flow 19-1700] Loaded user IP repository '/home/yhp/Documents/Class/111-1_HLS/course-lab_finn/course-lab_finn/FINN_v0.8_lab_packv2/finn/build/code_gen_ipgen_StreamingDataflowPartition_1_Thresholding_Batch_2_xqpebmha/project_StreamingDataflowPartition_1_Thresholding_Batch_2/sol1/impl/ip'.
INFO: [IP_Flow 19-1700] Loaded user IP repository '/home/yhp/Documents/Class/111-1_HLS/course-lab_finn/course-lab_finn/FINN_v0.8_lab_packv2/finn/build/code_gen_ipgen_StreamingDataflowPartition_1_DuplicateStreams_Batch_1_hs70o3u9/project_StreamingDataflowPartition_1_DuplicateStreams_Batch_1/sol1/impl/ip'.
INFO: [IP_Flow 19-1700] Loaded user IP repository '/home/yhp/Documents/Class/111-1_HLS/course-lab_finn/course-lab_finn/FINN_v0.8_lab_packv2/finn/build/code_gen_ipgen_StreamingDataflowPartition_1_StreamingDataWidthConverter_Batch_6_89dat11v/project_StreamingDataflowPartition_1_StreamingDataWidthConverter_Batch_6/sol1/impl/ip'.
INFO: [IP_Flow 19-1700] Loaded user IP repository '/home/yhp/Documents/Class/111-1_HLS/course-lab_finn/course-lab_finn/FINN_v0.8_lab_packv2/finn/build/code_gen_ipgen_StreamingDataflowPartition_1_StreamingDataWidthConverter_Batch_7_ef1jn6n8/project_StreamingDataflowPartition_1_StreamingDataWidthConverter_Batch_7/sol1/impl/ip'.
INFO: [IP_Flow 19-1700] Loaded user IP repository '/home/yhp/Documents/Class/111-1_HLS/course-lab_finn/course-lab_finn/FINN_v0.8_lab_packv2/finn/build/code_gen_ipgen_StreamingDataflowPartition_1_FMPadding_Batch_3_3s36f6u4/project_StreamingDataflowPartition_1_FMPadding_Batch_3/sol1/impl/ip'.
INFO: [IP_Flow 19-1700] Loaded user IP repository '/home/yhp/Documents/Class/111-1_HLS/course-lab_finn/course-lab_finn/FINN_v0.8_lab_packv2/finn/build/code_gen_ipgen_StreamingDataflowPartition_1_DownSampler_0_urmf1olj/project_StreamingDataflowPartition_1_DownSampler_0/sol1/impl/ip'.
INFO: [IP_Flow 19-1700] Loaded user IP repository '/home/yhp/Documents/Class/111-1_HLS/course-lab_finn/course-lab_finn/FINN_v0.8_lab_packv2/finn/build/code_gen_ipgen_StreamingDataflowPartition_1_StreamingDataWidthConverter_Batch_8_smhn8k_f/project_StreamingDataflowPartition_1_StreamingDataWidthConverter_Batch_8/sol1/impl/ip'.
INFO: [IP_Flow 19-1700] Loaded user IP repository '/home/yhp/Documents/Class/111-1_HLS/course-lab_finn/course-lab_finn/FINN_v0.8_lab_packv2/finn/build/code_gen_ipgen_StreamingDataflowPartition_1_StreamingDataWidthConverter_Batch_9_dlfqvzma/project_StreamingDataflowPartition_1_StreamingDataWidthConverter_Batch_9/sol1/impl/ip'.
INFO: [IP_Flow 19-1700] Loaded user IP repository '/home/yhp/Documents/Class/111-1_HLS/course-lab_finn/course-lab_finn/FINN_v0.8_lab_packv2/finn/build/code_gen_ipgen_StreamingDataflowPartition_1_StreamingFIFO_4_3d34zwar/project_StreamingDataflowPartition_1_StreamingFIFO_4/sol1/impl/verilog'.
INFO: [IP_Flow 19-1700] Loaded user IP repository '/home/yhp/Documents/Class/111-1_HLS/course-lab_finn/course-lab_finn/FINN_v0.8_lab_packv2/finn/build/code_gen_ipgen_StreamingDataflowPartition_1_ConvolutionInputGenerator_3_elggiind/project_StreamingDataflowPartition_1_ConvolutionInputGenerator_3/sol1/impl/ip'.
INFO: [IP_Flow 19-1700] Loaded user IP repository '/home/yhp/Documents/Class/111-1_HLS/course-lab_finn/course-lab_finn/FINN_v0.8_lab_packv2/finn/build/code_gen_ipgen_StreamingDataflowPartition_1_StreamingFIFO_5__npn_tlu/project_StreamingDataflowPartition_1_StreamingFIFO_5/sol1/impl/verilog'.
INFO: [IP_Flow 19-1700] Loaded user IP repository '/home/yhp/Documents/Class/111-1_HLS/course-lab_finn/course-lab_finn/FINN_v0.8_lab_packv2/finn/build/code_gen_ipgen_StreamingDataflowPartition_1_MatrixVectorActivation_3_t6cwj65o/project_StreamingDataflowPartition_1_MatrixVectorActivation_3/sol1/impl/ip'.
INFO: [IP_Flow 19-1700] Loaded user IP repository '/home/yhp/Documents/Class/111-1_HLS/course-lab_finn/course-lab_finn/FINN_v0.8_lab_packv2/finn/build/code_gen_ipgen_StreamingDataflowPartition_1_MatrixVectorActivation_4_oowr6359/project_StreamingDataflowPartition_1_MatrixVectorActivation_4/sol1/impl/ip'.
INFO: [IP_Flow 19-1700] Loaded user IP repository '/home/yhp/Documents/Class/111-1_HLS/course-lab_finn/course-lab_finn/FINN_v0.8_lab_packv2/finn/build/code_gen_ipgen_StreamingDataflowPartition_1_StreamingDataWidthConverter_Batch_10_5x4hd5cu/project_StreamingDataflowPartition_1_StreamingDataWidthConverter_Batch_10/sol1/impl/ip'.
INFO: [IP_Flow 19-1700] Loaded user IP repository '/home/yhp/Documents/Class/111-1_HLS/course-lab_finn/course-lab_finn/FINN_v0.8_lab_packv2/finn/build/code_gen_ipgen_StreamingDataflowPartition_1_FMPadding_Batch_4_twqimrcb/project_StreamingDataflowPartition_1_FMPadding_Batch_4/sol1/impl/ip'.
INFO: [IP_Flow 19-1700] Loaded user IP repository '/home/yhp/Documents/Class/111-1_HLS/course-lab_finn/course-lab_finn/FINN_v0.8_lab_packv2/finn/build/code_gen_ipgen_StreamingDataflowPartition_1_StreamingDataWidthConverter_Batch_11_23ug1l_x/project_StreamingDataflowPartition_1_StreamingDataWidthConverter_Batch_11/sol1/impl/ip'.
INFO: [IP_Flow 19-1700] Loaded user IP repository '/home/yhp/Documents/Class/111-1_HLS/course-lab_finn/course-lab_finn/FINN_v0.8_lab_packv2/finn/build/code_gen_ipgen_StreamingDataflowPartition_1_ConvolutionInputGenerator_4_f4t_htl_/project_StreamingDataflowPartition_1_ConvolutionInputGenerator_4/sol1/impl/ip'.
INFO: [IP_Flow 19-1700] Loaded user IP repository '/home/yhp/Documents/Class/111-1_HLS/course-lab_finn/course-lab_finn/FINN_v0.8_lab_packv2/finn/build/code_gen_ipgen_StreamingDataflowPartition_1_StreamingFIFO_6_q_af4r7u/project_StreamingDataflowPartition_1_StreamingFIFO_6/sol1/impl/verilog'.
INFO: [IP_Flow 19-1700] Loaded user IP repository '/home/yhp/Documents/Class/111-1_HLS/course-lab_finn/course-lab_finn/FINN_v0.8_lab_packv2/finn/build/code_gen_ipgen_StreamingDataflowPartition_1_MatrixVectorActivation_5_uzs47gc6/project_StreamingDataflowPartition_1_MatrixVectorActivation_5/sol1/impl/ip'.
INFO: [IP_Flow 19-1700] Loaded user IP repository '/home/yhp/Documents/Class/111-1_HLS/course-lab_finn/course-lab_finn/FINN_v0.8_lab_packv2/finn/build/code_gen_ipgen_StreamingDataflowPartition_1_AddStreams_Batch_1_ryj2q3ih/project_StreamingDataflowPartition_1_AddStreams_Batch_1/sol1/impl/ip'.
INFO: [IP_Flow 19-1700] Loaded user IP repository '/home/yhp/Documents/Class/111-1_HLS/course-lab_finn/course-lab_finn/FINN_v0.8_lab_packv2/finn/build/code_gen_ipgen_StreamingDataflowPartition_1_Thresholding_Batch_3_jkzq4317/project_StreamingDataflowPartition_1_Thresholding_Batch_3/sol1/impl/ip'.
INFO: [IP_Flow 19-1700] Loaded user IP repository '/home/yhp/Documents/Class/111-1_HLS/course-lab_finn/course-lab_finn/FINN_v0.8_lab_packv2/finn/build/code_gen_ipgen_StreamingDataflowPartition_1_DuplicateStreams_Batch_2_x1k19s8u/project_StreamingDataflowPartition_1_DuplicateStreams_Batch_2/sol1/impl/ip'.
INFO: [IP_Flow 19-1700] Loaded user IP repository '/home/yhp/Documents/Class/111-1_HLS/course-lab_finn/course-lab_finn/FINN_v0.8_lab_packv2/finn/build/code_gen_ipgen_StreamingDataflowPartition_1_StreamingDataWidthConverter_Batch_12_7i_1ez4d/project_StreamingDataflowPartition_1_StreamingDataWidthConverter_Batch_12/sol1/impl/ip'.
INFO: [IP_Flow 19-1700] Loaded user IP repository '/home/yhp/Documents/Class/111-1_HLS/course-lab_finn/course-lab_finn/FINN_v0.8_lab_packv2/finn/build/code_gen_ipgen_StreamingDataflowPartition_1_StreamingDataWidthConverter_Batch_13_bn_av3kr/project_StreamingDataflowPartition_1_StreamingDataWidthConverter_Batch_13/sol1/impl/ip'.
INFO: [IP_Flow 19-1700] Loaded user IP repository '/home/yhp/Documents/Class/111-1_HLS/course-lab_finn/course-lab_finn/FINN_v0.8_lab_packv2/finn/build/code_gen_ipgen_StreamingDataflowPartition_1_FMPadding_Batch_5__h6fzrl9/project_StreamingDataflowPartition_1_FMPadding_Batch_5/sol1/impl/ip'.
INFO: [IP_Flow 19-1700] Loaded user IP repository '/home/yhp/Documents/Class/111-1_HLS/course-lab_finn/course-lab_finn/FINN_v0.8_lab_packv2/finn/build/code_gen_ipgen_StreamingDataflowPartition_1_DownSampler_1_2cgo0fqp/project_StreamingDataflowPartition_1_DownSampler_1/sol1/impl/ip'.
INFO: [IP_Flow 19-1700] Loaded user IP repository '/home/yhp/Documents/Class/111-1_HLS/course-lab_finn/course-lab_finn/FINN_v0.8_lab_packv2/finn/build/code_gen_ipgen_StreamingDataflowPartition_1_StreamingDataWidthConverter_Batch_14_xtk8_bh6/project_StreamingDataflowPartition_1_StreamingDataWidthConverter_Batch_14/sol1/impl/ip'.
INFO: [IP_Flow 19-1700] Loaded user IP repository '/home/yhp/Documents/Class/111-1_HLS/course-lab_finn/course-lab_finn/FINN_v0.8_lab_packv2/finn/build/code_gen_ipgen_StreamingDataflowPartition_1_StreamingDataWidthConverter_Batch_15_6fb9ffs0/project_StreamingDataflowPartition_1_StreamingDataWidthConverter_Batch_15/sol1/impl/ip'.
INFO: [IP_Flow 19-1700] Loaded user IP repository '/home/yhp/Documents/Class/111-1_HLS/course-lab_finn/course-lab_finn/FINN_v0.8_lab_packv2/finn/build/code_gen_ipgen_StreamingDataflowPartition_1_StreamingFIFO_7_kvu2frxk/project_StreamingDataflowPartition_1_StreamingFIFO_7/sol1/impl/verilog'.
INFO: [IP_Flow 19-1700] Loaded user IP repository '/home/yhp/Documents/Class/111-1_HLS/course-lab_finn/course-lab_finn/FINN_v0.8_lab_packv2/finn/build/code_gen_ipgen_StreamingDataflowPartition_1_ConvolutionInputGenerator_5_vmk32unc/project_StreamingDataflowPartition_1_ConvolutionInputGenerator_5/sol1/impl/ip'.
INFO: [IP_Flow 19-1700] Loaded user IP repository '/home/yhp/Documents/Class/111-1_HLS/course-lab_finn/course-lab_finn/FINN_v0.8_lab_packv2/finn/build/code_gen_ipgen_StreamingDataflowPartition_1_StreamingFIFO_8_hjxt8nvh/project_StreamingDataflowPartition_1_StreamingFIFO_8/sol1/impl/verilog'.
INFO: [IP_Flow 19-1700] Loaded user IP repository '/home/yhp/Documents/Class/111-1_HLS/course-lab_finn/course-lab_finn/FINN_v0.8_lab_packv2/finn/build/code_gen_ipgen_StreamingDataflowPartition_1_MatrixVectorActivation_6_m51mk8q3/project_StreamingDataflowPartition_1_MatrixVectorActivation_6/sol1/impl/ip'.
INFO: [IP_Flow 19-1700] Loaded user IP repository '/home/yhp/Documents/Class/111-1_HLS/course-lab_finn/course-lab_finn/FINN_v0.8_lab_packv2/finn/build/code_gen_ipgen_StreamingDataflowPartition_1_MatrixVectorActivation_7_s09jrr06/project_StreamingDataflowPartition_1_MatrixVectorActivation_7/sol1/impl/ip'.
INFO: [IP_Flow 19-1700] Loaded user IP repository '/home/yhp/Documents/Class/111-1_HLS/course-lab_finn/course-lab_finn/FINN_v0.8_lab_packv2/finn/build/code_gen_ipgen_StreamingDataflowPartition_1_StreamingDataWidthConverter_Batch_16_jp8de1vp/project_StreamingDataflowPartition_1_StreamingDataWidthConverter_Batch_16/sol1/impl/ip'.
INFO: [IP_Flow 19-1700] Loaded user IP repository '/home/yhp/Documents/Class/111-1_HLS/course-lab_finn/course-lab_finn/FINN_v0.8_lab_packv2/finn/build/code_gen_ipgen_StreamingDataflowPartition_1_FMPadding_Batch_6_w0v626ou/project_StreamingDataflowPartition_1_FMPadding_Batch_6/sol1/impl/ip'.
INFO: [IP_Flow 19-1700] Loaded user IP repository '/home/yhp/Documents/Class/111-1_HLS/course-lab_finn/course-lab_finn/FINN_v0.8_lab_packv2/finn/build/code_gen_ipgen_StreamingDataflowPartition_1_StreamingDataWidthConverter_Batch_17_a9ggpuzi/project_StreamingDataflowPartition_1_StreamingDataWidthConverter_Batch_17/sol1/impl/ip'.
INFO: [IP_Flow 19-1700] Loaded user IP repository '/home/yhp/Documents/Class/111-1_HLS/course-lab_finn/course-lab_finn/FINN_v0.8_lab_packv2/finn/build/code_gen_ipgen_StreamingDataflowPartition_1_ConvolutionInputGenerator_6_zhdicnta/project_StreamingDataflowPartition_1_ConvolutionInputGenerator_6/sol1/impl/ip'.
INFO: [IP_Flow 19-1700] Loaded user IP repository '/home/yhp/Documents/Class/111-1_HLS/course-lab_finn/course-lab_finn/FINN_v0.8_lab_packv2/finn/build/code_gen_ipgen_StreamingDataflowPartition_1_StreamingFIFO_9_cweu7dx6/project_StreamingDataflowPartition_1_StreamingFIFO_9/sol1/impl/verilog'.
INFO: [IP_Flow 19-1700] Loaded user IP repository '/home/yhp/Documents/Class/111-1_HLS/course-lab_finn/course-lab_finn/FINN_v0.8_lab_packv2/finn/build/code_gen_ipgen_StreamingDataflowPartition_1_MatrixVectorActivation_8_z8ye6e7y/project_StreamingDataflowPartition_1_MatrixVectorActivation_8/sol1/impl/ip'.
INFO: [IP_Flow 19-1700] Loaded user IP repository '/home/yhp/Documents/Class/111-1_HLS/course-lab_finn/course-lab_finn/FINN_v0.8_lab_packv2/finn/build/code_gen_ipgen_StreamingDataflowPartition_1_AddStreams_Batch_2_pclmbwb1/project_StreamingDataflowPartition_1_AddStreams_Batch_2/sol1/impl/ip'.
INFO: [IP_Flow 19-1700] Loaded user IP repository '/home/yhp/Documents/Class/111-1_HLS/course-lab_finn/course-lab_finn/FINN_v0.8_lab_packv2/finn/build/code_gen_ipgen_StreamingDataflowPartition_1_Thresholding_Batch_4_zjlt6fun/project_StreamingDataflowPartition_1_Thresholding_Batch_4/sol1/impl/ip'.
INFO: [IP_Flow 19-1700] Loaded user IP repository '/home/yhp/Documents/Class/111-1_HLS/course-lab_finn/course-lab_finn/FINN_v0.8_lab_packv2/finn/build/code_gen_ipgen_StreamingDataflowPartition_1_StreamingFIFO_10_qfut3w6o/project_StreamingDataflowPartition_1_StreamingFIFO_10/sol1/impl/verilog'.
INFO: [IP_Flow 19-1700] Loaded user IP repository '/home/yhp/Documents/Class/111-1_HLS/course-lab_finn/course-lab_finn/FINN_v0.8_lab_packv2/finn/build/vivado_stitch_proj_88xmpoiq/ip'.
INFO: [IP_Flow 19-1700] Loaded user IP repository '/home/yhp/Documents/Class/111-1_HLS/course-lab_finn/course-lab_finn/FINN_v0.8_lab_packv2/finn/finn-rtllib/memstream'.
INFO: [IP_Flow 19-1700] Loaded user IP repository '/home/yhp/Documents/Class/111-1_HLS/course-lab_finn/course-lab_finn/FINN_v0.8_lab_packv2/finn/build/code_gen_ipgen_StreamingDataflowPartition_2_IODMA_0_w2x050uy/project_StreamingDataflowPartition_2_IODMA_0/sol1/impl/ip'.
INFO: [IP_Flow 19-1700] Loaded user IP repository '/home/yhp/Documents/Class/111-1_HLS/course-lab_finn/course-lab_finn/FINN_v0.8_lab_packv2/finn/build/vivado_stitch_proj_8sy5f3bn/ip'.
INFO: [IP_Flow 19-2313] Loaded Vivado IP repository '/tool/Xilinx/Vivado/2022.1/data/ip'.
Command: synth_design -top top_zynq_ps_0 -part xc7z020clg400-1 -incremental_mode off -mode out_of_context
Starting synth_design
Attempting to get a license for feature 'Synthesis' and/or device 'xc7z020'
INFO: [Common 17-349] Got license for feature 'Synthesis' and/or device 'xc7z020'
INFO: [Device 21-403] Loading part xc7z020clg400-1
INFO: [Synth 8-7079] Multithreading enabled for synth_design using a maximum of 4 processes.
INFO: [Synth 8-7078] Launching helper process for spawning children vivado processes
INFO: [Synth 8-7075] Helper process launched with PID 1833861
WARNING: [Synth 8-9501] generate block is allowed only inside loop and conditional generate in SystemVerilog mode [/tool/Xilinx/Vivado/2022.1/data/ip/xpm/xpm_fifo/hdl/xpm_fifo.sv:4023]
---------------------------------------------------------------------------------
Starting RTL Elaboration : Time (s): cpu = 00:00:02 ; elapsed = 00:00:03 . Memory (MB): peak = 2938.215 ; gain = 0.000 ; free physical = 8182 ; free virtual = 38583
---------------------------------------------------------------------------------
INFO: [Synth 8-6157] synthesizing module 'top_zynq_ps_0' [/home/yhp/Documents/Class/111-1_HLS/course-lab_finn/course-lab_finn/FINN_v0.8_lab_packv2/finn/build/vivado_zynq_proj_v51lm0sq/finn_zynq_link.gen/sources_1/bd/top/ip/top_zynq_ps_0/synth/top_zynq_ps_0.v:53]
INFO: [Synth 8-6157] synthesizing module 'processing_system7_v5_5_processing_system7' [/home/yhp/Documents/Class/111-1_HLS/course-lab_finn/course-lab_finn/FINN_v0.8_lab_packv2/finn/build/vivado_zynq_proj_v51lm0sq/finn_zynq_link.gen/sources_1/bd/top/ip/top_zynq_ps_0/hdl/verilog/processing_system7_v5_5_processing_system7.v:152]
INFO: [Synth 8-6157] synthesizing module 'BUFG' [/tool/Xilinx/Vivado/2022.1/scripts/rt/data/unisim_comp.v:1082]
INFO: [Synth 8-6155] done synthesizing module 'BUFG' (0#1) [/tool/Xilinx/Vivado/2022.1/scripts/rt/data/unisim_comp.v:1082]
INFO: [Synth 8-6157] synthesizing module 'BIBUF' [/tool/Xilinx/Vivado/2022.1/scripts/rt/data/unisim_comp.v:729]
INFO: [Synth 8-6155] done synthesizing module 'BIBUF' (0#1) [/tool/Xilinx/Vivado/2022.1/scripts/rt/data/unisim_comp.v:729]
INFO: [Synth 8-6157] synthesizing module 'PS7' [/tool/Xilinx/Vivado/2022.1/scripts/rt/data/unisim_comp.v:89904]
INFO: [Synth 8-6155] done synthesizing module 'PS7' (0#1) [/tool/Xilinx/Vivado/2022.1/scripts/rt/data/unisim_comp.v:89904]
INFO: [Synth 8-6155] done synthesizing module 'processing_system7_v5_5_processing_system7' (0#1) [/home/yhp/Documents/Class/111-1_HLS/course-lab_finn/course-lab_finn/FINN_v0.8_lab_packv2/finn/build/vivado_zynq_proj_v51lm0sq/finn_zynq_link.gen/sources_1/bd/top/ip/top_zynq_ps_0/hdl/verilog/processing_system7_v5_5_processing_system7.v:152]
WARNING: [Synth 8-7071] port 'M_AXI_GP0_ARESETN' of module 'processing_system7_v5_5_processing_system7' is unconnected for instance 'inst' [/home/yhp/Documents/Class/111-1_HLS/course-lab_finn/course-lab_finn/FINN_v0.8_lab_packv2/finn/build/vivado_zynq_proj_v51lm0sq/finn_zynq_link.gen/sources_1/bd/top/ip/top_zynq_ps_0/synth/top_zynq_ps_0.v:461]
WARNING: [Synth 8-7071] port 'M_AXI_GP1_ARESETN' of module 'processing_system7_v5_5_processing_system7' is unconnected for instance 'inst' [/home/yhp/Documents/Class/111-1_HLS/course-lab_finn/course-lab_finn/FINN_v0.8_lab_packv2/finn/build/vivado_zynq_proj_v51lm0sq/finn_zynq_link.gen/sources_1/bd/top/ip/top_zynq_ps_0/synth/top_zynq_ps_0.v:461]
WARNING: [Synth 8-7071] port 'S_AXI_GP0_ARESETN' of module 'processing_system7_v5_5_processing_system7' is unconnected for instance 'inst' [/home/yhp/Documents/Class/111-1_HLS/course-lab_finn/course-lab_finn/FINN_v0.8_lab_packv2/finn/build/vivado_zynq_proj_v51lm0sq/finn_zynq_link.gen/sources_1/bd/top/ip/top_zynq_ps_0/synth/top_zynq_ps_0.v:461]
WARNING: [Synth 8-7071] port 'S_AXI_GP1_ARESETN' of module 'processing_system7_v5_5_processing_system7' is unconnected for instance 'inst' [/home/yhp/Documents/Class/111-1_HLS/course-lab_finn/course-lab_finn/FINN_v0.8_lab_packv2/finn/build/vivado_zynq_proj_v51lm0sq/finn_zynq_link.gen/sources_1/bd/top/ip/top_zynq_ps_0/synth/top_zynq_ps_0.v:461]
WARNING: [Synth 8-7071] port 'S_AXI_ACP_ARESETN' of module 'processing_system7_v5_5_processing_system7' is unconnected for instance 'inst' [/home/yhp/Documents/Class/111-1_HLS/course-lab_finn/course-lab_finn/FINN_v0.8_lab_packv2/finn/build/vivado_zynq_proj_v51lm0sq/finn_zynq_link.gen/sources_1/bd/top/ip/top_zynq_ps_0/synth/top_zynq_ps_0.v:461]
WARNING: [Synth 8-7071] port 'S_AXI_HP0_ARESETN' of module 'processing_system7_v5_5_processing_system7' is unconnected for instance 'inst' [/home/yhp/Documents/Class/111-1_HLS/course-lab_finn/course-lab_finn/FINN_v0.8_lab_packv2/finn/build/vivado_zynq_proj_v51lm0sq/finn_zynq_link.gen/sources_1/bd/top/ip/top_zynq_ps_0/synth/top_zynq_ps_0.v:461]
WARNING: [Synth 8-7071] port 'S_AXI_HP1_ARESETN' of module 'processing_system7_v5_5_processing_system7' is unconnected for instance 'inst' [/home/yhp/Documents/Class/111-1_HLS/course-lab_finn/course-lab_finn/FINN_v0.8_lab_packv2/finn/build/vivado_zynq_proj_v51lm0sq/finn_zynq_link.gen/sources_1/bd/top/ip/top_zynq_ps_0/synth/top_zynq_ps_0.v:461]
WARNING: [Synth 8-7071] port 'S_AXI_HP2_ARESETN' of module 'processing_system7_v5_5_processing_system7' is unconnected for instance 'inst' [/home/yhp/Documents/Class/111-1_HLS/course-lab_finn/course-lab_finn/FINN_v0.8_lab_packv2/finn/build/vivado_zynq_proj_v51lm0sq/finn_zynq_link.gen/sources_1/bd/top/ip/top_zynq_ps_0/synth/top_zynq_ps_0.v:461]
WARNING: [Synth 8-7071] port 'S_AXI_HP3_ARESETN' of module 'processing_system7_v5_5_processing_system7' is unconnected for instance 'inst' [/home/yhp/Documents/Class/111-1_HLS/course-lab_finn/course-lab_finn/FINN_v0.8_lab_packv2/finn/build/vivado_zynq_proj_v51lm0sq/finn_zynq_link.gen/sources_1/bd/top/ip/top_zynq_ps_0/synth/top_zynq_ps_0.v:461]
WARNING: [Synth 8-7071] port 'DMA0_RSTN' of module 'processing_system7_v5_5_processing_system7' is unconnected for instance 'inst' [/home/yhp/Documents/Class/111-1_HLS/course-lab_finn/course-lab_finn/FINN_v0.8_lab_packv2/finn/build/vivado_zynq_proj_v51lm0sq/finn_zynq_link.gen/sources_1/bd/top/ip/top_zynq_ps_0/synth/top_zynq_ps_0.v:461]
WARNING: [Synth 8-7071] port 'DMA1_RSTN' of module 'processing_system7_v5_5_processing_system7' is unconnected for instance 'inst' [/home/yhp/Documents/Class/111-1_HLS/course-lab_finn/course-lab_finn/FINN_v0.8_lab_packv2/finn/build/vivado_zynq_proj_v51lm0sq/finn_zynq_link.gen/sources_1/bd/top/ip/top_zynq_ps_0/synth/top_zynq_ps_0.v:461]
WARNING: [Synth 8-7071] port 'DMA2_RSTN' of module 'processing_system7_v5_5_processing_system7' is unconnected for instance 'inst' [/home/yhp/Documents/Class/111-1_HLS/course-lab_finn/course-lab_finn/FINN_v0.8_lab_packv2/finn/build/vivado_zynq_proj_v51lm0sq/finn_zynq_link.gen/sources_1/bd/top/ip/top_zynq_ps_0/synth/top_zynq_ps_0.v:461]
WARNING: [Synth 8-7071] port 'DMA3_RSTN' of module 'processing_system7_v5_5_processing_system7' is unconnected for instance 'inst' [/home/yhp/Documents/Class/111-1_HLS/course-lab_finn/course-lab_finn/FINN_v0.8_lab_packv2/finn/build/vivado_zynq_proj_v51lm0sq/finn_zynq_link.gen/sources_1/bd/top/ip/top_zynq_ps_0/synth/top_zynq_ps_0.v:461]
WARNING: [Synth 8-7023] instance 'inst' of module 'processing_system7_v5_5_processing_system7' has 685 connections declared, but only 672 given [/home/yhp/Documents/Class/111-1_HLS/course-lab_finn/course-lab_finn/FINN_v0.8_lab_packv2/finn/build/vivado_zynq_proj_v51lm0sq/finn_zynq_link.gen/sources_1/bd/top/ip/top_zynq_ps_0/synth/top_zynq_ps_0.v:461]
INFO: [Synth 8-6155] done synthesizing module 'top_zynq_ps_0' (0#1) [/home/yhp/Documents/Class/111-1_HLS/course-lab_finn/course-lab_finn/FINN_v0.8_lab_packv2/finn/build/vivado_zynq_proj_v51lm0sq/finn_zynq_link.gen/sources_1/bd/top/ip/top_zynq_ps_0/synth/top_zynq_ps_0.v:53]
WARNING: [Synth 8-7129] Port ENET0_GMII_COL in module processing_system7_v5_5_processing_system7 is either unconnected or has no load
WARNING: [Synth 8-7129] Port ENET0_GMII_CRS in module processing_system7_v5_5_processing_system7 is either unconnected or has no load
WARNING: [Synth 8-7129] Port ENET0_GMII_RX_DV in module processing_system7_v5_5_processing_system7 is either unconnected or has no load
WARNING: [Synth 8-7129] Port ENET0_GMII_RX_ER in module processing_system7_v5_5_processing_system7 is either unconnected or has no load
WARNING: [Synth 8-7129] Port ENET0_GMII_RXD[7] in module processing_system7_v5_5_processing_system7 is either unconnected or has no load
WARNING: [Synth 8-7129] Port ENET0_GMII_RXD[6] in module processing_system7_v5_5_processing_system7 is either unconnected or has no load
WARNING: [Synth 8-7129] Port ENET0_GMII_RXD[5] in module processing_system7_v5_5_processing_system7 is either unconnected or has no load
WARNING: [Synth 8-7129] Port ENET0_GMII_RXD[4] in module processing_system7_v5_5_processing_system7 is either unconnected or has no load
WARNING: [Synth 8-7129] Port ENET0_GMII_RXD[3] in module processing_system7_v5_5_processing_system7 is either unconnected or has no load
WARNING: [Synth 8-7129] Port ENET0_GMII_RXD[2] in module processing_system7_v5_5_processing_system7 is either unconnected or has no load
WARNING: [Synth 8-7129] Port ENET0_GMII_RXD[1] in module processing_system7_v5_5_processing_system7 is either unconnected or has no load
WARNING: [Synth 8-7129] Port ENET0_GMII_RXD[0] in module processing_system7_v5_5_processing_system7 is either unconnected or has no load
WARNING: [Synth 8-7129] Port ENET1_GMII_COL in module processing_system7_v5_5_processing_system7 is either unconnected or has no load
WARNING: [Synth 8-7129] Port ENET1_GMII_CRS in module processing_system7_v5_5_processing_system7 is either unconnected or has no load
WARNING: [Synth 8-7129] Port ENET1_GMII_RX_DV in module processing_system7_v5_5_processing_system7 is either unconnected or has no load
WARNING: [Synth 8-7129] Port ENET1_GMII_RX_ER in module processing_system7_v5_5_processing_system7 is either unconnected or has no load
WARNING: [Synth 8-7129] Port ENET1_GMII_RXD[7] in module processing_system7_v5_5_processing_system7 is either unconnected or has no load
WARNING: [Synth 8-7129] Port ENET1_GMII_RXD[6] in module processing_system7_v5_5_processing_system7 is either unconnected or has no load
WARNING: [Synth 8-7129] Port ENET1_GMII_RXD[5] in module processing_system7_v5_5_processing_system7 is either unconnected or has no load
WARNING: [Synth 8-7129] Port ENET1_GMII_RXD[4] in module processing_system7_v5_5_processing_system7 is either unconnected or has no load
WARNING: [Synth 8-7129] Port ENET1_GMII_RXD[3] in module processing_system7_v5_5_processing_system7 is either unconnected or has no load
WARNING: [Synth 8-7129] Port ENET1_GMII_RXD[2] in module processing_system7_v5_5_processing_system7 is either unconnected or has no load
WARNING: [Synth 8-7129] Port ENET1_GMII_RXD[1] in module processing_system7_v5_5_processing_system7 is either unconnected or has no load
WARNING: [Synth 8-7129] Port ENET1_GMII_RXD[0] in module processing_system7_v5_5_processing_system7 is either unconnected or has no load
WARNING: [Synth 8-7129] Port S_AXI_GP0_ARSIZE[2] in module processing_system7_v5_5_processing_system7 is either unconnected or has no load
WARNING: [Synth 8-7129] Port S_AXI_GP0_AWSIZE[2] in module processing_system7_v5_5_processing_system7 is either unconnected or has no load
WARNING: [Synth 8-7129] Port S_AXI_GP1_ARSIZE[2] in module processing_system7_v5_5_processing_system7 is either unconnected or has no load
WARNING: [Synth 8-7129] Port S_AXI_GP1_AWSIZE[2] in module processing_system7_v5_5_processing_system7 is either unconnected or has no load
WARNING: [Synth 8-7129] Port S_AXI_ACP_ARSIZE[2] in module processing_system7_v5_5_processing_system7 is either unconnected or has no load
WARNING: [Synth 8-7129] Port S_AXI_ACP_AWSIZE[2] in module processing_system7_v5_5_processing_system7 is either unconnected or has no load
WARNING: [Synth 8-7129] Port S_AXI_HP0_ARSIZE[2] in module processing_system7_v5_5_processing_system7 is either unconnected or has no load
WARNING: [Synth 8-7129] Port S_AXI_HP0_AWSIZE[2] in module processing_system7_v5_5_processing_system7 is either unconnected or has no load
WARNING: [Synth 8-7129] Port S_AXI_HP1_ARSIZE[2] in module processing_system7_v5_5_processing_system7 is either unconnected or has no load
WARNING: [Synth 8-7129] Port S_AXI_HP1_AWSIZE[2] in module processing_system7_v5_5_processing_system7 is either unconnected or has no load
WARNING: [Synth 8-7129] Port S_AXI_HP2_ARSIZE[2] in module processing_system7_v5_5_processing_system7 is either unconnected or has no load
WARNING: [Synth 8-7129] Port S_AXI_HP2_AWSIZE[2] in module processing_system7_v5_5_processing_system7 is either unconnected or has no load
WARNING: [Synth 8-7129] Port S_AXI_HP3_ARSIZE[2] in module processing_system7_v5_5_processing_system7 is either unconnected or has no load
WARNING: [Synth 8-7129] Port S_AXI_HP3_AWSIZE[2] in module processing_system7_v5_5_processing_system7 is either unconnected or has no load
WARNING: [Synth 8-7129] Port FCLK_CLKTRIG3_N in module processing_system7_v5_5_processing_system7 is either unconnected or has no load
WARNING: [Synth 8-7129] Port FCLK_CLKTRIG2_N in module processing_system7_v5_5_processing_system7 is either unconnected or has no load
WARNING: [Synth 8-7129] Port FCLK_CLKTRIG1_N in module processing_system7_v5_5_processing_system7 is either unconnected or has no load
WARNING: [Synth 8-7129] Port FCLK_CLKTRIG0_N in module processing_system7_v5_5_processing_system7 is either unconnected or has no load
WARNING: [Synth 8-7129] Port FTMD_TRACEIN_DATA[31] in module processing_system7_v5_5_processing_system7 is either unconnected or has no load
WARNING: [Synth 8-7129] Port FTMD_TRACEIN_DATA[30] in module processing_system7_v5_5_processing_system7 is either unconnected or has no load
WARNING: [Synth 8-7129] Port FTMD_TRACEIN_DATA[29] in module processing_system7_v5_5_processing_system7 is either unconnected or has no load
WARNING: [Synth 8-7129] Port FTMD_TRACEIN_DATA[28] in module processing_system7_v5_5_processing_system7 is either unconnected or has no load
WARNING: [Synth 8-7129] Port FTMD_TRACEIN_DATA[27] in module processing_system7_v5_5_processing_system7 is either unconnected or has no load
WARNING: [Synth 8-7129] Port FTMD_TRACEIN_DATA[26] in module processing_system7_v5_5_processing_system7 is either unconnected or has no load
WARNING: [Synth 8-7129] Port FTMD_TRACEIN_DATA[25] in module processing_system7_v5_5_processing_system7 is either unconnected or has no load
WARNING: [Synth 8-7129] Port FTMD_TRACEIN_DATA[24] in module processing_system7_v5_5_processing_system7 is either unconnected or has no load
WARNING: [Synth 8-7129] Port FTMD_TRACEIN_DATA[23] in module processing_system7_v5_5_processing_system7 is either unconnected or has no load
WARNING: [Synth 8-7129] Port FTMD_TRACEIN_DATA[22] in module processing_system7_v5_5_processing_system7 is either unconnected or has no load
WARNING: [Synth 8-7129] Port FTMD_TRACEIN_DATA[21] in module processing_system7_v5_5_processing_system7 is either unconnected or has no load
WARNING: [Synth 8-7129] Port FTMD_TRACEIN_DATA[20] in module processing_system7_v5_5_processing_system7 is either unconnected or has no load
WARNING: [Synth 8-7129] Port FTMD_TRACEIN_DATA[19] in module processing_system7_v5_5_processing_system7 is either unconnected or has no load
WARNING: [Synth 8-7129] Port FTMD_TRACEIN_DATA[18] in module processing_system7_v5_5_processing_system7 is either unconnected or has no load
WARNING: [Synth 8-7129] Port FTMD_TRACEIN_DATA[17] in module processing_system7_v5_5_processing_system7 is either unconnected or has no load
WARNING: [Synth 8-7129] Port FTMD_TRACEIN_DATA[16] in module processing_system7_v5_5_processing_system7 is either unconnected or has no load
WARNING: [Synth 8-7129] Port FTMD_TRACEIN_DATA[15] in module processing_system7_v5_5_processing_system7 is either unconnected or has no load
WARNING: [Synth 8-7129] Port FTMD_TRACEIN_DATA[14] in module processing_system7_v5_5_processing_system7 is either unconnected or has no load
WARNING: [Synth 8-7129] Port FTMD_TRACEIN_DATA[13] in module processing_system7_v5_5_processing_system7 is either unconnected or has no load
WARNING: [Synth 8-7129] Port FTMD_TRACEIN_DATA[12] in module processing_system7_v5_5_processing_system7 is either unconnected or has no load
WARNING: [Synth 8-7129] Port FTMD_TRACEIN_DATA[11] in module processing_system7_v5_5_processing_system7 is either unconnected or has no load
WARNING: [Synth 8-7129] Port FTMD_TRACEIN_DATA[10] in module processing_system7_v5_5_processing_system7 is either unconnected or has no load
WARNING: [Synth 8-7129] Port FTMD_TRACEIN_DATA[9] in module processing_system7_v5_5_processing_system7 is either unconnected or has no load
WARNING: [Synth 8-7129] Port FTMD_TRACEIN_DATA[8] in module processing_system7_v5_5_processing_system7 is either unconnected or has no load
WARNING: [Synth 8-7129] Port FTMD_TRACEIN_DATA[7] in module processing_system7_v5_5_processing_system7 is either unconnected or has no load
WARNING: [Synth 8-7129] Port FTMD_TRACEIN_DATA[6] in module processing_system7_v5_5_processing_system7 is either unconnected or has no load
WARNING: [Synth 8-7129] Port FTMD_TRACEIN_DATA[5] in module processing_system7_v5_5_processing_system7 is either unconnected or has no load
WARNING: [Synth 8-7129] Port FTMD_TRACEIN_DATA[4] in module processing_system7_v5_5_processing_system7 is either unconnected or has no load
WARNING: [Synth 8-7129] Port FTMD_TRACEIN_DATA[3] in module processing_system7_v5_5_processing_system7 is either unconnected or has no load
WARNING: [Synth 8-7129] Port FTMD_TRACEIN_DATA[2] in module processing_system7_v5_5_processing_system7 is either unconnected or has no load
WARNING: [Synth 8-7129] Port FTMD_TRACEIN_DATA[1] in module processing_system7_v5_5_processing_system7 is either unconnected or has no load
WARNING: [Synth 8-7129] Port FTMD_TRACEIN_DATA[0] in module processing_system7_v5_5_processing_system7 is either unconnected or has no load
WARNING: [Synth 8-7129] Port FTMD_TRACEIN_VALID in module processing_system7_v5_5_processing_system7 is either unconnected or has no load
WARNING: [Synth 8-7129] Port FTMD_TRACEIN_ATID[3] in module processing_system7_v5_5_processing_system7 is either unconnected or has no load
WARNING: [Synth 8-7129] Port FTMD_TRACEIN_ATID[2] in module processing_system7_v5_5_processing_system7 is either unconnected or has no load
WARNING: [Synth 8-7129] Port FTMD_TRACEIN_ATID[1] in module processing_system7_v5_5_processing_system7 is either unconnected or has no load
WARNING: [Synth 8-7129] Port FTMD_TRACEIN_ATID[0] in module processing_system7_v5_5_processing_system7 is either unconnected or has no load
---------------------------------------------------------------------------------
Finished RTL Elaboration : Time (s): cpu = 00:00:03 ; elapsed = 00:00:04 . Memory (MB): peak = 2938.215 ; gain = 0.000 ; free physical = 9210 ; free virtual = 39612
---------------------------------------------------------------------------------
---------------------------------------------------------------------------------
Start Handling Custom Attributes
---------------------------------------------------------------------------------
---------------------------------------------------------------------------------
Finished Handling Custom Attributes : Time (s): cpu = 00:00:03 ; elapsed = 00:00:04 . Memory (MB): peak = 2938.215 ; gain = 0.000 ; free physical = 9246 ; free virtual = 39648
---------------------------------------------------------------------------------
---------------------------------------------------------------------------------
Finished RTL Optimization Phase 1 : Time (s): cpu = 00:00:03 ; elapsed = 00:00:04 . Memory (MB): peak = 2938.215 ; gain = 0.000 ; free physical = 9246 ; free virtual = 39648
---------------------------------------------------------------------------------
Netlist sorting complete. Time (s): cpu = 00:00:00.01 ; elapsed = 00:00:00 . Memory (MB): peak = 2938.215 ; gain = 0.000 ; free physical = 9208 ; free virtual = 39610
INFO: [Project 1-570] Preparing netlist for logic optimization

Processing XDC Constraints
Initializing timing engine
Parsing XDC File [/home/yhp/Documents/Class/111-1_HLS/course-lab_finn/course-lab_finn/FINN_v0.8_lab_packv2/finn/build/vivado_zynq_proj_v51lm0sq/finn_zynq_link.gen/sources_1/bd/top/ip/top_zynq_ps_0/top_zynq_ps_0.xdc] for cell 'inst'
Finished Parsing XDC File [/home/yhp/Documents/Class/111-1_HLS/course-lab_finn/course-lab_finn/FINN_v0.8_lab_packv2/finn/build/vivado_zynq_proj_v51lm0sq/finn_zynq_link.gen/sources_1/bd/top/ip/top_zynq_ps_0/top_zynq_ps_0.xdc] for cell 'inst'
INFO: [Project 1-236] Implementation specific constraints were found while reading constraint file [/home/yhp/Documents/Class/111-1_HLS/course-lab_finn/course-lab_finn/FINN_v0.8_lab_packv2/finn/build/vivado_zynq_proj_v51lm0sq/finn_zynq_link.gen/sources_1/bd/top/ip/top_zynq_ps_0/top_zynq_ps_0.xdc]. These constraints will be ignored for synthesis but will be used in implementation. Impacted constraints are listed in the file [.Xil/top_zynq_ps_0_propImpl.xdc].
Resolution: To avoid this warning, move constraints listed in [.Xil/top_zynq_ps_0_propImpl.xdc] to another XDC file and exclude this new file from synthesis with the used_in_synthesis property (File Properties dialog in GUI) and re-run elaboration/synthesis.
Parsing XDC File [/home/yhp/Documents/Class/111-1_HLS/course-lab_finn/course-lab_finn/FINN_v0.8_lab_packv2/finn/build/vivado_zynq_proj_v51lm0sq/finn_zynq_link.runs/top_zynq_ps_0_synth_1/dont_touch.xdc]
Finished Parsing XDC File [/home/yhp/Documents/Class/111-1_HLS/course-lab_finn/course-lab_finn/FINN_v0.8_lab_packv2/finn/build/vivado_zynq_proj_v51lm0sq/finn_zynq_link.runs/top_zynq_ps_0_synth_1/dont_touch.xdc]
Completed Processing XDC Constraints

Netlist sorting complete. Time (s): cpu = 00:00:00 ; elapsed = 00:00:00 . Memory (MB): peak = 3002.242 ; gain = 0.000 ; free physical = 9194 ; free virtual = 39596
INFO: [Project 1-111] Unisim Transformation Summary:
No Unisim elements were transformed.

Constraint Validation Runtime : Time (s): cpu = 00:00:00.02 ; elapsed = 00:00:00.02 . Memory (MB): peak = 3002.242 ; gain = 0.000 ; free physical = 9194 ; free virtual = 39596
INFO: [Designutils 20-5008] Incremental synthesis strategy off
---------------------------------------------------------------------------------
Finished Constraint Validation : Time (s): cpu = 00:00:07 ; elapsed = 00:00:08 . Memory (MB): peak = 3002.242 ; gain = 64.027 ; free physical = 9259 ; free virtual = 39661
---------------------------------------------------------------------------------
---------------------------------------------------------------------------------
Start Loading Part and Timing Information
---------------------------------------------------------------------------------
Loading part: xc7z020clg400-1
---------------------------------------------------------------------------------
Finished Loading Part and Timing Information : Time (s): cpu = 00:00:07 ; elapsed = 00:00:08 . Memory (MB): peak = 3002.242 ; gain = 64.027 ; free physical = 9259 ; free virtual = 39661
---------------------------------------------------------------------------------
---------------------------------------------------------------------------------
Start Applying 'set_property' XDC Constraints
---------------------------------------------------------------------------------
Applied set_property KEEP_HIERARCHY = SOFT for inst. (constraint file  /home/yhp/Documents/Class/111-1_HLS/course-lab_finn/course-lab_finn/FINN_v0.8_lab_packv2/finn/build/vivado_zynq_proj_v51lm0sq/finn_zynq_link.runs/top_zynq_ps_0_synth_1/dont_touch.xdc, line 9).
---------------------------------------------------------------------------------
Finished applying 'set_property' XDC Constraints : Time (s): cpu = 00:00:08 ; elapsed = 00:00:08 . Memory (MB): peak = 3002.242 ; gain = 64.027 ; free physical = 9259 ; free virtual = 39661
---------------------------------------------------------------------------------
---------------------------------------------------------------------------------
Finished RTL Optimization Phase 2 : Time (s): cpu = 00:00:08 ; elapsed = 00:00:08 . Memory (MB): peak = 3002.242 ; gain = 64.027 ; free physical = 9255 ; free virtual = 39658
---------------------------------------------------------------------------------
---------------------------------------------------------------------------------
Start RTL Component Statistics 
---------------------------------------------------------------------------------
Detailed RTL Component Info : 
---------------------------------------------------------------------------------
Finished RTL Component Statistics 
---------------------------------------------------------------------------------
---------------------------------------------------------------------------------
Start Part Resource Summary
---------------------------------------------------------------------------------
Part Resources:
DSPs: 220 (col length:60)
BRAMs: 280 (col length: RAMB18 60 RAMB36 30)
---------------------------------------------------------------------------------
Finished Part Resource Summary
---------------------------------------------------------------------------------
---------------------------------------------------------------------------------
Start Cross Boundary and Area Optimization
---------------------------------------------------------------------------------
WARNING: [Synth 8-7080] Parallel synthesis criteria is not met
WARNING: [Synth 8-7129] Port ENET0_GMII_COL in module processing_system7_v5_5_processing_system7 is either unconnected or has no load
WARNING: [Synth 8-7129] Port ENET0_GMII_CRS in module processing_system7_v5_5_processing_system7 is either unconnected or has no load
WARNING: [Synth 8-7129] Port ENET0_GMII_RX_DV in module processing_system7_v5_5_processing_system7 is either unconnected or has no load
WARNING: [Synth 8-7129] Port ENET0_GMII_RX_ER in module processing_system7_v5_5_processing_system7 is either unconnected or has no load
WARNING: [Synth 8-7129] Port ENET0_GMII_RXD[7] in module processing_system7_v5_5_processing_system7 is either unconnected or has no load
WARNING: [Synth 8-7129] Port ENET0_GMII_RXD[6] in module processing_system7_v5_5_processing_system7 is either unconnected or has no load
WARNING: [Synth 8-7129] Port ENET0_GMII_RXD[5] in module processing_system7_v5_5_processing_system7 is either unconnected or has no load
WARNING: [Synth 8-7129] Port ENET0_GMII_RXD[4] in module processing_system7_v5_5_processing_system7 is either unconnected or has no load
WARNING: [Synth 8-7129] Port ENET0_GMII_RXD[3] in module processing_system7_v5_5_processing_system7 is either unconnected or has no load
WARNING: [Synth 8-7129] Port ENET0_GMII_RXD[2] in module processing_system7_v5_5_processing_system7 is either unconnected or has no load
WARNING: [Synth 8-7129] Port ENET0_GMII_RXD[1] in module processing_system7_v5_5_processing_system7 is either unconnected or has no load
WARNING: [Synth 8-7129] Port ENET0_GMII_RXD[0] in module processing_system7_v5_5_processing_system7 is either unconnected or has no load
WARNING: [Synth 8-7129] Port ENET1_GMII_COL in module processing_system7_v5_5_processing_system7 is either unconnected or has no load
WARNING: [Synth 8-7129] Port ENET1_GMII_CRS in module processing_system7_v5_5_processing_system7 is either unconnected or has no load
WARNING: [Synth 8-7129] Port ENET1_GMII_RX_DV in module processing_system7_v5_5_processing_system7 is either unconnected or has no load
WARNING: [Synth 8-7129] Port ENET1_GMII_RX_ER in module processing_system7_v5_5_processing_system7 is either unconnected or has no load
WARNING: [Synth 8-7129] Port ENET1_GMII_RXD[7] in module processing_system7_v5_5_processing_system7 is either unconnected or has no load
WARNING: [Synth 8-7129] Port ENET1_GMII_RXD[6] in module processing_system7_v5_5_processing_system7 is either unconnected or has no load
WARNING: [Synth 8-7129] Port ENET1_GMII_RXD[5] in module processing_system7_v5_5_processing_system7 is either unconnected or has no load
WARNING: [Synth 8-7129] Port ENET1_GMII_RXD[4] in module processing_system7_v5_5_processing_system7 is either unconnected or has no load
WARNING: [Synth 8-7129] Port ENET1_GMII_RXD[3] in module processing_system7_v5_5_processing_system7 is either unconnected or has no load
INFO: [Common 17-14] Message 'Synth 8-7129' appears 100 times and further instances of the messages will be disabled. Use the Tcl command set_msg_config to change the current settings.
---------------------------------------------------------------------------------
Finished Cross Boundary and Area Optimization : Time (s): cpu = 00:00:09 ; elapsed = 00:00:09 . Memory (MB): peak = 3002.242 ; gain = 64.027 ; free physical = 9255 ; free virtual = 39662
---------------------------------------------------------------------------------
---------------------------------------------------------------------------------
Start Applying XDC Timing Constraints
---------------------------------------------------------------------------------
---------------------------------------------------------------------------------
Finished Applying XDC Timing Constraints : Time (s): cpu = 00:00:12 ; elapsed = 00:00:12 . Memory (MB): peak = 3002.242 ; gain = 64.027 ; free physical = 8987 ; free virtual = 39394
---------------------------------------------------------------------------------
---------------------------------------------------------------------------------
Start Timing Optimization
---------------------------------------------------------------------------------
---------------------------------------------------------------------------------
Finished Timing Optimization : Time (s): cpu = 00:00:12 ; elapsed = 00:00:12 . Memory (MB): peak = 3002.242 ; gain = 64.027 ; free physical = 8967 ; free virtual = 39374
---------------------------------------------------------------------------------
---------------------------------------------------------------------------------
Start Technology Mapping
---------------------------------------------------------------------------------
---------------------------------------------------------------------------------
Finished Technology Mapping : Time (s): cpu = 00:00:12 ; elapsed = 00:00:13 . Memory (MB): peak = 3005.266 ; gain = 67.051 ; free physical = 8967 ; free virtual = 39374
---------------------------------------------------------------------------------
---------------------------------------------------------------------------------
Start IO Insertion
---------------------------------------------------------------------------------
---------------------------------------------------------------------------------
Start Flattening Before IO Insertion
---------------------------------------------------------------------------------
---------------------------------------------------------------------------------
Finished Flattening Before IO Insertion
---------------------------------------------------------------------------------
---------------------------------------------------------------------------------
Start Final Netlist Cleanup
---------------------------------------------------------------------------------
---------------------------------------------------------------------------------
Finished Final Netlist Cleanup
---------------------------------------------------------------------------------
---------------------------------------------------------------------------------
Finished IO Insertion : Time (s): cpu = 00:00:14 ; elapsed = 00:00:14 . Memory (MB): peak = 3005.266 ; gain = 67.051 ; free physical = 8967 ; free virtual = 39374
---------------------------------------------------------------------------------
---------------------------------------------------------------------------------
Start Renaming Generated Instances
---------------------------------------------------------------------------------
---------------------------------------------------------------------------------
Finished Renaming Generated Instances : Time (s): cpu = 00:00:14 ; elapsed = 00:00:14 . Memory (MB): peak = 3005.266 ; gain = 67.051 ; free physical = 8967 ; free virtual = 39374
---------------------------------------------------------------------------------
---------------------------------------------------------------------------------
Start Rebuilding User Hierarchy
---------------------------------------------------------------------------------
---------------------------------------------------------------------------------
Finished Rebuilding User Hierarchy : Time (s): cpu = 00:00:14 ; elapsed = 00:00:14 . Memory (MB): peak = 3005.266 ; gain = 67.051 ; free physical = 8967 ; free virtual = 39374
---------------------------------------------------------------------------------
---------------------------------------------------------------------------------
Start Renaming Generated Ports
---------------------------------------------------------------------------------
---------------------------------------------------------------------------------
Finished Renaming Generated Ports : Time (s): cpu = 00:00:14 ; elapsed = 00:00:14 . Memory (MB): peak = 3005.266 ; gain = 67.051 ; free physical = 8967 ; free virtual = 39374
---------------------------------------------------------------------------------
---------------------------------------------------------------------------------
Start Handling Custom Attributes
---------------------------------------------------------------------------------
---------------------------------------------------------------------------------
Finished Handling Custom Attributes : Time (s): cpu = 00:00:14 ; elapsed = 00:00:14 . Memory (MB): peak = 3005.266 ; gain = 67.051 ; free physical = 8967 ; free virtual = 39374
---------------------------------------------------------------------------------
---------------------------------------------------------------------------------
Start Renaming Generated Nets
---------------------------------------------------------------------------------
---------------------------------------------------------------------------------
Finished Renaming Generated Nets : Time (s): cpu = 00:00:14 ; elapsed = 00:00:14 . Memory (MB): peak = 3005.266 ; gain = 67.051 ; free physical = 8967 ; free virtual = 39374
---------------------------------------------------------------------------------
---------------------------------------------------------------------------------
Start Writing Synthesis Report
---------------------------------------------------------------------------------

Report BlackBoxes: 
+-+--------------+----------+
| |BlackBox name |Instances |
+-+--------------+----------+
+-+--------------+----------+

Report Cell Usage: 
+------+------+------+
|      |Cell  |Count |
+------+------+------+
|1     |BIBUF |   130|
|2     |BUFG  |     1|
|3     |LUT1  |    24|
|4     |PS7   |     1|
+------+------+------+
---------------------------------------------------------------------------------
Finished Writing Synthesis Report : Time (s): cpu = 00:00:14 ; elapsed = 00:00:14 . Memory (MB): peak = 3005.266 ; gain = 67.051 ; free physical = 8967 ; free virtual = 39374
---------------------------------------------------------------------------------
Synthesis finished with 0 errors, 0 critical warnings and 80 warnings.
Synthesis Optimization Runtime : Time (s): cpu = 00:00:12 ; elapsed = 00:00:13 . Memory (MB): peak = 3005.266 ; gain = 3.023 ; free physical = 9020 ; free virtual = 39427
Synthesis Optimization Complete : Time (s): cpu = 00:00:14 ; elapsed = 00:00:14 . Memory (MB): peak = 3005.273 ; gain = 67.051 ; free physical = 9020 ; free virtual = 39427
INFO: [Project 1-571] Translating synthesized netlist
Netlist sorting complete. Time (s): cpu = 00:00:00.01 ; elapsed = 00:00:00.01 . Memory (MB): peak = 3005.273 ; gain = 0.000 ; free physical = 9119 ; free virtual = 39526
INFO: [Project 1-570] Preparing netlist for logic optimization
INFO: [Opt 31-138] Pushed 0 inverter(s) to 0 load pin(s).
Netlist sorting complete. Time (s): cpu = 00:00:00 ; elapsed = 00:00:00 . Memory (MB): peak = 3021.109 ; gain = 0.000 ; free physical = 9052 ; free virtual = 39459
INFO: [Project 1-111] Unisim Transformation Summary:
No Unisim elements were transformed.

Synth Design complete, checksum: 3f49a18c
INFO: [Common 17-83] Releasing license: Synthesis
98 Infos, 116 Warnings, 0 Critical Warnings and 0 Errors encountered.
synth_design completed successfully
synth_design: Time (s): cpu = 00:00:20 ; elapsed = 00:00:18 . Memory (MB): peak = 3021.109 ; gain = 82.898 ; free physical = 9399 ; free virtual = 39806
INFO: [Common 17-1381] The checkpoint '/home/yhp/Documents/Class/111-1_HLS/course-lab_finn/course-lab_finn/FINN_v0.8_lab_packv2/finn/build/vivado_zynq_proj_v51lm0sq/finn_zynq_link.runs/top_zynq_ps_0_synth_1/top_zynq_ps_0.dcp' has been generated.
INFO: [runtcl-4] Executing : report_utilization -file top_zynq_ps_0_utilization_synth.rpt -pb top_zynq_ps_0_utilization_synth.pb
INFO: [Common 17-206] Exiting Vivado at Wed Dec 28 08:41:39 2022...
