Tue Oct 11 19:45:10 2022: Running xcd server. This server was built by gradle.
Tue Oct 11 19:45:10 2022: Server was asked to start on port: '40671'
Tue Oct 11 19:45:10 2022: Server is using token UUID: 'fbfcff92-9cbe-42c0-b377-2ccb66a14ab2'
Tue Oct 11 19:45:10 2022: SESSION_MGR: creating session with session uuid: '6d04a3e9-ade5-4ab9-8d63-1f78fcd2ec76' and name 'default'
Tue Oct 11 19:45:10 2022: Attempting to start server on port '40671'
Tue Oct 11 19:45:10 2022: XCD main fifo: created main fifo '/tmp/xcdmainfbfcff92-9cbe-42c0-b377-2ccb66a14ab2', fd read = 13
Tue Oct 11 19:45:10 2022: Running Dispatch Server
Tue Oct 11 19:45:10 2022: Version 2.2.0
Tue Oct 11 19:45:20 2022: Dispatch Server: Accepted socket connection from client
Tue Oct 11 19:45:20 2022: Starting Socket connection
Tue Oct 11 19:45:20 2022: EXCHANGE_TOKEN received, server token: fbfcff92-9cbe-42c0-b377-2ccb66a14ab2, passed token: fbfcff92-9cbe-42c0-b377-2ccb66a14ab2
Tue Oct 11 19:45:20 2022: DISPATCH_HANDLER: Adding handler from function makeHandler in library libxv_system_diagram
Tue Oct 11 19:45:20 2022: SESSION_MGR: creating session with session uuid: '45ef9b87-c520-45ac-b95e-89ce7644a0bc' and name 'v++_compile_pass.hw'
Tue Oct 11 19:45:20 2022: KERNEL_SVC: creating session with uuid: '45ef9b87-c520-45ac-b95e-89ce7644a0bc' and name 'v++_compile_pass.hw'
Tue Oct 11 19:45:20 2022: GUIDANCE_SMGR: creating guidance session with uuid: '45ef9b87-c520-45ac-b95e-89ce7644a0bc' and name 'v++_compile_pass.hw'
Tue Oct 11 19:45:20 2022: SYSTEM_DIAGRAM: creating session with uuid: '45ef9b87-c520-45ac-b95e-89ce7644a0bc' and name 'v++_compile_pass.hw'
Tue Oct 11 19:45:55 2022: SESSION_MGR: closing session for UUID '45ef9b87-c520-45ac-b95e-89ce7644a0bc' with name 'v++_compile_pass.hw'
Tue Oct 11 19:45:55 2022: KERNEL_SVC: closing session for UUID '45ef9b87-c520-45ac-b95e-89ce7644a0bc' with name 'v++_compile_pass.hw'
Tue Oct 11 19:45:55 2022: GUIDANCE_SMGR: closing session for UUID '45ef9b87-c520-45ac-b95e-89ce7644a0bc' with name 'v++_compile_pass.hw'
Tue Oct 11 19:45:55 2022: SYSTEM_DIAGRAM: closing session for UUID '45ef9b87-c520-45ac-b95e-89ce7644a0bc' with name 'v++_compile_pass.hw'
Tue Oct 11 19:45:55 2022: STOP_SERVER received, server token: fbfcff92-9cbe-42c0-b377-2ccb66a14ab2, passed token: fbfcff92-9cbe-42c0-b377-2ccb66a14ab2
Tue Oct 11 19:45:55 2022: Socket received request to stop server.
Tue Oct 11 19:45:55 2022: Dispatch Server: do_await_stop
Tue Oct 11 19:45:55 2022: Dispatch Server: stopping mainFifo_
Tue Oct 11 19:45:55 2022: XCD main fifo: Stopping
Tue Oct 11 19:45:55 2022: XCD main fifo: do_read error code: Operation canceled
Tue Oct 11 19:45:55 2022: XCD main fifo: bytes_transferred: 0
Tue Oct 11 19:45:55 2022: SERVER: destructor for server bound to port 40671
Tue Oct 11 19:45:55 2022: XCD main fifo: Good unlink of /tmp/xcdmainfbfcff92-9cbe-42c0-b377-2ccb66a14ab2
Tue Oct 11 19:45:55 2022: Server exiting with status 0.
Tue Oct 11 19:45:55 2022: Closing log file.
Tue Oct 11 19:45:57 2022: Running xcd server. This server was built by gradle.
Tue Oct 11 19:45:57 2022: Server was asked to start on port: '42331'
Tue Oct 11 19:45:57 2022: Server is using token UUID: 'a45cadd9-acd6-4cf3-99fb-5ee88799364a'
Tue Oct 11 19:45:57 2022: SESSION_MGR: creating session with session uuid: '6d04a3e9-ade5-4ab9-8d63-1f78fcd2ec76' and name 'default'
Tue Oct 11 19:45:57 2022: Attempting to start server on port '42331'
Tue Oct 11 19:45:57 2022: XCD main fifo: created main fifo '/tmp/xcdmaina45cadd9-acd6-4cf3-99fb-5ee88799364a', fd read = 13
Tue Oct 11 19:45:57 2022: Running Dispatch Server
Tue Oct 11 19:45:57 2022: Version 2.2.0
Tue Oct 11 19:46:06 2022: Dispatch Server: Accepted socket connection from client
Tue Oct 11 19:46:06 2022: Starting Socket connection
Tue Oct 11 19:46:06 2022: EXCHANGE_TOKEN received, server token: a45cadd9-acd6-4cf3-99fb-5ee88799364a, passed token: a45cadd9-acd6-4cf3-99fb-5ee88799364a
Tue Oct 11 19:46:07 2022: DISPATCH_HANDLER: Adding handler from function makeHandler in library libxv_system_diagram
Tue Oct 11 19:46:07 2022: SESSION_MGR: creating session with session uuid: '1aaa0476-0540-4913-a901-6bcae9e79d22' and name 'v++_link_pass.hw.xilinx_u50_gen3x16_xdma_5_202210_1'
Tue Oct 11 19:46:07 2022: KERNEL_SVC: creating session with uuid: '1aaa0476-0540-4913-a901-6bcae9e79d22' and name 'v++_link_pass.hw.xilinx_u50_gen3x16_xdma_5_202210_1'
Tue Oct 11 19:46:07 2022: GUIDANCE_SMGR: creating guidance session with uuid: '1aaa0476-0540-4913-a901-6bcae9e79d22' and name 'v++_link_pass.hw.xilinx_u50_gen3x16_xdma_5_202210_1'
Tue Oct 11 19:46:07 2022: SYSTEM_DIAGRAM: creating session with uuid: '1aaa0476-0540-4913-a901-6bcae9e79d22' and name 'v++_link_pass.hw.xilinx_u50_gen3x16_xdma_5_202210_1'
Tue Oct 11 19:46:16 2022: SESSION_MGR: closing session for UUID '1aaa0476-0540-4913-a901-6bcae9e79d22' with name 'v++_link_pass.hw.xilinx_u50_gen3x16_xdma_5_202210_1'
Tue Oct 11 19:46:16 2022: KERNEL_SVC: closing session for UUID '1aaa0476-0540-4913-a901-6bcae9e79d22' with name 'v++_link_pass.hw.xilinx_u50_gen3x16_xdma_5_202210_1'
Tue Oct 11 19:46:16 2022: GUIDANCE_SMGR: closing session for UUID '1aaa0476-0540-4913-a901-6bcae9e79d22' with name 'v++_link_pass.hw.xilinx_u50_gen3x16_xdma_5_202210_1'
Tue Oct 11 19:46:16 2022: SYSTEM_DIAGRAM: closing session for UUID '1aaa0476-0540-4913-a901-6bcae9e79d22' with name 'v++_link_pass.hw.xilinx_u50_gen3x16_xdma_5_202210_1'
Tue Oct 11 19:46:16 2022: STOP_SERVER received, server token: a45cadd9-acd6-4cf3-99fb-5ee88799364a, passed token: a45cadd9-acd6-4cf3-99fb-5ee88799364a
Tue Oct 11 19:46:16 2022: Socket received request to stop server.
Tue Oct 11 19:46:16 2022: Dispatch Server: do_await_stop
Tue Oct 11 19:46:16 2022: Dispatch Server: stopping mainFifo_
Tue Oct 11 19:46:16 2022: XCD main fifo: Stopping
Tue Oct 11 19:46:16 2022: XCD main fifo: do_read error code: Operation canceled
Tue Oct 11 19:46:16 2022: XCD main fifo: bytes_transferred: 0
Tue Oct 11 19:46:16 2022: SERVER: destructor for server bound to port 42331
Tue Oct 11 19:46:16 2022: XCD main fifo: Good unlink of /tmp/xcdmaina45cadd9-acd6-4cf3-99fb-5ee88799364a
Tue Oct 11 19:46:16 2022: Server exiting with status 0.
Tue Oct 11 19:46:16 2022: Closing log file.
Tue Oct 11 20:08:23 2022: Running xcd server. This server was built by gradle.
Tue Oct 11 20:08:23 2022: Server was asked to start on port: '43923'
Tue Oct 11 20:08:23 2022: Server is using token UUID: '6f337ff9-4f4f-4648-8cb5-630532134237'
Tue Oct 11 20:08:23 2022: SESSION_MGR: creating session with session uuid: '6d04a3e9-ade5-4ab9-8d63-1f78fcd2ec76' and name 'default'
Tue Oct 11 20:08:23 2022: Attempting to start server on port '43923'
Tue Oct 11 20:08:23 2022: XCD main fifo: created main fifo '/tmp/xcdmain6f337ff9-4f4f-4648-8cb5-630532134237', fd read = 13
Tue Oct 11 20:08:23 2022: Running Dispatch Server
Tue Oct 11 20:08:23 2022: Version 2.2.0
Tue Oct 11 20:08:33 2022: Dispatch Server: Accepted socket connection from client
Tue Oct 11 20:08:33 2022: Starting Socket connection
Tue Oct 11 20:08:33 2022: EXCHANGE_TOKEN received, server token: 6f337ff9-4f4f-4648-8cb5-630532134237, passed token: 6f337ff9-4f4f-4648-8cb5-630532134237
Tue Oct 11 20:08:33 2022: DISPATCH_HANDLER: Adding handler from function makeHandler in library libxv_system_diagram
Tue Oct 11 20:08:33 2022: SESSION_MGR: creating session with session uuid: '9dff66e4-0b0f-47b0-b01d-3a2c7c8d26d3' and name 'v++_link_pass.hw.xilinx_u50_gen3x16_xdma_5_202210_1'
Tue Oct 11 20:08:33 2022: KERNEL_SVC: creating session with uuid: '9dff66e4-0b0f-47b0-b01d-3a2c7c8d26d3' and name 'v++_link_pass.hw.xilinx_u50_gen3x16_xdma_5_202210_1'
Tue Oct 11 20:08:33 2022: GUIDANCE_SMGR: creating guidance session with uuid: '9dff66e4-0b0f-47b0-b01d-3a2c7c8d26d3' and name 'v++_link_pass.hw.xilinx_u50_gen3x16_xdma_5_202210_1'
Tue Oct 11 20:08:33 2022: SYSTEM_DIAGRAM: creating session with uuid: '9dff66e4-0b0f-47b0-b01d-3a2c7c8d26d3' and name 'v++_link_pass.hw.xilinx_u50_gen3x16_xdma_5_202210_1'
Tue Oct 11 20:08:44 2022: SESSION_MGR: closing session for UUID '9dff66e4-0b0f-47b0-b01d-3a2c7c8d26d3' with name 'v++_link_pass.hw.xilinx_u50_gen3x16_xdma_5_202210_1'
Tue Oct 11 20:08:44 2022: KERNEL_SVC: closing session for UUID '9dff66e4-0b0f-47b0-b01d-3a2c7c8d26d3' with name 'v++_link_pass.hw.xilinx_u50_gen3x16_xdma_5_202210_1'
Tue Oct 11 20:08:44 2022: GUIDANCE_SMGR: closing session for UUID '9dff66e4-0b0f-47b0-b01d-3a2c7c8d26d3' with name 'v++_link_pass.hw.xilinx_u50_gen3x16_xdma_5_202210_1'
Tue Oct 11 20:08:44 2022: SYSTEM_DIAGRAM: closing session for UUID '9dff66e4-0b0f-47b0-b01d-3a2c7c8d26d3' with name 'v++_link_pass.hw.xilinx_u50_gen3x16_xdma_5_202210_1'
Tue Oct 11 20:08:44 2022: STOP_SERVER received, server token: 6f337ff9-4f4f-4648-8cb5-630532134237, passed token: 6f337ff9-4f4f-4648-8cb5-630532134237
Tue Oct 11 20:08:44 2022: Socket received request to stop server.
Tue Oct 11 20:08:44 2022: Dispatch Server: do_await_stop
Tue Oct 11 20:08:44 2022: Dispatch Server: stopping mainFifo_
Tue Oct 11 20:08:44 2022: XCD main fifo: Stopping
Tue Oct 11 20:08:44 2022: XCD main fifo: do_read error code: Operation canceled
Tue Oct 11 20:08:44 2022: XCD main fifo: bytes_transferred: 0
Tue Oct 11 20:08:44 2022: SERVER: destructor for server bound to port 43923
Tue Oct 11 20:08:44 2022: XCD main fifo: Good unlink of /tmp/xcdmain6f337ff9-4f4f-4648-8cb5-630532134237
Tue Oct 11 20:08:44 2022: Server exiting with status 0.
Tue Oct 11 20:08:44 2022: Closing log file.
Tue Oct 11 20:12:57 2022: Running xcd server. This server was built by gradle.
Tue Oct 11 20:12:57 2022: Server was asked to start on port: '38151'
Tue Oct 11 20:12:57 2022: Server is using token UUID: '63de5208-eba6-4b9f-9da4-0fc817096600'
Tue Oct 11 20:12:57 2022: SESSION_MGR: creating session with session uuid: '6d04a3e9-ade5-4ab9-8d63-1f78fcd2ec76' and name 'default'
Tue Oct 11 20:12:57 2022: Attempting to start server on port '38151'
Tue Oct 11 20:12:57 2022: XCD main fifo: created main fifo '/tmp/xcdmain63de5208-eba6-4b9f-9da4-0fc817096600', fd read = 13
Tue Oct 11 20:12:57 2022: Running Dispatch Server
Tue Oct 11 20:12:57 2022: Version 2.2.0
Tue Oct 11 20:13:07 2022: Dispatch Server: Accepted socket connection from client
Tue Oct 11 20:13:07 2022: Starting Socket connection
Tue Oct 11 20:13:07 2022: EXCHANGE_TOKEN received, server token: 63de5208-eba6-4b9f-9da4-0fc817096600, passed token: 63de5208-eba6-4b9f-9da4-0fc817096600
Tue Oct 11 20:13:07 2022: DISPATCH_HANDLER: Adding handler from function makeHandler in library libxv_system_diagram
Tue Oct 11 20:13:07 2022: SESSION_MGR: creating session with session uuid: 'a0ad35e1-5d33-49a2-a453-b6c746d41db2' and name 'v++_link_pass.hw.xilinx_u50_gen3x16_xdma_5_202210_1'
Tue Oct 11 20:13:07 2022: KERNEL_SVC: creating session with uuid: 'a0ad35e1-5d33-49a2-a453-b6c746d41db2' and name 'v++_link_pass.hw.xilinx_u50_gen3x16_xdma_5_202210_1'
Tue Oct 11 20:13:07 2022: GUIDANCE_SMGR: creating guidance session with uuid: 'a0ad35e1-5d33-49a2-a453-b6c746d41db2' and name 'v++_link_pass.hw.xilinx_u50_gen3x16_xdma_5_202210_1'
Tue Oct 11 20:13:07 2022: SYSTEM_DIAGRAM: creating session with uuid: 'a0ad35e1-5d33-49a2-a453-b6c746d41db2' and name 'v++_link_pass.hw.xilinx_u50_gen3x16_xdma_5_202210_1'
Tue Oct 11 20:13:17 2022: SESSION_MGR: closing session for UUID 'a0ad35e1-5d33-49a2-a453-b6c746d41db2' with name 'v++_link_pass.hw.xilinx_u50_gen3x16_xdma_5_202210_1'
Tue Oct 11 20:13:17 2022: KERNEL_SVC: closing session for UUID 'a0ad35e1-5d33-49a2-a453-b6c746d41db2' with name 'v++_link_pass.hw.xilinx_u50_gen3x16_xdma_5_202210_1'
Tue Oct 11 20:13:17 2022: GUIDANCE_SMGR: closing session for UUID 'a0ad35e1-5d33-49a2-a453-b6c746d41db2' with name 'v++_link_pass.hw.xilinx_u50_gen3x16_xdma_5_202210_1'
Tue Oct 11 20:13:17 2022: SYSTEM_DIAGRAM: closing session for UUID 'a0ad35e1-5d33-49a2-a453-b6c746d41db2' with name 'v++_link_pass.hw.xilinx_u50_gen3x16_xdma_5_202210_1'
Tue Oct 11 20:13:17 2022: STOP_SERVER received, server token: 63de5208-eba6-4b9f-9da4-0fc817096600, passed token: 63de5208-eba6-4b9f-9da4-0fc817096600
Tue Oct 11 20:13:17 2022: Socket received request to stop server.
Tue Oct 11 20:13:17 2022: Dispatch Server: do_await_stop
Tue Oct 11 20:13:17 2022: Dispatch Server: stopping mainFifo_
Tue Oct 11 20:13:17 2022: XCD main fifo: Stopping
Tue Oct 11 20:13:17 2022: XCD main fifo: do_read error code: Operation canceled
Tue Oct 11 20:13:17 2022: XCD main fifo: bytes_transferred: 0
Tue Oct 11 20:13:17 2022: SERVER: destructor for server bound to port 38151
Tue Oct 11 20:13:17 2022: XCD main fifo: Good unlink of /tmp/xcdmain63de5208-eba6-4b9f-9da4-0fc817096600
Tue Oct 11 20:13:17 2022: Server exiting with status 0.
Tue Oct 11 20:13:17 2022: Closing log file.
Tue Oct 11 20:16:47 2022: Running xcd server. This server was built by gradle.
Tue Oct 11 20:16:47 2022: Server was asked to start on port: '43269'
Tue Oct 11 20:16:47 2022: Server is using token UUID: 'ecb2ce67-299a-4753-90ec-56ff5fad4a0f'
Tue Oct 11 20:16:47 2022: SESSION_MGR: creating session with session uuid: '6d04a3e9-ade5-4ab9-8d63-1f78fcd2ec76' and name 'default'
Tue Oct 11 20:16:47 2022: Attempting to start server on port '43269'
Tue Oct 11 20:16:47 2022: XCD main fifo: created main fifo '/tmp/xcdmainecb2ce67-299a-4753-90ec-56ff5fad4a0f', fd read = 13
Tue Oct 11 20:16:47 2022: Running Dispatch Server
Tue Oct 11 20:16:47 2022: Version 2.2.0
Tue Oct 11 20:16:56 2022: Dispatch Server: Accepted socket connection from client
Tue Oct 11 20:16:56 2022: Starting Socket connection
Tue Oct 11 20:16:56 2022: EXCHANGE_TOKEN received, server token: ecb2ce67-299a-4753-90ec-56ff5fad4a0f, passed token: ecb2ce67-299a-4753-90ec-56ff5fad4a0f
Tue Oct 11 20:16:57 2022: DISPATCH_HANDLER: Adding handler from function makeHandler in library libxv_system_diagram
Tue Oct 11 20:16:57 2022: SESSION_MGR: creating session with session uuid: 'b8471cde-62a8-4748-b6ea-6be246bc60b1' and name 'v++_link_pass.hw.xilinx_u50_gen3x16_xdma_5_202210_1'
Tue Oct 11 20:16:57 2022: KERNEL_SVC: creating session with uuid: 'b8471cde-62a8-4748-b6ea-6be246bc60b1' and name 'v++_link_pass.hw.xilinx_u50_gen3x16_xdma_5_202210_1'
Tue Oct 11 20:16:57 2022: GUIDANCE_SMGR: creating guidance session with uuid: 'b8471cde-62a8-4748-b6ea-6be246bc60b1' and name 'v++_link_pass.hw.xilinx_u50_gen3x16_xdma_5_202210_1'
Tue Oct 11 20:16:57 2022: SYSTEM_DIAGRAM: creating session with uuid: 'b8471cde-62a8-4748-b6ea-6be246bc60b1' and name 'v++_link_pass.hw.xilinx_u50_gen3x16_xdma_5_202210_1'
Tue Oct 11 20:17:12 2022: Dispatch Server: Accepted socket connection from client
Tue Oct 11 20:17:12 2022: Starting Socket connection
Tue Oct 11 20:17:20 2022: Dispatch Server: Accepted socket connection from client
Tue Oct 11 20:17:20 2022: Starting Socket connection
Tue Oct 11 20:19:16 2022: Dispatch Server: Accepted socket connection from client
Tue Oct 11 20:19:16 2022: Starting Socket connection
Tue Oct 11 20:19:16 2022: Dispatch Server: Accepted socket connection from client
Tue Oct 11 20:19:16 2022: Starting Socket connection
Tue Oct 11 20:19:16 2022: Dispatch Server: Accepted socket connection from client
Tue Oct 11 20:19:16 2022: Starting Socket connection
Tue Oct 11 20:19:16 2022: Dispatch Server: Accepted socket connection from client
Tue Oct 11 20:19:16 2022: Starting Socket connection
Tue Oct 11 20:19:16 2022: Dispatch Server: Accepted socket connection from client
Tue Oct 11 20:19:16 2022: Starting Socket connection
Tue Oct 11 20:19:16 2022: Dispatch Server: Accepted socket connection from client
Tue Oct 11 20:19:16 2022: Starting Socket connection
Tue Oct 11 20:19:16 2022: Dispatch Server: Accepted socket connection from client
Tue Oct 11 20:19:16 2022: Starting Socket connection
Tue Oct 11 20:19:21 2022: Dispatch Server: Accepted socket connection from client
Tue Oct 11 20:19:21 2022: Starting Socket connection
Tue Oct 11 20:20:04 2022: Dispatch Server: Accepted socket connection from client
Tue Oct 11 20:20:04 2022: Starting Socket connection
Tue Oct 11 20:20:04 2022: Dispatch Server: Accepted socket connection from client
Tue Oct 11 20:20:04 2022: Starting Socket connection
Tue Oct 11 20:20:04 2022: Dispatch Server: Accepted socket connection from client
Tue Oct 11 20:20:04 2022: Starting Socket connection
Tue Oct 11 20:20:04 2022: Dispatch Server: Accepted socket connection from client
Tue Oct 11 20:20:04 2022: Starting Socket connection
Tue Oct 11 20:20:16 2022: Dispatch Server: Accepted socket connection from client
Tue Oct 11 20:20:16 2022: Starting Socket connection
Tue Oct 11 20:20:16 2022: Dispatch Server: Accepted socket connection from client
Tue Oct 11 20:20:16 2022: Starting Socket connection
Tue Oct 11 20:20:16 2022: Dispatch Server: Accepted socket connection from client
Tue Oct 11 20:20:16 2022: Starting Socket connection
Tue Oct 11 20:20:28 2022: Dispatch Server: Accepted socket connection from client
Tue Oct 11 20:20:28 2022: Starting Socket connection
Tue Oct 11 20:20:28 2022: Dispatch Server: Accepted socket connection from client
Tue Oct 11 20:20:28 2022: Starting Socket connection
Tue Oct 11 20:20:32 2022: Dispatch Server: Accepted socket connection from client
Tue Oct 11 20:20:32 2022: Starting Socket connection
Tue Oct 11 20:20:41 2022: Dispatch Server: Accepted socket connection from client
Tue Oct 11 20:20:41 2022: Starting Socket connection
Tue Oct 11 20:20:48 2022: Dispatch Server: Accepted socket connection from client
Tue Oct 11 20:20:48 2022: Starting Socket connection
Tue Oct 11 20:20:51 2022: Dispatch Server: Accepted socket connection from client
Tue Oct 11 20:20:51 2022: Starting Socket connection
Tue Oct 11 20:21:02 2022: Dispatch Server: Accepted socket connection from client
Tue Oct 11 20:21:02 2022: Starting Socket connection
Tue Oct 11 20:21:06 2022: Dispatch Server: Accepted socket connection from client
Tue Oct 11 20:21:06 2022: Starting Socket connection
Tue Oct 11 20:21:17 2022: Dispatch Server: Accepted socket connection from client
Tue Oct 11 20:21:17 2022: Starting Socket connection
Tue Oct 11 20:21:17 2022: Dispatch Server: Accepted socket connection from client
Tue Oct 11 20:21:17 2022: Starting Socket connection
Tue Oct 11 20:21:25 2022: Dispatch Server: Accepted socket connection from client
Tue Oct 11 20:21:25 2022: Starting Socket connection
Tue Oct 11 20:21:32 2022: Dispatch Server: Accepted socket connection from client
Tue Oct 11 20:21:32 2022: Starting Socket connection
Tue Oct 11 20:21:35 2022: Dispatch Server: Accepted socket connection from client
Tue Oct 11 20:21:35 2022: Starting Socket connection
Tue Oct 11 20:21:39 2022: Dispatch Server: Accepted socket connection from client
Tue Oct 11 20:21:39 2022: Starting Socket connection
Tue Oct 11 20:22:00 2022: Dispatch Server: Accepted socket connection from client
Tue Oct 11 20:22:00 2022: Starting Socket connection
Tue Oct 11 20:22:04 2022: Dispatch Server: Accepted socket connection from client
Tue Oct 11 20:22:04 2022: Starting Socket connection
Tue Oct 11 20:22:06 2022: Dispatch Server: Accepted socket connection from client
Tue Oct 11 20:22:06 2022: Starting Socket connection
Tue Oct 11 20:22:15 2022: Dispatch Server: Accepted socket connection from client
Tue Oct 11 20:22:15 2022: Starting Socket connection
Tue Oct 11 20:22:21 2022: Dispatch Server: Accepted socket connection from client
Tue Oct 11 20:22:21 2022: Starting Socket connection
Tue Oct 11 20:22:21 2022: Dispatch Server: Accepted socket connection from client
Tue Oct 11 20:22:21 2022: Starting Socket connection
Tue Oct 11 20:22:27 2022: Dispatch Server: Accepted socket connection from client
Tue Oct 11 20:22:27 2022: Starting Socket connection
Tue Oct 11 20:22:30 2022: Dispatch Server: Accepted socket connection from client
Tue Oct 11 20:22:30 2022: Starting Socket connection
Tue Oct 11 20:22:30 2022: Dispatch Server: Accepted socket connection from client
Tue Oct 11 20:22:30 2022: Starting Socket connection
Tue Oct 11 20:22:42 2022: Dispatch Server: Accepted socket connection from client
Tue Oct 11 20:22:42 2022: Starting Socket connection
Tue Oct 11 20:22:50 2022: Dispatch Server: Accepted socket connection from client
Tue Oct 11 20:22:50 2022: Starting Socket connection
Tue Oct 11 20:22:50 2022: Dispatch Server: Accepted socket connection from client
Tue Oct 11 20:22:50 2022: Starting Socket connection
Tue Oct 11 20:22:53 2022: Dispatch Server: Accepted socket connection from client
Tue Oct 11 20:22:53 2022: Starting Socket connection
Tue Oct 11 20:23:01 2022: Dispatch Server: Accepted socket connection from client
Tue Oct 11 20:23:01 2022: Starting Socket connection
Tue Oct 11 20:23:01 2022: Dispatch Server: Accepted socket connection from client
Tue Oct 11 20:23:01 2022: Starting Socket connection
Tue Oct 11 20:23:05 2022: Dispatch Server: Accepted socket connection from client
Tue Oct 11 20:23:05 2022: Starting Socket connection
Tue Oct 11 20:23:11 2022: Dispatch Server: Accepted socket connection from client
Tue Oct 11 20:23:11 2022: Starting Socket connection
Tue Oct 11 20:23:11 2022: Dispatch Server: Accepted socket connection from client
Tue Oct 11 20:23:11 2022: Starting Socket connection
Tue Oct 11 20:23:12 2022: Dispatch Server: Accepted socket connection from client
Tue Oct 11 20:23:12 2022: Starting Socket connection
Tue Oct 11 20:23:15 2022: Dispatch Server: Accepted socket connection from client
Tue Oct 11 20:23:15 2022: Starting Socket connection
Tue Oct 11 20:23:18 2022: Dispatch Server: Accepted socket connection from client
Tue Oct 11 20:23:18 2022: Starting Socket connection
Tue Oct 11 20:23:18 2022: Dispatch Server: Accepted socket connection from client
Tue Oct 11 20:23:18 2022: Starting Socket connection
Tue Oct 11 20:23:27 2022: Dispatch Server: Accepted socket connection from client
Tue Oct 11 20:23:27 2022: Starting Socket connection
Tue Oct 11 20:23:30 2022: Dispatch Server: Accepted socket connection from client
Tue Oct 11 20:23:30 2022: Starting Socket connection
Tue Oct 11 20:23:31 2022: Dispatch Server: Accepted socket connection from client
Tue Oct 11 20:23:31 2022: Starting Socket connection
Tue Oct 11 20:23:34 2022: Dispatch Server: Accepted socket connection from client
Tue Oct 11 20:23:34 2022: Starting Socket connection
Tue Oct 11 20:23:39 2022: Dispatch Server: Accepted socket connection from client
Tue Oct 11 20:23:39 2022: Starting Socket connection
Tue Oct 11 20:23:40 2022: Dispatch Server: Accepted socket connection from client
Tue Oct 11 20:23:40 2022: Starting Socket connection
Tue Oct 11 20:23:40 2022: Dispatch Server: Accepted socket connection from client
Tue Oct 11 20:23:40 2022: Starting Socket connection
Tue Oct 11 20:24:01 2022: Dispatch Server: Accepted socket connection from client
Tue Oct 11 20:24:01 2022: Starting Socket connection
Tue Oct 11 20:24:02 2022: Dispatch Server: Accepted socket connection from client
Tue Oct 11 20:24:02 2022: Starting Socket connection
Tue Oct 11 20:24:02 2022: Dispatch Server: Accepted socket connection from client
Tue Oct 11 20:24:02 2022: Starting Socket connection
Tue Oct 11 20:24:10 2022: Dispatch Server: Accepted socket connection from client
Tue Oct 11 20:24:10 2022: Starting Socket connection
Tue Oct 11 20:24:24 2022: Dispatch Server: Accepted socket connection from client
Tue Oct 11 20:24:24 2022: Starting Socket connection
Tue Oct 11 20:24:24 2022: Dispatch Server: Accepted socket connection from client
Tue Oct 11 20:24:24 2022: Starting Socket connection
Tue Oct 11 20:24:28 2022: Dispatch Server: Accepted socket connection from client
Tue Oct 11 20:24:28 2022: Starting Socket connection
Tue Oct 11 20:24:30 2022: Dispatch Server: Accepted socket connection from client
Tue Oct 11 20:24:30 2022: Starting Socket connection
Tue Oct 11 20:24:37 2022: Dispatch Server: Accepted socket connection from client
Tue Oct 11 20:24:37 2022: Starting Socket connection
Tue Oct 11 20:24:48 2022: Dispatch Server: Accepted socket connection from client
Tue Oct 11 20:24:48 2022: Starting Socket connection
Tue Oct 11 20:24:49 2022: Dispatch Server: Accepted socket connection from client
Tue Oct 11 20:24:49 2022: Starting Socket connection
Tue Oct 11 20:25:03 2022: Dispatch Server: Accepted socket connection from client
Tue Oct 11 20:25:03 2022: Starting Socket connection
Tue Oct 11 20:25:17 2022: Dispatch Server: Accepted socket connection from client
Tue Oct 11 20:25:17 2022: Starting Socket connection
Tue Oct 11 20:25:17 2022: Dispatch Server: Accepted socket connection from client
Tue Oct 11 20:25:17 2022: Starting Socket connection
Tue Oct 11 20:25:20 2022: Dispatch Server: Accepted socket connection from client
Tue Oct 11 20:25:20 2022: Starting Socket connection
Tue Oct 11 20:25:23 2022: Dispatch Server: Accepted socket connection from client
Tue Oct 11 20:25:23 2022: Starting Socket connection
Tue Oct 11 20:25:32 2022: Dispatch Server: Accepted socket connection from client
Tue Oct 11 20:25:32 2022: Starting Socket connection
Tue Oct 11 20:25:33 2022: Dispatch Server: Accepted socket connection from client
Tue Oct 11 20:25:33 2022: Starting Socket connection
Tue Oct 11 20:25:35 2022: Dispatch Server: Accepted socket connection from client
Tue Oct 11 20:25:35 2022: Starting Socket connection
Tue Oct 11 20:25:36 2022: Dispatch Server: Accepted socket connection from client
Tue Oct 11 20:25:36 2022: Starting Socket connection
Tue Oct 11 20:25:44 2022: Dispatch Server: Accepted socket connection from client
Tue Oct 11 20:25:44 2022: Starting Socket connection
Tue Oct 11 20:25:45 2022: Dispatch Server: Accepted socket connection from client
Tue Oct 11 20:25:45 2022: Starting Socket connection
Tue Oct 11 20:25:57 2022: Dispatch Server: Accepted socket connection from client
Tue Oct 11 20:25:57 2022: Starting Socket connection
Tue Oct 11 20:25:57 2022: Dispatch Server: Accepted socket connection from client
Tue Oct 11 20:25:57 2022: Starting Socket connection
Tue Oct 11 20:25:57 2022: Dispatch Server: Accepted socket connection from client
Tue Oct 11 20:25:57 2022: Starting Socket connection
Tue Oct 11 20:26:06 2022: Dispatch Server: Accepted socket connection from client
Tue Oct 11 20:26:06 2022: Starting Socket connection
Tue Oct 11 20:26:06 2022: Dispatch Server: Accepted socket connection from client
Tue Oct 11 20:26:06 2022: Starting Socket connection
Tue Oct 11 20:26:07 2022: Dispatch Server: Accepted socket connection from client
Tue Oct 11 20:26:07 2022: Starting Socket connection
Tue Oct 11 20:26:07 2022: Dispatch Server: Accepted socket connection from client
Tue Oct 11 20:26:07 2022: Starting Socket connection
Tue Oct 11 20:26:25 2022: Dispatch Server: Accepted socket connection from client
Tue Oct 11 20:26:25 2022: Starting Socket connection
Tue Oct 11 20:26:26 2022: Dispatch Server: Accepted socket connection from client
Tue Oct 11 20:26:26 2022: Starting Socket connection
Tue Oct 11 20:26:31 2022: Dispatch Server: Accepted socket connection from client
Tue Oct 11 20:26:31 2022: Starting Socket connection
Tue Oct 11 20:26:38 2022: Dispatch Server: Accepted socket connection from client
Tue Oct 11 20:26:38 2022: Starting Socket connection
Tue Oct 11 20:26:42 2022: Dispatch Server: Accepted socket connection from client
Tue Oct 11 20:26:42 2022: Starting Socket connection
Tue Oct 11 20:26:54 2022: Dispatch Server: Accepted socket connection from client
Tue Oct 11 20:26:54 2022: Starting Socket connection
Tue Oct 11 20:26:54 2022: Dispatch Server: Accepted socket connection from client
Tue Oct 11 20:26:54 2022: Starting Socket connection
Tue Oct 11 20:26:54 2022: Dispatch Server: Accepted socket connection from client
Tue Oct 11 20:26:54 2022: Starting Socket connection
Tue Oct 11 20:26:58 2022: Dispatch Server: Accepted socket connection from client
Tue Oct 11 20:26:58 2022: Starting Socket connection
Tue Oct 11 20:27:07 2022: Dispatch Server: Accepted socket connection from client
Tue Oct 11 20:27:07 2022: Starting Socket connection
Tue Oct 11 20:27:07 2022: Dispatch Server: Accepted socket connection from client
Tue Oct 11 20:27:07 2022: Starting Socket connection
Tue Oct 11 20:27:07 2022: Dispatch Server: Accepted socket connection from client
Tue Oct 11 20:27:07 2022: Starting Socket connection
Tue Oct 11 20:27:11 2022: Dispatch Server: Accepted socket connection from client
Tue Oct 11 20:27:11 2022: Starting Socket connection
Tue Oct 11 20:27:14 2022: Dispatch Server: Accepted socket connection from client
Tue Oct 11 20:27:14 2022: Starting Socket connection
Tue Oct 11 20:27:16 2022: Dispatch Server: Accepted socket connection from client
Tue Oct 11 20:27:16 2022: Starting Socket connection
Tue Oct 11 20:27:17 2022: Dispatch Server: Accepted socket connection from client
Tue Oct 11 20:27:17 2022: Starting Socket connection
Tue Oct 11 20:27:20 2022: Dispatch Server: Accepted socket connection from client
Tue Oct 11 20:27:20 2022: Starting Socket connection
Tue Oct 11 20:27:28 2022: Dispatch Server: Accepted socket connection from client
Tue Oct 11 20:27:28 2022: Starting Socket connection
Tue Oct 11 20:27:29 2022: Dispatch Server: Accepted socket connection from client
Tue Oct 11 20:27:29 2022: Starting Socket connection
Tue Oct 11 20:27:45 2022: Dispatch Server: Accepted socket connection from client
Tue Oct 11 20:27:45 2022: Starting Socket connection
Tue Oct 11 20:27:58 2022: Dispatch Server: Accepted socket connection from client
Tue Oct 11 20:27:58 2022: Starting Socket connection
Tue Oct 11 20:27:59 2022: Dispatch Server: Accepted socket connection from client
Tue Oct 11 20:27:59 2022: Starting Socket connection
Tue Oct 11 20:28:02 2022: Dispatch Server: Accepted socket connection from client
Tue Oct 11 20:28:02 2022: Starting Socket connection
Tue Oct 11 20:28:05 2022: Dispatch Server: Accepted socket connection from client
Tue Oct 11 20:28:05 2022: Starting Socket connection
Tue Oct 11 20:28:15 2022: Dispatch Server: Accepted socket connection from client
Tue Oct 11 20:28:15 2022: Starting Socket connection
Tue Oct 11 20:28:17 2022: Dispatch Server: Accepted socket connection from client
Tue Oct 11 20:28:17 2022: Starting Socket connection
Tue Oct 11 20:28:50 2022: Dispatch Server: Accepted socket connection from client
Tue Oct 11 20:28:50 2022: Starting Socket connection
Tue Oct 11 20:29:08 2022: Dispatch Server: Accepted socket connection from client
Tue Oct 11 20:29:08 2022: Starting Socket connection
Tue Oct 11 20:29:55 2022: Dispatch Server: Accepted socket connection from client
Tue Oct 11 20:29:55 2022: Starting Socket connection
Tue Oct 11 20:58:15 2022: SESSION_MGR: closing session for UUID 'b8471cde-62a8-4748-b6ea-6be246bc60b1' with name 'v++_link_pass.hw.xilinx_u50_gen3x16_xdma_5_202210_1'
Tue Oct 11 20:58:15 2022: KERNEL_SVC: closing session for UUID 'b8471cde-62a8-4748-b6ea-6be246bc60b1' with name 'v++_link_pass.hw.xilinx_u50_gen3x16_xdma_5_202210_1'
Tue Oct 11 20:58:15 2022: GUIDANCE_SMGR: closing session for UUID 'b8471cde-62a8-4748-b6ea-6be246bc60b1' with name 'v++_link_pass.hw.xilinx_u50_gen3x16_xdma_5_202210_1'
Tue Oct 11 20:58:15 2022: SYSTEM_DIAGRAM: closing session for UUID 'b8471cde-62a8-4748-b6ea-6be246bc60b1' with name 'v++_link_pass.hw.xilinx_u50_gen3x16_xdma_5_202210_1'
Tue Oct 11 20:58:15 2022: STOP_SERVER received, server token: ecb2ce67-299a-4753-90ec-56ff5fad4a0f, passed token: ecb2ce67-299a-4753-90ec-56ff5fad4a0f
Tue Oct 11 20:58:15 2022: Socket received request to stop server.
Tue Oct 11 20:58:15 2022: Dispatch Server: do_await_stop
Tue Oct 11 20:58:15 2022: Dispatch Server: stopping mainFifo_
Tue Oct 11 20:58:15 2022: XCD main fifo: Stopping
Tue Oct 11 20:58:15 2022: XCD main fifo: do_read error code: Operation canceled
Tue Oct 11 20:58:15 2022: XCD main fifo: bytes_transferred: 0
Tue Oct 11 20:58:15 2022: SERVER: destructor for server bound to port 43269
Tue Oct 11 20:58:15 2022: XCD main fifo: Good unlink of /tmp/xcdmainecb2ce67-299a-4753-90ec-56ff5fad4a0f
Tue Oct 11 20:58:15 2022: Server exiting with status 0.
Tue Oct 11 20:58:15 2022: Closing log file.
Thu Oct 13 14:09:21 2022: Running xcd server. This server was built by gradle.
Thu Oct 13 14:09:21 2022: Server was asked to start on port: '39947'
Thu Oct 13 14:09:21 2022: Server is using token UUID: '1c6e693f-c033-448f-a879-0cb5ad43cd99'
Thu Oct 13 14:09:21 2022: SESSION_MGR: creating session with session uuid: '6d04a3e9-ade5-4ab9-8d63-1f78fcd2ec76' and name 'default'
Thu Oct 13 14:09:21 2022: Attempting to start server on port '39947'
Thu Oct 13 14:09:21 2022: XCD main fifo: created main fifo '/tmp/xcdmain1c6e693f-c033-448f-a879-0cb5ad43cd99', fd read = 13
Thu Oct 13 14:09:21 2022: Running Dispatch Server
Thu Oct 13 14:09:21 2022: Version 2.2.0
Thu Oct 13 14:09:30 2022: Dispatch Server: Accepted socket connection from client
Thu Oct 13 14:09:30 2022: Starting Socket connection
Thu Oct 13 14:09:30 2022: EXCHANGE_TOKEN received, server token: 1c6e693f-c033-448f-a879-0cb5ad43cd99, passed token: 1c6e693f-c033-448f-a879-0cb5ad43cd99
Thu Oct 13 14:09:30 2022: DISPATCH_HANDLER: Adding handler from function makeHandler in library libxv_system_diagram
Thu Oct 13 14:09:30 2022: SESSION_MGR: creating session with session uuid: 'd15de7bd-cea7-43d0-a49a-801dcdb6bf98' and name 'v++_compile_pass.hw'
Thu Oct 13 14:09:30 2022: KERNEL_SVC: creating session with uuid: 'd15de7bd-cea7-43d0-a49a-801dcdb6bf98' and name 'v++_compile_pass.hw'
Thu Oct 13 14:09:30 2022: GUIDANCE_SMGR: creating guidance session with uuid: 'd15de7bd-cea7-43d0-a49a-801dcdb6bf98' and name 'v++_compile_pass.hw'
Thu Oct 13 14:09:30 2022: SYSTEM_DIAGRAM: creating session with uuid: 'd15de7bd-cea7-43d0-a49a-801dcdb6bf98' and name 'v++_compile_pass.hw'
Thu Oct 13 14:10:13 2022: SESSION_MGR: closing session for UUID 'd15de7bd-cea7-43d0-a49a-801dcdb6bf98' with name 'v++_compile_pass.hw'
Thu Oct 13 14:10:13 2022: KERNEL_SVC: closing session for UUID 'd15de7bd-cea7-43d0-a49a-801dcdb6bf98' with name 'v++_compile_pass.hw'
Thu Oct 13 14:10:13 2022: GUIDANCE_SMGR: closing session for UUID 'd15de7bd-cea7-43d0-a49a-801dcdb6bf98' with name 'v++_compile_pass.hw'
Thu Oct 13 14:10:13 2022: SYSTEM_DIAGRAM: closing session for UUID 'd15de7bd-cea7-43d0-a49a-801dcdb6bf98' with name 'v++_compile_pass.hw'
Thu Oct 13 14:10:13 2022: STOP_SERVER received, server token: 1c6e693f-c033-448f-a879-0cb5ad43cd99, passed token: 1c6e693f-c033-448f-a879-0cb5ad43cd99
Thu Oct 13 14:10:13 2022: Socket received request to stop server.
Thu Oct 13 14:10:13 2022: Dispatch Server: do_await_stop
Thu Oct 13 14:10:13 2022: Dispatch Server: stopping mainFifo_
Thu Oct 13 14:10:13 2022: XCD main fifo: Stopping
Thu Oct 13 14:10:13 2022: XCD main fifo: do_read error code: Operation canceled
Thu Oct 13 14:10:13 2022: XCD main fifo: bytes_transferred: 0
Thu Oct 13 14:10:13 2022: SERVER: destructor for server bound to port 39947
Thu Oct 13 14:10:13 2022: XCD main fifo: Good unlink of /tmp/xcdmain1c6e693f-c033-448f-a879-0cb5ad43cd99
Thu Oct 13 14:10:13 2022: Server exiting with status 0.
Thu Oct 13 14:10:13 2022: Closing log file.
Thu Oct 13 14:10:14 2022: Running xcd server. This server was built by gradle.
Thu Oct 13 14:10:14 2022: Server was asked to start on port: '40415'
Thu Oct 13 14:10:14 2022: Server is using token UUID: '33d55c5e-3d3b-46b7-bcef-8f6067b8b1dc'
Thu Oct 13 14:10:14 2022: SESSION_MGR: creating session with session uuid: '6d04a3e9-ade5-4ab9-8d63-1f78fcd2ec76' and name 'default'
Thu Oct 13 14:10:14 2022: Attempting to start server on port '40415'
Thu Oct 13 14:10:14 2022: XCD main fifo: created main fifo '/tmp/xcdmain33d55c5e-3d3b-46b7-bcef-8f6067b8b1dc', fd read = 13
Thu Oct 13 14:10:14 2022: Running Dispatch Server
Thu Oct 13 14:10:14 2022: Version 2.2.0
Thu Oct 13 14:10:24 2022: Dispatch Server: Accepted socket connection from client
Thu Oct 13 14:10:24 2022: Starting Socket connection
Thu Oct 13 14:10:24 2022: EXCHANGE_TOKEN received, server token: 33d55c5e-3d3b-46b7-bcef-8f6067b8b1dc, passed token: 33d55c5e-3d3b-46b7-bcef-8f6067b8b1dc
Thu Oct 13 14:10:24 2022: DISPATCH_HANDLER: Adding handler from function makeHandler in library libxv_system_diagram
Thu Oct 13 14:10:24 2022: SESSION_MGR: creating session with session uuid: 'f7e0d2c4-21b7-4fda-9d1b-89f7e5e5ecc3' and name 'v++_link_pass.hw.xilinx_u50_gen3x16_xdma_5_202210_1'
Thu Oct 13 14:10:24 2022: KERNEL_SVC: creating session with uuid: 'f7e0d2c4-21b7-4fda-9d1b-89f7e5e5ecc3' and name 'v++_link_pass.hw.xilinx_u50_gen3x16_xdma_5_202210_1'
Thu Oct 13 14:10:24 2022: GUIDANCE_SMGR: creating guidance session with uuid: 'f7e0d2c4-21b7-4fda-9d1b-89f7e5e5ecc3' and name 'v++_link_pass.hw.xilinx_u50_gen3x16_xdma_5_202210_1'
Thu Oct 13 14:10:24 2022: SYSTEM_DIAGRAM: creating session with uuid: 'f7e0d2c4-21b7-4fda-9d1b-89f7e5e5ecc3' and name 'v++_link_pass.hw.xilinx_u50_gen3x16_xdma_5_202210_1'
Thu Oct 13 14:10:40 2022: Dispatch Server: Accepted socket connection from client
Thu Oct 13 14:10:40 2022: Starting Socket connection
Thu Oct 13 14:10:49 2022: Dispatch Server: Accepted socket connection from client
Thu Oct 13 14:10:49 2022: Starting Socket connection
Thu Oct 13 14:12:28 2022: Dispatch Server: Accepted socket connection from client
Thu Oct 13 14:12:28 2022: Starting Socket connection
Thu Oct 13 14:13:16 2022: Dispatch Server: Accepted socket connection from client
Thu Oct 13 14:13:16 2022: Starting Socket connection
Thu Oct 13 14:41:26 2022: SESSION_MGR: closing session for UUID 'f7e0d2c4-21b7-4fda-9d1b-89f7e5e5ecc3' with name 'v++_link_pass.hw.xilinx_u50_gen3x16_xdma_5_202210_1'
Thu Oct 13 14:41:26 2022: KERNEL_SVC: closing session for UUID 'f7e0d2c4-21b7-4fda-9d1b-89f7e5e5ecc3' with name 'v++_link_pass.hw.xilinx_u50_gen3x16_xdma_5_202210_1'
Thu Oct 13 14:41:26 2022: GUIDANCE_SMGR: closing session for UUID 'f7e0d2c4-21b7-4fda-9d1b-89f7e5e5ecc3' with name 'v++_link_pass.hw.xilinx_u50_gen3x16_xdma_5_202210_1'
Thu Oct 13 14:41:26 2022: SYSTEM_DIAGRAM: closing session for UUID 'f7e0d2c4-21b7-4fda-9d1b-89f7e5e5ecc3' with name 'v++_link_pass.hw.xilinx_u50_gen3x16_xdma_5_202210_1'
Thu Oct 13 14:41:26 2022: STOP_SERVER received, server token: 33d55c5e-3d3b-46b7-bcef-8f6067b8b1dc, passed token: 33d55c5e-3d3b-46b7-bcef-8f6067b8b1dc
Thu Oct 13 14:41:26 2022: Socket received request to stop server.
Thu Oct 13 14:41:26 2022: Dispatch Server: do_await_stop
Thu Oct 13 14:41:26 2022: Dispatch Server: stopping mainFifo_
Thu Oct 13 14:41:26 2022: XCD main fifo: Stopping
Thu Oct 13 14:41:26 2022: XCD main fifo: do_read error code: Operation canceled
Thu Oct 13 14:41:26 2022: XCD main fifo: bytes_transferred: 0
Thu Oct 13 14:41:26 2022: SERVER: destructor for server bound to port 40415
Thu Oct 13 14:41:26 2022: XCD main fifo: Good unlink of /tmp/xcdmain33d55c5e-3d3b-46b7-bcef-8f6067b8b1dc
Thu Oct 13 14:41:26 2022: Server exiting with status 0.
Thu Oct 13 14:41:26 2022: Closing log file.
