#-----------------------------------------------------------
# xsim v2022.1 (64-bit)
# SW Build 3526262 on Mon Apr 18 15:48:16 MDT 2022
# IP Build 3524634 on Mon Apr 18 20:55:01 MDT 2022
# Start of session at: Thu Dec 29 15:06:18 2022
# Process ID: 16068
# Current directory: C:/Users/user/Desktop/HLS/HLS_final_vitis/solution4/sim/verilog
# Command line: xsim.exe -mode tcl -source {xsim.dir/dpu_keygen/xsim_script.tcl}
# Log file: C:/Users/user/Desktop/HLS/HLS_final_vitis/solution4/sim/verilog/xsim.log
# Journal file: C:/Users/user/Desktop/HLS/HLS_final_vitis/solution4/sim/verilog\xsim.jou
# Running On: DESKTOP-H2MEUOD, OS: Windows, CPU Frequency: 3000 MHz, CPU Physical cores: 8, Host memory: 25550 MB
#-----------------------------------------------------------
source xsim.dir/dpu_keygen/xsim_script.tcl
# xsim {dpu_keygen} -autoloadwcfg -tclbatch {dpu_keygen.tcl}
Time resolution is 1 ps
source dpu_keygen.tcl
## run all
////////////////////////////////////////////////////////////////////////////////////
// Inter-Transaction Progress: Completed Transaction / Total Transaction
// Intra-Transaction Progress: Measured Latency / Latency Estimation * 100%
//
// RTL Simulation : "Inter-Transaction Progress" ["Intra-Transaction Progress"] @ "Simulation Time"
////////////////////////////////////////////////////////////////////////////////////
// RTL Simulation : 0 / 1 [n/a] @ "125000"
// RTL Simulation : 1 / 1 [n/a] @ "876605000"
////////////////////////////////////////////////////////////////////////////////////
$finish called at time : 876665 ns : File "C:/Users/user/Desktop/HLS/HLS_final_vitis/solution4/sim/verilog/dpu_keygen.autotb.v" Line 410
run: Time (s): cpu = 00:00:01 ; elapsed = 00:00:49 . Memory (MB): peak = 1224.047 ; gain = 0.000
## quit
INFO: xsimkernel Simulation Memory Usage: 34948 KB (Peak: 34948 KB), Simulation CPU Usage: 49437 ms
INFO: [Common 17-206] Exiting xsim at Thu Dec 29 15:07:10 2022...
